ARM GAS  C:\Users\psmus\AppData\Local\Temp\ccBtRwgv.s 			page 1


   1              		.syntax unified
   2              		.cpu cortex-m0
   3              		.fpu softvfp
   4              		.eabi_attribute 20, 1
   5              		.eabi_attribute 21, 1
   6              		.eabi_attribute 23, 3
   7              		.eabi_attribute 24, 1
   8              		.eabi_attribute 25, 1
   9              		.eabi_attribute 26, 1
  10              		.eabi_attribute 30, 1
  11              		.eabi_attribute 34, 0
  12              		.eabi_attribute 18, 4
  13              		.thumb
  14              		.syntax unified
  15              		.file	"AudioControl.c"
  16              		.text
  17              	.Ltext0:
  18              		.cfi_sections	.debug_frame
  19              		.section	.text.InitAudioPath,"ax",%progbits
  20              		.align	2
  21              		.global	InitAudioPath
  22              		.code	16
  23              		.thumb_func
  24              		.type	InitAudioPath, %function
  25              	InitAudioPath:
  26              	.LFB130:
  27              		.file 1 "AudioControl.c"
   1:AudioControl.c **** /*******************************************************************************
   2:AudioControl.c **** * File Name: AudioControl.c
   3:AudioControl.c **** *
   4:AudioControl.c **** * Version 1.0
   5:AudioControl.c **** *
   6:AudioControl.c **** *  Description: This file contains the Audio signal path configuration and 
   7:AudioControl.c **** *               processing code
   8:AudioControl.c **** *
   9:AudioControl.c **** *******************************************************************************
  10:AudioControl.c **** * Copyright (2018), Cypress Semiconductor Corporation. All rights reserved.
  11:AudioControl.c **** *******************************************************************************
  12:AudioControl.c **** * This software, including source code, documentation and related materials
  13:AudioControl.c **** * (“Software”), is owned by Cypress Semiconductor Corporation or one of its
  14:AudioControl.c **** * subsidiaries (“Cypress”) and is protected by and subject to worldwide patent
  15:AudioControl.c **** * protection (United States and foreign), United States copyright laws and
  16:AudioControl.c **** * international treaty provisions. Therefore, you may use this Software only
  17:AudioControl.c **** * as provided in the license agreement accompanying the software package from
  18:AudioControl.c **** * which you obtained this Software (“EULA”).
  19:AudioControl.c **** *
  20:AudioControl.c **** * If no EULA applies, Cypress hereby grants you a personal, nonexclusive,
  21:AudioControl.c **** * non-transferable license to copy, modify, and compile the Software source
  22:AudioControl.c **** * code solely for use in connection with Cypress’s integrated circuit products.
  23:AudioControl.c **** * Any reproduction, modification, translation, compilation, or representation
  24:AudioControl.c **** * of this Software except as specified above is prohibited without the express
  25:AudioControl.c **** * written permission of Cypress.
  26:AudioControl.c **** *
  27:AudioControl.c **** * Disclaimer: THIS SOFTWARE IS PROVIDED AS-IS, WITH NO WARRANTY OF ANY KIND, 
  28:AudioControl.c **** * EXPRESS OR IMPLIED, INCLUDING, BUT NOT LIMITED TO, NONINFRINGEMENT, IMPLIED 
  29:AudioControl.c **** * WARRANTIES OF MERCHANTABILITY AND FITNESS FOR A PARTICULAR PURPOSE. Cypress 
  30:AudioControl.c **** * reserves the right to make changes to the Software without notice. Cypress 
ARM GAS  C:\Users\psmus\AppData\Local\Temp\ccBtRwgv.s 			page 2


  31:AudioControl.c **** * does not assume any liability arising out of the application or use of the 
  32:AudioControl.c **** * Software or any product or circuit described in the Software. Cypress does 
  33:AudioControl.c **** * not authorize its products for use in any products where a malfunction or 
  34:AudioControl.c **** * failure of the Cypress product may reasonably be expected to result in 
  35:AudioControl.c **** * significant property damage, injury or death (“High Risk Product”). By 
  36:AudioControl.c **** * including Cypress’s product in a High Risk Product, the manufacturer of such 
  37:AudioControl.c **** * system or application assumes all risk of such use and in doing so agrees to 
  38:AudioControl.c **** * indemnify Cypress against all liability.
  39:AudioControl.c **** *******************************************************************************/
  40:AudioControl.c **** #include <AudioControl.h>
  41:AudioControl.c **** #include <AudioOut.h>
  42:AudioControl.c **** #include <Codec.h>
  43:AudioControl.c **** #include <Config.h>
  44:AudioControl.c **** #include <project.h>
  45:AudioControl.c **** #include <Interrupts.h>
  46:AudioControl.c **** 
  47:AudioControl.c **** uint8 newRate = RATE_48KHZ;
  48:AudioControl.c **** extern uint8 asyncready;
  49:AudioControl.c **** 
  50:AudioControl.c **** 
  51:AudioControl.c **** extern CYBIT outPlaying;
  52:AudioControl.c **** 
  53:AudioControl.c **** extern CYBIT inPlaying;
  54:AudioControl.c **** 
  55:AudioControl.c **** uint8 audioClkConfigured = 0;
  56:AudioControl.c **** uint8 setRate = FREQUENCY_NOT_SET; 
  57:AudioControl.c **** uint8 newRate;
  58:AudioControl.c **** 
  59:AudioControl.c **** /*******************************************************************************
  60:AudioControl.c **** * Function Name: InitAudioPath
  61:AudioControl.c **** ********************************************************************************
  62:AudioControl.c **** * Summary:
  63:AudioControl.c **** *       This function sets up the XTAL, DMA and starts USB, I2S and interrupts
  64:AudioControl.c **** *        to get the part configured for the audio signal paths
  65:AudioControl.c **** *
  66:AudioControl.c **** * Parameters:
  67:AudioControl.c **** *  void
  68:AudioControl.c **** *
  69:AudioControl.c **** * Return:
  70:AudioControl.c **** *  void
  71:AudioControl.c **** *
  72:AudioControl.c **** *******************************************************************************/
  73:AudioControl.c **** void InitAudioPath(void)
  74:AudioControl.c **** {    
  28              		.loc 1 74 0
  29              		.cfi_startproc
  30              		@ args = 0, pretend = 0, frame = 0
  31              		@ frame_needed = 0, uses_anonymous_args = 0
  32 0000 10B5     		push	{r4, lr}
  33              		.cfi_def_cfa_offset 8
  34              		.cfi_offset 4, -8
  35              		.cfi_offset 14, -4
  75:AudioControl.c ****     /* Set the default Audio clock rate to 48 kHz */
  76:AudioControl.c **** 	AudioClkSel_Write(RATE_44KHZ);
  36              		.loc 1 76 0
  37 0002 0120     		movs	r0, #1
  38 0004 FFF7FEFF 		bl	AudioClkSel_Write
ARM GAS  C:\Users\psmus\AppData\Local\Temp\ccBtRwgv.s 			page 3


  39              	.LVL0:
  77:AudioControl.c ****     
  78:AudioControl.c **** 	/* Enable DMA */
  79:AudioControl.c **** 	CyDmaEnable();
  40              		.loc 1 79 0
  41 0008 FFF7FEFF 		bl	CyDmaEnable
  42              	.LVL1:
  80:AudioControl.c **** 	
  81:AudioControl.c **** 	InitializeAudioOutPath();
  43              		.loc 1 81 0
  44 000c FFF7FEFF 		bl	InitializeAudioOutPath
  45              	.LVL2:
  82:AudioControl.c **** 
  83:AudioControl.c **** 	/* Set TX FIFO trigger to 2 bytes (half-empty) to increase timing margin */
  84:AudioControl.c ****     I2S_TX_AUX_CONTROL_REG = I2S_TX_AUX_CONTROL_REG | FIFO_HALF_EMPTY_MASK;
  46              		.loc 1 84 0
  47 0010 034A     		ldr	r2, .L2
  48 0012 1178     		ldrb	r1, [r2]
  49 0014 0C23     		movs	r3, #12
  50 0016 0B43     		orrs	r3, r1
  51 0018 DBB2     		uxtb	r3, r3
  52 001a 1370     		strb	r3, [r2]
  85:AudioControl.c **** }
  53              		.loc 1 85 0
  54              		@ sp needed
  55 001c 10BD     		pop	{r4, pc}
  56              	.L3:
  57 001e C046     		.align	2
  58              	.L2:
  59 0020 95000F40 		.word	1074725013
  60              		.cfi_endproc
  61              	.LFE130:
  62              		.size	InitAudioPath, .-InitAudioPath
  63              		.global	setRate
  64              		.global	audioClkConfigured
  65              		.global	newRate
  66              		.data
  67              		.type	setRate, %object
  68              		.size	setRate, 1
  69              	setRate:
  70 0000 FF       		.byte	-1
  71              		.bss
  72              		.type	audioClkConfigured, %object
  73              		.size	audioClkConfigured, 1
  74              	audioClkConfigured:
  75 0000 00       		.space	1
  76              		.type	newRate, %object
  77              		.size	newRate, 1
  78              	newRate:
  79 0001 00       		.space	1
  80              		.text
  81              	.Letext0:
  82              		.file 2 "Generated_Source\\PSoC4/cytypes.h"
  83              		.file 3 "Generated_Source\\PSoC4/AudioClkSel.h"
  84              		.file 4 "Generated_Source\\PSoC4/CyDMA.h"
  85              		.file 5 "./AudioOut.h"
  86              		.section	.debug_info,"",%progbits
ARM GAS  C:\Users\psmus\AppData\Local\Temp\ccBtRwgv.s 			page 4


  87              	.Ldebug_info0:
  88 0000 37010000 		.4byte	0x137
  89 0004 0400     		.2byte	0x4
  90 0006 00000000 		.4byte	.Ldebug_abbrev0
  91 000a 04       		.byte	0x4
  92 000b 01       		.uleb128 0x1
  93 000c 0A010000 		.4byte	.LASF22
  94 0010 0C       		.byte	0xc
  95 0011 ED010000 		.4byte	.LASF23
  96 0015 8A000000 		.4byte	.LASF24
  97 0019 00000000 		.4byte	.Ldebug_ranges0+0
  98 001d 00000000 		.4byte	0
  99 0021 00000000 		.4byte	.Ldebug_line0
 100 0025 02       		.uleb128 0x2
 101 0026 01       		.byte	0x1
 102 0027 06       		.byte	0x6
 103 0028 AB010000 		.4byte	.LASF0
 104 002c 02       		.uleb128 0x2
 105 002d 01       		.byte	0x1
 106 002e 08       		.byte	0x8
 107 002f E2000000 		.4byte	.LASF1
 108 0033 02       		.uleb128 0x2
 109 0034 02       		.byte	0x2
 110 0035 05       		.byte	0x5
 111 0036 E3010000 		.4byte	.LASF2
 112 003a 02       		.uleb128 0x2
 113 003b 02       		.byte	0x2
 114 003c 07       		.byte	0x7
 115 003d 98010000 		.4byte	.LASF3
 116 0041 02       		.uleb128 0x2
 117 0042 04       		.byte	0x4
 118 0043 05       		.byte	0x5
 119 0044 01010000 		.4byte	.LASF4
 120 0048 02       		.uleb128 0x2
 121 0049 04       		.byte	0x4
 122 004a 07       		.byte	0x7
 123 004b 4E000000 		.4byte	.LASF5
 124 004f 02       		.uleb128 0x2
 125 0050 08       		.byte	0x8
 126 0051 05       		.byte	0x5
 127 0052 00000000 		.4byte	.LASF6
 128 0056 02       		.uleb128 0x2
 129 0057 08       		.byte	0x8
 130 0058 07       		.byte	0x7
 131 0059 60000000 		.4byte	.LASF7
 132 005d 03       		.uleb128 0x3
 133 005e 04       		.byte	0x4
 134 005f 05       		.byte	0x5
 135 0060 696E7400 		.ascii	"int\000"
 136 0064 02       		.uleb128 0x2
 137 0065 04       		.byte	0x4
 138 0066 07       		.byte	0x7
 139 0067 0E000000 		.4byte	.LASF8
 140 006b 04       		.uleb128 0x4
 141 006c 48000000 		.4byte	.LASF12
 142 0070 02       		.byte	0x2
 143 0071 E401     		.2byte	0x1e4
ARM GAS  C:\Users\psmus\AppData\Local\Temp\ccBtRwgv.s 			page 5


 144 0073 2C000000 		.4byte	0x2c
 145 0077 02       		.uleb128 0x2
 146 0078 04       		.byte	0x4
 147 0079 04       		.byte	0x4
 148 007a DD010000 		.4byte	.LASF9
 149 007e 02       		.uleb128 0x2
 150 007f 08       		.byte	0x8
 151 0080 04       		.byte	0x4
 152 0081 FA000000 		.4byte	.LASF10
 153 0085 02       		.uleb128 0x2
 154 0086 01       		.byte	0x1
 155 0087 08       		.byte	0x8
 156 0088 F0000000 		.4byte	.LASF11
 157 008c 04       		.uleb128 0x4
 158 008d F5000000 		.4byte	.LASF13
 159 0091 02       		.byte	0x2
 160 0092 8E02     		.2byte	0x28e
 161 0094 98000000 		.4byte	0x98
 162 0098 05       		.uleb128 0x5
 163 0099 6B000000 		.4byte	0x6b
 164 009d 02       		.uleb128 0x2
 165 009e 08       		.byte	0x8
 166 009f 04       		.byte	0x4
 167 00a0 B7010000 		.4byte	.LASF14
 168 00a4 02       		.uleb128 0x2
 169 00a5 04       		.byte	0x4
 170 00a6 07       		.byte	0x7
 171 00a7 FC010000 		.4byte	.LASF15
 172 00ab 06       		.uleb128 0x6
 173 00ac 3A000000 		.4byte	.LASF25
 174 00b0 01       		.byte	0x1
 175 00b1 49       		.byte	0x49
 176 00b2 00000000 		.4byte	.LFB130
 177 00b6 24000000 		.4byte	.LFE130-.LFB130
 178 00ba 01       		.uleb128 0x1
 179 00bb 9C       		.byte	0x9c
 180 00bc E6000000 		.4byte	0xe6
 181 00c0 07       		.uleb128 0x7
 182 00c1 08000000 		.4byte	.LVL0
 183 00c5 19010000 		.4byte	0x119
 184 00c9 D3000000 		.4byte	0xd3
 185 00cd 08       		.uleb128 0x8
 186 00ce 01       		.uleb128 0x1
 187 00cf 50       		.byte	0x50
 188 00d0 01       		.uleb128 0x1
 189 00d1 31       		.byte	0x31
 190 00d2 00       		.byte	0
 191 00d3 09       		.uleb128 0x9
 192 00d4 0C000000 		.4byte	.LVL1
 193 00d8 24010000 		.4byte	0x124
 194 00dc 09       		.uleb128 0x9
 195 00dd 10000000 		.4byte	.LVL2
 196 00e1 2F010000 		.4byte	0x12f
 197 00e5 00       		.byte	0
 198 00e6 0A       		.uleb128 0xa
 199 00e7 77000000 		.4byte	.LASF16
 200 00eb 01       		.byte	0x1
ARM GAS  C:\Users\psmus\AppData\Local\Temp\ccBtRwgv.s 			page 6


 201 00ec 37       		.byte	0x37
 202 00ed 6B000000 		.4byte	0x6b
 203 00f1 05       		.uleb128 0x5
 204 00f2 03       		.byte	0x3
 205 00f3 00000000 		.4byte	audioClkConfigured
 206 00f7 0A       		.uleb128 0xa
 207 00f8 C3010000 		.4byte	.LASF17
 208 00fc 01       		.byte	0x1
 209 00fd 2F       		.byte	0x2f
 210 00fe 6B000000 		.4byte	0x6b
 211 0102 05       		.uleb128 0x5
 212 0103 03       		.byte	0x3
 213 0104 00000000 		.4byte	newRate
 214 0108 0A       		.uleb128 0xa
 215 0109 1B000000 		.4byte	.LASF18
 216 010d 01       		.byte	0x1
 217 010e 38       		.byte	0x38
 218 010f 6B000000 		.4byte	0x6b
 219 0113 05       		.uleb128 0x5
 220 0114 03       		.byte	0x3
 221 0115 00000000 		.4byte	setRate
 222 0119 0B       		.uleb128 0xb
 223 011a CB010000 		.4byte	.LASF19
 224 011e CB010000 		.4byte	.LASF19
 225 0122 03       		.byte	0x3
 226 0123 2F       		.byte	0x2f
 227 0124 0B       		.uleb128 0xb
 228 0125 D6000000 		.4byte	.LASF20
 229 0129 D6000000 		.4byte	.LASF20
 230 012d 04       		.byte	0x4
 231 012e 6D       		.byte	0x6d
 232 012f 0B       		.uleb128 0xb
 233 0130 23000000 		.4byte	.LASF21
 234 0134 23000000 		.4byte	.LASF21
 235 0138 05       		.byte	0x5
 236 0139 2A       		.byte	0x2a
 237 013a 00       		.byte	0
 238              		.section	.debug_abbrev,"",%progbits
 239              	.Ldebug_abbrev0:
 240 0000 01       		.uleb128 0x1
 241 0001 11       		.uleb128 0x11
 242 0002 01       		.byte	0x1
 243 0003 25       		.uleb128 0x25
 244 0004 0E       		.uleb128 0xe
 245 0005 13       		.uleb128 0x13
 246 0006 0B       		.uleb128 0xb
 247 0007 03       		.uleb128 0x3
 248 0008 0E       		.uleb128 0xe
 249 0009 1B       		.uleb128 0x1b
 250 000a 0E       		.uleb128 0xe
 251 000b 55       		.uleb128 0x55
 252 000c 17       		.uleb128 0x17
 253 000d 11       		.uleb128 0x11
 254 000e 01       		.uleb128 0x1
 255 000f 10       		.uleb128 0x10
 256 0010 17       		.uleb128 0x17
 257 0011 00       		.byte	0
ARM GAS  C:\Users\psmus\AppData\Local\Temp\ccBtRwgv.s 			page 7


 258 0012 00       		.byte	0
 259 0013 02       		.uleb128 0x2
 260 0014 24       		.uleb128 0x24
 261 0015 00       		.byte	0
 262 0016 0B       		.uleb128 0xb
 263 0017 0B       		.uleb128 0xb
 264 0018 3E       		.uleb128 0x3e
 265 0019 0B       		.uleb128 0xb
 266 001a 03       		.uleb128 0x3
 267 001b 0E       		.uleb128 0xe
 268 001c 00       		.byte	0
 269 001d 00       		.byte	0
 270 001e 03       		.uleb128 0x3
 271 001f 24       		.uleb128 0x24
 272 0020 00       		.byte	0
 273 0021 0B       		.uleb128 0xb
 274 0022 0B       		.uleb128 0xb
 275 0023 3E       		.uleb128 0x3e
 276 0024 0B       		.uleb128 0xb
 277 0025 03       		.uleb128 0x3
 278 0026 08       		.uleb128 0x8
 279 0027 00       		.byte	0
 280 0028 00       		.byte	0
 281 0029 04       		.uleb128 0x4
 282 002a 16       		.uleb128 0x16
 283 002b 00       		.byte	0
 284 002c 03       		.uleb128 0x3
 285 002d 0E       		.uleb128 0xe
 286 002e 3A       		.uleb128 0x3a
 287 002f 0B       		.uleb128 0xb
 288 0030 3B       		.uleb128 0x3b
 289 0031 05       		.uleb128 0x5
 290 0032 49       		.uleb128 0x49
 291 0033 13       		.uleb128 0x13
 292 0034 00       		.byte	0
 293 0035 00       		.byte	0
 294 0036 05       		.uleb128 0x5
 295 0037 35       		.uleb128 0x35
 296 0038 00       		.byte	0
 297 0039 49       		.uleb128 0x49
 298 003a 13       		.uleb128 0x13
 299 003b 00       		.byte	0
 300 003c 00       		.byte	0
 301 003d 06       		.uleb128 0x6
 302 003e 2E       		.uleb128 0x2e
 303 003f 01       		.byte	0x1
 304 0040 3F       		.uleb128 0x3f
 305 0041 19       		.uleb128 0x19
 306 0042 03       		.uleb128 0x3
 307 0043 0E       		.uleb128 0xe
 308 0044 3A       		.uleb128 0x3a
 309 0045 0B       		.uleb128 0xb
 310 0046 3B       		.uleb128 0x3b
 311 0047 0B       		.uleb128 0xb
 312 0048 27       		.uleb128 0x27
 313 0049 19       		.uleb128 0x19
 314 004a 11       		.uleb128 0x11
ARM GAS  C:\Users\psmus\AppData\Local\Temp\ccBtRwgv.s 			page 8


 315 004b 01       		.uleb128 0x1
 316 004c 12       		.uleb128 0x12
 317 004d 06       		.uleb128 0x6
 318 004e 40       		.uleb128 0x40
 319 004f 18       		.uleb128 0x18
 320 0050 9742     		.uleb128 0x2117
 321 0052 19       		.uleb128 0x19
 322 0053 01       		.uleb128 0x1
 323 0054 13       		.uleb128 0x13
 324 0055 00       		.byte	0
 325 0056 00       		.byte	0
 326 0057 07       		.uleb128 0x7
 327 0058 898201   		.uleb128 0x4109
 328 005b 01       		.byte	0x1
 329 005c 11       		.uleb128 0x11
 330 005d 01       		.uleb128 0x1
 331 005e 31       		.uleb128 0x31
 332 005f 13       		.uleb128 0x13
 333 0060 01       		.uleb128 0x1
 334 0061 13       		.uleb128 0x13
 335 0062 00       		.byte	0
 336 0063 00       		.byte	0
 337 0064 08       		.uleb128 0x8
 338 0065 8A8201   		.uleb128 0x410a
 339 0068 00       		.byte	0
 340 0069 02       		.uleb128 0x2
 341 006a 18       		.uleb128 0x18
 342 006b 9142     		.uleb128 0x2111
 343 006d 18       		.uleb128 0x18
 344 006e 00       		.byte	0
 345 006f 00       		.byte	0
 346 0070 09       		.uleb128 0x9
 347 0071 898201   		.uleb128 0x4109
 348 0074 00       		.byte	0
 349 0075 11       		.uleb128 0x11
 350 0076 01       		.uleb128 0x1
 351 0077 31       		.uleb128 0x31
 352 0078 13       		.uleb128 0x13
 353 0079 00       		.byte	0
 354 007a 00       		.byte	0
 355 007b 0A       		.uleb128 0xa
 356 007c 34       		.uleb128 0x34
 357 007d 00       		.byte	0
 358 007e 03       		.uleb128 0x3
 359 007f 0E       		.uleb128 0xe
 360 0080 3A       		.uleb128 0x3a
 361 0081 0B       		.uleb128 0xb
 362 0082 3B       		.uleb128 0x3b
 363 0083 0B       		.uleb128 0xb
 364 0084 49       		.uleb128 0x49
 365 0085 13       		.uleb128 0x13
 366 0086 3F       		.uleb128 0x3f
 367 0087 19       		.uleb128 0x19
 368 0088 02       		.uleb128 0x2
 369 0089 18       		.uleb128 0x18
 370 008a 00       		.byte	0
 371 008b 00       		.byte	0
ARM GAS  C:\Users\psmus\AppData\Local\Temp\ccBtRwgv.s 			page 9


 372 008c 0B       		.uleb128 0xb
 373 008d 2E       		.uleb128 0x2e
 374 008e 00       		.byte	0
 375 008f 3F       		.uleb128 0x3f
 376 0090 19       		.uleb128 0x19
 377 0091 3C       		.uleb128 0x3c
 378 0092 19       		.uleb128 0x19
 379 0093 6E       		.uleb128 0x6e
 380 0094 0E       		.uleb128 0xe
 381 0095 03       		.uleb128 0x3
 382 0096 0E       		.uleb128 0xe
 383 0097 3A       		.uleb128 0x3a
 384 0098 0B       		.uleb128 0xb
 385 0099 3B       		.uleb128 0x3b
 386 009a 0B       		.uleb128 0xb
 387 009b 00       		.byte	0
 388 009c 00       		.byte	0
 389 009d 00       		.byte	0
 390              		.section	.debug_aranges,"",%progbits
 391 0000 1C000000 		.4byte	0x1c
 392 0004 0200     		.2byte	0x2
 393 0006 00000000 		.4byte	.Ldebug_info0
 394 000a 04       		.byte	0x4
 395 000b 00       		.byte	0
 396 000c 0000     		.2byte	0
 397 000e 0000     		.2byte	0
 398 0010 00000000 		.4byte	.LFB130
 399 0014 24000000 		.4byte	.LFE130-.LFB130
 400 0018 00000000 		.4byte	0
 401 001c 00000000 		.4byte	0
 402              		.section	.debug_ranges,"",%progbits
 403              	.Ldebug_ranges0:
 404 0000 00000000 		.4byte	.LFB130
 405 0004 24000000 		.4byte	.LFE130
 406 0008 00000000 		.4byte	0
 407 000c 00000000 		.4byte	0
 408              		.section	.debug_line,"",%progbits
 409              	.Ldebug_line0:
 410 0000 90000000 		.section	.debug_str,"MS",%progbits,1
 410      02007500 
 410      00000201 
 410      FB0E0D00 
 410      01010101 
 411              	.LASF6:
 412 0000 6C6F6E67 		.ascii	"long long int\000"
 412      206C6F6E 
 412      6720696E 
 412      7400
 413              	.LASF8:
 414 000e 756E7369 		.ascii	"unsigned int\000"
 414      676E6564 
 414      20696E74 
 414      00
 415              	.LASF18:
 416 001b 73657452 		.ascii	"setRate\000"
 416      61746500 
 417              	.LASF21:
ARM GAS  C:\Users\psmus\AppData\Local\Temp\ccBtRwgv.s 			page 10


 418 0023 496E6974 		.ascii	"InitializeAudioOutPath\000"
 418      69616C69 
 418      7A654175 
 418      64696F4F 
 418      75745061 
 419              	.LASF25:
 420 003a 496E6974 		.ascii	"InitAudioPath\000"
 420      41756469 
 420      6F506174 
 420      6800
 421              	.LASF12:
 422 0048 75696E74 		.ascii	"uint8\000"
 422      3800
 423              	.LASF5:
 424 004e 6C6F6E67 		.ascii	"long unsigned int\000"
 424      20756E73 
 424      69676E65 
 424      6420696E 
 424      7400
 425              	.LASF7:
 426 0060 6C6F6E67 		.ascii	"long long unsigned int\000"
 426      206C6F6E 
 426      6720756E 
 426      7369676E 
 426      65642069 
 427              	.LASF16:
 428 0077 61756469 		.ascii	"audioClkConfigured\000"
 428      6F436C6B 
 428      436F6E66 
 428      69677572 
 428      656400
 429              	.LASF24:
 430 008a 453A5C44 		.ascii	"E:\\Documents\\Engineering\\Code\\synth-wavetable\\"
 430      6F63756D 
 430      656E7473 
 430      5C456E67 
 430      696E6565 
 431 00b8 43797072 		.ascii	"Cypress\\synth-wavetable.cydsn\000"
 431      6573735C 
 431      73796E74 
 431      682D7761 
 431      76657461 
 432              	.LASF20:
 433 00d6 4379446D 		.ascii	"CyDmaEnable\000"
 433      61456E61 
 433      626C6500 
 434              	.LASF1:
 435 00e2 756E7369 		.ascii	"unsigned char\000"
 435      676E6564 
 435      20636861 
 435      7200
 436              	.LASF11:
 437 00f0 63686172 		.ascii	"char\000"
 437      00
 438              	.LASF13:
 439 00f5 72656738 		.ascii	"reg8\000"
 439      00
ARM GAS  C:\Users\psmus\AppData\Local\Temp\ccBtRwgv.s 			page 11


 440              	.LASF10:
 441 00fa 646F7562 		.ascii	"double\000"
 441      6C6500
 442              	.LASF4:
 443 0101 6C6F6E67 		.ascii	"long int\000"
 443      20696E74 
 443      00
 444              	.LASF22:
 445 010a 474E5520 		.ascii	"GNU C11 5.4.1 20160609 (release) [ARM/embedded-5-br"
 445      43313120 
 445      352E342E 
 445      31203230 
 445      31363036 
 446 013d 616E6368 		.ascii	"anch revision 237715] -mcpu=cortex-m0 -mthumb -g -O"
 446      20726576 
 446      6973696F 
 446      6E203233 
 446      37373135 
 447 0170 67202D66 		.ascii	"g -ffunction-sections -ffat-lto-objects\000"
 447      66756E63 
 447      74696F6E 
 447      2D736563 
 447      74696F6E 
 448              	.LASF3:
 449 0198 73686F72 		.ascii	"short unsigned int\000"
 449      7420756E 
 449      7369676E 
 449      65642069 
 449      6E7400
 450              	.LASF0:
 451 01ab 7369676E 		.ascii	"signed char\000"
 451      65642063 
 451      68617200 
 452              	.LASF14:
 453 01b7 6C6F6E67 		.ascii	"long double\000"
 453      20646F75 
 453      626C6500 
 454              	.LASF17:
 455 01c3 6E657752 		.ascii	"newRate\000"
 455      61746500 
 456              	.LASF19:
 457 01cb 41756469 		.ascii	"AudioClkSel_Write\000"
 457      6F436C6B 
 457      53656C5F 
 457      57726974 
 457      6500
 458              	.LASF9:
 459 01dd 666C6F61 		.ascii	"float\000"
 459      7400
 460              	.LASF2:
 461 01e3 73686F72 		.ascii	"short int\000"
 461      7420696E 
 461      7400
 462              	.LASF23:
 463 01ed 41756469 		.ascii	"AudioControl.c\000"
 463      6F436F6E 
 463      74726F6C 
ARM GAS  C:\Users\psmus\AppData\Local\Temp\ccBtRwgv.s 			page 12


 463      2E6300
 464              	.LASF15:
 465 01fc 73697A65 		.ascii	"sizetype\000"
 465      74797065 
 465      00
 466              		.ident	"GCC: (GNU Tools for ARM Embedded Processors) 5.4.1 20160609 (release) [ARM/embedded-5-bran
