ARM GAS  C:\Users\psmus\AppData\Local\Temp\ccJcfx5O.s 			page 1


   1              		.syntax unified
   2              		.cpu cortex-m0
   3              		.fpu softvfp
   4              		.eabi_attribute 20, 1
   5              		.eabi_attribute 21, 1
   6              		.eabi_attribute 23, 3
   7              		.eabi_attribute 24, 1
   8              		.eabi_attribute 25, 1
   9              		.eabi_attribute 26, 1
  10              		.eabi_attribute 30, 1
  11              		.eabi_attribute 34, 0
  12              		.eabi_attribute 18, 4
  13              		.thumb
  14              		.syntax unified
  15              		.file	"Codec.c"
  16              		.text
  17              	.Ltext0:
  18              		.cfi_sections	.debug_frame
  19              		.section	.text.Codec_SendData,"ax",%progbits
  20              		.align	2
  21              		.global	Codec_SendData
  22              		.code	16
  23              		.thumb_func
  24              		.type	Codec_SendData, %function
  25              	Codec_SendData:
  26              	.LFB2:
  27              		.file 1 "Codec.c"
   1:Codec.c       **** /*******************************************************************************
   2:Codec.c       **** * File Name: Codec.c
   3:Codec.c       **** *
   4:Codec.c       **** * Version 1.0
   5:Codec.c       **** *
   6:Codec.c       **** *  Description: This file contains the codec control APIs
   7:Codec.c       **** *
   8:Codec.c       **** *******************************************************************************
   9:Codec.c       **** * Copyright (2018), Cypress Semiconductor Corporation. All rights reserved.
  10:Codec.c       **** *******************************************************************************
  11:Codec.c       **** * This software, including source code, documentation and related materials
  12:Codec.c       **** * (“Software”), is owned by Cypress Semiconductor Corporation or one of its
  13:Codec.c       **** * subsidiaries (“Cypress”) and is protected by and subject to worldwide patent
  14:Codec.c       **** * protection (United States and foreign), United States copyright laws and
  15:Codec.c       **** * international treaty provisions. Therefore, you may use this Software only
  16:Codec.c       **** * as provided in the license agreement accompanying the software package from
  17:Codec.c       **** * which you obtained this Software (“EULA”).
  18:Codec.c       **** *
  19:Codec.c       **** * If no EULA applies, Cypress hereby grants you a personal, nonexclusive,
  20:Codec.c       **** * non-transferable license to copy, modify, and compile the Software source
  21:Codec.c       **** * code solely for use in connection with Cypress’s integrated circuit products.
  22:Codec.c       **** * Any reproduction, modification, translation, compilation, or representation
  23:Codec.c       **** * of this Software except as specified above is prohibited without the express
  24:Codec.c       **** * written permission of Cypress.
  25:Codec.c       **** *
  26:Codec.c       **** * Disclaimer: THIS SOFTWARE IS PROVIDED AS-IS, WITH NO WARRANTY OF ANY KIND, 
  27:Codec.c       **** * EXPRESS OR IMPLIED, INCLUDING, BUT NOT LIMITED TO, NONINFRINGEMENT, IMPLIED 
  28:Codec.c       **** * WARRANTIES OF MERCHANTABILITY AND FITNESS FOR A PARTICULAR PURPOSE. Cypress 
  29:Codec.c       **** * reserves the right to make changes to the Software without notice. Cypress 
  30:Codec.c       **** * does not assume any liability arising out of the application or use of the 
ARM GAS  C:\Users\psmus\AppData\Local\Temp\ccJcfx5O.s 			page 2


  31:Codec.c       **** * Software or any product or circuit described in the Software. Cypress does 
  32:Codec.c       **** * not authorize its products for use in any products where a malfunction or 
  33:Codec.c       **** * failure of the Cypress product may reasonably be expected to result in 
  34:Codec.c       **** * significant property damage, injury or death (“High Risk Product”). By 
  35:Codec.c       **** * including Cypress’s product in a High Risk Product, the manufacturer of such 
  36:Codec.c       **** * system or application assumes all risk of such use and in doing so agrees to 
  37:Codec.c       **** * indemnify Cypress against all liability.
  38:Codec.c       **** *******************************************************************************/
  39:Codec.c       **** 
  40:Codec.c       **** #include "Codec.h"
  41:Codec.c       **** #include "cytypes.h"
  42:Codec.c       **** #include "CodecI2CM_I2C.h"
  43:Codec.c       **** #include "stdbool.h"
  44:Codec.c       **** 
  45:Codec.c       **** #define I2C_WRITE_OPERATION		(0x00)
  46:Codec.c       **** #define I2C_TIMEOUT_MS          (0x64)
  47:Codec.c       **** 
  48:Codec.c       **** static uint16 Codec_analogPathSetting = CODEC_DEF_ANALOG_CTRL;
  49:Codec.c       **** uint32 Codec_powerControlSetting = CODEC_DEF_POWER_CTRL;
  50:Codec.c       **** 
  51:Codec.c       **** /*******************************************************************************
  52:Codec.c       **** * Function Name: Codec_Init
  53:Codec.c       **** ********************************************************************************
  54:Codec.c       **** * Summary:
  55:Codec.c       **** *   Initializes the codec with default settings.
  56:Codec.c       **** *
  57:Codec.c       **** *
  58:Codec.c       **** * Parameters:  
  59:Codec.c       **** *	None
  60:Codec.c       **** *
  61:Codec.c       **** * Return:
  62:Codec.c       **** *   uint8 - I2C master transaction error status
  63:Codec.c       **** *				CodecI2CM_I2C_MSTR_NO_ERROR - Function complete without error                       
  64:Codec.c       **** *				CodecI2CM_I2C_MSTR_ERR_ARB_LOST - Master lost arbitration: INTR_MASTER_I2C_ARB_LOST    
  65:Codec.c       **** *				CodecI2CM_I2C_MSTR_ERR_LB_NAK - Last Byte NACKed: INTR_MASTER_I2C_NACK               
  66:Codec.c       **** *				CodecI2CM_I2C_MSTR_NOT_READY - Master on the bus or Slave operation is in progress  
  67:Codec.c       **** *				CodecI2CM_I2C_MSTR_BUS_BUSY - Bus is busy, process not started
  68:Codec.c       **** *				CodecI2CM_I2C_MSTR_ERR_ABORT_START - Slave was addressed before master begin Start
  69:Codec.c       **** *				CodecI2CM_I2C_MSTR_ERR_BUS_ERR - Bus error has: INTR_MASTER_I2C_BUS_ERROR 
  70:Codec.c       **** *
  71:Codec.c       **** *******************************************************************************/
  72:Codec.c       **** uint8 Codec_Init(void)
  73:Codec.c       **** {
  74:Codec.c       **** 	uint8 ret;
  75:Codec.c       **** 	
  76:Codec.c       **** 	ret = Codec_ResetOverI2C();
  77:Codec.c       **** 	CyDelay(CODEC_RESET_WAIT_DELAY);
  78:Codec.c       **** 	
  79:Codec.c       **** 	ret = Codec_AdjustBothHeadphoneVolume(CODEC_HP_VOLUME_MAX);
  80:Codec.c       **** 	ret = Codec_SendData(CODEC_REG_ANALOG_CTRL, CODEC_DEF_ANALOG_CTRL);
  81:Codec.c       **** 	ret = Codec_SendData(CODEC_REG_DIGITAL_CTRL, CODEC_DEF_DIGITAL_CTRL);
  82:Codec.c       **** 	ret = Codec_SendData(CODEC_REG_POWER_CTRL, CODEC_DEF_POWER_CTRL);
  83:Codec.c       **** 	ret = Codec_SetSamplingRate(CODEC_DEF_SAMPLING_RATE);
  84:Codec.c       **** 	
  85:Codec.c       **** 	return ret;  
  86:Codec.c       **** }
  87:Codec.c       **** 
ARM GAS  C:\Users\psmus\AppData\Local\Temp\ccJcfx5O.s 			page 3


  88:Codec.c       **** /*******************************************************************************
  89:Codec.c       **** * Function Name: Codec_SendData
  90:Codec.c       **** ********************************************************************************
  91:Codec.c       **** * Summary:
  92:Codec.c       **** *   Low level API to send data to codec over I2C.
  93:Codec.c       **** *
  94:Codec.c       **** *
  95:Codec.c       **** * Parameters:  
  96:Codec.c       **** *	regAddr - Address of the codec register to be updated
  97:Codec.c       **** *	data - 16-bit data to be updated in the register
  98:Codec.c       **** *
  99:Codec.c       **** * Return:
 100:Codec.c       **** *   uint8 - I2C master transaction error status
 101:Codec.c       **** *				CodecI2CM_I2C_MSTR_NO_ERROR - Function complete without error                       
 102:Codec.c       **** *				CodecI2CM_I2C_MSTR_ERR_ARB_LOST - Master lost arbitration: INTR_MASTER_I2C_ARB_LOST    
 103:Codec.c       **** *				CodecI2CM_I2C_MSTR_ERR_LB_NAK - Last Byte NACKed: INTR_MASTER_I2C_NACK               
 104:Codec.c       **** *				CodecI2CM_I2C_MSTR_NOT_READY - Master on the bus or Slave operation is in progress  
 105:Codec.c       **** *				CodecI2CM_I2C_MSTR_BUS_BUSY - Bus is busy, process not started
 106:Codec.c       **** *				CodecI2CM_I2C_MSTR_ERR_ABORT_START - Slave was addressed before master begin Start
 107:Codec.c       **** *				CodecI2CM_I2C_MSTR_ERR_BUS_ERR - Bus error has: INTR_MASTER_I2C_BUS_ERROR 
 108:Codec.c       **** *
 109:Codec.c       **** *******************************************************************************/
 110:Codec.c       **** uint8 Codec_SendData(uint8 regAddr, uint16 data)
 111:Codec.c       **** {
  28              		.loc 1 111 0
  29              		.cfi_startproc
  30              		@ args = 0, pretend = 0, frame = 0
  31              		@ frame_needed = 0, uses_anonymous_args = 0
  32              	.LVL0:
  33 0000 70B5     		push	{r4, r5, r6, lr}
  34              		.cfi_def_cfa_offset 16
  35              		.cfi_offset 4, -16
  36              		.cfi_offset 5, -12
  37              		.cfi_offset 6, -8
  38              		.cfi_offset 14, -4
  39 0002 0500     		movs	r5, r0
  40 0004 0C00     		movs	r4, r1
 112:Codec.c       **** 	uint8 temp;
 113:Codec.c       **** 	
 114:Codec.c       **** 	temp = CodecI2CM_I2CMasterSendStart(CODEC_I2C_ADDR, I2C_WRITE_OPERATION, I2C_TIMEOUT_MS); 
  41              		.loc 1 114 0
  42 0006 6422     		movs	r2, #100
  43 0008 0021     		movs	r1, #0
  44              	.LVL1:
  45 000a 1A20     		movs	r0, #26
  46              	.LVL2:
  47 000c FFF7FEFF 		bl	CodecI2CM_I2CMasterSendStart
  48              	.LVL3:
  49 0010 C0B2     		uxtb	r0, r0
  50              	.LVL4:
 115:Codec.c       **** 	if(temp == CodecI2CM_I2C_MSTR_NO_ERROR)
  51              		.loc 1 115 0
  52 0012 0028     		cmp	r0, #0
  53 0014 16D1     		bne	.L2
 116:Codec.c       **** 	{
 117:Codec.c       **** 		temp = CodecI2CM_I2CMasterWriteByte(((regAddr << 0x01) | (HI8(data) & 0x01)), I2C_TIMEOUT_MS);
  54              		.loc 1 117 0
ARM GAS  C:\Users\psmus\AppData\Local\Temp\ccJcfx5O.s 			page 4


  55 0016 6D00     		lsls	r5, r5, #1
  56 0018 230A     		lsrs	r3, r4, #8
  57 001a 0130     		adds	r0, r0, #1
  58              	.LVL5:
  59 001c 0340     		ands	r3, r0
  60 001e 2800     		movs	r0, r5
  61              	.LVL6:
  62 0020 1843     		orrs	r0, r3
  63 0022 6421     		movs	r1, #100
  64 0024 FFF7FEFF 		bl	CodecI2CM_I2CMasterWriteByte
  65              	.LVL7:
  66 0028 C0B2     		uxtb	r0, r0
  67              	.LVL8:
 118:Codec.c       **** 		
 119:Codec.c       **** 		if(temp == CodecI2CM_I2C_MSTR_NO_ERROR)
  68              		.loc 1 119 0
  69 002a 0028     		cmp	r0, #0
  70 002c 0AD1     		bne	.L2
 120:Codec.c       **** 		{
 121:Codec.c       **** 			temp = CodecI2CM_I2CMasterWriteByte(LO8(data), I2C_TIMEOUT_MS);
  71              		.loc 1 121 0
  72 002e E0B2     		uxtb	r0, r4
  73              	.LVL9:
  74 0030 6421     		movs	r1, #100
  75 0032 FFF7FEFF 		bl	CodecI2CM_I2CMasterWriteByte
  76              	.LVL10:
  77 0036 C0B2     		uxtb	r0, r0
  78              	.LVL11:
 122:Codec.c       **** 			
 123:Codec.c       **** 			if(temp == CodecI2CM_I2C_MSTR_NO_ERROR)
  79              		.loc 1 123 0
  80 0038 0028     		cmp	r0, #0
  81 003a 03D1     		bne	.L2
 124:Codec.c       **** 			{
 125:Codec.c       **** 				temp = CodecI2CM_I2CMasterSendStop(I2C_TIMEOUT_MS);
  82              		.loc 1 125 0
  83 003c 6430     		adds	r0, r0, #100
  84              	.LVL12:
  85 003e FFF7FEFF 		bl	CodecI2CM_I2CMasterSendStop
  86              	.LVL13:
  87 0042 C0B2     		uxtb	r0, r0
  88              	.LVL14:
  89              	.L2:
 126:Codec.c       **** 			}
 127:Codec.c       **** 		}
 128:Codec.c       **** 	}
 129:Codec.c       **** 
 130:Codec.c       **** 	return temp;
 131:Codec.c       **** }
  90              		.loc 1 131 0
  91              		@ sp needed
  92 0044 70BD     		pop	{r4, r5, r6, pc}
  93              		.cfi_endproc
  94              	.LFE2:
  95              		.size	Codec_SendData, .-Codec_SendData
  96 0046 C046     		.section	.text.Codec_SetSamplingRate,"ax",%progbits
  97              		.align	2
ARM GAS  C:\Users\psmus\AppData\Local\Temp\ccJcfx5O.s 			page 5


  98              		.global	Codec_SetSamplingRate
  99              		.code	16
 100              		.thumb_func
 101              		.type	Codec_SetSamplingRate, %function
 102              	Codec_SetSamplingRate:
 103              	.LFB3:
 132:Codec.c       **** 
 133:Codec.c       **** /*******************************************************************************
 134:Codec.c       **** * Function Name: Codec_SetSamplingRate
 135:Codec.c       **** ********************************************************************************
 136:Codec.c       **** * Summary:
 137:Codec.c       **** *   This function sets the sampling rate of the codec. Note that the codec must be deactivated 
 138:Codec.c       **** *	before configuring the sample rate.
 139:Codec.c       **** *
 140:Codec.c       **** *
 141:Codec.c       **** * Parameters:  
 142:Codec.c       **** *	srCtrlField - Sampling control register settings 
 143:Codec.c       **** *					
 144:Codec.c       **** *
 145:Codec.c       **** * Return:
 146:Codec.c       **** *   uint8 - I2C master transaction error status
 147:Codec.c       **** *				CodecI2CM_I2C_MSTR_NO_ERROR - Function complete without error                       
 148:Codec.c       **** *				CodecI2CM_I2C_MSTR_ERR_ARB_LOST - Master lost arbitration: INTR_MASTER_I2C_ARB_LOST    
 149:Codec.c       **** *				CodecI2CM_I2C_MSTR_ERR_LB_NAK - Last Byte NACKed: INTR_MASTER_I2C_NACK               
 150:Codec.c       **** *				CodecI2CM_I2C_MSTR_NOT_READY - Master on the bus or Slave operation is in progress  
 151:Codec.c       **** *				CodecI2CM_I2C_MSTR_BUS_BUSY - Bus is busy, process not started
 152:Codec.c       **** *				CodecI2CM_I2C_MSTR_ERR_ABORT_START - Slave was addressed before master begin Start
 153:Codec.c       **** *				CodecI2CM_I2C_MSTR_ERR_BUS_ERR - Bus error has: INTR_MASTER_I2C_BUS_ERROR 
 154:Codec.c       **** *
 155:Codec.c       **** *******************************************************************************/
 156:Codec.c       **** uint8 Codec_SetSamplingRate(uint8 srCtrlField)
 157:Codec.c       **** {		
 104              		.loc 1 157 0
 105              		.cfi_startproc
 106              		@ args = 0, pretend = 0, frame = 0
 107              		@ frame_needed = 0, uses_anonymous_args = 0
 108              	.LVL15:
 109 0000 10B5     		push	{r4, lr}
 110              		.cfi_def_cfa_offset 8
 111              		.cfi_offset 4, -8
 112              		.cfi_offset 14, -4
 158:Codec.c       **** 	/* This function modifies the BOSR & SR bits of sampling rate control register.
 159:Codec.c       ****      * srCtrlField : bit[0] - BOSR, bit[1:4] - SR.
 160:Codec.c       ****      */
 161:Codec.c       ****     return Codec_SendData(CODEC_REG_SAMPLING_CTRL, srCtrlField);;
 113              		.loc 1 161 0
 114 0002 81B2     		uxth	r1, r0
 115 0004 0820     		movs	r0, #8
 116              	.LVL16:
 117 0006 FFF7FEFF 		bl	Codec_SendData
 118              	.LVL17:
 162:Codec.c       **** }
 119              		.loc 1 162 0
 120              		@ sp needed
 121 000a 10BD     		pop	{r4, pc}
 122              		.cfi_endproc
 123              	.LFE3:
ARM GAS  C:\Users\psmus\AppData\Local\Temp\ccJcfx5O.s 			page 6


 124              		.size	Codec_SetSamplingRate, .-Codec_SetSamplingRate
 125              		.section	.text.Codec_AdjustBothHeadphoneVolume,"ax",%progbits
 126              		.align	2
 127              		.global	Codec_AdjustBothHeadphoneVolume
 128              		.code	16
 129              		.thumb_func
 130              		.type	Codec_AdjustBothHeadphoneVolume, %function
 131              	Codec_AdjustBothHeadphoneVolume:
 132              	.LFB4:
 163:Codec.c       **** 
 164:Codec.c       **** /*******************************************************************************
 165:Codec.c       **** * Function Name: Codec_AdjustBothHeadphoneVolume
 166:Codec.c       **** ********************************************************************************
 167:Codec.c       **** * Summary:
 168:Codec.c       **** *   This function updates the volume of both the left and right channels of the
 169:Codec.c       **** * 	headphone output.
 170:Codec.c       **** *
 171:Codec.c       **** *
 172:Codec.c       **** * Parameters:  
 173:Codec.c       **** *	volume - 0 - Mute
 174:Codec.c       **** *			 1 to CODEC_HP_VOLUME_MAX levels
 175:Codec.c       **** *
 176:Codec.c       **** * Return:
 177:Codec.c       **** *   uint8 - I2C master transaction error status
 178:Codec.c       **** *				CodecI2CM_I2C_MSTR_NO_ERROR - Function complete without error                       
 179:Codec.c       **** *				CodecI2CM_I2C_MSTR_ERR_ARB_LOST - Master lost arbitration: INTR_MASTER_I2C_ARB_LOST    
 180:Codec.c       **** *				CodecI2CM_I2C_MSTR_ERR_LB_NAK - Last Byte NACKed: INTR_MASTER_I2C_NACK               
 181:Codec.c       **** *				CodecI2CM_I2C_MSTR_NOT_READY - Master on the bus or Slave operation is in progress  
 182:Codec.c       **** *				CodecI2CM_I2C_MSTR_BUS_BUSY - Bus is busy, process not started
 183:Codec.c       **** *				CodecI2CM_I2C_MSTR_ERR_ABORT_START - Slave was addressed before master begin Start
 184:Codec.c       **** *				CodecI2CM_I2C_MSTR_ERR_BUS_ERR - Bus error has: INTR_MASTER_I2C_BUS_ERROR 
 185:Codec.c       **** *
 186:Codec.c       **** *******************************************************************************/
 187:Codec.c       **** 
 188:Codec.c       **** uint8 Codec_AdjustBothHeadphoneVolume(uint8 volume)
 189:Codec.c       **** {
 133              		.loc 1 189 0
 134              		.cfi_startproc
 135              		@ args = 0, pretend = 0, frame = 0
 136              		@ frame_needed = 0, uses_anonymous_args = 0
 137              	.LVL18:
 138 0000 10B5     		push	{r4, lr}
 139              		.cfi_def_cfa_offset 8
 140              		.cfi_offset 4, -8
 141              		.cfi_offset 14, -4
 190:Codec.c       **** 	if(volume > CODEC_HP_VOLUME_MAX)
 142              		.loc 1 190 0
 143 0002 5028     		cmp	r0, #80
 144 0004 00D9     		bls	.L5
 191:Codec.c       **** 	{
 192:Codec.c       **** 		volume = CODEC_HP_VOLUME_MAX;
 145              		.loc 1 192 0
 146 0006 5020     		movs	r0, #80
 147              	.LVL19:
 148              	.L5:
 193:Codec.c       **** 	}
 194:Codec.c       **** 	
ARM GAS  C:\Users\psmus\AppData\Local\Temp\ccJcfx5O.s 			page 7


 195:Codec.c       **** 	return Codec_SendData(CODEC_REG_LHPOUT, (volume + (CODEC_LHPOUT_BOTH + CODEC_LHPOUT_LZCEN)));
 149              		.loc 1 195 0
 150 0008 0100     		movs	r1, r0
 151 000a 8131     		adds	r1, r1, #129
 152 000c FF31     		adds	r1, r1, #255
 153 000e 0220     		movs	r0, #2
 154              	.LVL20:
 155 0010 FFF7FEFF 		bl	Codec_SendData
 156              	.LVL21:
 196:Codec.c       **** }
 157              		.loc 1 196 0
 158              		@ sp needed
 159 0014 10BD     		pop	{r4, pc}
 160              		.cfi_endproc
 161              	.LFE4:
 162              		.size	Codec_AdjustBothHeadphoneVolume, .-Codec_AdjustBothHeadphoneVolume
 163 0016 C046     		.section	.text.Codec_MuteMic,"ax",%progbits
 164              		.align	2
 165              		.global	Codec_MuteMic
 166              		.code	16
 167              		.thumb_func
 168              		.type	Codec_MuteMic, %function
 169              	Codec_MuteMic:
 170              	.LFB5:
 197:Codec.c       **** 
 198:Codec.c       **** /*******************************************************************************
 199:Codec.c       **** * Function Name: Codec_MuteMic
 200:Codec.c       **** ********************************************************************************
 201:Codec.c       **** * Summary:
 202:Codec.c       **** *   Mutes/unmutes the microphone input
 203:Codec.c       **** *
 204:Codec.c       **** *
 205:Codec.c       **** * Parameters:  
 206:Codec.c       **** *	isMuteOrUnmute - 0 - Unmute
 207:Codec.c       **** *					 1 - Mute
 208:Codec.c       **** *
 209:Codec.c       **** * Return:
 210:Codec.c       **** *   uint8 - I2C master transaction error status
 211:Codec.c       **** *				CodecI2CM_I2C_MSTR_NO_ERROR - Function complete without error                       
 212:Codec.c       **** *				CodecI2CM_I2C_MSTR_ERR_ARB_LOST - Master lost arbitration: INTR_MASTER_I2C_ARB_LOST    
 213:Codec.c       **** *				CodecI2CM_I2C_MSTR_ERR_LB_NAK - Last Byte NACKed: INTR_MASTER_I2C_NACK               
 214:Codec.c       **** *				CodecI2CM_I2C_MSTR_NOT_READY - Master on the bus or Slave operation is in progress  
 215:Codec.c       **** *				CodecI2CM_I2C_MSTR_BUS_BUSY - Bus is busy, process not started
 216:Codec.c       **** *				CodecI2CM_I2C_MSTR_ERR_ABORT_START - Slave was addressed before master begin Start
 217:Codec.c       **** *				CodecI2CM_I2C_MSTR_ERR_BUS_ERR - Bus error has: INTR_MASTER_I2C_BUS_ERROR 
 218:Codec.c       **** *
 219:Codec.c       **** *******************************************************************************/
 220:Codec.c       **** uint8 Codec_MuteMic(bool isMuteOrUnmute)
 221:Codec.c       **** {
 171              		.loc 1 221 0
 172              		.cfi_startproc
 173              		@ args = 0, pretend = 0, frame = 0
 174              		@ frame_needed = 0, uses_anonymous_args = 0
 175              	.LVL22:
 176 0000 10B5     		push	{r4, lr}
 177              		.cfi_def_cfa_offset 8
 178              		.cfi_offset 4, -8
ARM GAS  C:\Users\psmus\AppData\Local\Temp\ccJcfx5O.s 			page 8


 179              		.cfi_offset 14, -4
 222:Codec.c       **** 	Codec_analogPathSetting &= ~(CODEC_ANALOG_CTRL_MUTEMIC);
 180              		.loc 1 222 0
 181 0002 084A     		ldr	r2, .L9
 182 0004 1388     		ldrh	r3, [r2]
 183 0006 0221     		movs	r1, #2
 184 0008 8B43     		bics	r3, r1
 185 000a 1380     		strh	r3, [r2]
 223:Codec.c       **** 	
 224:Codec.c       **** 	if(isMuteOrUnmute)
 186              		.loc 1 224 0
 187 000c 0028     		cmp	r0, #0
 188 000e 03D0     		beq	.L8
 225:Codec.c       **** 	{
 226:Codec.c       **** 		Codec_analogPathSetting |= CODEC_ANALOG_CTRL_MUTEMIC;		
 189              		.loc 1 226 0
 190 0010 0222     		movs	r2, #2
 191 0012 1343     		orrs	r3, r2
 192 0014 034A     		ldr	r2, .L9
 193 0016 1380     		strh	r3, [r2]
 194              	.L8:
 227:Codec.c       **** 	}
 228:Codec.c       **** 	
 229:Codec.c       **** 	return Codec_SendData(CODEC_REG_ANALOG_CTRL, Codec_analogPathSetting);
 195              		.loc 1 229 0
 196 0018 024B     		ldr	r3, .L9
 197 001a 1988     		ldrh	r1, [r3]
 198 001c 0420     		movs	r0, #4
 199              	.LVL23:
 200 001e FFF7FEFF 		bl	Codec_SendData
 201              	.LVL24:
 230:Codec.c       **** }
 202              		.loc 1 230 0
 203              		@ sp needed
 204 0022 10BD     		pop	{r4, pc}
 205              	.L10:
 206              		.align	2
 207              	.L9:
 208 0024 00000000 		.word	.LANCHOR0
 209              		.cfi_endproc
 210              	.LFE5:
 211              		.size	Codec_MuteMic, .-Codec_MuteMic
 212              		.section	.text.Codec_SetMicBoost,"ax",%progbits
 213              		.align	2
 214              		.global	Codec_SetMicBoost
 215              		.code	16
 216              		.thumb_func
 217              		.type	Codec_SetMicBoost, %function
 218              	Codec_SetMicBoost:
 219              	.LFB6:
 231:Codec.c       **** 
 232:Codec.c       **** /*******************************************************************************
 233:Codec.c       **** * Function Name: Codec_SetMicBoost
 234:Codec.c       **** ********************************************************************************
 235:Codec.c       **** * Summary:
 236:Codec.c       **** *   Enables/Disables microphone boost (amplification)
 237:Codec.c       **** *
ARM GAS  C:\Users\psmus\AppData\Local\Temp\ccJcfx5O.s 			page 9


 238:Codec.c       **** *
 239:Codec.c       **** * Parameters:  
 240:Codec.c       **** *	micBoost -       0 - Disable
 241:Codec.c       **** *					 1 - Enable
 242:Codec.c       **** *
 243:Codec.c       **** * Return:
 244:Codec.c       **** *   uint8 - I2C master transaction error status
 245:Codec.c       **** *				CodecI2CM_I2C_MSTR_NO_ERROR - Function complete without error                       
 246:Codec.c       **** *				CodecI2CM_I2C_MSTR_ERR_ARB_LOST - Master lost arbitration: INTR_MASTER_I2C_ARB_LOST    
 247:Codec.c       **** *				CodecI2CM_I2C_MSTR_ERR_LB_NAK - Last Byte NACKed: INTR_MASTER_I2C_NACK               
 248:Codec.c       **** *				CodecI2CM_I2C_MSTR_NOT_READY - Master on the bus or Slave operation is in progress  
 249:Codec.c       **** *				CodecI2CM_I2C_MSTR_BUS_BUSY - Bus is busy, process not started
 250:Codec.c       **** *				CodecI2CM_I2C_MSTR_ERR_ABORT_START - Slave was addressed before master begin Start
 251:Codec.c       **** *				CodecI2CM_I2C_MSTR_ERR_BUS_ERR - Bus error has: INTR_MASTER_I2C_BUS_ERROR 
 252:Codec.c       **** *
 253:Codec.c       **** *******************************************************************************/
 254:Codec.c       **** uint8 Codec_SetMicBoost(bool micBoost)
 255:Codec.c       **** {
 220              		.loc 1 255 0
 221              		.cfi_startproc
 222              		@ args = 0, pretend = 0, frame = 0
 223              		@ frame_needed = 0, uses_anonymous_args = 0
 224              	.LVL25:
 225 0000 10B5     		push	{r4, lr}
 226              		.cfi_def_cfa_offset 8
 227              		.cfi_offset 4, -8
 228              		.cfi_offset 14, -4
 256:Codec.c       **** 	Codec_analogPathSetting &= ~(CODEC_ANALOG_CTRL_MICBOOST);
 229              		.loc 1 256 0
 230 0002 084A     		ldr	r2, .L13
 231 0004 1388     		ldrh	r3, [r2]
 232 0006 0121     		movs	r1, #1
 233 0008 8B43     		bics	r3, r1
 234 000a 1380     		strh	r3, [r2]
 257:Codec.c       **** 	
 258:Codec.c       **** 	if(micBoost)
 235              		.loc 1 258 0
 236 000c 0028     		cmp	r0, #0
 237 000e 03D0     		beq	.L12
 259:Codec.c       **** 	{
 260:Codec.c       **** 		Codec_analogPathSetting |= CODEC_ANALOG_CTRL_MICBOOST;		
 238              		.loc 1 260 0
 239 0010 0122     		movs	r2, #1
 240 0012 1343     		orrs	r3, r2
 241 0014 034A     		ldr	r2, .L13
 242 0016 1380     		strh	r3, [r2]
 243              	.L12:
 261:Codec.c       **** 	}
 262:Codec.c       **** 	
 263:Codec.c       **** 	return Codec_SendData(CODEC_REG_ANALOG_CTRL, Codec_analogPathSetting);
 244              		.loc 1 263 0
 245 0018 024B     		ldr	r3, .L13
 246 001a 1988     		ldrh	r1, [r3]
 247 001c 0420     		movs	r0, #4
 248              	.LVL26:
 249 001e FFF7FEFF 		bl	Codec_SendData
 250              	.LVL27:
ARM GAS  C:\Users\psmus\AppData\Local\Temp\ccJcfx5O.s 			page 10


 264:Codec.c       **** }
 251              		.loc 1 264 0
 252              		@ sp needed
 253 0022 10BD     		pop	{r4, pc}
 254              	.L14:
 255              		.align	2
 256              	.L13:
 257 0024 00000000 		.word	.LANCHOR0
 258              		.cfi_endproc
 259              	.LFE6:
 260              		.size	Codec_SetMicBoost, .-Codec_SetMicBoost
 261              		.section	.text.Codec_Activate,"ax",%progbits
 262              		.align	2
 263              		.global	Codec_Activate
 264              		.code	16
 265              		.thumb_func
 266              		.type	Codec_Activate, %function
 267              	Codec_Activate:
 268              	.LFB7:
 265:Codec.c       **** 
 266:Codec.c       **** /*******************************************************************************
 267:Codec.c       **** * Function Name: Codec_Activate
 268:Codec.c       **** ********************************************************************************
 269:Codec.c       **** * Summary:
 270:Codec.c       **** *   Activates the codec - This function is called in conjunction with Codec_Deactivate API
 271:Codec.c       **** *	after successful configuration update of the codec.
 272:Codec.c       **** *
 273:Codec.c       **** *
 274:Codec.c       **** * Parameters:  
 275:Codec.c       **** *	None
 276:Codec.c       **** *
 277:Codec.c       **** * Return:
 278:Codec.c       **** *   uint8 - I2C master transaction error status
 279:Codec.c       **** *				CodecI2CM_I2C_MSTR_NO_ERROR - Function complete without error                       
 280:Codec.c       **** *				CodecI2CM_I2C_MSTR_ERR_ARB_LOST - Master lost arbitration: INTR_MASTER_I2C_ARB_LOST    
 281:Codec.c       **** *				CodecI2CM_I2C_MSTR_ERR_LB_NAK - Last Byte NACKed: INTR_MASTER_I2C_NACK               
 282:Codec.c       **** *				CodecI2CM_I2C_MSTR_NOT_READY - Master on the bus or Slave operation is in progress  
 283:Codec.c       **** *				CodecI2CM_I2C_MSTR_BUS_BUSY - Bus is busy, process not started
 284:Codec.c       **** *				CodecI2CM_I2C_MSTR_ERR_ABORT_START - Slave was addressed before master begin Start
 285:Codec.c       **** *				CodecI2CM_I2C_MSTR_ERR_BUS_ERR - Bus error has: INTR_MASTER_I2C_BUS_ERROR 
 286:Codec.c       **** *
 287:Codec.c       **** *******************************************************************************/
 288:Codec.c       **** uint8 Codec_Activate(void)
 289:Codec.c       **** {
 269              		.loc 1 289 0
 270              		.cfi_startproc
 271              		@ args = 0, pretend = 0, frame = 0
 272              		@ frame_needed = 0, uses_anonymous_args = 0
 273 0000 10B5     		push	{r4, lr}
 274              		.cfi_def_cfa_offset 8
 275              		.cfi_offset 4, -8
 276              		.cfi_offset 14, -4
 290:Codec.c       **** 	return Codec_SendData(CODEC_REG_ACTIVATE, CODEC_CTRL_ACTIVATE); 
 277              		.loc 1 290 0
 278 0002 0121     		movs	r1, #1
 279 0004 0920     		movs	r0, #9
 280 0006 FFF7FEFF 		bl	Codec_SendData
ARM GAS  C:\Users\psmus\AppData\Local\Temp\ccJcfx5O.s 			page 11


 281              	.LVL28:
 291:Codec.c       **** }
 282              		.loc 1 291 0
 283              		@ sp needed
 284 000a 10BD     		pop	{r4, pc}
 285              		.cfi_endproc
 286              	.LFE7:
 287              		.size	Codec_Activate, .-Codec_Activate
 288              		.section	.text.Codec_Deactivate,"ax",%progbits
 289              		.align	2
 290              		.global	Codec_Deactivate
 291              		.code	16
 292              		.thumb_func
 293              		.type	Codec_Deactivate, %function
 294              	Codec_Deactivate:
 295              	.LFB8:
 292:Codec.c       **** 
 293:Codec.c       **** /*******************************************************************************
 294:Codec.c       **** * Function Name: Codec_Deactivate
 295:Codec.c       **** ********************************************************************************
 296:Codec.c       **** * Summary:
 297:Codec.c       **** *   Deactivates the CODEC - the configuration is retained, just the CODEC input/outputs are
 298:Codec.c       **** *	disabled. The function should be called before changing any setting in the codec over I2C
 299:Codec.c       **** *
 300:Codec.c       **** *
 301:Codec.c       **** * Parameters:  
 302:Codec.c       **** *	None
 303:Codec.c       **** *
 304:Codec.c       **** * Return:
 305:Codec.c       **** *   uint8 - I2C master transaction error status
 306:Codec.c       **** *				CodecI2CM_I2C_MSTR_NO_ERROR - Function complete without error                       
 307:Codec.c       **** *				CodecI2CM_I2C_MSTR_ERR_ARB_LOST - Master lost arbitration: INTR_MASTER_I2C_ARB_LOST    
 308:Codec.c       **** *				CodecI2CM_I2C_MSTR_ERR_LB_NAK - Last Byte NACKed: INTR_MASTER_I2C_NACK               
 309:Codec.c       **** *				CodecI2CM_I2C_MSTR_NOT_READY - Master on the bus or Slave operation is in progress  
 310:Codec.c       **** *				CodecI2CM_I2C_MSTR_BUS_BUSY - Bus is busy, process not started
 311:Codec.c       **** *				CodecI2CM_I2C_MSTR_ERR_ABORT_START - Slave was addressed before master begin Start
 312:Codec.c       **** *				CodecI2CM_I2C_MSTR_ERR_BUS_ERR - Bus error has: INTR_MASTER_I2C_BUS_ERROR 
 313:Codec.c       **** *
 314:Codec.c       **** *******************************************************************************/
 315:Codec.c       **** uint8 Codec_Deactivate(void)
 316:Codec.c       **** {
 296              		.loc 1 316 0
 297              		.cfi_startproc
 298              		@ args = 0, pretend = 0, frame = 0
 299              		@ frame_needed = 0, uses_anonymous_args = 0
 300 0000 10B5     		push	{r4, lr}
 301              		.cfi_def_cfa_offset 8
 302              		.cfi_offset 4, -8
 303              		.cfi_offset 14, -4
 317:Codec.c       **** 	return Codec_SendData(CODEC_REG_ACTIVATE, CODEC_CTRL_DEACTIVATE); 
 304              		.loc 1 317 0
 305 0002 0021     		movs	r1, #0
 306 0004 0920     		movs	r0, #9
 307 0006 FFF7FEFF 		bl	Codec_SendData
 308              	.LVL29:
 318:Codec.c       **** }
 309              		.loc 1 318 0
ARM GAS  C:\Users\psmus\AppData\Local\Temp\ccJcfx5O.s 			page 12


 310              		@ sp needed
 311 000a 10BD     		pop	{r4, pc}
 312              		.cfi_endproc
 313              	.LFE8:
 314              		.size	Codec_Deactivate, .-Codec_Deactivate
 315              		.section	.text.Codec_ResetOverI2C,"ax",%progbits
 316              		.align	2
 317              		.global	Codec_ResetOverI2C
 318              		.code	16
 319              		.thumb_func
 320              		.type	Codec_ResetOverI2C, %function
 321              	Codec_ResetOverI2C:
 322              	.LFB9:
 319:Codec.c       **** 
 320:Codec.c       **** /*******************************************************************************
 321:Codec.c       **** * Function Name: Codec_ResetOverI2C
 322:Codec.c       **** ********************************************************************************
 323:Codec.c       **** * Summary:
 324:Codec.c       **** *   Resets the codec by sending an I2C command
 325:Codec.c       **** *
 326:Codec.c       **** * Parameters:  
 327:Codec.c       **** *	None
 328:Codec.c       **** *
 329:Codec.c       **** * Return:
 330:Codec.c       **** *   uint8 - I2C master transaction error status
 331:Codec.c       **** *				CodecI2CM_I2C_MSTR_NO_ERROR - Function complete without error                       
 332:Codec.c       **** *				CodecI2CM_I2C_MSTR_ERR_ARB_LOST - Master lost arbitration: INTR_MASTER_I2C_ARB_LOST    
 333:Codec.c       **** *				CodecI2CM_I2C_MSTR_ERR_LB_NAK - Last Byte NACKed: INTR_MASTER_I2C_NACK               
 334:Codec.c       **** *				CodecI2CM_I2C_MSTR_NOT_READY - Master on the bus or Slave operation is in progress  
 335:Codec.c       **** *				CodecI2CM_I2C_MSTR_BUS_BUSY - Bus is busy, process not started
 336:Codec.c       **** *				CodecI2CM_I2C_MSTR_ERR_ABORT_START - Slave was addressed before master begin Start
 337:Codec.c       **** *				CodecI2CM_I2C_MSTR_ERR_BUS_ERR - Bus error has: INTR_MASTER_I2C_BUS_ERROR 
 338:Codec.c       **** *
 339:Codec.c       **** *******************************************************************************/
 340:Codec.c       **** uint8 Codec_ResetOverI2C(void)
 341:Codec.c       **** {
 323              		.loc 1 341 0
 324              		.cfi_startproc
 325              		@ args = 0, pretend = 0, frame = 0
 326              		@ frame_needed = 0, uses_anonymous_args = 0
 327 0000 10B5     		push	{r4, lr}
 328              		.cfi_def_cfa_offset 8
 329              		.cfi_offset 4, -8
 330              		.cfi_offset 14, -4
 342:Codec.c       **** 	return Codec_SendData(CODEC_REG_RESET, CODEC_CTRL_RESET);
 331              		.loc 1 342 0
 332 0002 0021     		movs	r1, #0
 333 0004 0F20     		movs	r0, #15
 334 0006 FFF7FEFF 		bl	Codec_SendData
 335              	.LVL30:
 343:Codec.c       **** }
 336              		.loc 1 343 0
 337              		@ sp needed
 338 000a 10BD     		pop	{r4, pc}
 339              		.cfi_endproc
 340              	.LFE9:
 341              		.size	Codec_ResetOverI2C, .-Codec_ResetOverI2C
ARM GAS  C:\Users\psmus\AppData\Local\Temp\ccJcfx5O.s 			page 13


 342              		.section	.text.Codec_Init,"ax",%progbits
 343              		.align	2
 344              		.global	Codec_Init
 345              		.code	16
 346              		.thumb_func
 347              		.type	Codec_Init, %function
 348              	Codec_Init:
 349              	.LFB1:
  73:Codec.c       **** 	uint8 ret;
 350              		.loc 1 73 0
 351              		.cfi_startproc
 352              		@ args = 0, pretend = 0, frame = 0
 353              		@ frame_needed = 0, uses_anonymous_args = 0
 354 0000 10B5     		push	{r4, lr}
 355              		.cfi_def_cfa_offset 8
 356              		.cfi_offset 4, -8
 357              		.cfi_offset 14, -4
  76:Codec.c       **** 	CyDelay(CODEC_RESET_WAIT_DELAY);
 358              		.loc 1 76 0
 359 0002 FFF7FEFF 		bl	Codec_ResetOverI2C
 360              	.LVL31:
  77:Codec.c       **** 	
 361              		.loc 1 77 0
 362 0006 0A20     		movs	r0, #10
 363 0008 FFF7FEFF 		bl	CyDelay
 364              	.LVL32:
  79:Codec.c       **** 	ret = Codec_SendData(CODEC_REG_ANALOG_CTRL, CODEC_DEF_ANALOG_CTRL);
 365              		.loc 1 79 0
 366 000c 5020     		movs	r0, #80
 367 000e FFF7FEFF 		bl	Codec_AdjustBothHeadphoneVolume
 368              	.LVL33:
  80:Codec.c       **** 	ret = Codec_SendData(CODEC_REG_DIGITAL_CTRL, CODEC_DEF_DIGITAL_CTRL);
 369              		.loc 1 80 0
 370 0012 3421     		movs	r1, #52
 371 0014 0420     		movs	r0, #4
 372 0016 FFF7FEFF 		bl	Codec_SendData
 373              	.LVL34:
  81:Codec.c       **** 	ret = Codec_SendData(CODEC_REG_POWER_CTRL, CODEC_DEF_POWER_CTRL);
 374              		.loc 1 81 0
 375 001a 1021     		movs	r1, #16
 376 001c 0520     		movs	r0, #5
 377 001e FFF7FEFF 		bl	Codec_SendData
 378              	.LVL35:
  82:Codec.c       **** 	ret = Codec_SetSamplingRate(CODEC_DEF_SAMPLING_RATE);
 379              		.loc 1 82 0
 380 0022 6121     		movs	r1, #97
 381 0024 0620     		movs	r0, #6
 382 0026 FFF7FEFF 		bl	Codec_SendData
 383              	.LVL36:
  83:Codec.c       **** 	
 384              		.loc 1 83 0
 385 002a 2020     		movs	r0, #32
 386 002c FFF7FEFF 		bl	Codec_SetSamplingRate
 387              	.LVL37:
  86:Codec.c       **** 
 388              		.loc 1 86 0
 389              		@ sp needed
ARM GAS  C:\Users\psmus\AppData\Local\Temp\ccJcfx5O.s 			page 14


 390 0030 10BD     		pop	{r4, pc}
 391              		.cfi_endproc
 392              	.LFE1:
 393              		.size	Codec_Init, .-Codec_Init
 394 0032 C046     		.section	.text.Codec_PowerOffControl,"ax",%progbits
 395              		.align	2
 396              		.global	Codec_PowerOffControl
 397              		.code	16
 398              		.thumb_func
 399              		.type	Codec_PowerOffControl, %function
 400              	Codec_PowerOffControl:
 401              	.LFB10:
 344:Codec.c       **** 	
 345:Codec.c       **** /*******************************************************************************
 346:Codec.c       **** * Function Name: Codec_PowerOffControl
 347:Codec.c       **** ********************************************************************************
 348:Codec.c       **** * Summary:
 349:Codec.c       **** *   Disables power for various blocks in the codec
 350:Codec.c       **** *
 351:Codec.c       **** *
 352:Codec.c       **** * Parameters:  
 353:Codec.c       **** *	powerOffMask - Bit(s) mask for the power off control 
 354:Codec.c       **** *                   Refer to bit settings available for CODEC_REG_POWER_CTRL in 
 355:Codec.c       **** *                   Codec.h
 356:Codec.c       **** *
 357:Codec.c       **** * Return:
 358:Codec.c       **** *   uint8 - I2C master transaction error status
 359:Codec.c       **** *				CodecI2CM_I2C_MSTR_NO_ERROR - Function complete without error                       
 360:Codec.c       **** *				CodecI2CM_I2C_MSTR_ERR_ARB_LOST - Master lost arbitration: INTR_MASTER_I2C_ARB_LOST    
 361:Codec.c       **** *				CodecI2CM_I2C_MSTR_ERR_LB_NAK - Last Byte NACKed: INTR_MASTER_I2C_NACK               
 362:Codec.c       **** *				CodecI2CM_I2C_MSTR_NOT_READY - Master on the bus or Slave operation is in progress  
 363:Codec.c       **** *				CodecI2CM_I2C_MSTR_BUS_BUSY - Bus is busy, process not started
 364:Codec.c       **** *				CodecI2CM_I2C_MSTR_ERR_ABORT_START - Slave was addressed before master begin Start
 365:Codec.c       **** *				CodecI2CM_I2C_MSTR_ERR_BUS_ERR - Bus error has: INTR_MASTER_I2C_BUS_ERROR 
 366:Codec.c       **** *
 367:Codec.c       **** *******************************************************************************/
 368:Codec.c       **** uint8 Codec_PowerOffControl(uint32 powerOffMask)
 369:Codec.c       **** {
 402              		.loc 1 369 0
 403              		.cfi_startproc
 404              		@ args = 0, pretend = 0, frame = 0
 405              		@ frame_needed = 0, uses_anonymous_args = 0
 406              	.LVL38:
 407 0000 10B5     		push	{r4, lr}
 408              		.cfi_def_cfa_offset 8
 409              		.cfi_offset 4, -8
 410              		.cfi_offset 14, -4
 370:Codec.c       **** 	Codec_powerControlSetting |= powerOffMask;
 411              		.loc 1 370 0
 412 0002 044B     		ldr	r3, .L20
 413 0004 5A68     		ldr	r2, [r3, #4]
 414 0006 1043     		orrs	r0, r2
 415              	.LVL39:
 416 0008 5860     		str	r0, [r3, #4]
 371:Codec.c       ****     return Codec_SendData(CODEC_REG_POWER_CTRL, Codec_powerControlSetting);
 417              		.loc 1 371 0
 418 000a 81B2     		uxth	r1, r0
ARM GAS  C:\Users\psmus\AppData\Local\Temp\ccJcfx5O.s 			page 15


 419 000c 0620     		movs	r0, #6
 420 000e FFF7FEFF 		bl	Codec_SendData
 421              	.LVL40:
 372:Codec.c       **** }
 422              		.loc 1 372 0
 423              		@ sp needed
 424 0012 10BD     		pop	{r4, pc}
 425              	.L21:
 426              		.align	2
 427              	.L20:
 428 0014 00000000 		.word	.LANCHOR0
 429              		.cfi_endproc
 430              	.LFE10:
 431              		.size	Codec_PowerOffControl, .-Codec_PowerOffControl
 432              		.section	.text.Codec_PowerOnControl,"ax",%progbits
 433              		.align	2
 434              		.global	Codec_PowerOnControl
 435              		.code	16
 436              		.thumb_func
 437              		.type	Codec_PowerOnControl, %function
 438              	Codec_PowerOnControl:
 439              	.LFB11:
 373:Codec.c       **** 
 374:Codec.c       **** /*******************************************************************************
 375:Codec.c       **** * Function Name: Codec_PowerOnControl
 376:Codec.c       **** ********************************************************************************
 377:Codec.c       **** * Summary:
 378:Codec.c       **** *   Enables power for various blocks in the codec
 379:Codec.c       **** *
 380:Codec.c       **** *
 381:Codec.c       **** * Parameters:  
 382:Codec.c       **** *	powerOffMask - Bit(s) mask for the power on control 
 383:Codec.c       **** *                   Refer to bit settings available for CODEC_REG_POWER_CTRL in 
 384:Codec.c       **** *                   Codec.h
 385:Codec.c       **** *
 386:Codec.c       **** * Return:
 387:Codec.c       **** *   uint8 - I2C master transaction error status
 388:Codec.c       **** *				CodecI2CM_I2C_MSTR_NO_ERROR - Function complete without error                       
 389:Codec.c       **** *				CodecI2CM_I2C_MSTR_ERR_ARB_LOST - Master lost arbitration: INTR_MASTER_I2C_ARB_LOST    
 390:Codec.c       **** *				CodecI2CM_I2C_MSTR_ERR_LB_NAK - Last Byte NACKed: INTR_MASTER_I2C_NACK               
 391:Codec.c       **** *				CodecI2CM_I2C_MSTR_NOT_READY - Master on the bus or Slave operation is in progress  
 392:Codec.c       **** *				CodecI2CM_I2C_MSTR_BUS_BUSY - Bus is busy, process not started
 393:Codec.c       **** *				CodecI2CM_I2C_MSTR_ERR_ABORT_START - Slave was addressed before master begin Start
 394:Codec.c       **** *				CodecI2CM_I2C_MSTR_ERR_BUS_ERR - Bus error has: INTR_MASTER_I2C_BUS_ERROR 
 395:Codec.c       **** *
 396:Codec.c       **** *******************************************************************************/
 397:Codec.c       **** uint8 Codec_PowerOnControl(uint32 powerOnMask)
 398:Codec.c       **** {
 440              		.loc 1 398 0
 441              		.cfi_startproc
 442              		@ args = 0, pretend = 0, frame = 0
 443              		@ frame_needed = 0, uses_anonymous_args = 0
 444              	.LVL41:
 445 0000 10B5     		push	{r4, lr}
 446              		.cfi_def_cfa_offset 8
 447              		.cfi_offset 4, -8
 448              		.cfi_offset 14, -4
ARM GAS  C:\Users\psmus\AppData\Local\Temp\ccJcfx5O.s 			page 16


 399:Codec.c       **** 	Codec_powerControlSetting &= ~powerOnMask;
 449              		.loc 1 399 0
 450 0002 044B     		ldr	r3, .L23
 451 0004 5968     		ldr	r1, [r3, #4]
 452 0006 8143     		bics	r1, r0
 453 0008 5960     		str	r1, [r3, #4]
 400:Codec.c       ****     return Codec_SendData(CODEC_REG_POWER_CTRL, Codec_powerControlSetting);
 454              		.loc 1 400 0
 455 000a 89B2     		uxth	r1, r1
 456 000c 0620     		movs	r0, #6
 457              	.LVL42:
 458 000e FFF7FEFF 		bl	Codec_SendData
 459              	.LVL43:
 401:Codec.c       **** }
 460              		.loc 1 401 0
 461              		@ sp needed
 462 0012 10BD     		pop	{r4, pc}
 463              	.L24:
 464              		.align	2
 465              	.L23:
 466 0014 00000000 		.word	.LANCHOR0
 467              		.cfi_endproc
 468              	.LFE11:
 469              		.size	Codec_PowerOnControl, .-Codec_PowerOnControl
 470              		.global	Codec_powerControlSetting
 471              		.data
 472              		.align	2
 473              		.set	.LANCHOR0,. + 0
 474              		.type	Codec_analogPathSetting, %object
 475              		.size	Codec_analogPathSetting, 2
 476              	Codec_analogPathSetting:
 477 0000 3400     		.short	52
 478 0002 0000     		.space	2
 479              		.type	Codec_powerControlSetting, %object
 480              		.size	Codec_powerControlSetting, 4
 481              	Codec_powerControlSetting:
 482 0004 61000000 		.word	97
 483              		.text
 484              	.Letext0:
 485              		.file 2 "Generated_Source\\PSoC4/cytypes.h"
 486              		.file 3 "Generated_Source\\PSoC4/CodecI2CM_I2C.h"
 487              		.file 4 "Generated_Source\\PSoC4/CyLib.h"
 488              		.section	.debug_info,"",%progbits
 489              	.Ldebug_info0:
 490 0000 38040000 		.4byte	0x438
 491 0004 0400     		.2byte	0x4
 492 0006 00000000 		.4byte	.Ldebug_abbrev0
 493 000a 04       		.byte	0x4
 494 000b 01       		.uleb128 0x1
 495 000c 82010000 		.4byte	.LASF43
 496 0010 0C       		.byte	0xc
 497 0011 C8000000 		.4byte	.LASF44
 498 0015 9F020000 		.4byte	.LASF45
 499 0019 00000000 		.4byte	.Ldebug_ranges0+0
 500 001d 00000000 		.4byte	0
 501 0021 00000000 		.4byte	.Ldebug_line0
 502 0025 02       		.uleb128 0x2
ARM GAS  C:\Users\psmus\AppData\Local\Temp\ccJcfx5O.s 			page 17


 503 0026 01       		.byte	0x1
 504 0027 06       		.byte	0x6
 505 0028 F7020000 		.4byte	.LASF0
 506 002c 02       		.uleb128 0x2
 507 002d 01       		.byte	0x1
 508 002e 08       		.byte	0x8
 509 002f D0000000 		.4byte	.LASF1
 510 0033 02       		.uleb128 0x2
 511 0034 02       		.byte	0x2
 512 0035 05       		.byte	0x5
 513 0036 71020000 		.4byte	.LASF2
 514 003a 02       		.uleb128 0x2
 515 003b 02       		.byte	0x2
 516 003c 07       		.byte	0x7
 517 003d 2B000000 		.4byte	.LASF3
 518 0041 02       		.uleb128 0x2
 519 0042 04       		.byte	0x4
 520 0043 05       		.byte	0x5
 521 0044 91020000 		.4byte	.LASF4
 522 0048 02       		.uleb128 0x2
 523 0049 04       		.byte	0x4
 524 004a 07       		.byte	0x7
 525 004b 9F000000 		.4byte	.LASF5
 526 004f 02       		.uleb128 0x2
 527 0050 08       		.byte	0x8
 528 0051 05       		.byte	0x5
 529 0052 30020000 		.4byte	.LASF6
 530 0056 02       		.uleb128 0x2
 531 0057 08       		.byte	0x8
 532 0058 07       		.byte	0x7
 533 0059 52000000 		.4byte	.LASF7
 534 005d 03       		.uleb128 0x3
 535 005e 04       		.byte	0x4
 536 005f 05       		.byte	0x5
 537 0060 696E7400 		.ascii	"int\000"
 538 0064 02       		.uleb128 0x2
 539 0065 04       		.byte	0x4
 540 0066 07       		.byte	0x7
 541 0067 34010000 		.4byte	.LASF8
 542 006b 04       		.uleb128 0x4
 543 006c B6000000 		.4byte	.LASF9
 544 0070 02       		.byte	0x2
 545 0071 E401     		.2byte	0x1e4
 546 0073 2C000000 		.4byte	0x2c
 547 0077 04       		.uleb128 0x4
 548 0078 10010000 		.4byte	.LASF10
 549 007c 02       		.byte	0x2
 550 007d E501     		.2byte	0x1e5
 551 007f 3A000000 		.4byte	0x3a
 552 0083 04       		.uleb128 0x4
 553 0084 17010000 		.4byte	.LASF11
 554 0088 02       		.byte	0x2
 555 0089 E601     		.2byte	0x1e6
 556 008b 48000000 		.4byte	0x48
 557 008f 02       		.uleb128 0x2
 558 0090 04       		.byte	0x4
 559 0091 04       		.byte	0x4
ARM GAS  C:\Users\psmus\AppData\Local\Temp\ccJcfx5O.s 			page 18


 560 0092 47000000 		.4byte	.LASF12
 561 0096 02       		.uleb128 0x2
 562 0097 08       		.byte	0x8
 563 0098 04       		.byte	0x4
 564 0099 DE000000 		.4byte	.LASF13
 565 009d 02       		.uleb128 0x2
 566 009e 01       		.byte	0x1
 567 009f 08       		.byte	0x8
 568 00a0 9A020000 		.4byte	.LASF14
 569 00a4 02       		.uleb128 0x2
 570 00a5 08       		.byte	0x8
 571 00a6 04       		.byte	0x4
 572 00a7 EB020000 		.4byte	.LASF15
 573 00ab 02       		.uleb128 0x2
 574 00ac 04       		.byte	0x4
 575 00ad 07       		.byte	0x7
 576 00ae 27020000 		.4byte	.LASF16
 577 00b2 05       		.uleb128 0x5
 578 00b3 4A020000 		.4byte	.LASF19
 579 00b7 01       		.byte	0x1
 580 00b8 6E       		.byte	0x6e
 581 00b9 6B000000 		.4byte	0x6b
 582 00bd 00000000 		.4byte	.LFB2
 583 00c1 46000000 		.4byte	.LFE2-.LFB2
 584 00c5 01       		.uleb128 0x1
 585 00c6 9C       		.byte	0x9c
 586 00c7 51010000 		.4byte	0x151
 587 00cb 06       		.uleb128 0x6
 588 00cc 1F020000 		.4byte	.LASF17
 589 00d0 01       		.byte	0x1
 590 00d1 6E       		.byte	0x6e
 591 00d2 6B000000 		.4byte	0x6b
 592 00d6 00000000 		.4byte	.LLST0
 593 00da 06       		.uleb128 0x6
 594 00db 4D000000 		.4byte	.LASF18
 595 00df 01       		.byte	0x1
 596 00e0 6E       		.byte	0x6e
 597 00e1 77000000 		.4byte	0x77
 598 00e5 21000000 		.4byte	.LLST1
 599 00e9 07       		.uleb128 0x7
 600 00ea B1000000 		.4byte	.LASF33
 601 00ee 01       		.byte	0x1
 602 00ef 70       		.byte	0x70
 603 00f0 6B000000 		.4byte	0x6b
 604 00f4 42000000 		.4byte	.LLST2
 605 00f8 08       		.uleb128 0x8
 606 00f9 10000000 		.4byte	.LVL3
 607 00fd 0C040000 		.4byte	0x40c
 608 0101 16010000 		.4byte	0x116
 609 0105 09       		.uleb128 0x9
 610 0106 01       		.uleb128 0x1
 611 0107 50       		.byte	0x50
 612 0108 01       		.uleb128 0x1
 613 0109 4A       		.byte	0x4a
 614 010a 09       		.uleb128 0x9
 615 010b 01       		.uleb128 0x1
 616 010c 51       		.byte	0x51
ARM GAS  C:\Users\psmus\AppData\Local\Temp\ccJcfx5O.s 			page 19


 617 010d 01       		.uleb128 0x1
 618 010e 30       		.byte	0x30
 619 010f 09       		.uleb128 0x9
 620 0110 01       		.uleb128 0x1
 621 0111 52       		.byte	0x52
 622 0112 02       		.uleb128 0x2
 623 0113 08       		.byte	0x8
 624 0114 64       		.byte	0x64
 625 0115 00       		.byte	0
 626 0116 08       		.uleb128 0x8
 627 0117 28000000 		.4byte	.LVL7
 628 011b 18040000 		.4byte	0x418
 629 011f 2A010000 		.4byte	0x12a
 630 0123 09       		.uleb128 0x9
 631 0124 01       		.uleb128 0x1
 632 0125 51       		.byte	0x51
 633 0126 02       		.uleb128 0x2
 634 0127 08       		.byte	0x8
 635 0128 64       		.byte	0x64
 636 0129 00       		.byte	0
 637 012a 08       		.uleb128 0x8
 638 012b 36000000 		.4byte	.LVL10
 639 012f 18040000 		.4byte	0x418
 640 0133 47010000 		.4byte	0x147
 641 0137 09       		.uleb128 0x9
 642 0138 01       		.uleb128 0x1
 643 0139 50       		.byte	0x50
 644 013a 05       		.uleb128 0x5
 645 013b 74       		.byte	0x74
 646 013c 00       		.sleb128 0
 647 013d 08       		.byte	0x8
 648 013e FF       		.byte	0xff
 649 013f 1A       		.byte	0x1a
 650 0140 09       		.uleb128 0x9
 651 0141 01       		.uleb128 0x1
 652 0142 51       		.byte	0x51
 653 0143 02       		.uleb128 0x2
 654 0144 08       		.byte	0x8
 655 0145 64       		.byte	0x64
 656 0146 00       		.byte	0
 657 0147 0A       		.uleb128 0xa
 658 0148 42000000 		.4byte	.LVL13
 659 014c 24040000 		.4byte	0x424
 660 0150 00       		.byte	0
 661 0151 05       		.uleb128 0x5
 662 0152 1E010000 		.4byte	.LASF20
 663 0156 01       		.byte	0x1
 664 0157 9C       		.byte	0x9c
 665 0158 6B000000 		.4byte	0x6b
 666 015c 00000000 		.4byte	.LFB3
 667 0160 0C000000 		.4byte	.LFE3-.LFB3
 668 0164 01       		.uleb128 0x1
 669 0165 9C       		.byte	0x9c
 670 0166 89010000 		.4byte	0x189
 671 016a 06       		.uleb128 0x6
 672 016b BC000000 		.4byte	.LASF21
 673 016f 01       		.byte	0x1
ARM GAS  C:\Users\psmus\AppData\Local\Temp\ccJcfx5O.s 			page 20


 674 0170 9C       		.byte	0x9c
 675 0171 6B000000 		.4byte	0x6b
 676 0175 91000000 		.4byte	.LLST3
 677 0179 0B       		.uleb128 0xb
 678 017a 0A000000 		.4byte	.LVL17
 679 017e B2000000 		.4byte	0xb2
 680 0182 09       		.uleb128 0x9
 681 0183 01       		.uleb128 0x1
 682 0184 50       		.byte	0x50
 683 0185 01       		.uleb128 0x1
 684 0186 38       		.byte	0x38
 685 0187 00       		.byte	0
 686 0188 00       		.byte	0
 687 0189 05       		.uleb128 0x5
 688 018a E5000000 		.4byte	.LASF22
 689 018e 01       		.byte	0x1
 690 018f BC       		.byte	0xbc
 691 0190 6B000000 		.4byte	0x6b
 692 0194 00000000 		.4byte	.LFB4
 693 0198 16000000 		.4byte	.LFE4-.LFB4
 694 019c 01       		.uleb128 0x1
 695 019d 9C       		.byte	0x9c
 696 019e C1010000 		.4byte	0x1c1
 697 01a2 06       		.uleb128 0x6
 698 01a3 8A020000 		.4byte	.LASF23
 699 01a7 01       		.byte	0x1
 700 01a8 BC       		.byte	0xbc
 701 01a9 6B000000 		.4byte	0x6b
 702 01ad B2000000 		.4byte	.LLST4
 703 01b1 0B       		.uleb128 0xb
 704 01b2 14000000 		.4byte	.LVL21
 705 01b6 B2000000 		.4byte	0xb2
 706 01ba 09       		.uleb128 0x9
 707 01bb 01       		.uleb128 0x1
 708 01bc 50       		.byte	0x50
 709 01bd 01       		.uleb128 0x1
 710 01be 32       		.byte	0x32
 711 01bf 00       		.byte	0
 712 01c0 00       		.byte	0
 713 01c1 05       		.uleb128 0x5
 714 01c2 00000000 		.4byte	.LASF24
 715 01c6 01       		.byte	0x1
 716 01c7 DC       		.byte	0xdc
 717 01c8 6B000000 		.4byte	0x6b
 718 01cc 00000000 		.4byte	.LFB5
 719 01d0 28000000 		.4byte	.LFE5-.LFB5
 720 01d4 01       		.uleb128 0x1
 721 01d5 9C       		.byte	0x9c
 722 01d6 F9010000 		.4byte	0x1f9
 723 01da 06       		.uleb128 0x6
 724 01db 7B020000 		.4byte	.LASF25
 725 01df 01       		.byte	0x1
 726 01e0 DC       		.byte	0xdc
 727 01e1 F9010000 		.4byte	0x1f9
 728 01e5 D0000000 		.4byte	.LLST5
 729 01e9 0B       		.uleb128 0xb
 730 01ea 22000000 		.4byte	.LVL24
ARM GAS  C:\Users\psmus\AppData\Local\Temp\ccJcfx5O.s 			page 21


 731 01ee B2000000 		.4byte	0xb2
 732 01f2 09       		.uleb128 0x9
 733 01f3 01       		.uleb128 0x1
 734 01f4 50       		.byte	0x50
 735 01f5 01       		.uleb128 0x1
 736 01f6 34       		.byte	0x34
 737 01f7 00       		.byte	0
 738 01f8 00       		.byte	0
 739 01f9 02       		.uleb128 0x2
 740 01fa 01       		.byte	0x1
 741 01fb 02       		.byte	0x2
 742 01fc 14030000 		.4byte	.LASF26
 743 0200 05       		.uleb128 0x5
 744 0201 70010000 		.4byte	.LASF27
 745 0205 01       		.byte	0x1
 746 0206 FE       		.byte	0xfe
 747 0207 6B000000 		.4byte	0x6b
 748 020b 00000000 		.4byte	.LFB6
 749 020f 28000000 		.4byte	.LFE6-.LFB6
 750 0213 01       		.uleb128 0x1
 751 0214 9C       		.byte	0x9c
 752 0215 38020000 		.4byte	0x238
 753 0219 06       		.uleb128 0x6
 754 021a 3E000000 		.4byte	.LASF28
 755 021e 01       		.byte	0x1
 756 021f FE       		.byte	0xfe
 757 0220 F9010000 		.4byte	0x1f9
 758 0224 F1000000 		.4byte	.LLST6
 759 0228 0B       		.uleb128 0xb
 760 0229 22000000 		.4byte	.LVL27
 761 022d B2000000 		.4byte	0xb2
 762 0231 09       		.uleb128 0x9
 763 0232 01       		.uleb128 0x1
 764 0233 50       		.byte	0x50
 765 0234 01       		.uleb128 0x1
 766 0235 34       		.byte	0x34
 767 0236 00       		.byte	0
 768 0237 00       		.byte	0
 769 0238 0C       		.uleb128 0xc
 770 0239 10020000 		.4byte	.LASF29
 771 023d 01       		.byte	0x1
 772 023e 2001     		.2byte	0x120
 773 0240 6B000000 		.4byte	0x6b
 774 0244 00000000 		.4byte	.LFB7
 775 0248 0C000000 		.4byte	.LFE7-.LFB7
 776 024c 01       		.uleb128 0x1
 777 024d 9C       		.byte	0x9c
 778 024e 67020000 		.4byte	0x267
 779 0252 0B       		.uleb128 0xb
 780 0253 0A000000 		.4byte	.LVL28
 781 0257 B2000000 		.4byte	0xb2
 782 025b 09       		.uleb128 0x9
 783 025c 01       		.uleb128 0x1
 784 025d 50       		.byte	0x50
 785 025e 01       		.uleb128 0x1
 786 025f 39       		.byte	0x39
 787 0260 09       		.uleb128 0x9
ARM GAS  C:\Users\psmus\AppData\Local\Temp\ccJcfx5O.s 			page 22


 788 0261 01       		.uleb128 0x1
 789 0262 51       		.byte	0x51
 790 0263 01       		.uleb128 0x1
 791 0264 31       		.byte	0x31
 792 0265 00       		.byte	0
 793 0266 00       		.byte	0
 794 0267 0C       		.uleb128 0xc
 795 0268 03030000 		.4byte	.LASF30
 796 026c 01       		.byte	0x1
 797 026d 3B01     		.2byte	0x13b
 798 026f 6B000000 		.4byte	0x6b
 799 0273 00000000 		.4byte	.LFB8
 800 0277 0C000000 		.4byte	.LFE8-.LFB8
 801 027b 01       		.uleb128 0x1
 802 027c 9C       		.byte	0x9c
 803 027d 96020000 		.4byte	0x296
 804 0281 0B       		.uleb128 0xb
 805 0282 0A000000 		.4byte	.LVL29
 806 0286 B2000000 		.4byte	0xb2
 807 028a 09       		.uleb128 0x9
 808 028b 01       		.uleb128 0x1
 809 028c 50       		.byte	0x50
 810 028d 01       		.uleb128 0x1
 811 028e 39       		.byte	0x39
 812 028f 09       		.uleb128 0x9
 813 0290 01       		.uleb128 0x1
 814 0291 51       		.byte	0x51
 815 0292 01       		.uleb128 0x1
 816 0293 30       		.byte	0x30
 817 0294 00       		.byte	0
 818 0295 00       		.byte	0
 819 0296 0C       		.uleb128 0xc
 820 0297 69000000 		.4byte	.LASF31
 821 029b 01       		.byte	0x1
 822 029c 5401     		.2byte	0x154
 823 029e 6B000000 		.4byte	0x6b
 824 02a2 00000000 		.4byte	.LFB9
 825 02a6 0C000000 		.4byte	.LFE9-.LFB9
 826 02aa 01       		.uleb128 0x1
 827 02ab 9C       		.byte	0x9c
 828 02ac C5020000 		.4byte	0x2c5
 829 02b0 0B       		.uleb128 0xb
 830 02b1 0A000000 		.4byte	.LVL30
 831 02b5 B2000000 		.4byte	0xb2
 832 02b9 09       		.uleb128 0x9
 833 02ba 01       		.uleb128 0x1
 834 02bb 50       		.byte	0x50
 835 02bc 01       		.uleb128 0x1
 836 02bd 3F       		.byte	0x3f
 837 02be 09       		.uleb128 0x9
 838 02bf 01       		.uleb128 0x1
 839 02c0 51       		.byte	0x51
 840 02c1 01       		.uleb128 0x1
 841 02c2 30       		.byte	0x30
 842 02c3 00       		.byte	0
 843 02c4 00       		.byte	0
 844 02c5 05       		.uleb128 0x5
ARM GAS  C:\Users\psmus\AppData\Local\Temp\ccJcfx5O.s 			page 23


 845 02c6 05010000 		.4byte	.LASF32
 846 02ca 01       		.byte	0x1
 847 02cb 48       		.byte	0x48
 848 02cc 6B000000 		.4byte	0x6b
 849 02d0 00000000 		.4byte	.LFB1
 850 02d4 32000000 		.4byte	.LFE1-.LFB1
 851 02d8 01       		.uleb128 0x1
 852 02d9 9C       		.byte	0x9c
 853 02da 76030000 		.4byte	0x376
 854 02de 0D       		.uleb128 0xd
 855 02df 72657400 		.ascii	"ret\000"
 856 02e3 01       		.byte	0x1
 857 02e4 4A       		.byte	0x4a
 858 02e5 6B000000 		.4byte	0x6b
 859 02e9 01       		.uleb128 0x1
 860 02ea 50       		.byte	0x50
 861 02eb 0A       		.uleb128 0xa
 862 02ec 06000000 		.4byte	.LVL31
 863 02f0 96020000 		.4byte	0x296
 864 02f4 08       		.uleb128 0x8
 865 02f5 0C000000 		.4byte	.LVL32
 866 02f9 30040000 		.4byte	0x430
 867 02fd 07030000 		.4byte	0x307
 868 0301 09       		.uleb128 0x9
 869 0302 01       		.uleb128 0x1
 870 0303 50       		.byte	0x50
 871 0304 01       		.uleb128 0x1
 872 0305 3A       		.byte	0x3a
 873 0306 00       		.byte	0
 874 0307 08       		.uleb128 0x8
 875 0308 12000000 		.4byte	.LVL33
 876 030c 89010000 		.4byte	0x189
 877 0310 1B030000 		.4byte	0x31b
 878 0314 09       		.uleb128 0x9
 879 0315 01       		.uleb128 0x1
 880 0316 50       		.byte	0x50
 881 0317 02       		.uleb128 0x2
 882 0318 08       		.byte	0x8
 883 0319 50       		.byte	0x50
 884 031a 00       		.byte	0
 885 031b 08       		.uleb128 0x8
 886 031c 1A000000 		.4byte	.LVL34
 887 0320 B2000000 		.4byte	0xb2
 888 0324 34030000 		.4byte	0x334
 889 0328 09       		.uleb128 0x9
 890 0329 01       		.uleb128 0x1
 891 032a 50       		.byte	0x50
 892 032b 01       		.uleb128 0x1
 893 032c 34       		.byte	0x34
 894 032d 09       		.uleb128 0x9
 895 032e 01       		.uleb128 0x1
 896 032f 51       		.byte	0x51
 897 0330 02       		.uleb128 0x2
 898 0331 08       		.byte	0x8
 899 0332 34       		.byte	0x34
 900 0333 00       		.byte	0
 901 0334 08       		.uleb128 0x8
ARM GAS  C:\Users\psmus\AppData\Local\Temp\ccJcfx5O.s 			page 24


 902 0335 22000000 		.4byte	.LVL35
 903 0339 B2000000 		.4byte	0xb2
 904 033d 4C030000 		.4byte	0x34c
 905 0341 09       		.uleb128 0x9
 906 0342 01       		.uleb128 0x1
 907 0343 50       		.byte	0x50
 908 0344 01       		.uleb128 0x1
 909 0345 35       		.byte	0x35
 910 0346 09       		.uleb128 0x9
 911 0347 01       		.uleb128 0x1
 912 0348 51       		.byte	0x51
 913 0349 01       		.uleb128 0x1
 914 034a 40       		.byte	0x40
 915 034b 00       		.byte	0
 916 034c 08       		.uleb128 0x8
 917 034d 2A000000 		.4byte	.LVL36
 918 0351 B2000000 		.4byte	0xb2
 919 0355 65030000 		.4byte	0x365
 920 0359 09       		.uleb128 0x9
 921 035a 01       		.uleb128 0x1
 922 035b 50       		.byte	0x50
 923 035c 01       		.uleb128 0x1
 924 035d 36       		.byte	0x36
 925 035e 09       		.uleb128 0x9
 926 035f 01       		.uleb128 0x1
 927 0360 51       		.byte	0x51
 928 0361 02       		.uleb128 0x2
 929 0362 08       		.byte	0x8
 930 0363 61       		.byte	0x61
 931 0364 00       		.byte	0
 932 0365 0B       		.uleb128 0xb
 933 0366 30000000 		.4byte	.LVL37
 934 036a 51010000 		.4byte	0x151
 935 036e 09       		.uleb128 0x9
 936 036f 01       		.uleb128 0x1
 937 0370 50       		.byte	0x50
 938 0371 02       		.uleb128 0x2
 939 0372 08       		.byte	0x8
 940 0373 20       		.byte	0x20
 941 0374 00       		.byte	0
 942 0375 00       		.byte	0
 943 0376 0C       		.uleb128 0xc
 944 0377 89000000 		.4byte	.LASF34
 945 037b 01       		.byte	0x1
 946 037c 7001     		.2byte	0x170
 947 037e 6B000000 		.4byte	0x6b
 948 0382 00000000 		.4byte	.LFB10
 949 0386 18000000 		.4byte	.LFE10-.LFB10
 950 038a 01       		.uleb128 0x1
 951 038b 9C       		.byte	0x9c
 952 038c B0030000 		.4byte	0x3b0
 953 0390 0E       		.uleb128 0xe
 954 0391 7C000000 		.4byte	.LASF35
 955 0395 01       		.byte	0x1
 956 0396 7001     		.2byte	0x170
 957 0398 83000000 		.4byte	0x83
 958 039c 12010000 		.4byte	.LLST7
ARM GAS  C:\Users\psmus\AppData\Local\Temp\ccJcfx5O.s 			page 25


 959 03a0 0B       		.uleb128 0xb
 960 03a1 12000000 		.4byte	.LVL40
 961 03a5 B2000000 		.4byte	0xb2
 962 03a9 09       		.uleb128 0x9
 963 03aa 01       		.uleb128 0x1
 964 03ab 50       		.byte	0x50
 965 03ac 01       		.uleb128 0x1
 966 03ad 36       		.byte	0x36
 967 03ae 00       		.byte	0
 968 03af 00       		.byte	0
 969 03b0 0C       		.uleb128 0xc
 970 03b1 41010000 		.4byte	.LASF36
 971 03b5 01       		.byte	0x1
 972 03b6 8D01     		.2byte	0x18d
 973 03b8 6B000000 		.4byte	0x6b
 974 03bc 00000000 		.4byte	.LFB11
 975 03c0 18000000 		.4byte	.LFE11-.LFB11
 976 03c4 01       		.uleb128 0x1
 977 03c5 9C       		.byte	0x9c
 978 03c6 EA030000 		.4byte	0x3ea
 979 03ca 0E       		.uleb128 0xe
 980 03cb 3E020000 		.4byte	.LASF37
 981 03cf 01       		.byte	0x1
 982 03d0 8D01     		.2byte	0x18d
 983 03d2 83000000 		.4byte	0x83
 984 03d6 33010000 		.4byte	.LLST8
 985 03da 0B       		.uleb128 0xb
 986 03db 12000000 		.4byte	.LVL43
 987 03df B2000000 		.4byte	0xb2
 988 03e3 09       		.uleb128 0x9
 989 03e4 01       		.uleb128 0x1
 990 03e5 50       		.byte	0x50
 991 03e6 01       		.uleb128 0x1
 992 03e7 36       		.byte	0x36
 993 03e8 00       		.byte	0
 994 03e9 00       		.byte	0
 995 03ea 0F       		.uleb128 0xf
 996 03eb 59020000 		.4byte	.LASF38
 997 03ef 01       		.byte	0x1
 998 03f0 30       		.byte	0x30
 999 03f1 77000000 		.4byte	0x77
 1000 03f5 05       		.uleb128 0x5
 1001 03f6 03       		.byte	0x3
 1002 03f7 00000000 		.4byte	Codec_analogPathSetting
 1003 03fb 10       		.uleb128 0x10
 1004 03fc 56010000 		.4byte	.LASF46
 1005 0400 01       		.byte	0x1
 1006 0401 31       		.byte	0x31
 1007 0402 83000000 		.4byte	0x83
 1008 0406 05       		.uleb128 0x5
 1009 0407 03       		.byte	0x3
 1010 0408 00000000 		.4byte	Codec_powerControlSetting
 1011 040c 11       		.uleb128 0x11
 1012 040d 3E030000 		.4byte	.LASF39
 1013 0411 3E030000 		.4byte	.LASF39
 1014 0415 03       		.byte	0x3
 1015 0416 1B01     		.2byte	0x11b
ARM GAS  C:\Users\psmus\AppData\Local\Temp\ccJcfx5O.s 			page 26


 1016 0418 11       		.uleb128 0x11
 1017 0419 0E000000 		.4byte	.LASF40
 1018 041d 0E000000 		.4byte	.LASF40
 1019 0421 03       		.byte	0x3
 1020 0422 1E01     		.2byte	0x11e
 1021 0424 11       		.uleb128 0x11
 1022 0425 22030000 		.4byte	.LASF41
 1023 0429 22030000 		.4byte	.LASF41
 1024 042d 03       		.byte	0x3
 1025 042e 1D01     		.2byte	0x11d
 1026 0430 12       		.uleb128 0x12
 1027 0431 1A030000 		.4byte	.LASF42
 1028 0435 1A030000 		.4byte	.LASF42
 1029 0439 04       		.byte	0x4
 1030 043a D9       		.byte	0xd9
 1031 043b 00       		.byte	0
 1032              		.section	.debug_abbrev,"",%progbits
 1033              	.Ldebug_abbrev0:
 1034 0000 01       		.uleb128 0x1
 1035 0001 11       		.uleb128 0x11
 1036 0002 01       		.byte	0x1
 1037 0003 25       		.uleb128 0x25
 1038 0004 0E       		.uleb128 0xe
 1039 0005 13       		.uleb128 0x13
 1040 0006 0B       		.uleb128 0xb
 1041 0007 03       		.uleb128 0x3
 1042 0008 0E       		.uleb128 0xe
 1043 0009 1B       		.uleb128 0x1b
 1044 000a 0E       		.uleb128 0xe
 1045 000b 55       		.uleb128 0x55
 1046 000c 17       		.uleb128 0x17
 1047 000d 11       		.uleb128 0x11
 1048 000e 01       		.uleb128 0x1
 1049 000f 10       		.uleb128 0x10
 1050 0010 17       		.uleb128 0x17
 1051 0011 00       		.byte	0
 1052 0012 00       		.byte	0
 1053 0013 02       		.uleb128 0x2
 1054 0014 24       		.uleb128 0x24
 1055 0015 00       		.byte	0
 1056 0016 0B       		.uleb128 0xb
 1057 0017 0B       		.uleb128 0xb
 1058 0018 3E       		.uleb128 0x3e
 1059 0019 0B       		.uleb128 0xb
 1060 001a 03       		.uleb128 0x3
 1061 001b 0E       		.uleb128 0xe
 1062 001c 00       		.byte	0
 1063 001d 00       		.byte	0
 1064 001e 03       		.uleb128 0x3
 1065 001f 24       		.uleb128 0x24
 1066 0020 00       		.byte	0
 1067 0021 0B       		.uleb128 0xb
 1068 0022 0B       		.uleb128 0xb
 1069 0023 3E       		.uleb128 0x3e
 1070 0024 0B       		.uleb128 0xb
 1071 0025 03       		.uleb128 0x3
 1072 0026 08       		.uleb128 0x8
ARM GAS  C:\Users\psmus\AppData\Local\Temp\ccJcfx5O.s 			page 27


 1073 0027 00       		.byte	0
 1074 0028 00       		.byte	0
 1075 0029 04       		.uleb128 0x4
 1076 002a 16       		.uleb128 0x16
 1077 002b 00       		.byte	0
 1078 002c 03       		.uleb128 0x3
 1079 002d 0E       		.uleb128 0xe
 1080 002e 3A       		.uleb128 0x3a
 1081 002f 0B       		.uleb128 0xb
 1082 0030 3B       		.uleb128 0x3b
 1083 0031 05       		.uleb128 0x5
 1084 0032 49       		.uleb128 0x49
 1085 0033 13       		.uleb128 0x13
 1086 0034 00       		.byte	0
 1087 0035 00       		.byte	0
 1088 0036 05       		.uleb128 0x5
 1089 0037 2E       		.uleb128 0x2e
 1090 0038 01       		.byte	0x1
 1091 0039 3F       		.uleb128 0x3f
 1092 003a 19       		.uleb128 0x19
 1093 003b 03       		.uleb128 0x3
 1094 003c 0E       		.uleb128 0xe
 1095 003d 3A       		.uleb128 0x3a
 1096 003e 0B       		.uleb128 0xb
 1097 003f 3B       		.uleb128 0x3b
 1098 0040 0B       		.uleb128 0xb
 1099 0041 27       		.uleb128 0x27
 1100 0042 19       		.uleb128 0x19
 1101 0043 49       		.uleb128 0x49
 1102 0044 13       		.uleb128 0x13
 1103 0045 11       		.uleb128 0x11
 1104 0046 01       		.uleb128 0x1
 1105 0047 12       		.uleb128 0x12
 1106 0048 06       		.uleb128 0x6
 1107 0049 40       		.uleb128 0x40
 1108 004a 18       		.uleb128 0x18
 1109 004b 9742     		.uleb128 0x2117
 1110 004d 19       		.uleb128 0x19
 1111 004e 01       		.uleb128 0x1
 1112 004f 13       		.uleb128 0x13
 1113 0050 00       		.byte	0
 1114 0051 00       		.byte	0
 1115 0052 06       		.uleb128 0x6
 1116 0053 05       		.uleb128 0x5
 1117 0054 00       		.byte	0
 1118 0055 03       		.uleb128 0x3
 1119 0056 0E       		.uleb128 0xe
 1120 0057 3A       		.uleb128 0x3a
 1121 0058 0B       		.uleb128 0xb
 1122 0059 3B       		.uleb128 0x3b
 1123 005a 0B       		.uleb128 0xb
 1124 005b 49       		.uleb128 0x49
 1125 005c 13       		.uleb128 0x13
 1126 005d 02       		.uleb128 0x2
 1127 005e 17       		.uleb128 0x17
 1128 005f 00       		.byte	0
 1129 0060 00       		.byte	0
ARM GAS  C:\Users\psmus\AppData\Local\Temp\ccJcfx5O.s 			page 28


 1130 0061 07       		.uleb128 0x7
 1131 0062 34       		.uleb128 0x34
 1132 0063 00       		.byte	0
 1133 0064 03       		.uleb128 0x3
 1134 0065 0E       		.uleb128 0xe
 1135 0066 3A       		.uleb128 0x3a
 1136 0067 0B       		.uleb128 0xb
 1137 0068 3B       		.uleb128 0x3b
 1138 0069 0B       		.uleb128 0xb
 1139 006a 49       		.uleb128 0x49
 1140 006b 13       		.uleb128 0x13
 1141 006c 02       		.uleb128 0x2
 1142 006d 17       		.uleb128 0x17
 1143 006e 00       		.byte	0
 1144 006f 00       		.byte	0
 1145 0070 08       		.uleb128 0x8
 1146 0071 898201   		.uleb128 0x4109
 1147 0074 01       		.byte	0x1
 1148 0075 11       		.uleb128 0x11
 1149 0076 01       		.uleb128 0x1
 1150 0077 31       		.uleb128 0x31
 1151 0078 13       		.uleb128 0x13
 1152 0079 01       		.uleb128 0x1
 1153 007a 13       		.uleb128 0x13
 1154 007b 00       		.byte	0
 1155 007c 00       		.byte	0
 1156 007d 09       		.uleb128 0x9
 1157 007e 8A8201   		.uleb128 0x410a
 1158 0081 00       		.byte	0
 1159 0082 02       		.uleb128 0x2
 1160 0083 18       		.uleb128 0x18
 1161 0084 9142     		.uleb128 0x2111
 1162 0086 18       		.uleb128 0x18
 1163 0087 00       		.byte	0
 1164 0088 00       		.byte	0
 1165 0089 0A       		.uleb128 0xa
 1166 008a 898201   		.uleb128 0x4109
 1167 008d 00       		.byte	0
 1168 008e 11       		.uleb128 0x11
 1169 008f 01       		.uleb128 0x1
 1170 0090 31       		.uleb128 0x31
 1171 0091 13       		.uleb128 0x13
 1172 0092 00       		.byte	0
 1173 0093 00       		.byte	0
 1174 0094 0B       		.uleb128 0xb
 1175 0095 898201   		.uleb128 0x4109
 1176 0098 01       		.byte	0x1
 1177 0099 11       		.uleb128 0x11
 1178 009a 01       		.uleb128 0x1
 1179 009b 31       		.uleb128 0x31
 1180 009c 13       		.uleb128 0x13
 1181 009d 00       		.byte	0
 1182 009e 00       		.byte	0
 1183 009f 0C       		.uleb128 0xc
 1184 00a0 2E       		.uleb128 0x2e
 1185 00a1 01       		.byte	0x1
 1186 00a2 3F       		.uleb128 0x3f
ARM GAS  C:\Users\psmus\AppData\Local\Temp\ccJcfx5O.s 			page 29


 1187 00a3 19       		.uleb128 0x19
 1188 00a4 03       		.uleb128 0x3
 1189 00a5 0E       		.uleb128 0xe
 1190 00a6 3A       		.uleb128 0x3a
 1191 00a7 0B       		.uleb128 0xb
 1192 00a8 3B       		.uleb128 0x3b
 1193 00a9 05       		.uleb128 0x5
 1194 00aa 27       		.uleb128 0x27
 1195 00ab 19       		.uleb128 0x19
 1196 00ac 49       		.uleb128 0x49
 1197 00ad 13       		.uleb128 0x13
 1198 00ae 11       		.uleb128 0x11
 1199 00af 01       		.uleb128 0x1
 1200 00b0 12       		.uleb128 0x12
 1201 00b1 06       		.uleb128 0x6
 1202 00b2 40       		.uleb128 0x40
 1203 00b3 18       		.uleb128 0x18
 1204 00b4 9742     		.uleb128 0x2117
 1205 00b6 19       		.uleb128 0x19
 1206 00b7 01       		.uleb128 0x1
 1207 00b8 13       		.uleb128 0x13
 1208 00b9 00       		.byte	0
 1209 00ba 00       		.byte	0
 1210 00bb 0D       		.uleb128 0xd
 1211 00bc 34       		.uleb128 0x34
 1212 00bd 00       		.byte	0
 1213 00be 03       		.uleb128 0x3
 1214 00bf 08       		.uleb128 0x8
 1215 00c0 3A       		.uleb128 0x3a
 1216 00c1 0B       		.uleb128 0xb
 1217 00c2 3B       		.uleb128 0x3b
 1218 00c3 0B       		.uleb128 0xb
 1219 00c4 49       		.uleb128 0x49
 1220 00c5 13       		.uleb128 0x13
 1221 00c6 02       		.uleb128 0x2
 1222 00c7 18       		.uleb128 0x18
 1223 00c8 00       		.byte	0
 1224 00c9 00       		.byte	0
 1225 00ca 0E       		.uleb128 0xe
 1226 00cb 05       		.uleb128 0x5
 1227 00cc 00       		.byte	0
 1228 00cd 03       		.uleb128 0x3
 1229 00ce 0E       		.uleb128 0xe
 1230 00cf 3A       		.uleb128 0x3a
 1231 00d0 0B       		.uleb128 0xb
 1232 00d1 3B       		.uleb128 0x3b
 1233 00d2 05       		.uleb128 0x5
 1234 00d3 49       		.uleb128 0x49
 1235 00d4 13       		.uleb128 0x13
 1236 00d5 02       		.uleb128 0x2
 1237 00d6 17       		.uleb128 0x17
 1238 00d7 00       		.byte	0
 1239 00d8 00       		.byte	0
 1240 00d9 0F       		.uleb128 0xf
 1241 00da 34       		.uleb128 0x34
 1242 00db 00       		.byte	0
 1243 00dc 03       		.uleb128 0x3
ARM GAS  C:\Users\psmus\AppData\Local\Temp\ccJcfx5O.s 			page 30


 1244 00dd 0E       		.uleb128 0xe
 1245 00de 3A       		.uleb128 0x3a
 1246 00df 0B       		.uleb128 0xb
 1247 00e0 3B       		.uleb128 0x3b
 1248 00e1 0B       		.uleb128 0xb
 1249 00e2 49       		.uleb128 0x49
 1250 00e3 13       		.uleb128 0x13
 1251 00e4 02       		.uleb128 0x2
 1252 00e5 18       		.uleb128 0x18
 1253 00e6 00       		.byte	0
 1254 00e7 00       		.byte	0
 1255 00e8 10       		.uleb128 0x10
 1256 00e9 34       		.uleb128 0x34
 1257 00ea 00       		.byte	0
 1258 00eb 03       		.uleb128 0x3
 1259 00ec 0E       		.uleb128 0xe
 1260 00ed 3A       		.uleb128 0x3a
 1261 00ee 0B       		.uleb128 0xb
 1262 00ef 3B       		.uleb128 0x3b
 1263 00f0 0B       		.uleb128 0xb
 1264 00f1 49       		.uleb128 0x49
 1265 00f2 13       		.uleb128 0x13
 1266 00f3 3F       		.uleb128 0x3f
 1267 00f4 19       		.uleb128 0x19
 1268 00f5 02       		.uleb128 0x2
 1269 00f6 18       		.uleb128 0x18
 1270 00f7 00       		.byte	0
 1271 00f8 00       		.byte	0
 1272 00f9 11       		.uleb128 0x11
 1273 00fa 2E       		.uleb128 0x2e
 1274 00fb 00       		.byte	0
 1275 00fc 3F       		.uleb128 0x3f
 1276 00fd 19       		.uleb128 0x19
 1277 00fe 3C       		.uleb128 0x3c
 1278 00ff 19       		.uleb128 0x19
 1279 0100 6E       		.uleb128 0x6e
 1280 0101 0E       		.uleb128 0xe
 1281 0102 03       		.uleb128 0x3
 1282 0103 0E       		.uleb128 0xe
 1283 0104 3A       		.uleb128 0x3a
 1284 0105 0B       		.uleb128 0xb
 1285 0106 3B       		.uleb128 0x3b
 1286 0107 05       		.uleb128 0x5
 1287 0108 00       		.byte	0
 1288 0109 00       		.byte	0
 1289 010a 12       		.uleb128 0x12
 1290 010b 2E       		.uleb128 0x2e
 1291 010c 00       		.byte	0
 1292 010d 3F       		.uleb128 0x3f
 1293 010e 19       		.uleb128 0x19
 1294 010f 3C       		.uleb128 0x3c
 1295 0110 19       		.uleb128 0x19
 1296 0111 6E       		.uleb128 0x6e
 1297 0112 0E       		.uleb128 0xe
 1298 0113 03       		.uleb128 0x3
 1299 0114 0E       		.uleb128 0xe
 1300 0115 3A       		.uleb128 0x3a
ARM GAS  C:\Users\psmus\AppData\Local\Temp\ccJcfx5O.s 			page 31


 1301 0116 0B       		.uleb128 0xb
 1302 0117 3B       		.uleb128 0x3b
 1303 0118 0B       		.uleb128 0xb
 1304 0119 00       		.byte	0
 1305 011a 00       		.byte	0
 1306 011b 00       		.byte	0
 1307              		.section	.debug_loc,"",%progbits
 1308              	.Ldebug_loc0:
 1309              	.LLST0:
 1310 0000 00000000 		.4byte	.LVL0
 1311 0004 0C000000 		.4byte	.LVL2
 1312 0008 0100     		.2byte	0x1
 1313 000a 50       		.byte	0x50
 1314 000b 0C000000 		.4byte	.LVL2
 1315 000f 46000000 		.4byte	.LFE2
 1316 0013 0400     		.2byte	0x4
 1317 0015 F3       		.byte	0xf3
 1318 0016 01       		.uleb128 0x1
 1319 0017 50       		.byte	0x50
 1320 0018 9F       		.byte	0x9f
 1321 0019 00000000 		.4byte	0
 1322 001d 00000000 		.4byte	0
 1323              	.LLST1:
 1324 0021 00000000 		.4byte	.LVL0
 1325 0025 0A000000 		.4byte	.LVL1
 1326 0029 0100     		.2byte	0x1
 1327 002b 51       		.byte	0x51
 1328 002c 0A000000 		.4byte	.LVL1
 1329 0030 46000000 		.4byte	.LFE2
 1330 0034 0400     		.2byte	0x4
 1331 0036 F3       		.byte	0xf3
 1332 0037 01       		.uleb128 0x1
 1333 0038 51       		.byte	0x51
 1334 0039 9F       		.byte	0x9f
 1335 003a 00000000 		.4byte	0
 1336 003e 00000000 		.4byte	0
 1337              	.LLST2:
 1338 0042 12000000 		.4byte	.LVL4
 1339 0046 1C000000 		.4byte	.LVL5
 1340 004a 0100     		.2byte	0x1
 1341 004c 50       		.byte	0x50
 1342 004d 1C000000 		.4byte	.LVL5
 1343 0051 20000000 		.4byte	.LVL6
 1344 0055 0300     		.2byte	0x3
 1345 0057 70       		.byte	0x70
 1346 0058 7F       		.sleb128 -1
 1347 0059 9F       		.byte	0x9f
 1348 005a 2A000000 		.4byte	.LVL8
 1349 005e 30000000 		.4byte	.LVL9
 1350 0062 0100     		.2byte	0x1
 1351 0064 50       		.byte	0x50
 1352 0065 38000000 		.4byte	.LVL11
 1353 0069 3E000000 		.4byte	.LVL12
 1354 006d 0100     		.2byte	0x1
 1355 006f 50       		.byte	0x50
 1356 0070 3E000000 		.4byte	.LVL12
 1357 0074 41000000 		.4byte	.LVL13-1
ARM GAS  C:\Users\psmus\AppData\Local\Temp\ccJcfx5O.s 			page 32


 1358 0078 0400     		.2byte	0x4
 1359 007a 70       		.byte	0x70
 1360 007b 9C7F     		.sleb128 -100
 1361 007d 9F       		.byte	0x9f
 1362 007e 44000000 		.4byte	.LVL14
 1363 0082 46000000 		.4byte	.LFE2
 1364 0086 0100     		.2byte	0x1
 1365 0088 50       		.byte	0x50
 1366 0089 00000000 		.4byte	0
 1367 008d 00000000 		.4byte	0
 1368              	.LLST3:
 1369 0091 00000000 		.4byte	.LVL15
 1370 0095 06000000 		.4byte	.LVL16
 1371 0099 0100     		.2byte	0x1
 1372 009b 50       		.byte	0x50
 1373 009c 06000000 		.4byte	.LVL16
 1374 00a0 0C000000 		.4byte	.LFE3
 1375 00a4 0400     		.2byte	0x4
 1376 00a6 F3       		.byte	0xf3
 1377 00a7 01       		.uleb128 0x1
 1378 00a8 50       		.byte	0x50
 1379 00a9 9F       		.byte	0x9f
 1380 00aa 00000000 		.4byte	0
 1381 00ae 00000000 		.4byte	0
 1382              	.LLST4:
 1383 00b2 00000000 		.4byte	.LVL18
 1384 00b6 08000000 		.4byte	.LVL19
 1385 00ba 0100     		.2byte	0x1
 1386 00bc 50       		.byte	0x50
 1387 00bd 08000000 		.4byte	.LVL19
 1388 00c1 10000000 		.4byte	.LVL20
 1389 00c5 0100     		.2byte	0x1
 1390 00c7 50       		.byte	0x50
 1391 00c8 00000000 		.4byte	0
 1392 00cc 00000000 		.4byte	0
 1393              	.LLST5:
 1394 00d0 00000000 		.4byte	.LVL22
 1395 00d4 1E000000 		.4byte	.LVL23
 1396 00d8 0100     		.2byte	0x1
 1397 00da 50       		.byte	0x50
 1398 00db 1E000000 		.4byte	.LVL23
 1399 00df 28000000 		.4byte	.LFE5
 1400 00e3 0400     		.2byte	0x4
 1401 00e5 F3       		.byte	0xf3
 1402 00e6 01       		.uleb128 0x1
 1403 00e7 50       		.byte	0x50
 1404 00e8 9F       		.byte	0x9f
 1405 00e9 00000000 		.4byte	0
 1406 00ed 00000000 		.4byte	0
 1407              	.LLST6:
 1408 00f1 00000000 		.4byte	.LVL25
 1409 00f5 1E000000 		.4byte	.LVL26
 1410 00f9 0100     		.2byte	0x1
 1411 00fb 50       		.byte	0x50
 1412 00fc 1E000000 		.4byte	.LVL26
 1413 0100 28000000 		.4byte	.LFE6
 1414 0104 0400     		.2byte	0x4
ARM GAS  C:\Users\psmus\AppData\Local\Temp\ccJcfx5O.s 			page 33


 1415 0106 F3       		.byte	0xf3
 1416 0107 01       		.uleb128 0x1
 1417 0108 50       		.byte	0x50
 1418 0109 9F       		.byte	0x9f
 1419 010a 00000000 		.4byte	0
 1420 010e 00000000 		.4byte	0
 1421              	.LLST7:
 1422 0112 00000000 		.4byte	.LVL38
 1423 0116 08000000 		.4byte	.LVL39
 1424 011a 0100     		.2byte	0x1
 1425 011c 50       		.byte	0x50
 1426 011d 08000000 		.4byte	.LVL39
 1427 0121 18000000 		.4byte	.LFE10
 1428 0125 0400     		.2byte	0x4
 1429 0127 F3       		.byte	0xf3
 1430 0128 01       		.uleb128 0x1
 1431 0129 50       		.byte	0x50
 1432 012a 9F       		.byte	0x9f
 1433 012b 00000000 		.4byte	0
 1434 012f 00000000 		.4byte	0
 1435              	.LLST8:
 1436 0133 00000000 		.4byte	.LVL41
 1437 0137 0E000000 		.4byte	.LVL42
 1438 013b 0100     		.2byte	0x1
 1439 013d 50       		.byte	0x50
 1440 013e 0E000000 		.4byte	.LVL42
 1441 0142 18000000 		.4byte	.LFE11
 1442 0146 0400     		.2byte	0x4
 1443 0148 F3       		.byte	0xf3
 1444 0149 01       		.uleb128 0x1
 1445 014a 50       		.byte	0x50
 1446 014b 9F       		.byte	0x9f
 1447 014c 00000000 		.4byte	0
 1448 0150 00000000 		.4byte	0
 1449              		.section	.debug_aranges,"",%progbits
 1450 0000 6C000000 		.4byte	0x6c
 1451 0004 0200     		.2byte	0x2
 1452 0006 00000000 		.4byte	.Ldebug_info0
 1453 000a 04       		.byte	0x4
 1454 000b 00       		.byte	0
 1455 000c 0000     		.2byte	0
 1456 000e 0000     		.2byte	0
 1457 0010 00000000 		.4byte	.LFB2
 1458 0014 46000000 		.4byte	.LFE2-.LFB2
 1459 0018 00000000 		.4byte	.LFB3
 1460 001c 0C000000 		.4byte	.LFE3-.LFB3
 1461 0020 00000000 		.4byte	.LFB4
 1462 0024 16000000 		.4byte	.LFE4-.LFB4
 1463 0028 00000000 		.4byte	.LFB5
 1464 002c 28000000 		.4byte	.LFE5-.LFB5
 1465 0030 00000000 		.4byte	.LFB6
 1466 0034 28000000 		.4byte	.LFE6-.LFB6
 1467 0038 00000000 		.4byte	.LFB7
 1468 003c 0C000000 		.4byte	.LFE7-.LFB7
 1469 0040 00000000 		.4byte	.LFB8
 1470 0044 0C000000 		.4byte	.LFE8-.LFB8
 1471 0048 00000000 		.4byte	.LFB9
ARM GAS  C:\Users\psmus\AppData\Local\Temp\ccJcfx5O.s 			page 34


 1472 004c 0C000000 		.4byte	.LFE9-.LFB9
 1473 0050 00000000 		.4byte	.LFB1
 1474 0054 32000000 		.4byte	.LFE1-.LFB1
 1475 0058 00000000 		.4byte	.LFB10
 1476 005c 18000000 		.4byte	.LFE10-.LFB10
 1477 0060 00000000 		.4byte	.LFB11
 1478 0064 18000000 		.4byte	.LFE11-.LFB11
 1479 0068 00000000 		.4byte	0
 1480 006c 00000000 		.4byte	0
 1481              		.section	.debug_ranges,"",%progbits
 1482              	.Ldebug_ranges0:
 1483 0000 00000000 		.4byte	.LFB2
 1484 0004 46000000 		.4byte	.LFE2
 1485 0008 00000000 		.4byte	.LFB3
 1486 000c 0C000000 		.4byte	.LFE3
 1487 0010 00000000 		.4byte	.LFB4
 1488 0014 16000000 		.4byte	.LFE4
 1489 0018 00000000 		.4byte	.LFB5
 1490 001c 28000000 		.4byte	.LFE5
 1491 0020 00000000 		.4byte	.LFB6
 1492 0024 28000000 		.4byte	.LFE6
 1493 0028 00000000 		.4byte	.LFB7
 1494 002c 0C000000 		.4byte	.LFE7
 1495 0030 00000000 		.4byte	.LFB8
 1496 0034 0C000000 		.4byte	.LFE8
 1497 0038 00000000 		.4byte	.LFB9
 1498 003c 0C000000 		.4byte	.LFE9
 1499 0040 00000000 		.4byte	.LFB1
 1500 0044 32000000 		.4byte	.LFE1
 1501 0048 00000000 		.4byte	.LFB10
 1502 004c 18000000 		.4byte	.LFE10
 1503 0050 00000000 		.4byte	.LFB11
 1504 0054 18000000 		.4byte	.LFE11
 1505 0058 00000000 		.4byte	0
 1506 005c 00000000 		.4byte	0
 1507              		.section	.debug_line,"",%progbits
 1508              	.Ldebug_line0:
 1509 0000 42010000 		.section	.debug_str,"MS",%progbits,1
 1509      02006000 
 1509      00000201 
 1509      FB0E0D00 
 1509      01010101 
 1510              	.LASF24:
 1511 0000 436F6465 		.ascii	"Codec_MuteMic\000"
 1511      635F4D75 
 1511      74654D69 
 1511      6300
 1512              	.LASF40:
 1513 000e 436F6465 		.ascii	"CodecI2CM_I2CMasterWriteByte\000"
 1513      63493243 
 1513      4D5F4932 
 1513      434D6173 
 1513      74657257 
 1514              	.LASF3:
 1515 002b 73686F72 		.ascii	"short unsigned int\000"
 1515      7420756E 
 1515      7369676E 
ARM GAS  C:\Users\psmus\AppData\Local\Temp\ccJcfx5O.s 			page 35


 1515      65642069 
 1515      6E7400
 1516              	.LASF28:
 1517 003e 6D696342 		.ascii	"micBoost\000"
 1517      6F6F7374 
 1517      00
 1518              	.LASF12:
 1519 0047 666C6F61 		.ascii	"float\000"
 1519      7400
 1520              	.LASF18:
 1521 004d 64617461 		.ascii	"data\000"
 1521      00
 1522              	.LASF7:
 1523 0052 6C6F6E67 		.ascii	"long long unsigned int\000"
 1523      206C6F6E 
 1523      6720756E 
 1523      7369676E 
 1523      65642069 
 1524              	.LASF31:
 1525 0069 436F6465 		.ascii	"Codec_ResetOverI2C\000"
 1525      635F5265 
 1525      7365744F 
 1525      76657249 
 1525      324300
 1526              	.LASF35:
 1527 007c 706F7765 		.ascii	"powerOffMask\000"
 1527      724F6666 
 1527      4D61736B 
 1527      00
 1528              	.LASF34:
 1529 0089 436F6465 		.ascii	"Codec_PowerOffControl\000"
 1529      635F506F 
 1529      7765724F 
 1529      6666436F 
 1529      6E74726F 
 1530              	.LASF5:
 1531 009f 6C6F6E67 		.ascii	"long unsigned int\000"
 1531      20756E73 
 1531      69676E65 
 1531      6420696E 
 1531      7400
 1532              	.LASF33:
 1533 00b1 74656D70 		.ascii	"temp\000"
 1533      00
 1534              	.LASF9:
 1535 00b6 75696E74 		.ascii	"uint8\000"
 1535      3800
 1536              	.LASF21:
 1537 00bc 73724374 		.ascii	"srCtrlField\000"
 1537      726C4669 
 1537      656C6400 
 1538              	.LASF44:
 1539 00c8 436F6465 		.ascii	"Codec.c\000"
 1539      632E6300 
 1540              	.LASF1:
 1541 00d0 756E7369 		.ascii	"unsigned char\000"
 1541      676E6564 
ARM GAS  C:\Users\psmus\AppData\Local\Temp\ccJcfx5O.s 			page 36


 1541      20636861 
 1541      7200
 1542              	.LASF13:
 1543 00de 646F7562 		.ascii	"double\000"
 1543      6C6500
 1544              	.LASF22:
 1545 00e5 436F6465 		.ascii	"Codec_AdjustBothHeadphoneVolume\000"
 1545      635F4164 
 1545      6A757374 
 1545      426F7468 
 1545      48656164 
 1546              	.LASF32:
 1547 0105 436F6465 		.ascii	"Codec_Init\000"
 1547      635F496E 
 1547      697400
 1548              	.LASF10:
 1549 0110 75696E74 		.ascii	"uint16\000"
 1549      313600
 1550              	.LASF11:
 1551 0117 75696E74 		.ascii	"uint32\000"
 1551      333200
 1552              	.LASF20:
 1553 011e 436F6465 		.ascii	"Codec_SetSamplingRate\000"
 1553      635F5365 
 1553      7453616D 
 1553      706C696E 
 1553      67526174 
 1554              	.LASF8:
 1555 0134 756E7369 		.ascii	"unsigned int\000"
 1555      676E6564 
 1555      20696E74 
 1555      00
 1556              	.LASF36:
 1557 0141 436F6465 		.ascii	"Codec_PowerOnControl\000"
 1557      635F506F 
 1557      7765724F 
 1557      6E436F6E 
 1557      74726F6C 
 1558              	.LASF46:
 1559 0156 436F6465 		.ascii	"Codec_powerControlSetting\000"
 1559      635F706F 
 1559      77657243 
 1559      6F6E7472 
 1559      6F6C5365 
 1560              	.LASF27:
 1561 0170 436F6465 		.ascii	"Codec_SetMicBoost\000"
 1561      635F5365 
 1561      744D6963 
 1561      426F6F73 
 1561      7400
 1562              	.LASF43:
 1563 0182 474E5520 		.ascii	"GNU C11 5.4.1 20160609 (release) [ARM/embedded-5-br"
 1563      43313120 
 1563      352E342E 
 1563      31203230 
 1563      31363036 
 1564 01b5 616E6368 		.ascii	"anch revision 237715] -mcpu=cortex-m0 -mthumb -g -O"
ARM GAS  C:\Users\psmus\AppData\Local\Temp\ccJcfx5O.s 			page 37


 1564      20726576 
 1564      6973696F 
 1564      6E203233 
 1564      37373135 
 1565 01e8 67202D66 		.ascii	"g -ffunction-sections -ffat-lto-objects\000"
 1565      66756E63 
 1565      74696F6E 
 1565      2D736563 
 1565      74696F6E 
 1566              	.LASF29:
 1567 0210 436F6465 		.ascii	"Codec_Activate\000"
 1567      635F4163 
 1567      74697661 
 1567      746500
 1568              	.LASF17:
 1569 021f 72656741 		.ascii	"regAddr\000"
 1569      64647200 
 1570              	.LASF16:
 1571 0227 73697A65 		.ascii	"sizetype\000"
 1571      74797065 
 1571      00
 1572              	.LASF6:
 1573 0230 6C6F6E67 		.ascii	"long long int\000"
 1573      206C6F6E 
 1573      6720696E 
 1573      7400
 1574              	.LASF37:
 1575 023e 706F7765 		.ascii	"powerOnMask\000"
 1575      724F6E4D 
 1575      61736B00 
 1576              	.LASF19:
 1577 024a 436F6465 		.ascii	"Codec_SendData\000"
 1577      635F5365 
 1577      6E644461 
 1577      746100
 1578              	.LASF38:
 1579 0259 436F6465 		.ascii	"Codec_analogPathSetting\000"
 1579      635F616E 
 1579      616C6F67 
 1579      50617468 
 1579      53657474 
 1580              	.LASF2:
 1581 0271 73686F72 		.ascii	"short int\000"
 1581      7420696E 
 1581      7400
 1582              	.LASF25:
 1583 027b 69734D75 		.ascii	"isMuteOrUnmute\000"
 1583      74654F72 
 1583      556E6D75 
 1583      746500
 1584              	.LASF23:
 1585 028a 766F6C75 		.ascii	"volume\000"
 1585      6D6500
 1586              	.LASF4:
 1587 0291 6C6F6E67 		.ascii	"long int\000"
 1587      20696E74 
 1587      00
ARM GAS  C:\Users\psmus\AppData\Local\Temp\ccJcfx5O.s 			page 38


 1588              	.LASF14:
 1589 029a 63686172 		.ascii	"char\000"
 1589      00
 1590              	.LASF45:
 1591 029f 453A5C44 		.ascii	"E:\\Documents\\Engineering\\Code\\synth-wavetable\\"
 1591      6F63756D 
 1591      656E7473 
 1591      5C456E67 
 1591      696E6565 
 1592 02cd 43797072 		.ascii	"Cypress\\synth-wavetable.cydsn\000"
 1592      6573735C 
 1592      73796E74 
 1592      682D7761 
 1592      76657461 
 1593              	.LASF15:
 1594 02eb 6C6F6E67 		.ascii	"long double\000"
 1594      20646F75 
 1594      626C6500 
 1595              	.LASF0:
 1596 02f7 7369676E 		.ascii	"signed char\000"
 1596      65642063 
 1596      68617200 
 1597              	.LASF30:
 1598 0303 436F6465 		.ascii	"Codec_Deactivate\000"
 1598      635F4465 
 1598      61637469 
 1598      76617465 
 1598      00
 1599              	.LASF26:
 1600 0314 5F426F6F 		.ascii	"_Bool\000"
 1600      6C00
 1601              	.LASF42:
 1602 031a 43794465 		.ascii	"CyDelay\000"
 1602      6C617900 
 1603              	.LASF41:
 1604 0322 436F6465 		.ascii	"CodecI2CM_I2CMasterSendStop\000"
 1604      63493243 
 1604      4D5F4932 
 1604      434D6173 
 1604      74657253 
 1605              	.LASF39:
 1606 033e 436F6465 		.ascii	"CodecI2CM_I2CMasterSendStart\000"
 1606      63493243 
 1606      4D5F4932 
 1606      434D6173 
 1606      74657253 
 1607              		.ident	"GCC: (GNU Tools for ARM Embedded Processors) 5.4.1 20160609 (release) [ARM/embedded-5-bran
