ARM GAS  C:\Users\psmus\AppData\Local\Temp\ccnqSVvS.s 			page 1


   1              		.syntax unified
   2              		.cpu cortex-m0
   3              		.fpu softvfp
   4              		.eabi_attribute 20, 1
   5              		.eabi_attribute 21, 1
   6              		.eabi_attribute 23, 3
   7              		.eabi_attribute 24, 1
   8              		.eabi_attribute 25, 1
   9              		.eabi_attribute 26, 1
  10              		.eabi_attribute 30, 1
  11              		.eabi_attribute 34, 0
  12              		.eabi_attribute 18, 4
  13              		.thumb
  14              		.syntax unified
  15              		.file	"I2S_PM.c"
  16              		.text
  17              	.Ltext0:
  18              		.cfi_sections	.debug_frame
  19              		.section	.text.I2S_SaveConfig,"ax",%progbits
  20              		.align	2
  21              		.global	I2S_SaveConfig
  22              		.code	16
  23              		.thumb_func
  24              		.type	I2S_SaveConfig, %function
  25              	I2S_SaveConfig:
  26              	.LFB0:
  27              		.file 1 "Generated_Source\\PSoC4\\I2S_PM.c"
   1:Generated_Source\PSoC4/I2S_PM.c **** /*******************************************************************************
   2:Generated_Source\PSoC4/I2S_PM.c **** * File Name: I2S_PM.c
   3:Generated_Source\PSoC4/I2S_PM.c **** * Version 2.70
   4:Generated_Source\PSoC4/I2S_PM.c **** *
   5:Generated_Source\PSoC4/I2S_PM.c **** * Description:
   6:Generated_Source\PSoC4/I2S_PM.c **** *  This file contains the setup, control and status commands to support
   7:Generated_Source\PSoC4/I2S_PM.c **** *  component operations in low power mode.
   8:Generated_Source\PSoC4/I2S_PM.c **** *
   9:Generated_Source\PSoC4/I2S_PM.c **** * Note:
  10:Generated_Source\PSoC4/I2S_PM.c **** *
  11:Generated_Source\PSoC4/I2S_PM.c **** ********************************************************************************
  12:Generated_Source\PSoC4/I2S_PM.c **** * Copyright 2008-2015, Cypress Semiconductor Corporation.  All rights reserved.
  13:Generated_Source\PSoC4/I2S_PM.c **** * You may use this file only in accordance with the license, terms, conditions,
  14:Generated_Source\PSoC4/I2S_PM.c **** * disclaimers, and limitations in the end user license agreement accompanying
  15:Generated_Source\PSoC4/I2S_PM.c **** * the software package with which this file was provided.
  16:Generated_Source\PSoC4/I2S_PM.c **** *******************************************************************************/
  17:Generated_Source\PSoC4/I2S_PM.c **** 
  18:Generated_Source\PSoC4/I2S_PM.c **** #include "I2S.h"
  19:Generated_Source\PSoC4/I2S_PM.c **** 
  20:Generated_Source\PSoC4/I2S_PM.c **** static I2S_BACKUP_STRUCT  I2S_backup = {0u};
  21:Generated_Source\PSoC4/I2S_PM.c **** 
  22:Generated_Source\PSoC4/I2S_PM.c **** 
  23:Generated_Source\PSoC4/I2S_PM.c **** /*******************************************************************************
  24:Generated_Source\PSoC4/I2S_PM.c **** * Function Name: I2S_SaveConfig
  25:Generated_Source\PSoC4/I2S_PM.c **** ********************************************************************************
  26:Generated_Source\PSoC4/I2S_PM.c **** *
  27:Generated_Source\PSoC4/I2S_PM.c **** * Summary:
  28:Generated_Source\PSoC4/I2S_PM.c **** *  Empty function. Left to preserve backward compatibility.
  29:Generated_Source\PSoC4/I2S_PM.c **** *
  30:Generated_Source\PSoC4/I2S_PM.c **** * Parameters:
ARM GAS  C:\Users\psmus\AppData\Local\Temp\ccnqSVvS.s 			page 2


  31:Generated_Source\PSoC4/I2S_PM.c **** *  None.
  32:Generated_Source\PSoC4/I2S_PM.c **** *
  33:Generated_Source\PSoC4/I2S_PM.c **** * Return:
  34:Generated_Source\PSoC4/I2S_PM.c **** *  None.
  35:Generated_Source\PSoC4/I2S_PM.c **** *
  36:Generated_Source\PSoC4/I2S_PM.c **** *******************************************************************************/
  37:Generated_Source\PSoC4/I2S_PM.c **** void I2S_SaveConfig(void) 
  38:Generated_Source\PSoC4/I2S_PM.c **** {
  28              		.loc 1 38 0
  29              		.cfi_startproc
  30              		@ args = 0, pretend = 0, frame = 0
  31              		@ frame_needed = 0, uses_anonymous_args = 0
  32              		@ link register save eliminated.
  39:Generated_Source\PSoC4/I2S_PM.c ****     /* Nothing to save. All registers are retention. */
  40:Generated_Source\PSoC4/I2S_PM.c **** }
  33              		.loc 1 40 0
  34              		@ sp needed
  35 0000 7047     		bx	lr
  36              		.cfi_endproc
  37              	.LFE0:
  38              		.size	I2S_SaveConfig, .-I2S_SaveConfig
  39 0002 C046     		.section	.text.I2S_RestoreConfig,"ax",%progbits
  40              		.align	2
  41              		.global	I2S_RestoreConfig
  42              		.code	16
  43              		.thumb_func
  44              		.type	I2S_RestoreConfig, %function
  45              	I2S_RestoreConfig:
  46              	.LFB1:
  41:Generated_Source\PSoC4/I2S_PM.c **** 
  42:Generated_Source\PSoC4/I2S_PM.c **** 
  43:Generated_Source\PSoC4/I2S_PM.c **** /*******************************************************************************
  44:Generated_Source\PSoC4/I2S_PM.c **** * Function Name: I2S_RestoreConfig
  45:Generated_Source\PSoC4/I2S_PM.c **** ********************************************************************************
  46:Generated_Source\PSoC4/I2S_PM.c **** *
  47:Generated_Source\PSoC4/I2S_PM.c **** * Summary:
  48:Generated_Source\PSoC4/I2S_PM.c **** *  Empty function. Left to preserve backward compatibility.
  49:Generated_Source\PSoC4/I2S_PM.c **** *
  50:Generated_Source\PSoC4/I2S_PM.c **** * Parameters:
  51:Generated_Source\PSoC4/I2S_PM.c **** *  None.
  52:Generated_Source\PSoC4/I2S_PM.c **** *
  53:Generated_Source\PSoC4/I2S_PM.c **** * Return:
  54:Generated_Source\PSoC4/I2S_PM.c **** *  None.
  55:Generated_Source\PSoC4/I2S_PM.c **** *
  56:Generated_Source\PSoC4/I2S_PM.c **** *******************************************************************************/
  57:Generated_Source\PSoC4/I2S_PM.c **** void I2S_RestoreConfig(void) 
  58:Generated_Source\PSoC4/I2S_PM.c **** {
  47              		.loc 1 58 0
  48              		.cfi_startproc
  49              		@ args = 0, pretend = 0, frame = 0
  50              		@ frame_needed = 0, uses_anonymous_args = 0
  51              		@ link register save eliminated.
  59:Generated_Source\PSoC4/I2S_PM.c ****     /* Nothing to restore. All registers are retention. */
  60:Generated_Source\PSoC4/I2S_PM.c **** }
  52              		.loc 1 60 0
  53              		@ sp needed
  54 0000 7047     		bx	lr
ARM GAS  C:\Users\psmus\AppData\Local\Temp\ccnqSVvS.s 			page 3


  55              		.cfi_endproc
  56              	.LFE1:
  57              		.size	I2S_RestoreConfig, .-I2S_RestoreConfig
  58 0002 C046     		.section	.text.I2S_Sleep,"ax",%progbits
  59              		.align	2
  60              		.global	I2S_Sleep
  61              		.code	16
  62              		.thumb_func
  63              		.type	I2S_Sleep, %function
  64              	I2S_Sleep:
  65              	.LFB2:
  61:Generated_Source\PSoC4/I2S_PM.c **** 
  62:Generated_Source\PSoC4/I2S_PM.c **** 
  63:Generated_Source\PSoC4/I2S_PM.c **** /*******************************************************************************
  64:Generated_Source\PSoC4/I2S_PM.c **** * Function Name: I2S_Sleep
  65:Generated_Source\PSoC4/I2S_PM.c **** ********************************************************************************
  66:Generated_Source\PSoC4/I2S_PM.c **** *
  67:Generated_Source\PSoC4/I2S_PM.c **** * Summary:
  68:Generated_Source\PSoC4/I2S_PM.c **** *  Prepares I2S for entering sleep mode.
  69:Generated_Source\PSoC4/I2S_PM.c **** *
  70:Generated_Source\PSoC4/I2S_PM.c **** * Parameters:
  71:Generated_Source\PSoC4/I2S_PM.c **** *  None.
  72:Generated_Source\PSoC4/I2S_PM.c **** *
  73:Generated_Source\PSoC4/I2S_PM.c **** * Return:
  74:Generated_Source\PSoC4/I2S_PM.c **** *  None.
  75:Generated_Source\PSoC4/I2S_PM.c **** *
  76:Generated_Source\PSoC4/I2S_PM.c **** * Global Variables:
  77:Generated_Source\PSoC4/I2S_PM.c **** *  I2S_backup - used to store component state prior entering 
  78:Generated_Source\PSoC4/I2S_PM.c **** *    sleep mode.
  79:Generated_Source\PSoC4/I2S_PM.c **** *
  80:Generated_Source\PSoC4/I2S_PM.c **** * Reentrant:
  81:Generated_Source\PSoC4/I2S_PM.c **** *  No.
  82:Generated_Source\PSoC4/I2S_PM.c **** *
  83:Generated_Source\PSoC4/I2S_PM.c **** *******************************************************************************/
  84:Generated_Source\PSoC4/I2S_PM.c **** void I2S_Sleep(void) 
  85:Generated_Source\PSoC4/I2S_PM.c **** {
  66              		.loc 1 85 0
  67              		.cfi_startproc
  68              		@ args = 0, pretend = 0, frame = 0
  69              		@ frame_needed = 0, uses_anonymous_args = 0
  70 0000 10B5     		push	{r4, lr}
  71              		.cfi_def_cfa_offset 8
  72              		.cfi_offset 4, -8
  73              		.cfi_offset 14, -4
  86:Generated_Source\PSoC4/I2S_PM.c ****     /* Get component state */
  87:Generated_Source\PSoC4/I2S_PM.c ****     I2S_backup.enableState = I2S_CONTROL_REG;
  74              		.loc 1 87 0
  75 0002 034B     		ldr	r3, .L4
  76 0004 1A78     		ldrb	r2, [r3]
  77 0006 034B     		ldr	r3, .L4+4
  78 0008 1A70     		strb	r2, [r3]
  88:Generated_Source\PSoC4/I2S_PM.c **** 
  89:Generated_Source\PSoC4/I2S_PM.c ****     /* Stop component */
  90:Generated_Source\PSoC4/I2S_PM.c ****     I2S_Stop();
  79              		.loc 1 90 0
  80 000a FFF7FEFF 		bl	I2S_Stop
  81              	.LVL0:
ARM GAS  C:\Users\psmus\AppData\Local\Temp\ccnqSVvS.s 			page 4


  91:Generated_Source\PSoC4/I2S_PM.c **** }
  82              		.loc 1 91 0
  83              		@ sp needed
  84 000e 10BD     		pop	{r4, pc}
  85              	.L5:
  86              		.align	2
  87              	.L4:
  88 0010 76000F40 		.word	1074724982
  89 0014 00000000 		.word	.LANCHOR0
  90              		.cfi_endproc
  91              	.LFE2:
  92              		.size	I2S_Sleep, .-I2S_Sleep
  93              		.section	.text.I2S_Wakeup,"ax",%progbits
  94              		.align	2
  95              		.global	I2S_Wakeup
  96              		.code	16
  97              		.thumb_func
  98              		.type	I2S_Wakeup, %function
  99              	I2S_Wakeup:
 100              	.LFB3:
  92:Generated_Source\PSoC4/I2S_PM.c **** 
  93:Generated_Source\PSoC4/I2S_PM.c **** 
  94:Generated_Source\PSoC4/I2S_PM.c **** /*******************************************************************************
  95:Generated_Source\PSoC4/I2S_PM.c **** * Function Name: I2S_Wakeup
  96:Generated_Source\PSoC4/I2S_PM.c **** ********************************************************************************
  97:Generated_Source\PSoC4/I2S_PM.c **** *
  98:Generated_Source\PSoC4/I2S_PM.c **** * Summary:
  99:Generated_Source\PSoC4/I2S_PM.c **** *  Prepares I2S for exit from sleep mode.
 100:Generated_Source\PSoC4/I2S_PM.c **** *
 101:Generated_Source\PSoC4/I2S_PM.c **** * Parameters:
 102:Generated_Source\PSoC4/I2S_PM.c **** *  None.
 103:Generated_Source\PSoC4/I2S_PM.c **** *
 104:Generated_Source\PSoC4/I2S_PM.c **** * Return:
 105:Generated_Source\PSoC4/I2S_PM.c **** *  None.
 106:Generated_Source\PSoC4/I2S_PM.c **** *
 107:Generated_Source\PSoC4/I2S_PM.c **** * Global Variables:
 108:Generated_Source\PSoC4/I2S_PM.c **** *  I2S_backup - used to restore component state after exit from
 109:Generated_Source\PSoC4/I2S_PM.c **** *    sleep mode.
 110:Generated_Source\PSoC4/I2S_PM.c **** *
 111:Generated_Source\PSoC4/I2S_PM.c **** *******************************************************************************/
 112:Generated_Source\PSoC4/I2S_PM.c **** void I2S_Wakeup(void) 
 113:Generated_Source\PSoC4/I2S_PM.c **** {
 101              		.loc 1 113 0
 102              		.cfi_startproc
 103              		@ args = 0, pretend = 0, frame = 0
 104              		@ frame_needed = 0, uses_anonymous_args = 0
 105 0000 10B5     		push	{r4, lr}
 106              		.cfi_def_cfa_offset 8
 107              		.cfi_offset 4, -8
 108              		.cfi_offset 14, -4
 114:Generated_Source\PSoC4/I2S_PM.c ****     #if (I2S_DYNAMIC_BIT_RESOLUTION)
 115:Generated_Source\PSoC4/I2S_PM.c ****         I2S_CONTROL_REG = I2S_backup.enableState & I2S_BIT_RESOLUTION_MODE_MASK;
 116:Generated_Source\PSoC4/I2S_PM.c ****     #endif /* I2S_DYNAMIC_BIT_RESOLUTION */
 117:Generated_Source\PSoC4/I2S_PM.c **** 
 118:Generated_Source\PSoC4/I2S_PM.c ****     if(0u != (I2S_backup.enableState & I2S_EN))
 109              		.loc 1 118 0
 110 0002 064B     		ldr	r3, .L8
ARM GAS  C:\Users\psmus\AppData\Local\Temp\ccnqSVvS.s 			page 5


 111 0004 1B78     		ldrb	r3, [r3]
 112 0006 5B07     		lsls	r3, r3, #29
 113 0008 07D5     		bpl	.L6
 119:Generated_Source\PSoC4/I2S_PM.c ****     {
 120:Generated_Source\PSoC4/I2S_PM.c ****         /* Enable component's operation */
 121:Generated_Source\PSoC4/I2S_PM.c ****         I2S_Enable();
 114              		.loc 1 121 0
 115 000a FFF7FEFF 		bl	I2S_Enable
 116              	.LVL1:
 122:Generated_Source\PSoC4/I2S_PM.c **** 
 123:Generated_Source\PSoC4/I2S_PM.c ****         /* Enable Tx/Rx direction if they were enabled before sleep */
 124:Generated_Source\PSoC4/I2S_PM.c ****         #if(I2S_TX_DIRECTION_ENABLE)
 125:Generated_Source\PSoC4/I2S_PM.c ****             if(0u != (I2S_backup.enableState & I2S_TX_EN))
 117              		.loc 1 125 0
 118 000e 034B     		ldr	r3, .L8
 119 0010 1B78     		ldrb	r3, [r3]
 120 0012 DB07     		lsls	r3, r3, #31
 121 0014 01D5     		bpl	.L6
 126:Generated_Source\PSoC4/I2S_PM.c ****             {
 127:Generated_Source\PSoC4/I2S_PM.c ****                 I2S_EnableTx();
 122              		.loc 1 127 0
 123 0016 FFF7FEFF 		bl	I2S_EnableTx
 124              	.LVL2:
 125              	.L6:
 128:Generated_Source\PSoC4/I2S_PM.c ****             }
 129:Generated_Source\PSoC4/I2S_PM.c ****         #endif /* (I2S_TX_DIRECTION_ENABLE) */
 130:Generated_Source\PSoC4/I2S_PM.c ****         
 131:Generated_Source\PSoC4/I2S_PM.c ****         #if(I2S_RX_DIRECTION_ENABLE)
 132:Generated_Source\PSoC4/I2S_PM.c ****             if(0u != (I2S_backup.enableState & I2S_RX_EN))
 133:Generated_Source\PSoC4/I2S_PM.c ****             {
 134:Generated_Source\PSoC4/I2S_PM.c ****                 I2S_EnableRx();
 135:Generated_Source\PSoC4/I2S_PM.c ****             }
 136:Generated_Source\PSoC4/I2S_PM.c ****         #endif /* (I2S_RX_DIRECTION_ENABLE) */
 137:Generated_Source\PSoC4/I2S_PM.c ****     }
 138:Generated_Source\PSoC4/I2S_PM.c **** }
 126              		.loc 1 138 0
 127              		@ sp needed
 128 001a 10BD     		pop	{r4, pc}
 129              	.L9:
 130              		.align	2
 131              	.L8:
 132 001c 00000000 		.word	.LANCHOR0
 133              		.cfi_endproc
 134              	.LFE3:
 135              		.size	I2S_Wakeup, .-I2S_Wakeup
 136              		.bss
 137              		.align	2
 138              		.set	.LANCHOR0,. + 0
 139              		.type	I2S_backup, %object
 140              		.size	I2S_backup, 1
 141              	I2S_backup:
 142 0000 00       		.space	1
 143              		.text
 144              	.Letext0:
 145              		.file 2 "Generated_Source\\PSoC4\\cytypes.h"
 146              		.file 3 "Generated_Source\\PSoC4\\I2S.h"
 147              		.section	.debug_info,"",%progbits
ARM GAS  C:\Users\psmus\AppData\Local\Temp\ccnqSVvS.s 			page 6


 148              	.Ldebug_info0:
 149 0000 55010000 		.4byte	0x155
 150 0004 0400     		.2byte	0x4
 151 0006 00000000 		.4byte	.Ldebug_abbrev0
 152 000a 04       		.byte	0x4
 153 000b 01       		.uleb128 0x1
 154 000c CE000000 		.4byte	.LASF22
 155 0010 0C       		.byte	0xc
 156 0011 0B000000 		.4byte	.LASF23
 157 0015 A6010000 		.4byte	.LASF24
 158 0019 00000000 		.4byte	.Ldebug_ranges0+0
 159 001d 00000000 		.4byte	0
 160 0021 00000000 		.4byte	.Ldebug_line0
 161 0025 02       		.uleb128 0x2
 162 0026 01       		.byte	0x1
 163 0027 06       		.byte	0x6
 164 0028 F2010000 		.4byte	.LASF0
 165 002c 02       		.uleb128 0x2
 166 002d 01       		.byte	0x1
 167 002e 08       		.byte	0x8
 168 002f 4D000000 		.4byte	.LASF1
 169 0033 02       		.uleb128 0x2
 170 0034 02       		.byte	0x2
 171 0035 05       		.byte	0x5
 172 0036 81010000 		.4byte	.LASF2
 173 003a 02       		.uleb128 0x2
 174 003b 02       		.byte	0x2
 175 003c 07       		.byte	0x7
 176 003d 72000000 		.4byte	.LASF3
 177 0041 02       		.uleb128 0x2
 178 0042 04       		.byte	0x4
 179 0043 05       		.byte	0x5
 180 0044 91010000 		.4byte	.LASF4
 181 0048 02       		.uleb128 0x2
 182 0049 04       		.byte	0x4
 183 004a 07       		.byte	0x7
 184 004b 60000000 		.4byte	.LASF5
 185 004f 02       		.uleb128 0x2
 186 0050 08       		.byte	0x8
 187 0051 05       		.byte	0x5
 188 0052 5C010000 		.4byte	.LASF6
 189 0056 02       		.uleb128 0x2
 190 0057 08       		.byte	0x8
 191 0058 07       		.byte	0x7
 192 0059 AE000000 		.4byte	.LASF7
 193 005d 03       		.uleb128 0x3
 194 005e 04       		.byte	0x4
 195 005f 05       		.byte	0x5
 196 0060 696E7400 		.ascii	"int\000"
 197 0064 02       		.uleb128 0x2
 198 0065 04       		.byte	0x4
 199 0066 07       		.byte	0x7
 200 0067 A1000000 		.4byte	.LASF8
 201 006b 04       		.uleb128 0x4
 202 006c 8B010000 		.4byte	.LASF12
 203 0070 02       		.byte	0x2
 204 0071 E401     		.2byte	0x1e4
ARM GAS  C:\Users\psmus\AppData\Local\Temp\ccnqSVvS.s 			page 7


 205 0073 2C000000 		.4byte	0x2c
 206 0077 02       		.uleb128 0x2
 207 0078 04       		.byte	0x4
 208 0079 04       		.byte	0x4
 209 007a 47000000 		.4byte	.LASF9
 210 007e 02       		.uleb128 0x2
 211 007f 08       		.byte	0x8
 212 0080 04       		.byte	0x4
 213 0081 8F000000 		.4byte	.LASF10
 214 0085 02       		.uleb128 0x2
 215 0086 01       		.byte	0x1
 216 0087 08       		.byte	0x8
 217 0088 6A010000 		.4byte	.LASF11
 218 008c 04       		.uleb128 0x4
 219 008d 5B000000 		.4byte	.LASF13
 220 0091 02       		.byte	0x2
 221 0092 8E02     		.2byte	0x28e
 222 0094 98000000 		.4byte	0x98
 223 0098 05       		.uleb128 0x5
 224 0099 6B000000 		.4byte	0x6b
 225 009d 06       		.uleb128 0x6
 226 009e 01       		.byte	0x1
 227 009f 03       		.byte	0x3
 228 00a0 1D       		.byte	0x1d
 229 00a1 B2000000 		.4byte	0xb2
 230 00a5 07       		.uleb128 0x7
 231 00a6 9A010000 		.4byte	.LASF25
 232 00aa 03       		.byte	0x3
 233 00ab 1F       		.byte	0x1f
 234 00ac 6B000000 		.4byte	0x6b
 235 00b0 00       		.byte	0
 236 00b1 00       		.byte	0
 237 00b2 08       		.uleb128 0x8
 238 00b3 6F010000 		.4byte	.LASF14
 239 00b7 03       		.byte	0x3
 240 00b8 21       		.byte	0x21
 241 00b9 9D000000 		.4byte	0x9d
 242 00bd 09       		.uleb128 0x9
 243 00be 2B000000 		.4byte	.LASF15
 244 00c2 01       		.byte	0x1
 245 00c3 25       		.byte	0x25
 246 00c4 00000000 		.4byte	.LFB0
 247 00c8 02000000 		.4byte	.LFE0-.LFB0
 248 00cc 01       		.uleb128 0x1
 249 00cd 9C       		.byte	0x9c
 250 00ce 09       		.uleb128 0x9
 251 00cf FE010000 		.4byte	.LASF16
 252 00d3 01       		.byte	0x1
 253 00d4 39       		.byte	0x39
 254 00d5 00000000 		.4byte	.LFB1
 255 00d9 02000000 		.4byte	.LFE1-.LFB1
 256 00dd 01       		.uleb128 0x1
 257 00de 9C       		.byte	0x9c
 258 00df 0A       		.uleb128 0xa
 259 00e0 85000000 		.4byte	.LASF17
 260 00e4 01       		.byte	0x1
 261 00e5 54       		.byte	0x54
ARM GAS  C:\Users\psmus\AppData\Local\Temp\ccnqSVvS.s 			page 8


 262 00e6 00000000 		.4byte	.LFB2
 263 00ea 18000000 		.4byte	.LFE2-.LFB2
 264 00ee 01       		.uleb128 0x1
 265 00ef 9C       		.byte	0x9c
 266 00f0 FE000000 		.4byte	0xfe
 267 00f4 0B       		.uleb128 0xb
 268 00f5 0E000000 		.4byte	.LVL0
 269 00f9 37010000 		.4byte	0x137
 270 00fd 00       		.byte	0
 271 00fe 0A       		.uleb128 0xa
 272 00ff 10020000 		.4byte	.LASF18
 273 0103 01       		.byte	0x1
 274 0104 70       		.byte	0x70
 275 0105 00000000 		.4byte	.LFB3
 276 0109 20000000 		.4byte	.LFE3-.LFB3
 277 010d 01       		.uleb128 0x1
 278 010e 9C       		.byte	0x9c
 279 010f 26010000 		.4byte	0x126
 280 0113 0B       		.uleb128 0xb
 281 0114 0E000000 		.4byte	.LVL1
 282 0118 42010000 		.4byte	0x142
 283 011c 0B       		.uleb128 0xb
 284 011d 1A000000 		.4byte	.LVL2
 285 0121 4D010000 		.4byte	0x14d
 286 0125 00       		.byte	0
 287 0126 0C       		.uleb128 0xc
 288 0127 00000000 		.4byte	.LASF26
 289 012b 01       		.byte	0x1
 290 012c 14       		.byte	0x14
 291 012d B2000000 		.4byte	0xb2
 292 0131 05       		.uleb128 0x5
 293 0132 03       		.byte	0x3
 294 0133 00000000 		.4byte	I2S_backup
 295 0137 0D       		.uleb128 0xd
 296 0138 C5000000 		.4byte	.LASF19
 297 013c C5000000 		.4byte	.LASF19
 298 0140 03       		.byte	0x3
 299 0141 29       		.byte	0x29
 300 0142 0D       		.uleb128 0xd
 301 0143 96000000 		.4byte	.LASF20
 302 0147 96000000 		.4byte	.LASF20
 303 014b 03       		.byte	0x3
 304 014c 2B       		.byte	0x2b
 305 014d 0D       		.uleb128 0xd
 306 014e 3A000000 		.4byte	.LASF21
 307 0152 3A000000 		.4byte	.LASF21
 308 0156 03       		.byte	0x3
 309 0157 34       		.byte	0x34
 310 0158 00       		.byte	0
 311              		.section	.debug_abbrev,"",%progbits
 312              	.Ldebug_abbrev0:
 313 0000 01       		.uleb128 0x1
 314 0001 11       		.uleb128 0x11
 315 0002 01       		.byte	0x1
 316 0003 25       		.uleb128 0x25
 317 0004 0E       		.uleb128 0xe
 318 0005 13       		.uleb128 0x13
ARM GAS  C:\Users\psmus\AppData\Local\Temp\ccnqSVvS.s 			page 9


 319 0006 0B       		.uleb128 0xb
 320 0007 03       		.uleb128 0x3
 321 0008 0E       		.uleb128 0xe
 322 0009 1B       		.uleb128 0x1b
 323 000a 0E       		.uleb128 0xe
 324 000b 55       		.uleb128 0x55
 325 000c 17       		.uleb128 0x17
 326 000d 11       		.uleb128 0x11
 327 000e 01       		.uleb128 0x1
 328 000f 10       		.uleb128 0x10
 329 0010 17       		.uleb128 0x17
 330 0011 00       		.byte	0
 331 0012 00       		.byte	0
 332 0013 02       		.uleb128 0x2
 333 0014 24       		.uleb128 0x24
 334 0015 00       		.byte	0
 335 0016 0B       		.uleb128 0xb
 336 0017 0B       		.uleb128 0xb
 337 0018 3E       		.uleb128 0x3e
 338 0019 0B       		.uleb128 0xb
 339 001a 03       		.uleb128 0x3
 340 001b 0E       		.uleb128 0xe
 341 001c 00       		.byte	0
 342 001d 00       		.byte	0
 343 001e 03       		.uleb128 0x3
 344 001f 24       		.uleb128 0x24
 345 0020 00       		.byte	0
 346 0021 0B       		.uleb128 0xb
 347 0022 0B       		.uleb128 0xb
 348 0023 3E       		.uleb128 0x3e
 349 0024 0B       		.uleb128 0xb
 350 0025 03       		.uleb128 0x3
 351 0026 08       		.uleb128 0x8
 352 0027 00       		.byte	0
 353 0028 00       		.byte	0
 354 0029 04       		.uleb128 0x4
 355 002a 16       		.uleb128 0x16
 356 002b 00       		.byte	0
 357 002c 03       		.uleb128 0x3
 358 002d 0E       		.uleb128 0xe
 359 002e 3A       		.uleb128 0x3a
 360 002f 0B       		.uleb128 0xb
 361 0030 3B       		.uleb128 0x3b
 362 0031 05       		.uleb128 0x5
 363 0032 49       		.uleb128 0x49
 364 0033 13       		.uleb128 0x13
 365 0034 00       		.byte	0
 366 0035 00       		.byte	0
 367 0036 05       		.uleb128 0x5
 368 0037 35       		.uleb128 0x35
 369 0038 00       		.byte	0
 370 0039 49       		.uleb128 0x49
 371 003a 13       		.uleb128 0x13
 372 003b 00       		.byte	0
 373 003c 00       		.byte	0
 374 003d 06       		.uleb128 0x6
 375 003e 13       		.uleb128 0x13
ARM GAS  C:\Users\psmus\AppData\Local\Temp\ccnqSVvS.s 			page 10


 376 003f 01       		.byte	0x1
 377 0040 0B       		.uleb128 0xb
 378 0041 0B       		.uleb128 0xb
 379 0042 3A       		.uleb128 0x3a
 380 0043 0B       		.uleb128 0xb
 381 0044 3B       		.uleb128 0x3b
 382 0045 0B       		.uleb128 0xb
 383 0046 01       		.uleb128 0x1
 384 0047 13       		.uleb128 0x13
 385 0048 00       		.byte	0
 386 0049 00       		.byte	0
 387 004a 07       		.uleb128 0x7
 388 004b 0D       		.uleb128 0xd
 389 004c 00       		.byte	0
 390 004d 03       		.uleb128 0x3
 391 004e 0E       		.uleb128 0xe
 392 004f 3A       		.uleb128 0x3a
 393 0050 0B       		.uleb128 0xb
 394 0051 3B       		.uleb128 0x3b
 395 0052 0B       		.uleb128 0xb
 396 0053 49       		.uleb128 0x49
 397 0054 13       		.uleb128 0x13
 398 0055 38       		.uleb128 0x38
 399 0056 0B       		.uleb128 0xb
 400 0057 00       		.byte	0
 401 0058 00       		.byte	0
 402 0059 08       		.uleb128 0x8
 403 005a 16       		.uleb128 0x16
 404 005b 00       		.byte	0
 405 005c 03       		.uleb128 0x3
 406 005d 0E       		.uleb128 0xe
 407 005e 3A       		.uleb128 0x3a
 408 005f 0B       		.uleb128 0xb
 409 0060 3B       		.uleb128 0x3b
 410 0061 0B       		.uleb128 0xb
 411 0062 49       		.uleb128 0x49
 412 0063 13       		.uleb128 0x13
 413 0064 00       		.byte	0
 414 0065 00       		.byte	0
 415 0066 09       		.uleb128 0x9
 416 0067 2E       		.uleb128 0x2e
 417 0068 00       		.byte	0
 418 0069 3F       		.uleb128 0x3f
 419 006a 19       		.uleb128 0x19
 420 006b 03       		.uleb128 0x3
 421 006c 0E       		.uleb128 0xe
 422 006d 3A       		.uleb128 0x3a
 423 006e 0B       		.uleb128 0xb
 424 006f 3B       		.uleb128 0x3b
 425 0070 0B       		.uleb128 0xb
 426 0071 27       		.uleb128 0x27
 427 0072 19       		.uleb128 0x19
 428 0073 11       		.uleb128 0x11
 429 0074 01       		.uleb128 0x1
 430 0075 12       		.uleb128 0x12
 431 0076 06       		.uleb128 0x6
 432 0077 40       		.uleb128 0x40
ARM GAS  C:\Users\psmus\AppData\Local\Temp\ccnqSVvS.s 			page 11


 433 0078 18       		.uleb128 0x18
 434 0079 9742     		.uleb128 0x2117
 435 007b 19       		.uleb128 0x19
 436 007c 00       		.byte	0
 437 007d 00       		.byte	0
 438 007e 0A       		.uleb128 0xa
 439 007f 2E       		.uleb128 0x2e
 440 0080 01       		.byte	0x1
 441 0081 3F       		.uleb128 0x3f
 442 0082 19       		.uleb128 0x19
 443 0083 03       		.uleb128 0x3
 444 0084 0E       		.uleb128 0xe
 445 0085 3A       		.uleb128 0x3a
 446 0086 0B       		.uleb128 0xb
 447 0087 3B       		.uleb128 0x3b
 448 0088 0B       		.uleb128 0xb
 449 0089 27       		.uleb128 0x27
 450 008a 19       		.uleb128 0x19
 451 008b 11       		.uleb128 0x11
 452 008c 01       		.uleb128 0x1
 453 008d 12       		.uleb128 0x12
 454 008e 06       		.uleb128 0x6
 455 008f 40       		.uleb128 0x40
 456 0090 18       		.uleb128 0x18
 457 0091 9742     		.uleb128 0x2117
 458 0093 19       		.uleb128 0x19
 459 0094 01       		.uleb128 0x1
 460 0095 13       		.uleb128 0x13
 461 0096 00       		.byte	0
 462 0097 00       		.byte	0
 463 0098 0B       		.uleb128 0xb
 464 0099 898201   		.uleb128 0x4109
 465 009c 00       		.byte	0
 466 009d 11       		.uleb128 0x11
 467 009e 01       		.uleb128 0x1
 468 009f 31       		.uleb128 0x31
 469 00a0 13       		.uleb128 0x13
 470 00a1 00       		.byte	0
 471 00a2 00       		.byte	0
 472 00a3 0C       		.uleb128 0xc
 473 00a4 34       		.uleb128 0x34
 474 00a5 00       		.byte	0
 475 00a6 03       		.uleb128 0x3
 476 00a7 0E       		.uleb128 0xe
 477 00a8 3A       		.uleb128 0x3a
 478 00a9 0B       		.uleb128 0xb
 479 00aa 3B       		.uleb128 0x3b
 480 00ab 0B       		.uleb128 0xb
 481 00ac 49       		.uleb128 0x49
 482 00ad 13       		.uleb128 0x13
 483 00ae 02       		.uleb128 0x2
 484 00af 18       		.uleb128 0x18
 485 00b0 00       		.byte	0
 486 00b1 00       		.byte	0
 487 00b2 0D       		.uleb128 0xd
 488 00b3 2E       		.uleb128 0x2e
 489 00b4 00       		.byte	0
ARM GAS  C:\Users\psmus\AppData\Local\Temp\ccnqSVvS.s 			page 12


 490 00b5 3F       		.uleb128 0x3f
 491 00b6 19       		.uleb128 0x19
 492 00b7 3C       		.uleb128 0x3c
 493 00b8 19       		.uleb128 0x19
 494 00b9 6E       		.uleb128 0x6e
 495 00ba 0E       		.uleb128 0xe
 496 00bb 03       		.uleb128 0x3
 497 00bc 0E       		.uleb128 0xe
 498 00bd 3A       		.uleb128 0x3a
 499 00be 0B       		.uleb128 0xb
 500 00bf 3B       		.uleb128 0x3b
 501 00c0 0B       		.uleb128 0xb
 502 00c1 00       		.byte	0
 503 00c2 00       		.byte	0
 504 00c3 00       		.byte	0
 505              		.section	.debug_aranges,"",%progbits
 506 0000 34000000 		.4byte	0x34
 507 0004 0200     		.2byte	0x2
 508 0006 00000000 		.4byte	.Ldebug_info0
 509 000a 04       		.byte	0x4
 510 000b 00       		.byte	0
 511 000c 0000     		.2byte	0
 512 000e 0000     		.2byte	0
 513 0010 00000000 		.4byte	.LFB0
 514 0014 02000000 		.4byte	.LFE0-.LFB0
 515 0018 00000000 		.4byte	.LFB1
 516 001c 02000000 		.4byte	.LFE1-.LFB1
 517 0020 00000000 		.4byte	.LFB2
 518 0024 18000000 		.4byte	.LFE2-.LFB2
 519 0028 00000000 		.4byte	.LFB3
 520 002c 20000000 		.4byte	.LFE3-.LFB3
 521 0030 00000000 		.4byte	0
 522 0034 00000000 		.4byte	0
 523              		.section	.debug_ranges,"",%progbits
 524              	.Ldebug_ranges0:
 525 0000 00000000 		.4byte	.LFB0
 526 0004 02000000 		.4byte	.LFE0
 527 0008 00000000 		.4byte	.LFB1
 528 000c 02000000 		.4byte	.LFE1
 529 0010 00000000 		.4byte	.LFB2
 530 0014 18000000 		.4byte	.LFE2
 531 0018 00000000 		.4byte	.LFB3
 532 001c 20000000 		.4byte	.LFE3
 533 0020 00000000 		.4byte	0
 534 0024 00000000 		.4byte	0
 535              		.section	.debug_line,"",%progbits
 536              	.Ldebug_line0:
 537 0000 9C000000 		.section	.debug_str,"MS",%progbits,1
 537      02004C00 
 537      00000201 
 537      FB0E0D00 
 537      01010101 
 538              	.LASF26:
 539 0000 4932535F 		.ascii	"I2S_backup\000"
 539      6261636B 
 539      757000
 540              	.LASF23:
ARM GAS  C:\Users\psmus\AppData\Local\Temp\ccnqSVvS.s 			page 13


 541 000b 47656E65 		.ascii	"Generated_Source\\PSoC4\\I2S_PM.c\000"
 541      72617465 
 541      645F536F 
 541      75726365 
 541      5C50536F 
 542              	.LASF15:
 543 002b 4932535F 		.ascii	"I2S_SaveConfig\000"
 543      53617665 
 543      436F6E66 
 543      696700
 544              	.LASF21:
 545 003a 4932535F 		.ascii	"I2S_EnableTx\000"
 545      456E6162 
 545      6C655478 
 545      00
 546              	.LASF9:
 547 0047 666C6F61 		.ascii	"float\000"
 547      7400
 548              	.LASF1:
 549 004d 756E7369 		.ascii	"unsigned char\000"
 549      676E6564 
 549      20636861 
 549      7200
 550              	.LASF13:
 551 005b 72656738 		.ascii	"reg8\000"
 551      00
 552              	.LASF5:
 553 0060 6C6F6E67 		.ascii	"long unsigned int\000"
 553      20756E73 
 553      69676E65 
 553      6420696E 
 553      7400
 554              	.LASF3:
 555 0072 73686F72 		.ascii	"short unsigned int\000"
 555      7420756E 
 555      7369676E 
 555      65642069 
 555      6E7400
 556              	.LASF17:
 557 0085 4932535F 		.ascii	"I2S_Sleep\000"
 557      536C6565 
 557      7000
 558              	.LASF10:
 559 008f 646F7562 		.ascii	"double\000"
 559      6C6500
 560              	.LASF20:
 561 0096 4932535F 		.ascii	"I2S_Enable\000"
 561      456E6162 
 561      6C6500
 562              	.LASF8:
 563 00a1 756E7369 		.ascii	"unsigned int\000"
 563      676E6564 
 563      20696E74 
 563      00
 564              	.LASF7:
 565 00ae 6C6F6E67 		.ascii	"long long unsigned int\000"
 565      206C6F6E 
ARM GAS  C:\Users\psmus\AppData\Local\Temp\ccnqSVvS.s 			page 14


 565      6720756E 
 565      7369676E 
 565      65642069 
 566              	.LASF19:
 567 00c5 4932535F 		.ascii	"I2S_Stop\000"
 567      53746F70 
 567      00
 568              	.LASF22:
 569 00ce 474E5520 		.ascii	"GNU C11 5.4.1 20160609 (release) [ARM/embedded-5-br"
 569      43313120 
 569      352E342E 
 569      31203230 
 569      31363036 
 570 0101 616E6368 		.ascii	"anch revision 237715] -mcpu=cortex-m0 -mthumb -g -O"
 570      20726576 
 570      6973696F 
 570      6E203233 
 570      37373135 
 571 0134 67202D66 		.ascii	"g -ffunction-sections -ffat-lto-objects\000"
 571      66756E63 
 571      74696F6E 
 571      2D736563 
 571      74696F6E 
 572              	.LASF6:
 573 015c 6C6F6E67 		.ascii	"long long int\000"
 573      206C6F6E 
 573      6720696E 
 573      7400
 574              	.LASF11:
 575 016a 63686172 		.ascii	"char\000"
 575      00
 576              	.LASF14:
 577 016f 4932535F 		.ascii	"I2S_BACKUP_STRUCT\000"
 577      4241434B 
 577      55505F53 
 577      54525543 
 577      5400
 578              	.LASF2:
 579 0181 73686F72 		.ascii	"short int\000"
 579      7420696E 
 579      7400
 580              	.LASF12:
 581 018b 75696E74 		.ascii	"uint8\000"
 581      3800
 582              	.LASF4:
 583 0191 6C6F6E67 		.ascii	"long int\000"
 583      20696E74 
 583      00
 584              	.LASF25:
 585 019a 656E6162 		.ascii	"enableState\000"
 585      6C655374 
 585      61746500 
 586              	.LASF24:
 587 01a6 453A5C44 		.ascii	"E:\\Documents\\Engineering\\Code\\synth-wavetable\\"
 587      6F63756D 
 587      656E7473 
 587      5C456E67 
ARM GAS  C:\Users\psmus\AppData\Local\Temp\ccnqSVvS.s 			page 15


 587      696E6565 
 588 01d4 43797072 		.ascii	"Cypress\\synth-wavetable.cydsn\000"
 588      6573735C 
 588      73796E74 
 588      682D7761 
 588      76657461 
 589              	.LASF0:
 590 01f2 7369676E 		.ascii	"signed char\000"
 590      65642063 
 590      68617200 
 591              	.LASF16:
 592 01fe 4932535F 		.ascii	"I2S_RestoreConfig\000"
 592      52657374 
 592      6F726543 
 592      6F6E6669 
 592      6700
 593              	.LASF18:
 594 0210 4932535F 		.ascii	"I2S_Wakeup\000"
 594      57616B65 
 594      757000
 595              		.ident	"GCC: (GNU Tools for ARM Embedded Processors) 5.4.1 20160609 (release) [ARM/embedded-5-bran
