ARM GAS  C:\Users\psmus\AppData\Local\Temp\ccU60KIc.s 			page 1


   1              		.syntax unified
   2              		.cpu cortex-m0
   3              		.fpu softvfp
   4              		.eabi_attribute 20, 1
   5              		.eabi_attribute 21, 1
   6              		.eabi_attribute 23, 3
   7              		.eabi_attribute 24, 1
   8              		.eabi_attribute 25, 1
   9              		.eabi_attribute 26, 1
  10              		.eabi_attribute 30, 1
  11              		.eabi_attribute 34, 0
  12              		.eabi_attribute 18, 4
  13              		.thumb
  14              		.syntax unified
  15              		.file	"SPI_SPI_UART_INT.c"
  16              		.text
  17              	.Ltext0:
  18              		.cfi_sections	.debug_frame
  19              		.section	.text.SPI_SPI_UART_ISR,"ax",%progbits
  20              		.align	2
  21              		.global	SPI_SPI_UART_ISR
  22              		.code	16
  23              		.thumb_func
  24              		.type	SPI_SPI_UART_ISR, %function
  25              	SPI_SPI_UART_ISR:
  26              	.LFB1:
  27              		.file 1 "Generated_Source\\PSoC4\\SPI_SPI_UART_INT.c"
   1:Generated_Source\PSoC4/SPI_SPI_UART_INT.c **** /***************************************************************************//**
   2:Generated_Source\PSoC4/SPI_SPI_UART_INT.c **** * \file SPI_SPI_UART_INT.c
   3:Generated_Source\PSoC4/SPI_SPI_UART_INT.c **** * \version 4.0
   4:Generated_Source\PSoC4/SPI_SPI_UART_INT.c **** *
   5:Generated_Source\PSoC4/SPI_SPI_UART_INT.c **** * \brief
   6:Generated_Source\PSoC4/SPI_SPI_UART_INT.c **** *  This file provides the source code to the Interrupt Service Routine for
   7:Generated_Source\PSoC4/SPI_SPI_UART_INT.c **** *  the SCB Component in SPI and UART modes.
   8:Generated_Source\PSoC4/SPI_SPI_UART_INT.c **** *
   9:Generated_Source\PSoC4/SPI_SPI_UART_INT.c **** * Note:
  10:Generated_Source\PSoC4/SPI_SPI_UART_INT.c **** *
  11:Generated_Source\PSoC4/SPI_SPI_UART_INT.c **** ********************************************************************************
  12:Generated_Source\PSoC4/SPI_SPI_UART_INT.c **** * \copyright
  13:Generated_Source\PSoC4/SPI_SPI_UART_INT.c **** * Copyright 2013-2017, Cypress Semiconductor Corporation.  All rights reserved.
  14:Generated_Source\PSoC4/SPI_SPI_UART_INT.c **** * You may use this file only in accordance with the license, terms, conditions,
  15:Generated_Source\PSoC4/SPI_SPI_UART_INT.c **** * disclaimers, and limitations in the end user license agreement accompanying
  16:Generated_Source\PSoC4/SPI_SPI_UART_INT.c **** * the software package with which this file was provided.
  17:Generated_Source\PSoC4/SPI_SPI_UART_INT.c **** *******************************************************************************/
  18:Generated_Source\PSoC4/SPI_SPI_UART_INT.c **** 
  19:Generated_Source\PSoC4/SPI_SPI_UART_INT.c **** #include "SPI_PVT.h"
  20:Generated_Source\PSoC4/SPI_SPI_UART_INT.c **** #include "SPI_SPI_UART_PVT.h"
  21:Generated_Source\PSoC4/SPI_SPI_UART_INT.c **** #include "cyapicallbacks.h"
  22:Generated_Source\PSoC4/SPI_SPI_UART_INT.c **** 
  23:Generated_Source\PSoC4/SPI_SPI_UART_INT.c **** #if (SPI_SCB_IRQ_INTERNAL)
  24:Generated_Source\PSoC4/SPI_SPI_UART_INT.c **** /*******************************************************************************
  25:Generated_Source\PSoC4/SPI_SPI_UART_INT.c **** * Function Name: SPI_SPI_UART_ISR
  26:Generated_Source\PSoC4/SPI_SPI_UART_INT.c **** ****************************************************************************//**
  27:Generated_Source\PSoC4/SPI_SPI_UART_INT.c **** *
  28:Generated_Source\PSoC4/SPI_SPI_UART_INT.c **** *  Handles the Interrupt Service Routine for the SCB SPI or UART modes.
  29:Generated_Source\PSoC4/SPI_SPI_UART_INT.c **** *
  30:Generated_Source\PSoC4/SPI_SPI_UART_INT.c **** *******************************************************************************/
ARM GAS  C:\Users\psmus\AppData\Local\Temp\ccU60KIc.s 			page 2


  31:Generated_Source\PSoC4/SPI_SPI_UART_INT.c **** CY_ISR(SPI_SPI_UART_ISR)
  32:Generated_Source\PSoC4/SPI_SPI_UART_INT.c **** {
  28              		.loc 1 32 0
  29              		.cfi_startproc
  30              		@ args = 0, pretend = 0, frame = 0
  31              		@ frame_needed = 0, uses_anonymous_args = 0
  32 0000 10B5     		push	{r4, lr}
  33              		.cfi_def_cfa_offset 8
  34              		.cfi_offset 4, -8
  35              		.cfi_offset 14, -4
  33:Generated_Source\PSoC4/SPI_SPI_UART_INT.c **** #if (SPI_INTERNAL_RX_SW_BUFFER_CONST)
  34:Generated_Source\PSoC4/SPI_SPI_UART_INT.c ****     uint32 locHead;
  35:Generated_Source\PSoC4/SPI_SPI_UART_INT.c **** #endif /* (SPI_INTERNAL_RX_SW_BUFFER_CONST) */
  36:Generated_Source\PSoC4/SPI_SPI_UART_INT.c **** 
  37:Generated_Source\PSoC4/SPI_SPI_UART_INT.c **** #if (SPI_INTERNAL_TX_SW_BUFFER_CONST)
  38:Generated_Source\PSoC4/SPI_SPI_UART_INT.c ****     uint32 locTail;
  39:Generated_Source\PSoC4/SPI_SPI_UART_INT.c **** #endif /* (SPI_INTERNAL_TX_SW_BUFFER_CONST) */
  40:Generated_Source\PSoC4/SPI_SPI_UART_INT.c **** 
  41:Generated_Source\PSoC4/SPI_SPI_UART_INT.c **** #ifdef SPI_SPI_UART_ISR_ENTRY_CALLBACK
  42:Generated_Source\PSoC4/SPI_SPI_UART_INT.c ****     SPI_SPI_UART_ISR_EntryCallback();
  43:Generated_Source\PSoC4/SPI_SPI_UART_INT.c **** #endif /* SPI_SPI_UART_ISR_ENTRY_CALLBACK */
  44:Generated_Source\PSoC4/SPI_SPI_UART_INT.c **** 
  45:Generated_Source\PSoC4/SPI_SPI_UART_INT.c ****     if (NULL != SPI_customIntrHandler)
  36              		.loc 1 45 0
  37 0002 034B     		ldr	r3, .L3
  38 0004 1B68     		ldr	r3, [r3]
  39 0006 002B     		cmp	r3, #0
  40 0008 00D0     		beq	.L1
  46:Generated_Source\PSoC4/SPI_SPI_UART_INT.c ****     {
  47:Generated_Source\PSoC4/SPI_SPI_UART_INT.c ****         SPI_customIntrHandler();
  41              		.loc 1 47 0
  42 000a 9847     		blx	r3
  43              	.LVL0:
  44              	.L1:
  48:Generated_Source\PSoC4/SPI_SPI_UART_INT.c ****     }
  49:Generated_Source\PSoC4/SPI_SPI_UART_INT.c **** 
  50:Generated_Source\PSoC4/SPI_SPI_UART_INT.c ****     #if(SPI_CHECK_SPI_WAKE_ENABLE)
  51:Generated_Source\PSoC4/SPI_SPI_UART_INT.c ****     {
  52:Generated_Source\PSoC4/SPI_SPI_UART_INT.c ****         /* Clear SPI wakeup source */
  53:Generated_Source\PSoC4/SPI_SPI_UART_INT.c ****         SPI_ClearSpiExtClkInterruptSource(SPI_INTR_SPI_EC_WAKE_UP);
  54:Generated_Source\PSoC4/SPI_SPI_UART_INT.c ****     }
  55:Generated_Source\PSoC4/SPI_SPI_UART_INT.c ****     #endif
  56:Generated_Source\PSoC4/SPI_SPI_UART_INT.c **** 
  57:Generated_Source\PSoC4/SPI_SPI_UART_INT.c ****     #if (SPI_CHECK_RX_SW_BUFFER)
  58:Generated_Source\PSoC4/SPI_SPI_UART_INT.c ****     {
  59:Generated_Source\PSoC4/SPI_SPI_UART_INT.c ****         if (SPI_CHECK_INTR_RX_MASKED(SPI_INTR_RX_NOT_EMPTY))
  60:Generated_Source\PSoC4/SPI_SPI_UART_INT.c ****         {
  61:Generated_Source\PSoC4/SPI_SPI_UART_INT.c ****             do
  62:Generated_Source\PSoC4/SPI_SPI_UART_INT.c ****             {
  63:Generated_Source\PSoC4/SPI_SPI_UART_INT.c ****                 /* Move local head index */
  64:Generated_Source\PSoC4/SPI_SPI_UART_INT.c ****                 locHead = (SPI_rxBufferHead + 1u);
  65:Generated_Source\PSoC4/SPI_SPI_UART_INT.c **** 
  66:Generated_Source\PSoC4/SPI_SPI_UART_INT.c ****                 /* Adjust local head index */
  67:Generated_Source\PSoC4/SPI_SPI_UART_INT.c ****                 if (SPI_INTERNAL_RX_BUFFER_SIZE == locHead)
  68:Generated_Source\PSoC4/SPI_SPI_UART_INT.c ****                 {
  69:Generated_Source\PSoC4/SPI_SPI_UART_INT.c ****                     locHead = 0u;
  70:Generated_Source\PSoC4/SPI_SPI_UART_INT.c ****                 }
ARM GAS  C:\Users\psmus\AppData\Local\Temp\ccU60KIc.s 			page 3


  71:Generated_Source\PSoC4/SPI_SPI_UART_INT.c **** 
  72:Generated_Source\PSoC4/SPI_SPI_UART_INT.c ****                 if (locHead == SPI_rxBufferTail)
  73:Generated_Source\PSoC4/SPI_SPI_UART_INT.c ****                 {
  74:Generated_Source\PSoC4/SPI_SPI_UART_INT.c ****                     #if (SPI_CHECK_UART_RTS_CONTROL_FLOW)
  75:Generated_Source\PSoC4/SPI_SPI_UART_INT.c ****                     {
  76:Generated_Source\PSoC4/SPI_SPI_UART_INT.c ****                         /* There is no space in the software buffer - disable the
  77:Generated_Source\PSoC4/SPI_SPI_UART_INT.c ****                         * RX Not Empty interrupt source. The data elements are
  78:Generated_Source\PSoC4/SPI_SPI_UART_INT.c ****                         * still being received into the RX FIFO until the RTS signal
  79:Generated_Source\PSoC4/SPI_SPI_UART_INT.c ****                         * stops the transmitter. After the data element is read from the
  80:Generated_Source\PSoC4/SPI_SPI_UART_INT.c ****                         * buffer, the RX Not Empty interrupt source is enabled to
  81:Generated_Source\PSoC4/SPI_SPI_UART_INT.c ****                         * move the next data element in the software buffer.
  82:Generated_Source\PSoC4/SPI_SPI_UART_INT.c ****                         */
  83:Generated_Source\PSoC4/SPI_SPI_UART_INT.c ****                         SPI_INTR_RX_MASK_REG &= ~SPI_INTR_RX_NOT_EMPTY;
  84:Generated_Source\PSoC4/SPI_SPI_UART_INT.c ****                         break;
  85:Generated_Source\PSoC4/SPI_SPI_UART_INT.c ****                     }
  86:Generated_Source\PSoC4/SPI_SPI_UART_INT.c ****                     #else
  87:Generated_Source\PSoC4/SPI_SPI_UART_INT.c ****                     {
  88:Generated_Source\PSoC4/SPI_SPI_UART_INT.c ****                         /* Overflow: through away received data element */
  89:Generated_Source\PSoC4/SPI_SPI_UART_INT.c ****                         (void) SPI_RX_FIFO_RD_REG;
  90:Generated_Source\PSoC4/SPI_SPI_UART_INT.c ****                         SPI_rxBufferOverflow = (uint8) SPI_INTR_RX_OVERFLOW;
  91:Generated_Source\PSoC4/SPI_SPI_UART_INT.c ****                     }
  92:Generated_Source\PSoC4/SPI_SPI_UART_INT.c ****                     #endif
  93:Generated_Source\PSoC4/SPI_SPI_UART_INT.c ****                 }
  94:Generated_Source\PSoC4/SPI_SPI_UART_INT.c ****                 else
  95:Generated_Source\PSoC4/SPI_SPI_UART_INT.c ****                 {
  96:Generated_Source\PSoC4/SPI_SPI_UART_INT.c ****                     /* Store received data */
  97:Generated_Source\PSoC4/SPI_SPI_UART_INT.c ****                     SPI_PutWordInRxBuffer(locHead, SPI_RX_FIFO_RD_REG);
  98:Generated_Source\PSoC4/SPI_SPI_UART_INT.c **** 
  99:Generated_Source\PSoC4/SPI_SPI_UART_INT.c ****                     /* Move head index */
 100:Generated_Source\PSoC4/SPI_SPI_UART_INT.c ****                     SPI_rxBufferHead = locHead;
 101:Generated_Source\PSoC4/SPI_SPI_UART_INT.c ****                 }
 102:Generated_Source\PSoC4/SPI_SPI_UART_INT.c ****             }
 103:Generated_Source\PSoC4/SPI_SPI_UART_INT.c ****             while(0u != SPI_GET_RX_FIFO_ENTRIES);
 104:Generated_Source\PSoC4/SPI_SPI_UART_INT.c **** 
 105:Generated_Source\PSoC4/SPI_SPI_UART_INT.c ****             SPI_ClearRxInterruptSource(SPI_INTR_RX_NOT_EMPTY);
 106:Generated_Source\PSoC4/SPI_SPI_UART_INT.c ****         }
 107:Generated_Source\PSoC4/SPI_SPI_UART_INT.c ****     }
 108:Generated_Source\PSoC4/SPI_SPI_UART_INT.c ****     #endif
 109:Generated_Source\PSoC4/SPI_SPI_UART_INT.c **** 
 110:Generated_Source\PSoC4/SPI_SPI_UART_INT.c **** 
 111:Generated_Source\PSoC4/SPI_SPI_UART_INT.c ****     #if (SPI_CHECK_TX_SW_BUFFER)
 112:Generated_Source\PSoC4/SPI_SPI_UART_INT.c ****     {
 113:Generated_Source\PSoC4/SPI_SPI_UART_INT.c ****         if (SPI_CHECK_INTR_TX_MASKED(SPI_INTR_TX_NOT_FULL))
 114:Generated_Source\PSoC4/SPI_SPI_UART_INT.c ****         {
 115:Generated_Source\PSoC4/SPI_SPI_UART_INT.c ****             do
 116:Generated_Source\PSoC4/SPI_SPI_UART_INT.c ****             {
 117:Generated_Source\PSoC4/SPI_SPI_UART_INT.c ****                 /* Check for room in TX software buffer */
 118:Generated_Source\PSoC4/SPI_SPI_UART_INT.c ****                 if (SPI_txBufferHead != SPI_txBufferTail)
 119:Generated_Source\PSoC4/SPI_SPI_UART_INT.c ****                 {
 120:Generated_Source\PSoC4/SPI_SPI_UART_INT.c ****                     /* Move local tail index */
 121:Generated_Source\PSoC4/SPI_SPI_UART_INT.c ****                     locTail = (SPI_txBufferTail + 1u);
 122:Generated_Source\PSoC4/SPI_SPI_UART_INT.c **** 
 123:Generated_Source\PSoC4/SPI_SPI_UART_INT.c ****                     /* Adjust local tail index */
 124:Generated_Source\PSoC4/SPI_SPI_UART_INT.c ****                     if (SPI_TX_BUFFER_SIZE == locTail)
 125:Generated_Source\PSoC4/SPI_SPI_UART_INT.c ****                     {
 126:Generated_Source\PSoC4/SPI_SPI_UART_INT.c ****                         locTail = 0u;
 127:Generated_Source\PSoC4/SPI_SPI_UART_INT.c ****                     }
ARM GAS  C:\Users\psmus\AppData\Local\Temp\ccU60KIc.s 			page 4


 128:Generated_Source\PSoC4/SPI_SPI_UART_INT.c **** 
 129:Generated_Source\PSoC4/SPI_SPI_UART_INT.c ****                     /* Put data into TX FIFO */
 130:Generated_Source\PSoC4/SPI_SPI_UART_INT.c ****                     SPI_TX_FIFO_WR_REG = SPI_GetWordFromTxBuffer(locTail);
 131:Generated_Source\PSoC4/SPI_SPI_UART_INT.c **** 
 132:Generated_Source\PSoC4/SPI_SPI_UART_INT.c ****                     /* Move tail index */
 133:Generated_Source\PSoC4/SPI_SPI_UART_INT.c ****                     SPI_txBufferTail = locTail;
 134:Generated_Source\PSoC4/SPI_SPI_UART_INT.c ****                 }
 135:Generated_Source\PSoC4/SPI_SPI_UART_INT.c ****                 else
 136:Generated_Source\PSoC4/SPI_SPI_UART_INT.c ****                 {
 137:Generated_Source\PSoC4/SPI_SPI_UART_INT.c ****                     /* TX software buffer is empty: complete transfer */
 138:Generated_Source\PSoC4/SPI_SPI_UART_INT.c ****                     SPI_DISABLE_INTR_TX(SPI_INTR_TX_NOT_FULL);
 139:Generated_Source\PSoC4/SPI_SPI_UART_INT.c ****                     break;
 140:Generated_Source\PSoC4/SPI_SPI_UART_INT.c ****                 }
 141:Generated_Source\PSoC4/SPI_SPI_UART_INT.c ****             }
 142:Generated_Source\PSoC4/SPI_SPI_UART_INT.c ****             while (SPI_SPI_UART_FIFO_SIZE != SPI_GET_TX_FIFO_ENTRIES);
 143:Generated_Source\PSoC4/SPI_SPI_UART_INT.c **** 
 144:Generated_Source\PSoC4/SPI_SPI_UART_INT.c ****             SPI_ClearTxInterruptSource(SPI_INTR_TX_NOT_FULL);
 145:Generated_Source\PSoC4/SPI_SPI_UART_INT.c ****         }
 146:Generated_Source\PSoC4/SPI_SPI_UART_INT.c ****     }
 147:Generated_Source\PSoC4/SPI_SPI_UART_INT.c ****     #endif
 148:Generated_Source\PSoC4/SPI_SPI_UART_INT.c **** 
 149:Generated_Source\PSoC4/SPI_SPI_UART_INT.c **** #ifdef SPI_SPI_UART_ISR_EXIT_CALLBACK
 150:Generated_Source\PSoC4/SPI_SPI_UART_INT.c ****     SPI_SPI_UART_ISR_ExitCallback();
 151:Generated_Source\PSoC4/SPI_SPI_UART_INT.c **** #endif /* SPI_SPI_UART_ISR_EXIT_CALLBACK */
 152:Generated_Source\PSoC4/SPI_SPI_UART_INT.c **** 
 153:Generated_Source\PSoC4/SPI_SPI_UART_INT.c **** }
  45              		.loc 1 153 0
  46              		@ sp needed
  47 000c 10BD     		pop	{r4, pc}
  48              	.L4:
  49 000e C046     		.align	2
  50              	.L3:
  51 0010 00000000 		.word	SPI_customIntrHandler
  52              		.cfi_endproc
  53              	.LFE1:
  54              		.size	SPI_SPI_UART_ISR, .-SPI_SPI_UART_ISR
  55              		.text
  56              	.Letext0:
  57              		.file 2 "Generated_Source\\PSoC4/cytypes.h"
  58              		.file 3 "Generated_Source\\PSoC4\\SPI_PVT.h"
  59              		.section	.debug_info,"",%progbits
  60              	.Ldebug_info0:
  61 0000 BA000000 		.4byte	0xba
  62 0004 0400     		.2byte	0x4
  63 0006 00000000 		.4byte	.Ldebug_abbrev0
  64 000a 04       		.byte	0x4
  65 000b 01       		.uleb128 0x1
  66 000c CB000000 		.4byte	.LASF14
  67 0010 0C       		.byte	0xc
  68 0011 A1000000 		.4byte	.LASF15
  69 0015 84010000 		.4byte	.LASF16
  70 0019 00000000 		.4byte	.Ldebug_ranges0+0
  71 001d 00000000 		.4byte	0
  72 0021 00000000 		.4byte	.Ldebug_line0
  73 0025 02       		.uleb128 0x2
  74 0026 01       		.byte	0x1
  75 0027 06       		.byte	0x6
ARM GAS  C:\Users\psmus\AppData\Local\Temp\ccU60KIc.s 			page 5


  76 0028 6C010000 		.4byte	.LASF0
  77 002c 02       		.uleb128 0x2
  78 002d 01       		.byte	0x1
  79 002e 08       		.byte	0x8
  80 002f 71000000 		.4byte	.LASF1
  81 0033 02       		.uleb128 0x2
  82 0034 02       		.byte	0x2
  83 0035 05       		.byte	0x5
  84 0036 D0010000 		.4byte	.LASF2
  85 003a 02       		.uleb128 0x2
  86 003b 02       		.byte	0x2
  87 003c 07       		.byte	0x7
  88 003d 59010000 		.4byte	.LASF3
  89 0041 02       		.uleb128 0x2
  90 0042 04       		.byte	0x4
  91 0043 05       		.byte	0x5
  92 0044 84000000 		.4byte	.LASF4
  93 0048 02       		.uleb128 0x2
  94 0049 04       		.byte	0x4
  95 004a 07       		.byte	0x7
  96 004b 2C000000 		.4byte	.LASF5
  97 004f 02       		.uleb128 0x2
  98 0050 08       		.byte	0x8
  99 0051 05       		.byte	0x5
 100 0052 00000000 		.4byte	.LASF6
 101 0056 02       		.uleb128 0x2
 102 0057 08       		.byte	0x8
 103 0058 07       		.byte	0x7
 104 0059 3E000000 		.4byte	.LASF7
 105 005d 03       		.uleb128 0x3
 106 005e 04       		.byte	0x4
 107 005f 05       		.byte	0x5
 108 0060 696E7400 		.ascii	"int\000"
 109 0064 02       		.uleb128 0x2
 110 0065 04       		.byte	0x4
 111 0066 07       		.byte	0x7
 112 0067 0E000000 		.4byte	.LASF8
 113 006b 02       		.uleb128 0x2
 114 006c 04       		.byte	0x4
 115 006d 04       		.byte	0x4
 116 006e 55000000 		.4byte	.LASF9
 117 0072 02       		.uleb128 0x2
 118 0073 08       		.byte	0x8
 119 0074 04       		.byte	0x4
 120 0075 9A000000 		.4byte	.LASF10
 121 0079 02       		.uleb128 0x2
 122 007a 01       		.byte	0x1
 123 007b 08       		.byte	0x8
 124 007c 7F000000 		.4byte	.LASF11
 125 0080 04       		.uleb128 0x4
 126 0081 8D000000 		.4byte	.LASF17
 127 0085 02       		.byte	0x2
 128 0086 A002     		.2byte	0x2a0
 129 0088 8C000000 		.4byte	0x8c
 130 008c 05       		.uleb128 0x5
 131 008d 04       		.byte	0x4
 132 008e 92000000 		.4byte	0x92
ARM GAS  C:\Users\psmus\AppData\Local\Temp\ccU60KIc.s 			page 6


 133 0092 06       		.uleb128 0x6
 134 0093 02       		.uleb128 0x2
 135 0094 08       		.byte	0x8
 136 0095 04       		.byte	0x4
 137 0096 78010000 		.4byte	.LASF12
 138 009a 02       		.uleb128 0x2
 139 009b 04       		.byte	0x4
 140 009c 07       		.byte	0x7
 141 009d DA010000 		.4byte	.LASF13
 142 00a1 07       		.uleb128 0x7
 143 00a2 1B000000 		.4byte	.LASF18
 144 00a6 01       		.byte	0x1
 145 00a7 1F       		.byte	0x1f
 146 00a8 00000000 		.4byte	.LFB1
 147 00ac 14000000 		.4byte	.LFE1-.LFB1
 148 00b0 01       		.uleb128 0x1
 149 00b1 9C       		.byte	0x9c
 150 00b2 08       		.uleb128 0x8
 151 00b3 5B000000 		.4byte	.LASF19
 152 00b7 03       		.byte	0x3
 153 00b8 3B       		.byte	0x3b
 154 00b9 80000000 		.4byte	0x80
 155 00bd 00       		.byte	0
 156              		.section	.debug_abbrev,"",%progbits
 157              	.Ldebug_abbrev0:
 158 0000 01       		.uleb128 0x1
 159 0001 11       		.uleb128 0x11
 160 0002 01       		.byte	0x1
 161 0003 25       		.uleb128 0x25
 162 0004 0E       		.uleb128 0xe
 163 0005 13       		.uleb128 0x13
 164 0006 0B       		.uleb128 0xb
 165 0007 03       		.uleb128 0x3
 166 0008 0E       		.uleb128 0xe
 167 0009 1B       		.uleb128 0x1b
 168 000a 0E       		.uleb128 0xe
 169 000b 55       		.uleb128 0x55
 170 000c 17       		.uleb128 0x17
 171 000d 11       		.uleb128 0x11
 172 000e 01       		.uleb128 0x1
 173 000f 10       		.uleb128 0x10
 174 0010 17       		.uleb128 0x17
 175 0011 00       		.byte	0
 176 0012 00       		.byte	0
 177 0013 02       		.uleb128 0x2
 178 0014 24       		.uleb128 0x24
 179 0015 00       		.byte	0
 180 0016 0B       		.uleb128 0xb
 181 0017 0B       		.uleb128 0xb
 182 0018 3E       		.uleb128 0x3e
 183 0019 0B       		.uleb128 0xb
 184 001a 03       		.uleb128 0x3
 185 001b 0E       		.uleb128 0xe
 186 001c 00       		.byte	0
 187 001d 00       		.byte	0
 188 001e 03       		.uleb128 0x3
 189 001f 24       		.uleb128 0x24
ARM GAS  C:\Users\psmus\AppData\Local\Temp\ccU60KIc.s 			page 7


 190 0020 00       		.byte	0
 191 0021 0B       		.uleb128 0xb
 192 0022 0B       		.uleb128 0xb
 193 0023 3E       		.uleb128 0x3e
 194 0024 0B       		.uleb128 0xb
 195 0025 03       		.uleb128 0x3
 196 0026 08       		.uleb128 0x8
 197 0027 00       		.byte	0
 198 0028 00       		.byte	0
 199 0029 04       		.uleb128 0x4
 200 002a 16       		.uleb128 0x16
 201 002b 00       		.byte	0
 202 002c 03       		.uleb128 0x3
 203 002d 0E       		.uleb128 0xe
 204 002e 3A       		.uleb128 0x3a
 205 002f 0B       		.uleb128 0xb
 206 0030 3B       		.uleb128 0x3b
 207 0031 05       		.uleb128 0x5
 208 0032 49       		.uleb128 0x49
 209 0033 13       		.uleb128 0x13
 210 0034 00       		.byte	0
 211 0035 00       		.byte	0
 212 0036 05       		.uleb128 0x5
 213 0037 0F       		.uleb128 0xf
 214 0038 00       		.byte	0
 215 0039 0B       		.uleb128 0xb
 216 003a 0B       		.uleb128 0xb
 217 003b 49       		.uleb128 0x49
 218 003c 13       		.uleb128 0x13
 219 003d 00       		.byte	0
 220 003e 00       		.byte	0
 221 003f 06       		.uleb128 0x6
 222 0040 15       		.uleb128 0x15
 223 0041 00       		.byte	0
 224 0042 27       		.uleb128 0x27
 225 0043 19       		.uleb128 0x19
 226 0044 00       		.byte	0
 227 0045 00       		.byte	0
 228 0046 07       		.uleb128 0x7
 229 0047 2E       		.uleb128 0x2e
 230 0048 00       		.byte	0
 231 0049 3F       		.uleb128 0x3f
 232 004a 19       		.uleb128 0x19
 233 004b 03       		.uleb128 0x3
 234 004c 0E       		.uleb128 0xe
 235 004d 3A       		.uleb128 0x3a
 236 004e 0B       		.uleb128 0xb
 237 004f 3B       		.uleb128 0x3b
 238 0050 0B       		.uleb128 0xb
 239 0051 27       		.uleb128 0x27
 240 0052 19       		.uleb128 0x19
 241 0053 11       		.uleb128 0x11
 242 0054 01       		.uleb128 0x1
 243 0055 12       		.uleb128 0x12
 244 0056 06       		.uleb128 0x6
 245 0057 40       		.uleb128 0x40
 246 0058 18       		.uleb128 0x18
ARM GAS  C:\Users\psmus\AppData\Local\Temp\ccU60KIc.s 			page 8


 247 0059 9642     		.uleb128 0x2116
 248 005b 19       		.uleb128 0x19
 249 005c 00       		.byte	0
 250 005d 00       		.byte	0
 251 005e 08       		.uleb128 0x8
 252 005f 34       		.uleb128 0x34
 253 0060 00       		.byte	0
 254 0061 03       		.uleb128 0x3
 255 0062 0E       		.uleb128 0xe
 256 0063 3A       		.uleb128 0x3a
 257 0064 0B       		.uleb128 0xb
 258 0065 3B       		.uleb128 0x3b
 259 0066 0B       		.uleb128 0xb
 260 0067 49       		.uleb128 0x49
 261 0068 13       		.uleb128 0x13
 262 0069 3F       		.uleb128 0x3f
 263 006a 19       		.uleb128 0x19
 264 006b 3C       		.uleb128 0x3c
 265 006c 19       		.uleb128 0x19
 266 006d 00       		.byte	0
 267 006e 00       		.byte	0
 268 006f 00       		.byte	0
 269              		.section	.debug_aranges,"",%progbits
 270 0000 1C000000 		.4byte	0x1c
 271 0004 0200     		.2byte	0x2
 272 0006 00000000 		.4byte	.Ldebug_info0
 273 000a 04       		.byte	0x4
 274 000b 00       		.byte	0
 275 000c 0000     		.2byte	0
 276 000e 0000     		.2byte	0
 277 0010 00000000 		.4byte	.LFB1
 278 0014 14000000 		.4byte	.LFE1-.LFB1
 279 0018 00000000 		.4byte	0
 280 001c 00000000 		.4byte	0
 281              		.section	.debug_ranges,"",%progbits
 282              	.Ldebug_ranges0:
 283 0000 00000000 		.4byte	.LFB1
 284 0004 14000000 		.4byte	.LFE1
 285 0008 00000000 		.4byte	0
 286 000c 00000000 		.4byte	0
 287              		.section	.debug_line,"",%progbits
 288              	.Ldebug_line0:
 289 0000 77000000 		.section	.debug_str,"MS",%progbits,1
 289      02005A00 
 289      00000201 
 289      FB0E0D00 
 289      01010101 
 290              	.LASF6:
 291 0000 6C6F6E67 		.ascii	"long long int\000"
 291      206C6F6E 
 291      6720696E 
 291      7400
 292              	.LASF8:
 293 000e 756E7369 		.ascii	"unsigned int\000"
 293      676E6564 
 293      20696E74 
 293      00
ARM GAS  C:\Users\psmus\AppData\Local\Temp\ccU60KIc.s 			page 9


 294              	.LASF18:
 295 001b 5350495F 		.ascii	"SPI_SPI_UART_ISR\000"
 295      5350495F 
 295      55415254 
 295      5F495352 
 295      00
 296              	.LASF5:
 297 002c 6C6F6E67 		.ascii	"long unsigned int\000"
 297      20756E73 
 297      69676E65 
 297      6420696E 
 297      7400
 298              	.LASF7:
 299 003e 6C6F6E67 		.ascii	"long long unsigned int\000"
 299      206C6F6E 
 299      6720756E 
 299      7369676E 
 299      65642069 
 300              	.LASF9:
 301 0055 666C6F61 		.ascii	"float\000"
 301      7400
 302              	.LASF19:
 303 005b 5350495F 		.ascii	"SPI_customIntrHandler\000"
 303      63757374 
 303      6F6D496E 
 303      74724861 
 303      6E646C65 
 304              	.LASF1:
 305 0071 756E7369 		.ascii	"unsigned char\000"
 305      676E6564 
 305      20636861 
 305      7200
 306              	.LASF11:
 307 007f 63686172 		.ascii	"char\000"
 307      00
 308              	.LASF4:
 309 0084 6C6F6E67 		.ascii	"long int\000"
 309      20696E74 
 309      00
 310              	.LASF17:
 311 008d 63796973 		.ascii	"cyisraddress\000"
 311      72616464 
 311      72657373 
 311      00
 312              	.LASF10:
 313 009a 646F7562 		.ascii	"double\000"
 313      6C6500
 314              	.LASF15:
 315 00a1 47656E65 		.ascii	"Generated_Source\\PSoC4\\SPI_SPI_UART_INT.c\000"
 315      72617465 
 315      645F536F 
 315      75726365 
 315      5C50536F 
 316              	.LASF14:
 317 00cb 474E5520 		.ascii	"GNU C11 5.4.1 20160609 (release) [ARM/embedded-5-br"
 317      43313120 
 317      352E342E 
ARM GAS  C:\Users\psmus\AppData\Local\Temp\ccU60KIc.s 			page 10


 317      31203230 
 317      31363036 
 318 00fe 616E6368 		.ascii	"anch revision 237715] -mcpu=cortex-m0 -mthumb -g -O"
 318      20726576 
 318      6973696F 
 318      6E203233 
 318      37373135 
 319 0131 67202D66 		.ascii	"g -ffunction-sections -ffat-lto-objects\000"
 319      66756E63 
 319      74696F6E 
 319      2D736563 
 319      74696F6E 
 320              	.LASF3:
 321 0159 73686F72 		.ascii	"short unsigned int\000"
 321      7420756E 
 321      7369676E 
 321      65642069 
 321      6E7400
 322              	.LASF0:
 323 016c 7369676E 		.ascii	"signed char\000"
 323      65642063 
 323      68617200 
 324              	.LASF12:
 325 0178 6C6F6E67 		.ascii	"long double\000"
 325      20646F75 
 325      626C6500 
 326              	.LASF16:
 327 0184 453A5C44 		.ascii	"E:\\Documents\\Engineering\\Code\\synth-wavetable\\"
 327      6F63756D 
 327      656E7473 
 327      5C456E67 
 327      696E6565 
 328 01b2 43797072 		.ascii	"Cypress\\synth-wavetable.cydsn\000"
 328      6573735C 
 328      73796E74 
 328      682D7761 
 328      76657461 
 329              	.LASF2:
 330 01d0 73686F72 		.ascii	"short int\000"
 330      7420696E 
 330      7400
 331              	.LASF13:
 332 01da 73697A65 		.ascii	"sizetype\000"
 332      74797065 
 332      00
 333              		.ident	"GCC: (GNU Tools for ARM Embedded Processors) 5.4.1 20160609 (release) [ARM/embedded-5-bran
