ARM GAS  C:\Users\psmus\AppData\Local\Temp\ccgM3AvQ.s 			page 1


   1              		.syntax unified
   2              		.cpu cortex-m0
   3              		.fpu softvfp
   4              		.eabi_attribute 20, 1
   5              		.eabi_attribute 21, 1
   6              		.eabi_attribute 23, 3
   7              		.eabi_attribute 24, 1
   8              		.eabi_attribute 25, 1
   9              		.eabi_attribute 26, 1
  10              		.eabi_attribute 30, 1
  11              		.eabi_attribute 34, 0
  12              		.eabi_attribute 18, 4
  13              		.thumb
  14              		.syntax unified
  15              		.file	"SPI_SPI.c"
  16              		.text
  17              	.Ltext0:
  18              		.cfi_sections	.debug_frame
  19              		.section	.text.SPI_SpiPostEnable,"ax",%progbits
  20              		.align	2
  21              		.global	SPI_SpiPostEnable
  22              		.code	16
  23              		.thumb_func
  24              		.type	SPI_SpiPostEnable, %function
  25              	SPI_SpiPostEnable:
  26              	.LFB2:
  27              		.file 1 "Generated_Source\\PSoC4\\SPI_SPI.c"
   1:Generated_Source\PSoC4/SPI_SPI.c **** /***************************************************************************//**
   2:Generated_Source\PSoC4/SPI_SPI.c **** * \file SPI_SPI.c
   3:Generated_Source\PSoC4/SPI_SPI.c **** * \version 4.0
   4:Generated_Source\PSoC4/SPI_SPI.c **** *
   5:Generated_Source\PSoC4/SPI_SPI.c **** * \brief
   6:Generated_Source\PSoC4/SPI_SPI.c **** *  This file provides the source code to the API for the SCB Component in
   7:Generated_Source\PSoC4/SPI_SPI.c **** *  SPI mode.
   8:Generated_Source\PSoC4/SPI_SPI.c **** *
   9:Generated_Source\PSoC4/SPI_SPI.c **** * Note:
  10:Generated_Source\PSoC4/SPI_SPI.c **** *
  11:Generated_Source\PSoC4/SPI_SPI.c **** *******************************************************************************
  12:Generated_Source\PSoC4/SPI_SPI.c **** * \copyright
  13:Generated_Source\PSoC4/SPI_SPI.c **** * Copyright 2013-2017, Cypress Semiconductor Corporation.  All rights reserved.
  14:Generated_Source\PSoC4/SPI_SPI.c **** * You may use this file only in accordance with the license, terms, conditions,
  15:Generated_Source\PSoC4/SPI_SPI.c **** * disclaimers, and limitations in the end user license agreement accompanying
  16:Generated_Source\PSoC4/SPI_SPI.c **** * the software package with which this file was provided.
  17:Generated_Source\PSoC4/SPI_SPI.c **** *******************************************************************************/
  18:Generated_Source\PSoC4/SPI_SPI.c **** 
  19:Generated_Source\PSoC4/SPI_SPI.c **** #include "SPI_PVT.h"
  20:Generated_Source\PSoC4/SPI_SPI.c **** #include "SPI_SPI_UART_PVT.h"
  21:Generated_Source\PSoC4/SPI_SPI.c **** 
  22:Generated_Source\PSoC4/SPI_SPI.c **** #if(SPI_SCB_MODE_UNCONFIG_CONST_CFG)
  23:Generated_Source\PSoC4/SPI_SPI.c **** 
  24:Generated_Source\PSoC4/SPI_SPI.c ****     /***************************************
  25:Generated_Source\PSoC4/SPI_SPI.c ****     *  Configuration Structure Initialization
  26:Generated_Source\PSoC4/SPI_SPI.c ****     ***************************************/
  27:Generated_Source\PSoC4/SPI_SPI.c **** 
  28:Generated_Source\PSoC4/SPI_SPI.c ****     const SPI_SPI_INIT_STRUCT SPI_configSpi =
  29:Generated_Source\PSoC4/SPI_SPI.c ****     {
  30:Generated_Source\PSoC4/SPI_SPI.c ****         SPI_SPI_MODE,
ARM GAS  C:\Users\psmus\AppData\Local\Temp\ccgM3AvQ.s 			page 2


  31:Generated_Source\PSoC4/SPI_SPI.c ****         SPI_SPI_SUB_MODE,
  32:Generated_Source\PSoC4/SPI_SPI.c ****         SPI_SPI_CLOCK_MODE,
  33:Generated_Source\PSoC4/SPI_SPI.c ****         SPI_SPI_OVS_FACTOR,
  34:Generated_Source\PSoC4/SPI_SPI.c ****         SPI_SPI_MEDIAN_FILTER_ENABLE,
  35:Generated_Source\PSoC4/SPI_SPI.c ****         SPI_SPI_LATE_MISO_SAMPLE_ENABLE,
  36:Generated_Source\PSoC4/SPI_SPI.c ****         SPI_SPI_WAKE_ENABLE,
  37:Generated_Source\PSoC4/SPI_SPI.c ****         SPI_SPI_RX_DATA_BITS_NUM,
  38:Generated_Source\PSoC4/SPI_SPI.c ****         SPI_SPI_TX_DATA_BITS_NUM,
  39:Generated_Source\PSoC4/SPI_SPI.c ****         SPI_SPI_BITS_ORDER,
  40:Generated_Source\PSoC4/SPI_SPI.c ****         SPI_SPI_TRANSFER_SEPARATION,
  41:Generated_Source\PSoC4/SPI_SPI.c ****         0u,
  42:Generated_Source\PSoC4/SPI_SPI.c ****         NULL,
  43:Generated_Source\PSoC4/SPI_SPI.c ****         0u,
  44:Generated_Source\PSoC4/SPI_SPI.c ****         NULL,
  45:Generated_Source\PSoC4/SPI_SPI.c ****         (uint32) SPI_SCB_IRQ_INTERNAL,
  46:Generated_Source\PSoC4/SPI_SPI.c ****         SPI_SPI_INTR_RX_MASK,
  47:Generated_Source\PSoC4/SPI_SPI.c ****         SPI_SPI_RX_TRIGGER_LEVEL,
  48:Generated_Source\PSoC4/SPI_SPI.c ****         SPI_SPI_INTR_TX_MASK,
  49:Generated_Source\PSoC4/SPI_SPI.c ****         SPI_SPI_TX_TRIGGER_LEVEL,
  50:Generated_Source\PSoC4/SPI_SPI.c ****         (uint8) SPI_SPI_BYTE_MODE_ENABLE,
  51:Generated_Source\PSoC4/SPI_SPI.c ****         (uint8) SPI_SPI_FREE_RUN_SCLK_ENABLE,
  52:Generated_Source\PSoC4/SPI_SPI.c ****         (uint8) SPI_SPI_SS_POLARITY
  53:Generated_Source\PSoC4/SPI_SPI.c ****     };
  54:Generated_Source\PSoC4/SPI_SPI.c **** 
  55:Generated_Source\PSoC4/SPI_SPI.c **** 
  56:Generated_Source\PSoC4/SPI_SPI.c ****     /*******************************************************************************
  57:Generated_Source\PSoC4/SPI_SPI.c ****     * Function Name: SPI_SpiInit
  58:Generated_Source\PSoC4/SPI_SPI.c ****     ****************************************************************************//**
  59:Generated_Source\PSoC4/SPI_SPI.c ****     *
  60:Generated_Source\PSoC4/SPI_SPI.c ****     *  Configures the SPI for SPI operation.
  61:Generated_Source\PSoC4/SPI_SPI.c ****     *
  62:Generated_Source\PSoC4/SPI_SPI.c ****     *  This function is intended specifically to be used when the SPI 
  63:Generated_Source\PSoC4/SPI_SPI.c ****     *  configuration is set to “Unconfigured SPI” in the customizer. 
  64:Generated_Source\PSoC4/SPI_SPI.c ****     *  After initializing the SPI in SPI mode using this function, 
  65:Generated_Source\PSoC4/SPI_SPI.c ****     *  the component can be enabled using the SPI_Start() or 
  66:Generated_Source\PSoC4/SPI_SPI.c ****     * SPI_Enable() function.
  67:Generated_Source\PSoC4/SPI_SPI.c ****     *  This function uses a pointer to a structure that provides the configuration 
  68:Generated_Source\PSoC4/SPI_SPI.c ****     *  settings. This structure contains the same information that would otherwise 
  69:Generated_Source\PSoC4/SPI_SPI.c ****     *  be provided by the customizer settings.
  70:Generated_Source\PSoC4/SPI_SPI.c ****     *
  71:Generated_Source\PSoC4/SPI_SPI.c ****     *  \param config: pointer to a structure that contains the following list of 
  72:Generated_Source\PSoC4/SPI_SPI.c ****     *   fields. These fields match the selections available in the customizer. 
  73:Generated_Source\PSoC4/SPI_SPI.c ****     *   Refer to the customizer for further description of the settings.
  74:Generated_Source\PSoC4/SPI_SPI.c ****     *
  75:Generated_Source\PSoC4/SPI_SPI.c ****     *******************************************************************************/
  76:Generated_Source\PSoC4/SPI_SPI.c ****     void SPI_SpiInit(const SPI_SPI_INIT_STRUCT *config)
  77:Generated_Source\PSoC4/SPI_SPI.c ****     {
  78:Generated_Source\PSoC4/SPI_SPI.c ****         if(NULL == config)
  79:Generated_Source\PSoC4/SPI_SPI.c ****         {
  80:Generated_Source\PSoC4/SPI_SPI.c ****             CYASSERT(0u != 0u); /* Halt execution due to bad function parameter */
  81:Generated_Source\PSoC4/SPI_SPI.c ****         }
  82:Generated_Source\PSoC4/SPI_SPI.c ****         else
  83:Generated_Source\PSoC4/SPI_SPI.c ****         {
  84:Generated_Source\PSoC4/SPI_SPI.c ****             /* Configure pins */
  85:Generated_Source\PSoC4/SPI_SPI.c ****             SPI_SetPins(SPI_SCB_MODE_SPI, config->mode, SPI_DUMMY_PARAM);
  86:Generated_Source\PSoC4/SPI_SPI.c **** 
  87:Generated_Source\PSoC4/SPI_SPI.c ****             /* Store internal configuration */
ARM GAS  C:\Users\psmus\AppData\Local\Temp\ccgM3AvQ.s 			page 3


  88:Generated_Source\PSoC4/SPI_SPI.c ****             SPI_scbMode       = (uint8) SPI_SCB_MODE_SPI;
  89:Generated_Source\PSoC4/SPI_SPI.c ****             SPI_scbEnableWake = (uint8) config->enableWake;
  90:Generated_Source\PSoC4/SPI_SPI.c ****             SPI_scbEnableIntr = (uint8) config->enableInterrupt;
  91:Generated_Source\PSoC4/SPI_SPI.c **** 
  92:Generated_Source\PSoC4/SPI_SPI.c ****             /* Set RX direction internal variables */
  93:Generated_Source\PSoC4/SPI_SPI.c ****             SPI_rxBuffer      =         config->rxBuffer;
  94:Generated_Source\PSoC4/SPI_SPI.c ****             SPI_rxDataBits    = (uint8) config->rxDataBits;
  95:Generated_Source\PSoC4/SPI_SPI.c ****             SPI_rxBufferSize  =         config->rxBufferSize;
  96:Generated_Source\PSoC4/SPI_SPI.c **** 
  97:Generated_Source\PSoC4/SPI_SPI.c ****             /* Set TX direction internal variables */
  98:Generated_Source\PSoC4/SPI_SPI.c ****             SPI_txBuffer      =         config->txBuffer;
  99:Generated_Source\PSoC4/SPI_SPI.c ****             SPI_txDataBits    = (uint8) config->txDataBits;
 100:Generated_Source\PSoC4/SPI_SPI.c ****             SPI_txBufferSize  =         config->txBufferSize;
 101:Generated_Source\PSoC4/SPI_SPI.c **** 
 102:Generated_Source\PSoC4/SPI_SPI.c ****             /* Configure SPI interface */
 103:Generated_Source\PSoC4/SPI_SPI.c ****             SPI_CTRL_REG     = SPI_GET_CTRL_OVS(config->oversample)           |
 104:Generated_Source\PSoC4/SPI_SPI.c ****                                             SPI_GET_CTRL_BYTE_MODE(config->enableByteMode) |
 105:Generated_Source\PSoC4/SPI_SPI.c ****                                             SPI_GET_CTRL_EC_AM_MODE(config->enableWake)    |
 106:Generated_Source\PSoC4/SPI_SPI.c ****                                             SPI_CTRL_SPI;
 107:Generated_Source\PSoC4/SPI_SPI.c **** 
 108:Generated_Source\PSoC4/SPI_SPI.c ****             SPI_SPI_CTRL_REG = SPI_GET_SPI_CTRL_CONTINUOUS    (config->transferSeperation)  |
 109:Generated_Source\PSoC4/SPI_SPI.c ****                                             SPI_GET_SPI_CTRL_SELECT_PRECEDE(config->submode &
 110:Generated_Source\PSoC4/SPI_SPI.c ****                                                                           SPI_SPI_MODE_TI_PRECEDES_
 111:Generated_Source\PSoC4/SPI_SPI.c ****                                             SPI_GET_SPI_CTRL_SCLK_MODE     (config->sclkMode)      
 112:Generated_Source\PSoC4/SPI_SPI.c ****                                             SPI_GET_SPI_CTRL_LATE_MISO_SAMPLE(config->enableLateSam
 113:Generated_Source\PSoC4/SPI_SPI.c ****                                             SPI_GET_SPI_CTRL_SCLK_CONTINUOUS(config->enableFreeRunS
 114:Generated_Source\PSoC4/SPI_SPI.c ****                                             SPI_GET_SPI_CTRL_SSEL_POLARITY (config->polaritySs)    
 115:Generated_Source\PSoC4/SPI_SPI.c ****                                             SPI_GET_SPI_CTRL_SUB_MODE      (config->submode)       
 116:Generated_Source\PSoC4/SPI_SPI.c ****                                             SPI_GET_SPI_CTRL_MASTER_MODE   (config->mode);
 117:Generated_Source\PSoC4/SPI_SPI.c **** 
 118:Generated_Source\PSoC4/SPI_SPI.c ****             /* Configure RX direction */
 119:Generated_Source\PSoC4/SPI_SPI.c ****             SPI_RX_CTRL_REG     =  SPI_GET_RX_CTRL_DATA_WIDTH(config->rxDataBits)         |
 120:Generated_Source\PSoC4/SPI_SPI.c ****                                                 SPI_GET_RX_CTRL_BIT_ORDER (config->bitOrder)       
 121:Generated_Source\PSoC4/SPI_SPI.c ****                                                 SPI_GET_RX_CTRL_MEDIAN    (config->enableMedianFilt
 122:Generated_Source\PSoC4/SPI_SPI.c ****                                                 SPI_SPI_RX_CTRL;
 123:Generated_Source\PSoC4/SPI_SPI.c **** 
 124:Generated_Source\PSoC4/SPI_SPI.c ****             SPI_RX_FIFO_CTRL_REG = SPI_GET_RX_FIFO_CTRL_TRIGGER_LEVEL(config->rxTriggerLevel);
 125:Generated_Source\PSoC4/SPI_SPI.c **** 
 126:Generated_Source\PSoC4/SPI_SPI.c ****             /* Configure TX direction */
 127:Generated_Source\PSoC4/SPI_SPI.c ****             SPI_TX_CTRL_REG      = SPI_GET_TX_CTRL_DATA_WIDTH(config->txDataBits) |
 128:Generated_Source\PSoC4/SPI_SPI.c ****                                                 SPI_GET_TX_CTRL_BIT_ORDER (config->bitOrder)   |
 129:Generated_Source\PSoC4/SPI_SPI.c ****                                                 SPI_SPI_TX_CTRL;
 130:Generated_Source\PSoC4/SPI_SPI.c **** 
 131:Generated_Source\PSoC4/SPI_SPI.c ****             SPI_TX_FIFO_CTRL_REG = SPI_GET_TX_FIFO_CTRL_TRIGGER_LEVEL(config->txTriggerLevel);
 132:Generated_Source\PSoC4/SPI_SPI.c **** 
 133:Generated_Source\PSoC4/SPI_SPI.c ****             /* Configure interrupt with SPI handler but do not enable it */
 134:Generated_Source\PSoC4/SPI_SPI.c ****             CyIntDisable    (SPI_ISR_NUMBER);
 135:Generated_Source\PSoC4/SPI_SPI.c ****             CyIntSetPriority(SPI_ISR_NUMBER, SPI_ISR_PRIORITY);
 136:Generated_Source\PSoC4/SPI_SPI.c ****             (void) CyIntSetVector(SPI_ISR_NUMBER, &SPI_SPI_UART_ISR);
 137:Generated_Source\PSoC4/SPI_SPI.c **** 
 138:Generated_Source\PSoC4/SPI_SPI.c ****             /* Configure interrupt sources */
 139:Generated_Source\PSoC4/SPI_SPI.c ****             SPI_INTR_I2C_EC_MASK_REG = SPI_NO_INTR_SOURCES;
 140:Generated_Source\PSoC4/SPI_SPI.c ****             SPI_INTR_SPI_EC_MASK_REG = SPI_NO_INTR_SOURCES;
 141:Generated_Source\PSoC4/SPI_SPI.c ****             SPI_INTR_SLAVE_MASK_REG  = SPI_GET_SPI_INTR_SLAVE_MASK(config->rxInterruptMask);
 142:Generated_Source\PSoC4/SPI_SPI.c ****             SPI_INTR_MASTER_MASK_REG = SPI_GET_SPI_INTR_MASTER_MASK(config->txInterruptMask);
 143:Generated_Source\PSoC4/SPI_SPI.c ****             SPI_INTR_RX_MASK_REG     = SPI_GET_SPI_INTR_RX_MASK(config->rxInterruptMask);
 144:Generated_Source\PSoC4/SPI_SPI.c ****             SPI_INTR_TX_MASK_REG     = SPI_GET_SPI_INTR_TX_MASK(config->txInterruptMask);
ARM GAS  C:\Users\psmus\AppData\Local\Temp\ccgM3AvQ.s 			page 4


 145:Generated_Source\PSoC4/SPI_SPI.c ****             
 146:Generated_Source\PSoC4/SPI_SPI.c ****             /* Configure TX interrupt sources to restore. */
 147:Generated_Source\PSoC4/SPI_SPI.c ****             SPI_IntrTxMask = LO16(SPI_INTR_TX_MASK_REG);
 148:Generated_Source\PSoC4/SPI_SPI.c **** 
 149:Generated_Source\PSoC4/SPI_SPI.c ****             /* Set active SS0 */
 150:Generated_Source\PSoC4/SPI_SPI.c ****             SPI_SpiSetActiveSlaveSelect(SPI_SPI_SLAVE_SELECT0);
 151:Generated_Source\PSoC4/SPI_SPI.c **** 
 152:Generated_Source\PSoC4/SPI_SPI.c ****             /* Clear RX buffer indexes */
 153:Generated_Source\PSoC4/SPI_SPI.c ****             SPI_rxBufferHead     = 0u;
 154:Generated_Source\PSoC4/SPI_SPI.c ****             SPI_rxBufferTail     = 0u;
 155:Generated_Source\PSoC4/SPI_SPI.c ****             SPI_rxBufferOverflow = 0u;
 156:Generated_Source\PSoC4/SPI_SPI.c **** 
 157:Generated_Source\PSoC4/SPI_SPI.c ****             /* Clear TX buffer indexes */
 158:Generated_Source\PSoC4/SPI_SPI.c ****             SPI_txBufferHead = 0u;
 159:Generated_Source\PSoC4/SPI_SPI.c ****             SPI_txBufferTail = 0u;
 160:Generated_Source\PSoC4/SPI_SPI.c ****         }
 161:Generated_Source\PSoC4/SPI_SPI.c ****     }
 162:Generated_Source\PSoC4/SPI_SPI.c **** 
 163:Generated_Source\PSoC4/SPI_SPI.c **** #else
 164:Generated_Source\PSoC4/SPI_SPI.c **** 
 165:Generated_Source\PSoC4/SPI_SPI.c ****     /*******************************************************************************
 166:Generated_Source\PSoC4/SPI_SPI.c ****     * Function Name: SPI_SpiInit
 167:Generated_Source\PSoC4/SPI_SPI.c ****     ****************************************************************************//**
 168:Generated_Source\PSoC4/SPI_SPI.c ****     *
 169:Generated_Source\PSoC4/SPI_SPI.c ****     *  Configures the SCB for the SPI operation.
 170:Generated_Source\PSoC4/SPI_SPI.c ****     *
 171:Generated_Source\PSoC4/SPI_SPI.c ****     *******************************************************************************/
 172:Generated_Source\PSoC4/SPI_SPI.c ****     void SPI_SpiInit(void)
 173:Generated_Source\PSoC4/SPI_SPI.c ****     {
 174:Generated_Source\PSoC4/SPI_SPI.c ****         /* Configure SPI interface */
 175:Generated_Source\PSoC4/SPI_SPI.c ****         SPI_CTRL_REG     = SPI_SPI_DEFAULT_CTRL;
 176:Generated_Source\PSoC4/SPI_SPI.c ****         SPI_SPI_CTRL_REG = SPI_SPI_DEFAULT_SPI_CTRL;
 177:Generated_Source\PSoC4/SPI_SPI.c **** 
 178:Generated_Source\PSoC4/SPI_SPI.c ****         /* Configure TX and RX direction */
 179:Generated_Source\PSoC4/SPI_SPI.c ****         SPI_RX_CTRL_REG      = SPI_SPI_DEFAULT_RX_CTRL;
 180:Generated_Source\PSoC4/SPI_SPI.c ****         SPI_RX_FIFO_CTRL_REG = SPI_SPI_DEFAULT_RX_FIFO_CTRL;
 181:Generated_Source\PSoC4/SPI_SPI.c **** 
 182:Generated_Source\PSoC4/SPI_SPI.c ****         /* Configure TX and RX direction */
 183:Generated_Source\PSoC4/SPI_SPI.c ****         SPI_TX_CTRL_REG      = SPI_SPI_DEFAULT_TX_CTRL;
 184:Generated_Source\PSoC4/SPI_SPI.c ****         SPI_TX_FIFO_CTRL_REG = SPI_SPI_DEFAULT_TX_FIFO_CTRL;
 185:Generated_Source\PSoC4/SPI_SPI.c **** 
 186:Generated_Source\PSoC4/SPI_SPI.c ****         /* Configure interrupt with SPI handler but do not enable it */
 187:Generated_Source\PSoC4/SPI_SPI.c ****     #if(SPI_SCB_IRQ_INTERNAL)
 188:Generated_Source\PSoC4/SPI_SPI.c ****             CyIntDisable    (SPI_ISR_NUMBER);
 189:Generated_Source\PSoC4/SPI_SPI.c ****             CyIntSetPriority(SPI_ISR_NUMBER, SPI_ISR_PRIORITY);
 190:Generated_Source\PSoC4/SPI_SPI.c ****             (void) CyIntSetVector(SPI_ISR_NUMBER, &SPI_SPI_UART_ISR);
 191:Generated_Source\PSoC4/SPI_SPI.c ****     #endif /* (SPI_SCB_IRQ_INTERNAL) */
 192:Generated_Source\PSoC4/SPI_SPI.c **** 
 193:Generated_Source\PSoC4/SPI_SPI.c ****         /* Configure interrupt sources */
 194:Generated_Source\PSoC4/SPI_SPI.c ****         SPI_INTR_I2C_EC_MASK_REG = SPI_SPI_DEFAULT_INTR_I2C_EC_MASK;
 195:Generated_Source\PSoC4/SPI_SPI.c ****         SPI_INTR_SPI_EC_MASK_REG = SPI_SPI_DEFAULT_INTR_SPI_EC_MASK;
 196:Generated_Source\PSoC4/SPI_SPI.c ****         SPI_INTR_SLAVE_MASK_REG  = SPI_SPI_DEFAULT_INTR_SLAVE_MASK;
 197:Generated_Source\PSoC4/SPI_SPI.c ****         SPI_INTR_MASTER_MASK_REG = SPI_SPI_DEFAULT_INTR_MASTER_MASK;
 198:Generated_Source\PSoC4/SPI_SPI.c ****         SPI_INTR_RX_MASK_REG     = SPI_SPI_DEFAULT_INTR_RX_MASK;
 199:Generated_Source\PSoC4/SPI_SPI.c ****         SPI_INTR_TX_MASK_REG     = SPI_SPI_DEFAULT_INTR_TX_MASK;
 200:Generated_Source\PSoC4/SPI_SPI.c **** 
 201:Generated_Source\PSoC4/SPI_SPI.c ****         /* Configure TX interrupt sources to restore. */
ARM GAS  C:\Users\psmus\AppData\Local\Temp\ccgM3AvQ.s 			page 5


 202:Generated_Source\PSoC4/SPI_SPI.c ****         SPI_IntrTxMask = LO16(SPI_INTR_TX_MASK_REG);
 203:Generated_Source\PSoC4/SPI_SPI.c ****             
 204:Generated_Source\PSoC4/SPI_SPI.c ****         /* Set active SS0 for master */
 205:Generated_Source\PSoC4/SPI_SPI.c ****     #if (SPI_SPI_MASTER_CONST)
 206:Generated_Source\PSoC4/SPI_SPI.c ****         SPI_SpiSetActiveSlaveSelect(SPI_SPI_SLAVE_SELECT0);
 207:Generated_Source\PSoC4/SPI_SPI.c ****     #endif /* (SPI_SPI_MASTER_CONST) */
 208:Generated_Source\PSoC4/SPI_SPI.c **** 
 209:Generated_Source\PSoC4/SPI_SPI.c ****     #if(SPI_INTERNAL_RX_SW_BUFFER_CONST)
 210:Generated_Source\PSoC4/SPI_SPI.c ****         SPI_rxBufferHead     = 0u;
 211:Generated_Source\PSoC4/SPI_SPI.c ****         SPI_rxBufferTail     = 0u;
 212:Generated_Source\PSoC4/SPI_SPI.c ****         SPI_rxBufferOverflow = 0u;
 213:Generated_Source\PSoC4/SPI_SPI.c ****     #endif /* (SPI_INTERNAL_RX_SW_BUFFER_CONST) */
 214:Generated_Source\PSoC4/SPI_SPI.c **** 
 215:Generated_Source\PSoC4/SPI_SPI.c ****     #if(SPI_INTERNAL_TX_SW_BUFFER_CONST)
 216:Generated_Source\PSoC4/SPI_SPI.c ****         SPI_txBufferHead = 0u;
 217:Generated_Source\PSoC4/SPI_SPI.c ****         SPI_txBufferTail = 0u;
 218:Generated_Source\PSoC4/SPI_SPI.c ****     #endif /* (SPI_INTERNAL_TX_SW_BUFFER_CONST) */
 219:Generated_Source\PSoC4/SPI_SPI.c ****     }
 220:Generated_Source\PSoC4/SPI_SPI.c **** #endif /* (SPI_SCB_MODE_UNCONFIG_CONST_CFG) */
 221:Generated_Source\PSoC4/SPI_SPI.c **** 
 222:Generated_Source\PSoC4/SPI_SPI.c **** 
 223:Generated_Source\PSoC4/SPI_SPI.c **** /*******************************************************************************
 224:Generated_Source\PSoC4/SPI_SPI.c **** * Function Name: SPI_SpiPostEnable
 225:Generated_Source\PSoC4/SPI_SPI.c **** ****************************************************************************//**
 226:Generated_Source\PSoC4/SPI_SPI.c **** *
 227:Generated_Source\PSoC4/SPI_SPI.c **** *  Restores HSIOM settings for the SPI master output pins (SCLK and/or SS0-SS3) 
 228:Generated_Source\PSoC4/SPI_SPI.c **** *  to be controlled by the SCB SPI.
 229:Generated_Source\PSoC4/SPI_SPI.c **** *
 230:Generated_Source\PSoC4/SPI_SPI.c **** *******************************************************************************/
 231:Generated_Source\PSoC4/SPI_SPI.c **** void SPI_SpiPostEnable(void)
 232:Generated_Source\PSoC4/SPI_SPI.c **** {
  28              		.loc 1 232 0
  29              		.cfi_startproc
  30              		@ args = 0, pretend = 0, frame = 0
  31              		@ frame_needed = 0, uses_anonymous_args = 0
  32              		@ link register save eliminated.
 233:Generated_Source\PSoC4/SPI_SPI.c **** #if(SPI_SCB_MODE_UNCONFIG_CONST_CFG)
 234:Generated_Source\PSoC4/SPI_SPI.c **** 
 235:Generated_Source\PSoC4/SPI_SPI.c ****     if (SPI_CHECK_SPI_MASTER)
 236:Generated_Source\PSoC4/SPI_SPI.c ****     {
 237:Generated_Source\PSoC4/SPI_SPI.c ****     #if (SPI_CTS_SCLK_PIN)
 238:Generated_Source\PSoC4/SPI_SPI.c ****         /* Set SCB SPI to drive output pin */
 239:Generated_Source\PSoC4/SPI_SPI.c ****         SPI_SET_HSIOM_SEL(SPI_CTS_SCLK_HSIOM_REG, SPI_CTS_SCLK_HSIOM_MASK,
 240:Generated_Source\PSoC4/SPI_SPI.c ****                                        SPI_CTS_SCLK_HSIOM_POS, SPI_CTS_SCLK_HSIOM_SEL_SPI);
 241:Generated_Source\PSoC4/SPI_SPI.c ****     #endif /* (SPI_CTS_SCLK_PIN) */
 242:Generated_Source\PSoC4/SPI_SPI.c **** 
 243:Generated_Source\PSoC4/SPI_SPI.c ****     #if (SPI_RTS_SS0_PIN)
 244:Generated_Source\PSoC4/SPI_SPI.c ****         /* Set SCB SPI to drive output pin */
 245:Generated_Source\PSoC4/SPI_SPI.c ****         SPI_SET_HSIOM_SEL(SPI_RTS_SS0_HSIOM_REG, SPI_RTS_SS0_HSIOM_MASK,
 246:Generated_Source\PSoC4/SPI_SPI.c ****                                        SPI_RTS_SS0_HSIOM_POS, SPI_RTS_SS0_HSIOM_SEL_SPI);
 247:Generated_Source\PSoC4/SPI_SPI.c ****     #endif /* (SPI_RTS_SS0_PIN) */
 248:Generated_Source\PSoC4/SPI_SPI.c **** 
 249:Generated_Source\PSoC4/SPI_SPI.c ****     #if (SPI_SS1_PIN)
 250:Generated_Source\PSoC4/SPI_SPI.c ****         /* Set SCB SPI to drive output pin */
 251:Generated_Source\PSoC4/SPI_SPI.c ****         SPI_SET_HSIOM_SEL(SPI_SS1_HSIOM_REG, SPI_SS1_HSIOM_MASK,
 252:Generated_Source\PSoC4/SPI_SPI.c ****                                        SPI_SS1_HSIOM_POS, SPI_SS1_HSIOM_SEL_SPI);
 253:Generated_Source\PSoC4/SPI_SPI.c ****     #endif /* (SPI_SS1_PIN) */
ARM GAS  C:\Users\psmus\AppData\Local\Temp\ccgM3AvQ.s 			page 6


 254:Generated_Source\PSoC4/SPI_SPI.c **** 
 255:Generated_Source\PSoC4/SPI_SPI.c ****     #if (SPI_SS2_PIN)
 256:Generated_Source\PSoC4/SPI_SPI.c ****         /* Set SCB SPI to drive output pin */
 257:Generated_Source\PSoC4/SPI_SPI.c ****         SPI_SET_HSIOM_SEL(SPI_SS2_HSIOM_REG, SPI_SS2_HSIOM_MASK,
 258:Generated_Source\PSoC4/SPI_SPI.c ****                                        SPI_SS2_HSIOM_POS, SPI_SS2_HSIOM_SEL_SPI);
 259:Generated_Source\PSoC4/SPI_SPI.c ****     #endif /* (SPI_SS2_PIN) */
 260:Generated_Source\PSoC4/SPI_SPI.c **** 
 261:Generated_Source\PSoC4/SPI_SPI.c ****     #if (SPI_SS3_PIN)
 262:Generated_Source\PSoC4/SPI_SPI.c ****         /* Set SCB SPI to drive output pin */
 263:Generated_Source\PSoC4/SPI_SPI.c ****         SPI_SET_HSIOM_SEL(SPI_SS3_HSIOM_REG, SPI_SS3_HSIOM_MASK,
 264:Generated_Source\PSoC4/SPI_SPI.c ****                                        SPI_SS3_HSIOM_POS, SPI_SS3_HSIOM_SEL_SPI);
 265:Generated_Source\PSoC4/SPI_SPI.c ****     #endif /* (SPI_SS3_PIN) */
 266:Generated_Source\PSoC4/SPI_SPI.c ****     }
 267:Generated_Source\PSoC4/SPI_SPI.c **** 
 268:Generated_Source\PSoC4/SPI_SPI.c **** #else
 269:Generated_Source\PSoC4/SPI_SPI.c **** 
 270:Generated_Source\PSoC4/SPI_SPI.c ****     #if (SPI_SPI_MASTER_SCLK_PIN)
 271:Generated_Source\PSoC4/SPI_SPI.c ****         /* Set SCB SPI to drive output pin */
 272:Generated_Source\PSoC4/SPI_SPI.c ****         SPI_SET_HSIOM_SEL(SPI_SCLK_M_HSIOM_REG, SPI_SCLK_M_HSIOM_MASK,
  33              		.loc 1 272 0
  34 0000 074B     		ldr	r3, .L2
  35 0002 1A68     		ldr	r2, [r3]
  36 0004 F021     		movs	r1, #240
  37 0006 0901     		lsls	r1, r1, #4
  38 0008 0A43     		orrs	r2, r1
  39 000a 1A60     		str	r2, [r3]
 273:Generated_Source\PSoC4/SPI_SPI.c ****                                        SPI_SCLK_M_HSIOM_POS, SPI_SCLK_M_HSIOM_SEL_SPI);
 274:Generated_Source\PSoC4/SPI_SPI.c ****     #endif /* (SPI_MISO_SDA_TX_PIN_PIN) */
 275:Generated_Source\PSoC4/SPI_SPI.c **** 
 276:Generated_Source\PSoC4/SPI_SPI.c ****     #if (SPI_SPI_MASTER_SS0_PIN)
 277:Generated_Source\PSoC4/SPI_SPI.c ****         /* Set SCB SPI to drive output pin */
 278:Generated_Source\PSoC4/SPI_SPI.c ****         SPI_SET_HSIOM_SEL(SPI_SS0_M_HSIOM_REG, SPI_SS0_M_HSIOM_MASK,
  40              		.loc 1 278 0
  41 000c 1A68     		ldr	r2, [r3]
  42 000e F021     		movs	r1, #240
  43 0010 0902     		lsls	r1, r1, #8
  44 0012 0A43     		orrs	r2, r1
  45 0014 1A60     		str	r2, [r3]
 279:Generated_Source\PSoC4/SPI_SPI.c ****                                        SPI_SS0_M_HSIOM_POS, SPI_SS0_M_HSIOM_SEL_SPI);
 280:Generated_Source\PSoC4/SPI_SPI.c ****     #endif /* (SPI_SPI_MASTER_SS0_PIN) */
 281:Generated_Source\PSoC4/SPI_SPI.c **** 
 282:Generated_Source\PSoC4/SPI_SPI.c ****     #if (SPI_SPI_MASTER_SS1_PIN)
 283:Generated_Source\PSoC4/SPI_SPI.c ****         /* Set SCB SPI to drive output pin */
 284:Generated_Source\PSoC4/SPI_SPI.c ****         SPI_SET_HSIOM_SEL(SPI_SS1_M_HSIOM_REG, SPI_SS1_M_HSIOM_MASK,
 285:Generated_Source\PSoC4/SPI_SPI.c ****                                        SPI_SS1_M_HSIOM_POS, SPI_SS1_M_HSIOM_SEL_SPI);
 286:Generated_Source\PSoC4/SPI_SPI.c ****     #endif /* (SPI_SPI_MASTER_SS1_PIN) */
 287:Generated_Source\PSoC4/SPI_SPI.c **** 
 288:Generated_Source\PSoC4/SPI_SPI.c ****     #if (SPI_SPI_MASTER_SS2_PIN)
 289:Generated_Source\PSoC4/SPI_SPI.c ****         /* Set SCB SPI to drive output pin */
 290:Generated_Source\PSoC4/SPI_SPI.c ****         SPI_SET_HSIOM_SEL(SPI_SS2_M_HSIOM_REG, SPI_SS2_M_HSIOM_MASK,
 291:Generated_Source\PSoC4/SPI_SPI.c ****                                        SPI_SS2_M_HSIOM_POS, SPI_SS2_M_HSIOM_SEL_SPI);
 292:Generated_Source\PSoC4/SPI_SPI.c ****     #endif /* (SPI_SPI_MASTER_SS2_PIN) */
 293:Generated_Source\PSoC4/SPI_SPI.c **** 
 294:Generated_Source\PSoC4/SPI_SPI.c ****     #if (SPI_SPI_MASTER_SS3_PIN)
 295:Generated_Source\PSoC4/SPI_SPI.c ****         /* Set SCB SPI to drive output pin */
 296:Generated_Source\PSoC4/SPI_SPI.c ****         SPI_SET_HSIOM_SEL(SPI_SS3_M_HSIOM_REG, SPI_SS3_M_HSIOM_MASK,
 297:Generated_Source\PSoC4/SPI_SPI.c ****                                        SPI_SS3_M_HSIOM_POS, SPI_SS3_M_HSIOM_SEL_SPI);
ARM GAS  C:\Users\psmus\AppData\Local\Temp\ccgM3AvQ.s 			page 7


 298:Generated_Source\PSoC4/SPI_SPI.c ****     #endif /* (SPI_SPI_MASTER_SS3_PIN) */
 299:Generated_Source\PSoC4/SPI_SPI.c **** 
 300:Generated_Source\PSoC4/SPI_SPI.c **** #endif /* (SPI_SCB_MODE_UNCONFIG_CONST_CFG) */
 301:Generated_Source\PSoC4/SPI_SPI.c **** 
 302:Generated_Source\PSoC4/SPI_SPI.c ****     /* Restore TX interrupt sources. */
 303:Generated_Source\PSoC4/SPI_SPI.c ****     SPI_SetTxInterruptMode(SPI_IntrTxMask);
  46              		.loc 1 303 0
  47 0016 034B     		ldr	r3, .L2+4
  48 0018 1A88     		ldrh	r2, [r3]
  49 001a 034B     		ldr	r3, .L2+8
  50 001c 1A60     		str	r2, [r3]
 304:Generated_Source\PSoC4/SPI_SPI.c **** }
  51              		.loc 1 304 0
  52              		@ sp needed
  53 001e 7047     		bx	lr
  54              	.L3:
  55              		.align	2
  56              	.L2:
  57 0020 00020240 		.word	1073873408
  58 0024 00000000 		.word	SPI_IntrTxMask
  59 0028 880F2540 		.word	1076170632
  60              		.cfi_endproc
  61              	.LFE2:
  62              		.size	SPI_SpiPostEnable, .-SPI_SpiPostEnable
  63              		.section	.text.SPI_SpiStop,"ax",%progbits
  64              		.align	2
  65              		.global	SPI_SpiStop
  66              		.code	16
  67              		.thumb_func
  68              		.type	SPI_SpiStop, %function
  69              	SPI_SpiStop:
  70              	.LFB3:
 305:Generated_Source\PSoC4/SPI_SPI.c **** 
 306:Generated_Source\PSoC4/SPI_SPI.c **** 
 307:Generated_Source\PSoC4/SPI_SPI.c **** /*******************************************************************************
 308:Generated_Source\PSoC4/SPI_SPI.c **** * Function Name: SPI_SpiStop
 309:Generated_Source\PSoC4/SPI_SPI.c **** ****************************************************************************//**
 310:Generated_Source\PSoC4/SPI_SPI.c **** *
 311:Generated_Source\PSoC4/SPI_SPI.c **** *  Changes the HSIOM settings for the SPI master output pins 
 312:Generated_Source\PSoC4/SPI_SPI.c **** *  (SCLK and/or SS0-SS3) to keep them inactive after the block is disabled. 
 313:Generated_Source\PSoC4/SPI_SPI.c **** *  The output pins are controlled by the GPIO data register.
 314:Generated_Source\PSoC4/SPI_SPI.c **** *
 315:Generated_Source\PSoC4/SPI_SPI.c **** *******************************************************************************/
 316:Generated_Source\PSoC4/SPI_SPI.c **** void SPI_SpiStop(void)
 317:Generated_Source\PSoC4/SPI_SPI.c **** {
  71              		.loc 1 317 0
  72              		.cfi_startproc
  73              		@ args = 0, pretend = 0, frame = 0
  74              		@ frame_needed = 0, uses_anonymous_args = 0
  75 0000 70B5     		push	{r4, r5, r6, lr}
  76              		.cfi_def_cfa_offset 16
  77              		.cfi_offset 4, -16
  78              		.cfi_offset 5, -12
  79              		.cfi_offset 6, -8
  80              		.cfi_offset 14, -4
 318:Generated_Source\PSoC4/SPI_SPI.c **** #if(SPI_SCB_MODE_UNCONFIG_CONST_CFG)
 319:Generated_Source\PSoC4/SPI_SPI.c **** 
ARM GAS  C:\Users\psmus\AppData\Local\Temp\ccgM3AvQ.s 			page 8


 320:Generated_Source\PSoC4/SPI_SPI.c ****     if (SPI_CHECK_SPI_MASTER)
 321:Generated_Source\PSoC4/SPI_SPI.c ****     {
 322:Generated_Source\PSoC4/SPI_SPI.c ****     #if (SPI_CTS_SCLK_PIN)
 323:Generated_Source\PSoC4/SPI_SPI.c ****         /* Set output pin state after block is disabled */
 324:Generated_Source\PSoC4/SPI_SPI.c ****         SPI_uart_cts_spi_sclk_Write(SPI_GET_SPI_SCLK_INACTIVE);
 325:Generated_Source\PSoC4/SPI_SPI.c **** 
 326:Generated_Source\PSoC4/SPI_SPI.c ****         /* Set GPIO to drive output pin */
 327:Generated_Source\PSoC4/SPI_SPI.c ****         SPI_SET_HSIOM_SEL(SPI_CTS_SCLK_HSIOM_REG, SPI_CTS_SCLK_HSIOM_MASK,
 328:Generated_Source\PSoC4/SPI_SPI.c ****                                        SPI_CTS_SCLK_HSIOM_POS, SPI_CTS_SCLK_HSIOM_SEL_GPIO);
 329:Generated_Source\PSoC4/SPI_SPI.c ****     #endif /* (SPI_uart_cts_spi_sclk_PIN) */
 330:Generated_Source\PSoC4/SPI_SPI.c **** 
 331:Generated_Source\PSoC4/SPI_SPI.c ****     #if (SPI_RTS_SS0_PIN)
 332:Generated_Source\PSoC4/SPI_SPI.c ****         /* Set output pin state after block is disabled */
 333:Generated_Source\PSoC4/SPI_SPI.c ****         SPI_uart_rts_spi_ss0_Write(SPI_GET_SPI_SS0_INACTIVE);
 334:Generated_Source\PSoC4/SPI_SPI.c **** 
 335:Generated_Source\PSoC4/SPI_SPI.c ****         /* Set GPIO to drive output pin */
 336:Generated_Source\PSoC4/SPI_SPI.c ****         SPI_SET_HSIOM_SEL(SPI_RTS_SS0_HSIOM_REG, SPI_RTS_SS0_HSIOM_MASK,
 337:Generated_Source\PSoC4/SPI_SPI.c ****                                        SPI_RTS_SS0_HSIOM_POS, SPI_RTS_SS0_HSIOM_SEL_GPIO);
 338:Generated_Source\PSoC4/SPI_SPI.c ****     #endif /* (SPI_uart_rts_spi_ss0_PIN) */
 339:Generated_Source\PSoC4/SPI_SPI.c **** 
 340:Generated_Source\PSoC4/SPI_SPI.c ****     #if (SPI_SS1_PIN)
 341:Generated_Source\PSoC4/SPI_SPI.c ****         /* Set output pin state after block is disabled */
 342:Generated_Source\PSoC4/SPI_SPI.c ****         SPI_spi_ss1_Write(SPI_GET_SPI_SS1_INACTIVE);
 343:Generated_Source\PSoC4/SPI_SPI.c **** 
 344:Generated_Source\PSoC4/SPI_SPI.c ****         /* Set GPIO to drive output pin */
 345:Generated_Source\PSoC4/SPI_SPI.c ****         SPI_SET_HSIOM_SEL(SPI_SS1_HSIOM_REG, SPI_SS1_HSIOM_MASK,
 346:Generated_Source\PSoC4/SPI_SPI.c ****                                        SPI_SS1_HSIOM_POS, SPI_SS1_HSIOM_SEL_GPIO);
 347:Generated_Source\PSoC4/SPI_SPI.c ****     #endif /* (SPI_SS1_PIN) */
 348:Generated_Source\PSoC4/SPI_SPI.c **** 
 349:Generated_Source\PSoC4/SPI_SPI.c ****     #if (SPI_SS2_PIN)
 350:Generated_Source\PSoC4/SPI_SPI.c ****         /* Set output pin state after block is disabled */
 351:Generated_Source\PSoC4/SPI_SPI.c ****         SPI_spi_ss2_Write(SPI_GET_SPI_SS2_INACTIVE);
 352:Generated_Source\PSoC4/SPI_SPI.c **** 
 353:Generated_Source\PSoC4/SPI_SPI.c ****         /* Set GPIO to drive output pin */
 354:Generated_Source\PSoC4/SPI_SPI.c ****         SPI_SET_HSIOM_SEL(SPI_SS2_HSIOM_REG, SPI_SS2_HSIOM_MASK,
 355:Generated_Source\PSoC4/SPI_SPI.c ****                                        SPI_SS2_HSIOM_POS, SPI_SS2_HSIOM_SEL_GPIO);
 356:Generated_Source\PSoC4/SPI_SPI.c ****     #endif /* (SPI_SS2_PIN) */
 357:Generated_Source\PSoC4/SPI_SPI.c **** 
 358:Generated_Source\PSoC4/SPI_SPI.c ****     #if (SPI_SS3_PIN)
 359:Generated_Source\PSoC4/SPI_SPI.c ****         /* Set output pin state after block is disabled */
 360:Generated_Source\PSoC4/SPI_SPI.c ****         SPI_spi_ss3_Write(SPI_GET_SPI_SS3_INACTIVE);
 361:Generated_Source\PSoC4/SPI_SPI.c **** 
 362:Generated_Source\PSoC4/SPI_SPI.c ****         /* Set GPIO to drive output pin */
 363:Generated_Source\PSoC4/SPI_SPI.c ****         SPI_SET_HSIOM_SEL(SPI_SS3_HSIOM_REG, SPI_SS3_HSIOM_MASK,
 364:Generated_Source\PSoC4/SPI_SPI.c ****                                        SPI_SS3_HSIOM_POS, SPI_SS3_HSIOM_SEL_GPIO);
 365:Generated_Source\PSoC4/SPI_SPI.c ****     #endif /* (SPI_SS3_PIN) */
 366:Generated_Source\PSoC4/SPI_SPI.c ****     
 367:Generated_Source\PSoC4/SPI_SPI.c ****         /* Store TX interrupt sources (exclude level triggered) for master. */
 368:Generated_Source\PSoC4/SPI_SPI.c ****         SPI_IntrTxMask = LO16(SPI_GetTxInterruptMode() & SPI_INTR_SPIM_TX_RESTORE);
 369:Generated_Source\PSoC4/SPI_SPI.c ****     }
 370:Generated_Source\PSoC4/SPI_SPI.c ****     else
 371:Generated_Source\PSoC4/SPI_SPI.c ****     {
 372:Generated_Source\PSoC4/SPI_SPI.c ****         /* Store TX interrupt sources (exclude level triggered) for slave. */
 373:Generated_Source\PSoC4/SPI_SPI.c ****         SPI_IntrTxMask = LO16(SPI_GetTxInterruptMode() & SPI_INTR_SPIS_TX_RESTORE);
 374:Generated_Source\PSoC4/SPI_SPI.c ****     }
 375:Generated_Source\PSoC4/SPI_SPI.c **** 
 376:Generated_Source\PSoC4/SPI_SPI.c **** #else
ARM GAS  C:\Users\psmus\AppData\Local\Temp\ccgM3AvQ.s 			page 9


 377:Generated_Source\PSoC4/SPI_SPI.c **** 
 378:Generated_Source\PSoC4/SPI_SPI.c **** #if (SPI_SPI_MASTER_SCLK_PIN)
 379:Generated_Source\PSoC4/SPI_SPI.c ****     /* Set output pin state after block is disabled */
 380:Generated_Source\PSoC4/SPI_SPI.c ****     SPI_sclk_m_Write(SPI_GET_SPI_SCLK_INACTIVE);
  81              		.loc 1 380 0
  82 0002 114D     		ldr	r5, .L5
  83 0004 2B68     		ldr	r3, [r5]
  84 0006 0820     		movs	r0, #8
  85 0008 1840     		ands	r0, r3
  86 000a 431E     		subs	r3, r0, #1
  87 000c 9841     		sbcs	r0, r0, r3
  88 000e C0B2     		uxtb	r0, r0
  89 0010 FFF7FEFF 		bl	SPI_sclk_m_Write
  90              	.LVL0:
 381:Generated_Source\PSoC4/SPI_SPI.c **** 
 382:Generated_Source\PSoC4/SPI_SPI.c ****     /* Set GPIO to drive output pin */
 383:Generated_Source\PSoC4/SPI_SPI.c ****     SPI_SET_HSIOM_SEL(SPI_SCLK_M_HSIOM_REG, SPI_SCLK_M_HSIOM_MASK,
  91              		.loc 1 383 0
  92 0014 0D4C     		ldr	r4, .L5+4
  93 0016 2268     		ldr	r2, [r4]
  94 0018 0D4B     		ldr	r3, .L5+8
  95 001a 1340     		ands	r3, r2
  96 001c 2360     		str	r3, [r4]
 384:Generated_Source\PSoC4/SPI_SPI.c ****                                    SPI_SCLK_M_HSIOM_POS, SPI_SCLK_M_HSIOM_SEL_GPIO);
 385:Generated_Source\PSoC4/SPI_SPI.c **** #endif /* (SPI_MISO_SDA_TX_PIN_PIN) */
 386:Generated_Source\PSoC4/SPI_SPI.c **** 
 387:Generated_Source\PSoC4/SPI_SPI.c **** #if (SPI_SPI_MASTER_SS0_PIN)
 388:Generated_Source\PSoC4/SPI_SPI.c ****     /* Set output pin state after block is disabled */
 389:Generated_Source\PSoC4/SPI_SPI.c ****     SPI_ss0_m_Write(SPI_GET_SPI_SS0_INACTIVE);
  97              		.loc 1 389 0
  98 001e 2868     		ldr	r0, [r5]
  99 0020 8023     		movs	r3, #128
 100 0022 5B00     		lsls	r3, r3, #1
 101 0024 1840     		ands	r0, r3
 102 0026 4342     		rsbs	r3, r0, #0
 103 0028 5841     		adcs	r0, r0, r3
 104 002a C0B2     		uxtb	r0, r0
 105 002c FFF7FEFF 		bl	SPI_ss0_m_Write
 106              	.LVL1:
 390:Generated_Source\PSoC4/SPI_SPI.c **** 
 391:Generated_Source\PSoC4/SPI_SPI.c ****     /* Set GPIO to drive output pin */
 392:Generated_Source\PSoC4/SPI_SPI.c ****     SPI_SET_HSIOM_SEL(SPI_SS0_M_HSIOM_REG, SPI_SS0_M_HSIOM_MASK,
 107              		.loc 1 392 0
 108 0030 2268     		ldr	r2, [r4]
 109 0032 084B     		ldr	r3, .L5+12
 110 0034 1340     		ands	r3, r2
 111 0036 2360     		str	r3, [r4]
 393:Generated_Source\PSoC4/SPI_SPI.c ****                                    SPI_SS0_M_HSIOM_POS, SPI_SS0_M_HSIOM_SEL_GPIO);
 394:Generated_Source\PSoC4/SPI_SPI.c **** #endif /* (SPI_SPI_MASTER_SS0_PIN) */
 395:Generated_Source\PSoC4/SPI_SPI.c **** 
 396:Generated_Source\PSoC4/SPI_SPI.c **** #if (SPI_SPI_MASTER_SS1_PIN)
 397:Generated_Source\PSoC4/SPI_SPI.c ****     /* Set output pin state after block is disabled */
 398:Generated_Source\PSoC4/SPI_SPI.c ****     SPI_ss1_m_Write(SPI_GET_SPI_SS1_INACTIVE);
 399:Generated_Source\PSoC4/SPI_SPI.c **** 
 400:Generated_Source\PSoC4/SPI_SPI.c ****     /* Set GPIO to drive output pin */
 401:Generated_Source\PSoC4/SPI_SPI.c ****     SPI_SET_HSIOM_SEL(SPI_SS1_M_HSIOM_REG, SPI_SS1_M_HSIOM_MASK,
 402:Generated_Source\PSoC4/SPI_SPI.c ****                                    SPI_SS1_M_HSIOM_POS, SPI_SS1_M_HSIOM_SEL_GPIO);
ARM GAS  C:\Users\psmus\AppData\Local\Temp\ccgM3AvQ.s 			page 10


 403:Generated_Source\PSoC4/SPI_SPI.c **** #endif /* (SPI_SPI_MASTER_SS1_PIN) */
 404:Generated_Source\PSoC4/SPI_SPI.c **** 
 405:Generated_Source\PSoC4/SPI_SPI.c **** #if (SPI_SPI_MASTER_SS2_PIN)
 406:Generated_Source\PSoC4/SPI_SPI.c ****     /* Set output pin state after block is disabled */
 407:Generated_Source\PSoC4/SPI_SPI.c ****     SPI_ss2_m_Write(SPI_GET_SPI_SS2_INACTIVE);
 408:Generated_Source\PSoC4/SPI_SPI.c **** 
 409:Generated_Source\PSoC4/SPI_SPI.c ****     /* Set GPIO to drive output pin */
 410:Generated_Source\PSoC4/SPI_SPI.c ****     SPI_SET_HSIOM_SEL(SPI_SS2_M_HSIOM_REG, SPI_SS2_M_HSIOM_MASK,
 411:Generated_Source\PSoC4/SPI_SPI.c ****                                    SPI_SS2_M_HSIOM_POS, SPI_SS2_M_HSIOM_SEL_GPIO);
 412:Generated_Source\PSoC4/SPI_SPI.c **** #endif /* (SPI_SPI_MASTER_SS2_PIN) */
 413:Generated_Source\PSoC4/SPI_SPI.c **** 
 414:Generated_Source\PSoC4/SPI_SPI.c **** #if (SPI_SPI_MASTER_SS3_PIN)
 415:Generated_Source\PSoC4/SPI_SPI.c ****     /* Set output pin state after block is disabled */
 416:Generated_Source\PSoC4/SPI_SPI.c ****     SPI_ss3_m_Write(SPI_GET_SPI_SS3_INACTIVE);
 417:Generated_Source\PSoC4/SPI_SPI.c **** 
 418:Generated_Source\PSoC4/SPI_SPI.c ****     /* Set GPIO to drive output pin */
 419:Generated_Source\PSoC4/SPI_SPI.c ****     SPI_SET_HSIOM_SEL(SPI_SS3_M_HSIOM_REG, SPI_SS3_M_HSIOM_MASK,
 420:Generated_Source\PSoC4/SPI_SPI.c ****                                    SPI_SS3_M_HSIOM_POS, SPI_SS3_M_HSIOM_SEL_GPIO);
 421:Generated_Source\PSoC4/SPI_SPI.c **** #endif /* (SPI_SPI_MASTER_SS3_PIN) */
 422:Generated_Source\PSoC4/SPI_SPI.c **** 
 423:Generated_Source\PSoC4/SPI_SPI.c ****     #if (SPI_SPI_MASTER_CONST)
 424:Generated_Source\PSoC4/SPI_SPI.c ****         /* Store TX interrupt sources (exclude level triggered). */
 425:Generated_Source\PSoC4/SPI_SPI.c ****         SPI_IntrTxMask = LO16(SPI_GetTxInterruptMode() & SPI_INTR_SPIM_TX_RESTORE);
 112              		.loc 1 425 0
 113 0038 074B     		ldr	r3, .L5+16
 114 003a 1B68     		ldr	r3, [r3]
 115 003c 2022     		movs	r2, #32
 116 003e 1340     		ands	r3, r2
 117 0040 064A     		ldr	r2, .L5+20
 118 0042 1380     		strh	r3, [r2]
 426:Generated_Source\PSoC4/SPI_SPI.c ****     #else
 427:Generated_Source\PSoC4/SPI_SPI.c ****         /* Store TX interrupt sources (exclude level triggered). */
 428:Generated_Source\PSoC4/SPI_SPI.c ****         SPI_IntrTxMask = LO16(SPI_GetTxInterruptMode() & SPI_INTR_SPIS_TX_RESTORE);
 429:Generated_Source\PSoC4/SPI_SPI.c ****     #endif /* (SPI_SPI_MASTER_CONST) */
 430:Generated_Source\PSoC4/SPI_SPI.c **** 
 431:Generated_Source\PSoC4/SPI_SPI.c **** #endif /* (SPI_SCB_MODE_UNCONFIG_CONST_CFG) */
 432:Generated_Source\PSoC4/SPI_SPI.c **** }
 119              		.loc 1 432 0
 120              		@ sp needed
 121 0044 70BD     		pop	{r4, r5, r6, pc}
 122              	.L6:
 123 0046 C046     		.align	2
 124              	.L5:
 125 0048 20002540 		.word	1076166688
 126 004c 00020240 		.word	1073873408
 127 0050 FFF0FFFF 		.word	-3841
 128 0054 FF0FFFFF 		.word	-61441
 129 0058 880F2540 		.word	1076170632
 130 005c 00000000 		.word	SPI_IntrTxMask
 131              		.cfi_endproc
 132              	.LFE3:
 133              		.size	SPI_SpiStop, .-SPI_SpiStop
 134              		.section	.text.SPI_SpiSetActiveSlaveSelect,"ax",%progbits
 135              		.align	2
 136              		.global	SPI_SpiSetActiveSlaveSelect
 137              		.code	16
 138              		.thumb_func
ARM GAS  C:\Users\psmus\AppData\Local\Temp\ccgM3AvQ.s 			page 11


 139              		.type	SPI_SpiSetActiveSlaveSelect, %function
 140              	SPI_SpiSetActiveSlaveSelect:
 141              	.LFB4:
 433:Generated_Source\PSoC4/SPI_SPI.c **** 
 434:Generated_Source\PSoC4/SPI_SPI.c **** 
 435:Generated_Source\PSoC4/SPI_SPI.c **** #if (SPI_SPI_MASTER_CONST)
 436:Generated_Source\PSoC4/SPI_SPI.c ****     /*******************************************************************************
 437:Generated_Source\PSoC4/SPI_SPI.c ****     * Function Name: SPI_SetActiveSlaveSelect
 438:Generated_Source\PSoC4/SPI_SPI.c ****     ****************************************************************************//**
 439:Generated_Source\PSoC4/SPI_SPI.c ****     *
 440:Generated_Source\PSoC4/SPI_SPI.c ****     *  Selects one of the four slave select lines to be active during the transfer.
 441:Generated_Source\PSoC4/SPI_SPI.c ****     *  After initialization the active slave select line is 0.
 442:Generated_Source\PSoC4/SPI_SPI.c ****     *  The component should be in one of the following states to change the active
 443:Generated_Source\PSoC4/SPI_SPI.c ****     *  slave select signal source correctly:
 444:Generated_Source\PSoC4/SPI_SPI.c ****     *   - The component is disabled.
 445:Generated_Source\PSoC4/SPI_SPI.c ****     *   - The component has completed transfer (TX FIFO is empty and the
 446:Generated_Source\PSoC4/SPI_SPI.c ****     *     SCB_INTR_MASTER_SPI_DONE status is set).
 447:Generated_Source\PSoC4/SPI_SPI.c ****     *
 448:Generated_Source\PSoC4/SPI_SPI.c ****     *  This function does not check that these conditions are met.
 449:Generated_Source\PSoC4/SPI_SPI.c ****     *  This function is only applicable to SPI Master mode of operation.
 450:Generated_Source\PSoC4/SPI_SPI.c ****     *
 451:Generated_Source\PSoC4/SPI_SPI.c ****     *  \param slaveSelect: slave select line which will be active while the following
 452:Generated_Source\PSoC4/SPI_SPI.c ****     *   transfer.
 453:Generated_Source\PSoC4/SPI_SPI.c ****     *   - SPI_SPI_SLAVE_SELECT0 - Slave select 0.
 454:Generated_Source\PSoC4/SPI_SPI.c ****     *   - SPI_SPI_SLAVE_SELECT1 - Slave select 1.
 455:Generated_Source\PSoC4/SPI_SPI.c ****     *   - SPI_SPI_SLAVE_SELECT2 - Slave select 2.
 456:Generated_Source\PSoC4/SPI_SPI.c ****     *   - SPI_SPI_SLAVE_SELECT3 - Slave select 3.
 457:Generated_Source\PSoC4/SPI_SPI.c ****     *
 458:Generated_Source\PSoC4/SPI_SPI.c ****     *******************************************************************************/
 459:Generated_Source\PSoC4/SPI_SPI.c ****     void SPI_SpiSetActiveSlaveSelect(uint32 slaveSelect)
 460:Generated_Source\PSoC4/SPI_SPI.c ****     {
 142              		.loc 1 460 0
 143              		.cfi_startproc
 144              		@ args = 0, pretend = 0, frame = 0
 145              		@ frame_needed = 0, uses_anonymous_args = 0
 146              		@ link register save eliminated.
 147              	.LVL2:
 461:Generated_Source\PSoC4/SPI_SPI.c ****         uint32 spiCtrl;
 462:Generated_Source\PSoC4/SPI_SPI.c **** 
 463:Generated_Source\PSoC4/SPI_SPI.c ****         spiCtrl = SPI_SPI_CTRL_REG;
 148              		.loc 1 463 0
 149 0000 0549     		ldr	r1, .L8
 150 0002 0A68     		ldr	r2, [r1]
 151              	.LVL3:
 464:Generated_Source\PSoC4/SPI_SPI.c **** 
 465:Generated_Source\PSoC4/SPI_SPI.c ****         spiCtrl &= (uint32) ~SPI_SPI_CTRL_SLAVE_SELECT_MASK;
 152              		.loc 1 465 0
 153 0004 054B     		ldr	r3, .L8+4
 154 0006 1A40     		ands	r2, r3
 155              	.LVL4:
 466:Generated_Source\PSoC4/SPI_SPI.c ****         spiCtrl |= (uint32)  SPI_GET_SPI_CTRL_SS(slaveSelect);
 156              		.loc 1 466 0
 157 0008 8006     		lsls	r0, r0, #26
 158              	.LVL5:
 159 000a C023     		movs	r3, #192
 160 000c 1B05     		lsls	r3, r3, #20
 161 000e 1840     		ands	r0, r3
ARM GAS  C:\Users\psmus\AppData\Local\Temp\ccgM3AvQ.s 			page 12


 162 0010 1043     		orrs	r0, r2
 163              	.LVL6:
 467:Generated_Source\PSoC4/SPI_SPI.c **** 
 468:Generated_Source\PSoC4/SPI_SPI.c ****         SPI_SPI_CTRL_REG = spiCtrl;
 164              		.loc 1 468 0
 165 0012 0860     		str	r0, [r1]
 469:Generated_Source\PSoC4/SPI_SPI.c ****     }
 166              		.loc 1 469 0
 167              		@ sp needed
 168 0014 7047     		bx	lr
 169              	.L9:
 170 0016 C046     		.align	2
 171              	.L8:
 172 0018 20002540 		.word	1076166688
 173 001c FFFFFFF3 		.word	-201326593
 174              		.cfi_endproc
 175              	.LFE4:
 176              		.size	SPI_SpiSetActiveSlaveSelect, .-SPI_SpiSetActiveSlaveSelect
 177              		.section	.text.SPI_SpiInit,"ax",%progbits
 178              		.align	2
 179              		.global	SPI_SpiInit
 180              		.code	16
 181              		.thumb_func
 182              		.type	SPI_SpiInit, %function
 183              	SPI_SpiInit:
 184              	.LFB1:
 173:Generated_Source\PSoC4/SPI_SPI.c ****         /* Configure SPI interface */
 185              		.loc 1 173 0
 186              		.cfi_startproc
 187              		@ args = 0, pretend = 0, frame = 0
 188              		@ frame_needed = 0, uses_anonymous_args = 0
 189 0000 10B5     		push	{r4, lr}
 190              		.cfi_def_cfa_offset 8
 191              		.cfi_offset 4, -8
 192              		.cfi_offset 14, -4
 175:Generated_Source\PSoC4/SPI_SPI.c ****         SPI_SPI_CTRL_REG = SPI_SPI_DEFAULT_SPI_CTRL;
 193              		.loc 1 175 0
 194 0002 174A     		ldr	r2, .L11
 195 0004 174B     		ldr	r3, .L11+4
 196 0006 1A60     		str	r2, [r3]
 176:Generated_Source\PSoC4/SPI_SPI.c **** 
 197              		.loc 1 176 0
 198 0008 174A     		ldr	r2, .L11+8
 199 000a 184B     		ldr	r3, .L11+12
 200 000c 1A60     		str	r2, [r3]
 179:Generated_Source\PSoC4/SPI_SPI.c ****         SPI_RX_FIFO_CTRL_REG = SPI_SPI_DEFAULT_RX_FIFO_CTRL;
 201              		.loc 1 179 0
 202 000e 184B     		ldr	r3, .L11+16
 203 0010 184A     		ldr	r2, .L11+20
 204 0012 1360     		str	r3, [r2]
 180:Generated_Source\PSoC4/SPI_SPI.c **** 
 205              		.loc 1 180 0
 206 0014 0024     		movs	r4, #0
 207 0016 184A     		ldr	r2, .L11+24
 208 0018 1460     		str	r4, [r2]
 183:Generated_Source\PSoC4/SPI_SPI.c ****         SPI_TX_FIFO_CTRL_REG = SPI_SPI_DEFAULT_TX_FIFO_CTRL;
 209              		.loc 1 183 0
ARM GAS  C:\Users\psmus\AppData\Local\Temp\ccgM3AvQ.s 			page 13


 210 001a 184A     		ldr	r2, .L11+28
 211 001c 1360     		str	r3, [r2]
 184:Generated_Source\PSoC4/SPI_SPI.c **** 
 212              		.loc 1 184 0
 213 001e 0722     		movs	r2, #7
 214 0020 174B     		ldr	r3, .L11+32
 215 0022 1A60     		str	r2, [r3]
 188:Generated_Source\PSoC4/SPI_SPI.c ****             CyIntSetPriority(SPI_ISR_NUMBER, SPI_ISR_PRIORITY);
 216              		.loc 1 188 0
 217 0024 0A20     		movs	r0, #10
 218 0026 FFF7FEFF 		bl	CyIntDisable
 219              	.LVL7:
 189:Generated_Source\PSoC4/SPI_SPI.c ****             (void) CyIntSetVector(SPI_ISR_NUMBER, &SPI_SPI_UART_ISR);
 220              		.loc 1 189 0
 221 002a 0321     		movs	r1, #3
 222 002c 0A20     		movs	r0, #10
 223 002e FFF7FEFF 		bl	CyIntSetPriority
 224              	.LVL8:
 190:Generated_Source\PSoC4/SPI_SPI.c ****     #endif /* (SPI_SCB_IRQ_INTERNAL) */
 225              		.loc 1 190 0
 226 0032 1449     		ldr	r1, .L11+36
 227 0034 0A20     		movs	r0, #10
 228 0036 FFF7FEFF 		bl	CyIntSetVector
 229              	.LVL9:
 194:Generated_Source\PSoC4/SPI_SPI.c ****         SPI_INTR_SPI_EC_MASK_REG = SPI_SPI_DEFAULT_INTR_SPI_EC_MASK;
 230              		.loc 1 194 0
 231 003a 134B     		ldr	r3, .L11+40
 232 003c 1C60     		str	r4, [r3]
 195:Generated_Source\PSoC4/SPI_SPI.c ****         SPI_INTR_SLAVE_MASK_REG  = SPI_SPI_DEFAULT_INTR_SLAVE_MASK;
 233              		.loc 1 195 0
 234 003e 134B     		ldr	r3, .L11+44
 235 0040 1C60     		str	r4, [r3]
 196:Generated_Source\PSoC4/SPI_SPI.c ****         SPI_INTR_MASTER_MASK_REG = SPI_SPI_DEFAULT_INTR_MASTER_MASK;
 236              		.loc 1 196 0
 237 0042 134B     		ldr	r3, .L11+48
 238 0044 1C60     		str	r4, [r3]
 197:Generated_Source\PSoC4/SPI_SPI.c ****         SPI_INTR_RX_MASK_REG     = SPI_SPI_DEFAULT_INTR_RX_MASK;
 239              		.loc 1 197 0
 240 0046 134B     		ldr	r3, .L11+52
 241 0048 1C60     		str	r4, [r3]
 198:Generated_Source\PSoC4/SPI_SPI.c ****         SPI_INTR_TX_MASK_REG     = SPI_SPI_DEFAULT_INTR_TX_MASK;
 242              		.loc 1 198 0
 243 004a 134B     		ldr	r3, .L11+56
 244 004c 1C60     		str	r4, [r3]
 199:Generated_Source\PSoC4/SPI_SPI.c **** 
 245              		.loc 1 199 0
 246 004e 134B     		ldr	r3, .L11+60
 247 0050 1C60     		str	r4, [r3]
 202:Generated_Source\PSoC4/SPI_SPI.c ****             
 248              		.loc 1 202 0
 249 0052 1A68     		ldr	r2, [r3]
 250 0054 124B     		ldr	r3, .L11+64
 251 0056 1A80     		strh	r2, [r3]
 206:Generated_Source\PSoC4/SPI_SPI.c ****     #endif /* (SPI_SPI_MASTER_CONST) */
 252              		.loc 1 206 0
 253 0058 0020     		movs	r0, #0
 254 005a FFF7FEFF 		bl	SPI_SpiSetActiveSlaveSelect
ARM GAS  C:\Users\psmus\AppData\Local\Temp\ccgM3AvQ.s 			page 14


 255              	.LVL10:
 219:Generated_Source\PSoC4/SPI_SPI.c **** #endif /* (SPI_SCB_MODE_UNCONFIG_CONST_CFG) */
 256              		.loc 1 219 0
 257              		@ sp needed
 258 005e 10BD     		pop	{r4, pc}
 259              	.L12:
 260              		.align	2
 261              	.L11:
 262 0060 0F000001 		.word	16777231
 263 0064 00002540 		.word	1076166656
 264 0068 15000080 		.word	-2147483627
 265 006c 20002540 		.word	1076166688
 266 0070 07010080 		.word	-2147483385
 267 0074 00032540 		.word	1076167424
 268 0078 04032540 		.word	1076167428
 269 007c 00022540 		.word	1076167168
 270 0080 04022540 		.word	1076167172
 271 0084 00000000 		.word	SPI_SPI_UART_ISR
 272 0088 880E2540 		.word	1076170376
 273 008c C80E2540 		.word	1076170440
 274 0090 480F2540 		.word	1076170568
 275 0094 080F2540 		.word	1076170504
 276 0098 C80F2540 		.word	1076170696
 277 009c 880F2540 		.word	1076170632
 278 00a0 00000000 		.word	SPI_IntrTxMask
 279              		.cfi_endproc
 280              	.LFE1:
 281              		.size	SPI_SpiInit, .-SPI_SpiInit
 282              		.section	.text.SPI_SpiSetSlaveSelectPolarity,"ax",%progbits
 283              		.align	2
 284              		.global	SPI_SpiSetSlaveSelectPolarity
 285              		.code	16
 286              		.thumb_func
 287              		.type	SPI_SpiSetSlaveSelectPolarity, %function
 288              	SPI_SpiSetSlaveSelectPolarity:
 289              	.LFB5:
 470:Generated_Source\PSoC4/SPI_SPI.c **** #endif /* (SPI_SPI_MASTER_CONST) */
 471:Generated_Source\PSoC4/SPI_SPI.c **** 
 472:Generated_Source\PSoC4/SPI_SPI.c **** 
 473:Generated_Source\PSoC4/SPI_SPI.c **** #if !(SPI_CY_SCBIP_V0 || SPI_CY_SCBIP_V1)
 474:Generated_Source\PSoC4/SPI_SPI.c ****     /*******************************************************************************
 475:Generated_Source\PSoC4/SPI_SPI.c ****     * Function Name: SPI_SpiSetSlaveSelectPolarity
 476:Generated_Source\PSoC4/SPI_SPI.c ****     ****************************************************************************//**
 477:Generated_Source\PSoC4/SPI_SPI.c ****     *
 478:Generated_Source\PSoC4/SPI_SPI.c ****     *  Sets active polarity for slave select line.
 479:Generated_Source\PSoC4/SPI_SPI.c ****     *  The component should be in one of the following states to change the active
 480:Generated_Source\PSoC4/SPI_SPI.c ****     *  slave select signal source correctly:
 481:Generated_Source\PSoC4/SPI_SPI.c ****     *   - The component is disabled.
 482:Generated_Source\PSoC4/SPI_SPI.c ****     *   - The component has completed transfer.
 483:Generated_Source\PSoC4/SPI_SPI.c ****     *  
 484:Generated_Source\PSoC4/SPI_SPI.c ****     *  This function does not check that these conditions are met.
 485:Generated_Source\PSoC4/SPI_SPI.c ****     *
 486:Generated_Source\PSoC4/SPI_SPI.c ****     *  \param slaveSelect: slave select line to change active polarity.
 487:Generated_Source\PSoC4/SPI_SPI.c ****     *   - SPI_SPI_SLAVE_SELECT0 - Slave select 0.
 488:Generated_Source\PSoC4/SPI_SPI.c ****     *   - SPI_SPI_SLAVE_SELECT1 - Slave select 1.
 489:Generated_Source\PSoC4/SPI_SPI.c ****     *   - SPI_SPI_SLAVE_SELECT2 - Slave select 2.
 490:Generated_Source\PSoC4/SPI_SPI.c ****     *   - SPI_SPI_SLAVE_SELECT3 - Slave select 3.
ARM GAS  C:\Users\psmus\AppData\Local\Temp\ccgM3AvQ.s 			page 15


 491:Generated_Source\PSoC4/SPI_SPI.c ****     *
 492:Generated_Source\PSoC4/SPI_SPI.c ****     *  \param polarity: active polarity of slave select line.
 493:Generated_Source\PSoC4/SPI_SPI.c ****     *   - SPI_SPI_SS_ACTIVE_LOW  - Slave select is active low.
 494:Generated_Source\PSoC4/SPI_SPI.c ****     *   - SPI_SPI_SS_ACTIVE_HIGH - Slave select is active high.
 495:Generated_Source\PSoC4/SPI_SPI.c ****     *
 496:Generated_Source\PSoC4/SPI_SPI.c ****     *******************************************************************************/
 497:Generated_Source\PSoC4/SPI_SPI.c ****     void SPI_SpiSetSlaveSelectPolarity(uint32 slaveSelect, uint32 polarity)
 498:Generated_Source\PSoC4/SPI_SPI.c ****     {
 290              		.loc 1 498 0
 291              		.cfi_startproc
 292              		@ args = 0, pretend = 0, frame = 0
 293              		@ frame_needed = 0, uses_anonymous_args = 0
 294              		@ link register save eliminated.
 295              	.LVL11:
 499:Generated_Source\PSoC4/SPI_SPI.c ****         uint32 ssPolarity;
 500:Generated_Source\PSoC4/SPI_SPI.c **** 
 501:Generated_Source\PSoC4/SPI_SPI.c ****         /* Get position of the polarity bit associated with slave select line */
 502:Generated_Source\PSoC4/SPI_SPI.c ****         ssPolarity = SPI_GET_SPI_CTRL_SSEL_POLARITY((uint32) 1u << slaveSelect);
 296              		.loc 1 502 0
 297 0000 0123     		movs	r3, #1
 298 0002 8340     		lsls	r3, r3, r0
 299 0004 1B02     		lsls	r3, r3, #8
 300 0006 F022     		movs	r2, #240
 301 0008 1201     		lsls	r2, r2, #4
 302 000a 1340     		ands	r3, r2
 303              	.LVL12:
 503:Generated_Source\PSoC4/SPI_SPI.c **** 
 504:Generated_Source\PSoC4/SPI_SPI.c ****         if (0u != polarity)
 304              		.loc 1 504 0
 305 000c 0029     		cmp	r1, #0
 306 000e 04D0     		beq	.L14
 505:Generated_Source\PSoC4/SPI_SPI.c ****         {
 506:Generated_Source\PSoC4/SPI_SPI.c ****             SPI_SPI_CTRL_REG |= (uint32)  ssPolarity;
 307              		.loc 1 506 0
 308 0010 0449     		ldr	r1, .L16
 309              	.LVL13:
 310 0012 0A68     		ldr	r2, [r1]
 311 0014 1343     		orrs	r3, r2
 312              	.LVL14:
 313 0016 0B60     		str	r3, [r1]
 314 0018 03E0     		b	.L13
 315              	.LVL15:
 316              	.L14:
 507:Generated_Source\PSoC4/SPI_SPI.c ****         }
 508:Generated_Source\PSoC4/SPI_SPI.c ****         else
 509:Generated_Source\PSoC4/SPI_SPI.c ****         {
 510:Generated_Source\PSoC4/SPI_SPI.c ****             SPI_SPI_CTRL_REG &= (uint32) ~ssPolarity;
 317              		.loc 1 510 0
 318 001a 0249     		ldr	r1, .L16
 319              	.LVL16:
 320 001c 0A68     		ldr	r2, [r1]
 321 001e 9A43     		bics	r2, r3
 322 0020 0A60     		str	r2, [r1]
 323              	.LVL17:
 324              	.L13:
 511:Generated_Source\PSoC4/SPI_SPI.c ****         }
 512:Generated_Source\PSoC4/SPI_SPI.c ****     }
ARM GAS  C:\Users\psmus\AppData\Local\Temp\ccgM3AvQ.s 			page 16


 325              		.loc 1 512 0
 326              		@ sp needed
 327 0022 7047     		bx	lr
 328              	.L17:
 329              		.align	2
 330              	.L16:
 331 0024 20002540 		.word	1076166688
 332              		.cfi_endproc
 333              	.LFE5:
 334              		.size	SPI_SpiSetSlaveSelectPolarity, .-SPI_SpiSetSlaveSelectPolarity
 335              		.text
 336              	.Letext0:
 337              		.file 2 "Generated_Source\\PSoC4/cytypes.h"
 338              		.file 3 "Generated_Source\\PSoC4\\SPI_sclk_m.h"
 339              		.file 4 "Generated_Source\\PSoC4\\SPI_ss0_m.h"
 340              		.file 5 "Generated_Source\\PSoC4/CyLib.h"
 341              		.file 6 "Generated_Source\\PSoC4\\SPI_PVT.h"
 342              		.section	.debug_info,"",%progbits
 343              	.Ldebug_info0:
 344 0000 1C020000 		.4byte	0x21c
 345 0004 0400     		.2byte	0x4
 346 0006 00000000 		.4byte	.Ldebug_abbrev0
 347 000a 04       		.byte	0x4
 348 000b 01       		.uleb128 0x1
 349 000c 48010000 		.4byte	.LASF31
 350 0010 0C       		.byte	0xc
 351 0011 1C000000 		.4byte	.LASF32
 352 0015 45020000 		.4byte	.LASF33
 353 0019 00000000 		.4byte	.Ldebug_ranges0+0
 354 001d 00000000 		.4byte	0
 355 0021 00000000 		.4byte	.Ldebug_line0
 356 0025 02       		.uleb128 0x2
 357 0026 01       		.byte	0x1
 358 0027 06       		.byte	0x6
 359 0028 9D020000 		.4byte	.LASF0
 360 002c 02       		.uleb128 0x2
 361 002d 01       		.byte	0x1
 362 002e 08       		.byte	0x8
 363 002f 98000000 		.4byte	.LASF1
 364 0033 02       		.uleb128 0x2
 365 0034 02       		.byte	0x2
 366 0035 05       		.byte	0x5
 367 0036 D7000000 		.4byte	.LASF2
 368 003a 02       		.uleb128 0x2
 369 003b 02       		.byte	0x2
 370 003c 07       		.byte	0x7
 371 003d 4C000000 		.4byte	.LASF3
 372 0041 02       		.uleb128 0x2
 373 0042 04       		.byte	0x4
 374 0043 05       		.byte	0x5
 375 0044 36020000 		.4byte	.LASF4
 376 0048 02       		.uleb128 0x2
 377 0049 04       		.byte	0x4
 378 004a 07       		.byte	0x7
 379 004b A6000000 		.4byte	.LASF5
 380 004f 02       		.uleb128 0x2
 381 0050 08       		.byte	0x8
ARM GAS  C:\Users\psmus\AppData\Local\Temp\ccgM3AvQ.s 			page 17


 382 0051 05       		.byte	0x5
 383 0052 DF010000 		.4byte	.LASF6
 384 0056 02       		.uleb128 0x2
 385 0057 08       		.byte	0x8
 386 0058 07       		.byte	0x7
 387 0059 11010000 		.4byte	.LASF7
 388 005d 03       		.uleb128 0x3
 389 005e 04       		.byte	0x4
 390 005f 05       		.byte	0x5
 391 0060 696E7400 		.ascii	"int\000"
 392 0064 02       		.uleb128 0x2
 393 0065 04       		.byte	0x4
 394 0066 07       		.byte	0x7
 395 0067 04010000 		.4byte	.LASF8
 396 006b 04       		.uleb128 0x4
 397 006c CA000000 		.4byte	.LASF9
 398 0070 02       		.byte	0x2
 399 0071 E401     		.2byte	0x1e4
 400 0073 2C000000 		.4byte	0x2c
 401 0077 04       		.uleb128 0x4
 402 0078 F6000000 		.4byte	.LASF10
 403 007c 02       		.byte	0x2
 404 007d E501     		.2byte	0x1e5
 405 007f 3A000000 		.4byte	0x3a
 406 0083 04       		.uleb128 0x4
 407 0084 FD000000 		.4byte	.LASF11
 408 0088 02       		.byte	0x2
 409 0089 E601     		.2byte	0x1e6
 410 008b 48000000 		.4byte	0x48
 411 008f 02       		.uleb128 0x2
 412 0090 04       		.byte	0x4
 413 0091 04       		.byte	0x4
 414 0092 92000000 		.4byte	.LASF12
 415 0096 02       		.uleb128 0x2
 416 0097 08       		.byte	0x8
 417 0098 04       		.byte	0x4
 418 0099 D0000000 		.4byte	.LASF13
 419 009d 02       		.uleb128 0x2
 420 009e 01       		.byte	0x1
 421 009f 08       		.byte	0x8
 422 00a0 ED010000 		.4byte	.LASF14
 423 00a4 04       		.uleb128 0x4
 424 00a5 3F020000 		.4byte	.LASF15
 425 00a9 02       		.byte	0x2
 426 00aa 9002     		.2byte	0x290
 427 00ac B0000000 		.4byte	0xb0
 428 00b0 05       		.uleb128 0x5
 429 00b1 83000000 		.4byte	0x83
 430 00b5 02       		.uleb128 0x2
 431 00b6 08       		.byte	0x8
 432 00b7 04       		.byte	0x4
 433 00b8 91020000 		.4byte	.LASF16
 434 00bc 02       		.uleb128 0x2
 435 00bd 04       		.byte	0x4
 436 00be 07       		.byte	0x7
 437 00bf D6010000 		.4byte	.LASF17
 438 00c3 06       		.uleb128 0x6
ARM GAS  C:\Users\psmus\AppData\Local\Temp\ccgM3AvQ.s 			page 18


 439 00c4 B8000000 		.4byte	.LASF34
 440 00c8 01       		.byte	0x1
 441 00c9 E7       		.byte	0xe7
 442 00ca 00000000 		.4byte	.LFB2
 443 00ce 2C000000 		.4byte	.LFE2-.LFB2
 444 00d2 01       		.uleb128 0x1
 445 00d3 9C       		.byte	0x9c
 446 00d4 07       		.uleb128 0x7
 447 00d5 E1000000 		.4byte	.LASF18
 448 00d9 01       		.byte	0x1
 449 00da 3C01     		.2byte	0x13c
 450 00dc 00000000 		.4byte	.LFB3
 451 00e0 60000000 		.4byte	.LFE3-.LFB3
 452 00e4 01       		.uleb128 0x1
 453 00e5 9C       		.byte	0x9c
 454 00e6 FD000000 		.4byte	0xfd
 455 00ea 08       		.uleb128 0x8
 456 00eb 14000000 		.4byte	.LVL0
 457 00ef E8010000 		.4byte	0x1e8
 458 00f3 08       		.uleb128 0x8
 459 00f4 30000000 		.4byte	.LVL1
 460 00f8 F3010000 		.4byte	0x1f3
 461 00fc 00       		.byte	0
 462 00fd 07       		.uleb128 0x7
 463 00fe 76000000 		.4byte	.LASF19
 464 0102 01       		.byte	0x1
 465 0103 CB01     		.2byte	0x1cb
 466 0105 00000000 		.4byte	.LFB4
 467 0109 20000000 		.4byte	.LFE4-.LFB4
 468 010d 01       		.uleb128 0x1
 469 010e 9C       		.byte	0x9c
 470 010f 34010000 		.4byte	0x134
 471 0113 09       		.uleb128 0x9
 472 0114 10000000 		.4byte	.LASF22
 473 0118 01       		.byte	0x1
 474 0119 CB01     		.2byte	0x1cb
 475 011b 83000000 		.4byte	0x83
 476 011f 00000000 		.4byte	.LLST0
 477 0123 0A       		.uleb128 0xa
 478 0124 F2010000 		.4byte	.LASF24
 479 0128 01       		.byte	0x1
 480 0129 CD01     		.2byte	0x1cd
 481 012b 83000000 		.4byte	0x83
 482 012f 21000000 		.4byte	.LLST1
 483 0133 00       		.byte	0
 484 0134 0B       		.uleb128 0xb
 485 0135 5F000000 		.4byte	.LASF20
 486 0139 01       		.byte	0x1
 487 013a AC       		.byte	0xac
 488 013b 00000000 		.4byte	.LFB1
 489 013f A4000000 		.4byte	.LFE1-.LFB1
 490 0143 01       		.uleb128 0x1
 491 0144 9C       		.byte	0x9c
 492 0145 98010000 		.4byte	0x198
 493 0149 0C       		.uleb128 0xc
 494 014a 2A000000 		.4byte	.LVL7
 495 014e FE010000 		.4byte	0x1fe
ARM GAS  C:\Users\psmus\AppData\Local\Temp\ccgM3AvQ.s 			page 19


 496 0152 5C010000 		.4byte	0x15c
 497 0156 0D       		.uleb128 0xd
 498 0157 01       		.uleb128 0x1
 499 0158 50       		.byte	0x50
 500 0159 01       		.uleb128 0x1
 501 015a 3A       		.byte	0x3a
 502 015b 00       		.byte	0
 503 015c 0C       		.uleb128 0xc
 504 015d 32000000 		.4byte	.LVL8
 505 0161 09020000 		.4byte	0x209
 506 0165 74010000 		.4byte	0x174
 507 0169 0D       		.uleb128 0xd
 508 016a 01       		.uleb128 0x1
 509 016b 50       		.byte	0x50
 510 016c 01       		.uleb128 0x1
 511 016d 3A       		.byte	0x3a
 512 016e 0D       		.uleb128 0xd
 513 016f 01       		.uleb128 0x1
 514 0170 51       		.byte	0x51
 515 0171 01       		.uleb128 0x1
 516 0172 33       		.byte	0x33
 517 0173 00       		.byte	0
 518 0174 0C       		.uleb128 0xc
 519 0175 3A000000 		.4byte	.LVL9
 520 0179 14020000 		.4byte	0x214
 521 017d 87010000 		.4byte	0x187
 522 0181 0D       		.uleb128 0xd
 523 0182 01       		.uleb128 0x1
 524 0183 50       		.byte	0x50
 525 0184 01       		.uleb128 0x1
 526 0185 3A       		.byte	0x3a
 527 0186 00       		.byte	0
 528 0187 0E       		.uleb128 0xe
 529 0188 5E000000 		.4byte	.LVL10
 530 018c FD000000 		.4byte	0xfd
 531 0190 0D       		.uleb128 0xd
 532 0191 01       		.uleb128 0x1
 533 0192 50       		.byte	0x50
 534 0193 02       		.uleb128 0x2
 535 0194 74       		.byte	0x74
 536 0195 00       		.sleb128 0
 537 0196 00       		.byte	0
 538 0197 00       		.byte	0
 539 0198 07       		.uleb128 0x7
 540 0199 18020000 		.4byte	.LASF21
 541 019d 01       		.byte	0x1
 542 019e F101     		.2byte	0x1f1
 543 01a0 00000000 		.4byte	.LFB5
 544 01a4 28000000 		.4byte	.LFE5-.LFB5
 545 01a8 01       		.uleb128 0x1
 546 01a9 9C       		.byte	0x9c
 547 01aa DD010000 		.4byte	0x1dd
 548 01ae 0F       		.uleb128 0xf
 549 01af 10000000 		.4byte	.LASF22
 550 01b3 01       		.byte	0x1
 551 01b4 F101     		.2byte	0x1f1
 552 01b6 83000000 		.4byte	0x83
ARM GAS  C:\Users\psmus\AppData\Local\Temp\ccgM3AvQ.s 			page 20


 553 01ba 01       		.uleb128 0x1
 554 01bb 50       		.byte	0x50
 555 01bc 09       		.uleb128 0x9
 556 01bd ED000000 		.4byte	.LASF23
 557 01c1 01       		.byte	0x1
 558 01c2 F101     		.2byte	0x1f1
 559 01c4 83000000 		.4byte	0x83
 560 01c8 3F000000 		.4byte	.LLST2
 561 01cc 0A       		.uleb128 0xa
 562 01cd 6B000000 		.4byte	.LASF25
 563 01d1 01       		.byte	0x1
 564 01d2 F301     		.2byte	0x1f3
 565 01d4 83000000 		.4byte	0x83
 566 01d8 79000000 		.4byte	.LLST3
 567 01dc 00       		.byte	0
 568 01dd 10       		.uleb128 0x10
 569 01de 39010000 		.4byte	.LASF35
 570 01e2 06       		.byte	0x6
 571 01e3 5B       		.byte	0x5b
 572 01e4 77000000 		.4byte	0x77
 573 01e8 11       		.uleb128 0x11
 574 01e9 07020000 		.4byte	.LASF26
 575 01ed 07020000 		.4byte	.LASF26
 576 01f1 03       		.byte	0x3
 577 01f2 33       		.byte	0x33
 578 01f3 11       		.uleb128 0x11
 579 01f4 00000000 		.4byte	.LASF27
 580 01f8 00000000 		.4byte	.LASF27
 581 01fc 04       		.byte	0x4
 582 01fd 33       		.byte	0x33
 583 01fe 11       		.uleb128 0x11
 584 01ff FA010000 		.4byte	.LASF28
 585 0203 FA010000 		.4byte	.LASF28
 586 0207 05       		.byte	0x5
 587 0208 C5       		.byte	0xc5
 588 0209 11       		.uleb128 0x11
 589 020a 28010000 		.4byte	.LASF29
 590 020e 28010000 		.4byte	.LASF29
 591 0212 05       		.byte	0x5
 592 0213 C0       		.byte	0xc0
 593 0214 11       		.uleb128 0x11
 594 0215 3D000000 		.4byte	.LASF30
 595 0219 3D000000 		.4byte	.LASF30
 596 021d 05       		.byte	0x5
 597 021e BD       		.byte	0xbd
 598 021f 00       		.byte	0
 599              		.section	.debug_abbrev,"",%progbits
 600              	.Ldebug_abbrev0:
 601 0000 01       		.uleb128 0x1
 602 0001 11       		.uleb128 0x11
 603 0002 01       		.byte	0x1
 604 0003 25       		.uleb128 0x25
 605 0004 0E       		.uleb128 0xe
 606 0005 13       		.uleb128 0x13
 607 0006 0B       		.uleb128 0xb
 608 0007 03       		.uleb128 0x3
 609 0008 0E       		.uleb128 0xe
ARM GAS  C:\Users\psmus\AppData\Local\Temp\ccgM3AvQ.s 			page 21


 610 0009 1B       		.uleb128 0x1b
 611 000a 0E       		.uleb128 0xe
 612 000b 55       		.uleb128 0x55
 613 000c 17       		.uleb128 0x17
 614 000d 11       		.uleb128 0x11
 615 000e 01       		.uleb128 0x1
 616 000f 10       		.uleb128 0x10
 617 0010 17       		.uleb128 0x17
 618 0011 00       		.byte	0
 619 0012 00       		.byte	0
 620 0013 02       		.uleb128 0x2
 621 0014 24       		.uleb128 0x24
 622 0015 00       		.byte	0
 623 0016 0B       		.uleb128 0xb
 624 0017 0B       		.uleb128 0xb
 625 0018 3E       		.uleb128 0x3e
 626 0019 0B       		.uleb128 0xb
 627 001a 03       		.uleb128 0x3
 628 001b 0E       		.uleb128 0xe
 629 001c 00       		.byte	0
 630 001d 00       		.byte	0
 631 001e 03       		.uleb128 0x3
 632 001f 24       		.uleb128 0x24
 633 0020 00       		.byte	0
 634 0021 0B       		.uleb128 0xb
 635 0022 0B       		.uleb128 0xb
 636 0023 3E       		.uleb128 0x3e
 637 0024 0B       		.uleb128 0xb
 638 0025 03       		.uleb128 0x3
 639 0026 08       		.uleb128 0x8
 640 0027 00       		.byte	0
 641 0028 00       		.byte	0
 642 0029 04       		.uleb128 0x4
 643 002a 16       		.uleb128 0x16
 644 002b 00       		.byte	0
 645 002c 03       		.uleb128 0x3
 646 002d 0E       		.uleb128 0xe
 647 002e 3A       		.uleb128 0x3a
 648 002f 0B       		.uleb128 0xb
 649 0030 3B       		.uleb128 0x3b
 650 0031 05       		.uleb128 0x5
 651 0032 49       		.uleb128 0x49
 652 0033 13       		.uleb128 0x13
 653 0034 00       		.byte	0
 654 0035 00       		.byte	0
 655 0036 05       		.uleb128 0x5
 656 0037 35       		.uleb128 0x35
 657 0038 00       		.byte	0
 658 0039 49       		.uleb128 0x49
 659 003a 13       		.uleb128 0x13
 660 003b 00       		.byte	0
 661 003c 00       		.byte	0
 662 003d 06       		.uleb128 0x6
 663 003e 2E       		.uleb128 0x2e
 664 003f 00       		.byte	0
 665 0040 3F       		.uleb128 0x3f
 666 0041 19       		.uleb128 0x19
ARM GAS  C:\Users\psmus\AppData\Local\Temp\ccgM3AvQ.s 			page 22


 667 0042 03       		.uleb128 0x3
 668 0043 0E       		.uleb128 0xe
 669 0044 3A       		.uleb128 0x3a
 670 0045 0B       		.uleb128 0xb
 671 0046 3B       		.uleb128 0x3b
 672 0047 0B       		.uleb128 0xb
 673 0048 27       		.uleb128 0x27
 674 0049 19       		.uleb128 0x19
 675 004a 11       		.uleb128 0x11
 676 004b 01       		.uleb128 0x1
 677 004c 12       		.uleb128 0x12
 678 004d 06       		.uleb128 0x6
 679 004e 40       		.uleb128 0x40
 680 004f 18       		.uleb128 0x18
 681 0050 9742     		.uleb128 0x2117
 682 0052 19       		.uleb128 0x19
 683 0053 00       		.byte	0
 684 0054 00       		.byte	0
 685 0055 07       		.uleb128 0x7
 686 0056 2E       		.uleb128 0x2e
 687 0057 01       		.byte	0x1
 688 0058 3F       		.uleb128 0x3f
 689 0059 19       		.uleb128 0x19
 690 005a 03       		.uleb128 0x3
 691 005b 0E       		.uleb128 0xe
 692 005c 3A       		.uleb128 0x3a
 693 005d 0B       		.uleb128 0xb
 694 005e 3B       		.uleb128 0x3b
 695 005f 05       		.uleb128 0x5
 696 0060 27       		.uleb128 0x27
 697 0061 19       		.uleb128 0x19
 698 0062 11       		.uleb128 0x11
 699 0063 01       		.uleb128 0x1
 700 0064 12       		.uleb128 0x12
 701 0065 06       		.uleb128 0x6
 702 0066 40       		.uleb128 0x40
 703 0067 18       		.uleb128 0x18
 704 0068 9742     		.uleb128 0x2117
 705 006a 19       		.uleb128 0x19
 706 006b 01       		.uleb128 0x1
 707 006c 13       		.uleb128 0x13
 708 006d 00       		.byte	0
 709 006e 00       		.byte	0
 710 006f 08       		.uleb128 0x8
 711 0070 898201   		.uleb128 0x4109
 712 0073 00       		.byte	0
 713 0074 11       		.uleb128 0x11
 714 0075 01       		.uleb128 0x1
 715 0076 31       		.uleb128 0x31
 716 0077 13       		.uleb128 0x13
 717 0078 00       		.byte	0
 718 0079 00       		.byte	0
 719 007a 09       		.uleb128 0x9
 720 007b 05       		.uleb128 0x5
 721 007c 00       		.byte	0
 722 007d 03       		.uleb128 0x3
 723 007e 0E       		.uleb128 0xe
ARM GAS  C:\Users\psmus\AppData\Local\Temp\ccgM3AvQ.s 			page 23


 724 007f 3A       		.uleb128 0x3a
 725 0080 0B       		.uleb128 0xb
 726 0081 3B       		.uleb128 0x3b
 727 0082 05       		.uleb128 0x5
 728 0083 49       		.uleb128 0x49
 729 0084 13       		.uleb128 0x13
 730 0085 02       		.uleb128 0x2
 731 0086 17       		.uleb128 0x17
 732 0087 00       		.byte	0
 733 0088 00       		.byte	0
 734 0089 0A       		.uleb128 0xa
 735 008a 34       		.uleb128 0x34
 736 008b 00       		.byte	0
 737 008c 03       		.uleb128 0x3
 738 008d 0E       		.uleb128 0xe
 739 008e 3A       		.uleb128 0x3a
 740 008f 0B       		.uleb128 0xb
 741 0090 3B       		.uleb128 0x3b
 742 0091 05       		.uleb128 0x5
 743 0092 49       		.uleb128 0x49
 744 0093 13       		.uleb128 0x13
 745 0094 02       		.uleb128 0x2
 746 0095 17       		.uleb128 0x17
 747 0096 00       		.byte	0
 748 0097 00       		.byte	0
 749 0098 0B       		.uleb128 0xb
 750 0099 2E       		.uleb128 0x2e
 751 009a 01       		.byte	0x1
 752 009b 3F       		.uleb128 0x3f
 753 009c 19       		.uleb128 0x19
 754 009d 03       		.uleb128 0x3
 755 009e 0E       		.uleb128 0xe
 756 009f 3A       		.uleb128 0x3a
 757 00a0 0B       		.uleb128 0xb
 758 00a1 3B       		.uleb128 0x3b
 759 00a2 0B       		.uleb128 0xb
 760 00a3 27       		.uleb128 0x27
 761 00a4 19       		.uleb128 0x19
 762 00a5 11       		.uleb128 0x11
 763 00a6 01       		.uleb128 0x1
 764 00a7 12       		.uleb128 0x12
 765 00a8 06       		.uleb128 0x6
 766 00a9 40       		.uleb128 0x40
 767 00aa 18       		.uleb128 0x18
 768 00ab 9742     		.uleb128 0x2117
 769 00ad 19       		.uleb128 0x19
 770 00ae 01       		.uleb128 0x1
 771 00af 13       		.uleb128 0x13
 772 00b0 00       		.byte	0
 773 00b1 00       		.byte	0
 774 00b2 0C       		.uleb128 0xc
 775 00b3 898201   		.uleb128 0x4109
 776 00b6 01       		.byte	0x1
 777 00b7 11       		.uleb128 0x11
 778 00b8 01       		.uleb128 0x1
 779 00b9 31       		.uleb128 0x31
 780 00ba 13       		.uleb128 0x13
ARM GAS  C:\Users\psmus\AppData\Local\Temp\ccgM3AvQ.s 			page 24


 781 00bb 01       		.uleb128 0x1
 782 00bc 13       		.uleb128 0x13
 783 00bd 00       		.byte	0
 784 00be 00       		.byte	0
 785 00bf 0D       		.uleb128 0xd
 786 00c0 8A8201   		.uleb128 0x410a
 787 00c3 00       		.byte	0
 788 00c4 02       		.uleb128 0x2
 789 00c5 18       		.uleb128 0x18
 790 00c6 9142     		.uleb128 0x2111
 791 00c8 18       		.uleb128 0x18
 792 00c9 00       		.byte	0
 793 00ca 00       		.byte	0
 794 00cb 0E       		.uleb128 0xe
 795 00cc 898201   		.uleb128 0x4109
 796 00cf 01       		.byte	0x1
 797 00d0 11       		.uleb128 0x11
 798 00d1 01       		.uleb128 0x1
 799 00d2 31       		.uleb128 0x31
 800 00d3 13       		.uleb128 0x13
 801 00d4 00       		.byte	0
 802 00d5 00       		.byte	0
 803 00d6 0F       		.uleb128 0xf
 804 00d7 05       		.uleb128 0x5
 805 00d8 00       		.byte	0
 806 00d9 03       		.uleb128 0x3
 807 00da 0E       		.uleb128 0xe
 808 00db 3A       		.uleb128 0x3a
 809 00dc 0B       		.uleb128 0xb
 810 00dd 3B       		.uleb128 0x3b
 811 00de 05       		.uleb128 0x5
 812 00df 49       		.uleb128 0x49
 813 00e0 13       		.uleb128 0x13
 814 00e1 02       		.uleb128 0x2
 815 00e2 18       		.uleb128 0x18
 816 00e3 00       		.byte	0
 817 00e4 00       		.byte	0
 818 00e5 10       		.uleb128 0x10
 819 00e6 34       		.uleb128 0x34
 820 00e7 00       		.byte	0
 821 00e8 03       		.uleb128 0x3
 822 00e9 0E       		.uleb128 0xe
 823 00ea 3A       		.uleb128 0x3a
 824 00eb 0B       		.uleb128 0xb
 825 00ec 3B       		.uleb128 0x3b
 826 00ed 0B       		.uleb128 0xb
 827 00ee 49       		.uleb128 0x49
 828 00ef 13       		.uleb128 0x13
 829 00f0 3F       		.uleb128 0x3f
 830 00f1 19       		.uleb128 0x19
 831 00f2 3C       		.uleb128 0x3c
 832 00f3 19       		.uleb128 0x19
 833 00f4 00       		.byte	0
 834 00f5 00       		.byte	0
 835 00f6 11       		.uleb128 0x11
 836 00f7 2E       		.uleb128 0x2e
 837 00f8 00       		.byte	0
ARM GAS  C:\Users\psmus\AppData\Local\Temp\ccgM3AvQ.s 			page 25


 838 00f9 3F       		.uleb128 0x3f
 839 00fa 19       		.uleb128 0x19
 840 00fb 3C       		.uleb128 0x3c
 841 00fc 19       		.uleb128 0x19
 842 00fd 6E       		.uleb128 0x6e
 843 00fe 0E       		.uleb128 0xe
 844 00ff 03       		.uleb128 0x3
 845 0100 0E       		.uleb128 0xe
 846 0101 3A       		.uleb128 0x3a
 847 0102 0B       		.uleb128 0xb
 848 0103 3B       		.uleb128 0x3b
 849 0104 0B       		.uleb128 0xb
 850 0105 00       		.byte	0
 851 0106 00       		.byte	0
 852 0107 00       		.byte	0
 853              		.section	.debug_loc,"",%progbits
 854              	.Ldebug_loc0:
 855              	.LLST0:
 856 0000 00000000 		.4byte	.LVL2
 857 0004 0A000000 		.4byte	.LVL5
 858 0008 0100     		.2byte	0x1
 859 000a 50       		.byte	0x50
 860 000b 0A000000 		.4byte	.LVL5
 861 000f 20000000 		.4byte	.LFE4
 862 0013 0400     		.2byte	0x4
 863 0015 F3       		.byte	0xf3
 864 0016 01       		.uleb128 0x1
 865 0017 50       		.byte	0x50
 866 0018 9F       		.byte	0x9f
 867 0019 00000000 		.4byte	0
 868 001d 00000000 		.4byte	0
 869              	.LLST1:
 870 0021 04000000 		.4byte	.LVL3
 871 0025 12000000 		.4byte	.LVL6
 872 0029 0100     		.2byte	0x1
 873 002b 52       		.byte	0x52
 874 002c 12000000 		.4byte	.LVL6
 875 0030 20000000 		.4byte	.LFE4
 876 0034 0100     		.2byte	0x1
 877 0036 50       		.byte	0x50
 878 0037 00000000 		.4byte	0
 879 003b 00000000 		.4byte	0
 880              	.LLST2:
 881 003f 00000000 		.4byte	.LVL11
 882 0043 12000000 		.4byte	.LVL13
 883 0047 0100     		.2byte	0x1
 884 0049 51       		.byte	0x51
 885 004a 12000000 		.4byte	.LVL13
 886 004e 1A000000 		.4byte	.LVL15
 887 0052 0400     		.2byte	0x4
 888 0054 F3       		.byte	0xf3
 889 0055 01       		.uleb128 0x1
 890 0056 51       		.byte	0x51
 891 0057 9F       		.byte	0x9f
 892 0058 1A000000 		.4byte	.LVL15
 893 005c 1C000000 		.4byte	.LVL16
 894 0060 0100     		.2byte	0x1
ARM GAS  C:\Users\psmus\AppData\Local\Temp\ccgM3AvQ.s 			page 26


 895 0062 51       		.byte	0x51
 896 0063 1C000000 		.4byte	.LVL16
 897 0067 28000000 		.4byte	.LFE5
 898 006b 0400     		.2byte	0x4
 899 006d F3       		.byte	0xf3
 900 006e 01       		.uleb128 0x1
 901 006f 51       		.byte	0x51
 902 0070 9F       		.byte	0x9f
 903 0071 00000000 		.4byte	0
 904 0075 00000000 		.4byte	0
 905              	.LLST3:
 906 0079 0C000000 		.4byte	.LVL12
 907 007d 16000000 		.4byte	.LVL14
 908 0081 0100     		.2byte	0x1
 909 0083 53       		.byte	0x53
 910 0084 16000000 		.4byte	.LVL14
 911 0088 1A000000 		.4byte	.LVL15
 912 008c 0B00     		.2byte	0xb
 913 008e 31       		.byte	0x31
 914 008f 70       		.byte	0x70
 915 0090 00       		.sleb128 0
 916 0091 24       		.byte	0x24
 917 0092 38       		.byte	0x38
 918 0093 24       		.byte	0x24
 919 0094 0A       		.byte	0xa
 920 0095 000F     		.2byte	0xf00
 921 0097 1A       		.byte	0x1a
 922 0098 9F       		.byte	0x9f
 923 0099 1A000000 		.4byte	.LVL15
 924 009d 22000000 		.4byte	.LVL17
 925 00a1 0100     		.2byte	0x1
 926 00a3 53       		.byte	0x53
 927 00a4 22000000 		.4byte	.LVL17
 928 00a8 28000000 		.4byte	.LFE5
 929 00ac 0B00     		.2byte	0xb
 930 00ae 31       		.byte	0x31
 931 00af 70       		.byte	0x70
 932 00b0 00       		.sleb128 0
 933 00b1 24       		.byte	0x24
 934 00b2 38       		.byte	0x38
 935 00b3 24       		.byte	0x24
 936 00b4 0A       		.byte	0xa
 937 00b5 000F     		.2byte	0xf00
 938 00b7 1A       		.byte	0x1a
 939 00b8 9F       		.byte	0x9f
 940 00b9 00000000 		.4byte	0
 941 00bd 00000000 		.4byte	0
 942              		.section	.debug_aranges,"",%progbits
 943 0000 3C000000 		.4byte	0x3c
 944 0004 0200     		.2byte	0x2
 945 0006 00000000 		.4byte	.Ldebug_info0
 946 000a 04       		.byte	0x4
 947 000b 00       		.byte	0
 948 000c 0000     		.2byte	0
 949 000e 0000     		.2byte	0
 950 0010 00000000 		.4byte	.LFB2
 951 0014 2C000000 		.4byte	.LFE2-.LFB2
ARM GAS  C:\Users\psmus\AppData\Local\Temp\ccgM3AvQ.s 			page 27


 952 0018 00000000 		.4byte	.LFB3
 953 001c 60000000 		.4byte	.LFE3-.LFB3
 954 0020 00000000 		.4byte	.LFB4
 955 0024 20000000 		.4byte	.LFE4-.LFB4
 956 0028 00000000 		.4byte	.LFB1
 957 002c A4000000 		.4byte	.LFE1-.LFB1
 958 0030 00000000 		.4byte	.LFB5
 959 0034 28000000 		.4byte	.LFE5-.LFB5
 960 0038 00000000 		.4byte	0
 961 003c 00000000 		.4byte	0
 962              		.section	.debug_ranges,"",%progbits
 963              	.Ldebug_ranges0:
 964 0000 00000000 		.4byte	.LFB2
 965 0004 2C000000 		.4byte	.LFE2
 966 0008 00000000 		.4byte	.LFB3
 967 000c 60000000 		.4byte	.LFE3
 968 0010 00000000 		.4byte	.LFB4
 969 0014 20000000 		.4byte	.LFE4
 970 0018 00000000 		.4byte	.LFB1
 971 001c A4000000 		.4byte	.LFE1
 972 0020 00000000 		.4byte	.LFB5
 973 0024 28000000 		.4byte	.LFE5
 974 0028 00000000 		.4byte	0
 975 002c 00000000 		.4byte	0
 976              		.section	.debug_line,"",%progbits
 977              	.Ldebug_line0:
 978 0000 01010000 		.section	.debug_str,"MS",%progbits,1
 978      02007B00 
 978      00000201 
 978      FB0E0D00 
 978      01010101 
 979              	.LASF27:
 980 0000 5350495F 		.ascii	"SPI_ss0_m_Write\000"
 980      7373305F 
 980      6D5F5772 
 980      69746500 
 981              	.LASF22:
 982 0010 736C6176 		.ascii	"slaveSelect\000"
 982      6553656C 
 982      65637400 
 983              	.LASF32:
 984 001c 47656E65 		.ascii	"Generated_Source\\PSoC4\\SPI_SPI.c\000"
 984      72617465 
 984      645F536F 
 984      75726365 
 984      5C50536F 
 985              	.LASF30:
 986 003d 4379496E 		.ascii	"CyIntSetVector\000"
 986      74536574 
 986      56656374 
 986      6F7200
 987              	.LASF3:
 988 004c 73686F72 		.ascii	"short unsigned int\000"
 988      7420756E 
 988      7369676E 
 988      65642069 
 988      6E7400
ARM GAS  C:\Users\psmus\AppData\Local\Temp\ccgM3AvQ.s 			page 28


 989              	.LASF20:
 990 005f 5350495F 		.ascii	"SPI_SpiInit\000"
 990      53706949 
 990      6E697400 
 991              	.LASF25:
 992 006b 7373506F 		.ascii	"ssPolarity\000"
 992      6C617269 
 992      747900
 993              	.LASF19:
 994 0076 5350495F 		.ascii	"SPI_SpiSetActiveSlaveSelect\000"
 994      53706953 
 994      65744163 
 994      74697665 
 994      536C6176 
 995              	.LASF12:
 996 0092 666C6F61 		.ascii	"float\000"
 996      7400
 997              	.LASF1:
 998 0098 756E7369 		.ascii	"unsigned char\000"
 998      676E6564 
 998      20636861 
 998      7200
 999              	.LASF5:
 1000 00a6 6C6F6E67 		.ascii	"long unsigned int\000"
 1000      20756E73 
 1000      69676E65 
 1000      6420696E 
 1000      7400
 1001              	.LASF34:
 1002 00b8 5350495F 		.ascii	"SPI_SpiPostEnable\000"
 1002      53706950 
 1002      6F737445 
 1002      6E61626C 
 1002      6500
 1003              	.LASF9:
 1004 00ca 75696E74 		.ascii	"uint8\000"
 1004      3800
 1005              	.LASF13:
 1006 00d0 646F7562 		.ascii	"double\000"
 1006      6C6500
 1007              	.LASF2:
 1008 00d7 73686F72 		.ascii	"short int\000"
 1008      7420696E 
 1008      7400
 1009              	.LASF18:
 1010 00e1 5350495F 		.ascii	"SPI_SpiStop\000"
 1010      53706953 
 1010      746F7000 
 1011              	.LASF23:
 1012 00ed 706F6C61 		.ascii	"polarity\000"
 1012      72697479 
 1012      00
 1013              	.LASF10:
 1014 00f6 75696E74 		.ascii	"uint16\000"
 1014      313600
 1015              	.LASF11:
 1016 00fd 75696E74 		.ascii	"uint32\000"
ARM GAS  C:\Users\psmus\AppData\Local\Temp\ccgM3AvQ.s 			page 29


 1016      333200
 1017              	.LASF8:
 1018 0104 756E7369 		.ascii	"unsigned int\000"
 1018      676E6564 
 1018      20696E74 
 1018      00
 1019              	.LASF7:
 1020 0111 6C6F6E67 		.ascii	"long long unsigned int\000"
 1020      206C6F6E 
 1020      6720756E 
 1020      7369676E 
 1020      65642069 
 1021              	.LASF29:
 1022 0128 4379496E 		.ascii	"CyIntSetPriority\000"
 1022      74536574 
 1022      5072696F 
 1022      72697479 
 1022      00
 1023              	.LASF35:
 1024 0139 5350495F 		.ascii	"SPI_IntrTxMask\000"
 1024      496E7472 
 1024      54784D61 
 1024      736B00
 1025              	.LASF31:
 1026 0148 474E5520 		.ascii	"GNU C11 5.4.1 20160609 (release) [ARM/embedded-5-br"
 1026      43313120 
 1026      352E342E 
 1026      31203230 
 1026      31363036 
 1027 017b 616E6368 		.ascii	"anch revision 237715] -mcpu=cortex-m0 -mthumb -g -O"
 1027      20726576 
 1027      6973696F 
 1027      6E203233 
 1027      37373135 
 1028 01ae 67202D66 		.ascii	"g -ffunction-sections -ffat-lto-objects\000"
 1028      66756E63 
 1028      74696F6E 
 1028      2D736563 
 1028      74696F6E 
 1029              	.LASF17:
 1030 01d6 73697A65 		.ascii	"sizetype\000"
 1030      74797065 
 1030      00
 1031              	.LASF6:
 1032 01df 6C6F6E67 		.ascii	"long long int\000"
 1032      206C6F6E 
 1032      6720696E 
 1032      7400
 1033              	.LASF14:
 1034 01ed 63686172 		.ascii	"char\000"
 1034      00
 1035              	.LASF24:
 1036 01f2 73706943 		.ascii	"spiCtrl\000"
 1036      74726C00 
 1037              	.LASF28:
 1038 01fa 4379496E 		.ascii	"CyIntDisable\000"
 1038      74446973 
ARM GAS  C:\Users\psmus\AppData\Local\Temp\ccgM3AvQ.s 			page 30


 1038      61626C65 
 1038      00
 1039              	.LASF26:
 1040 0207 5350495F 		.ascii	"SPI_sclk_m_Write\000"
 1040      73636C6B 
 1040      5F6D5F57 
 1040      72697465 
 1040      00
 1041              	.LASF21:
 1042 0218 5350495F 		.ascii	"SPI_SpiSetSlaveSelectPolarity\000"
 1042      53706953 
 1042      6574536C 
 1042      61766553 
 1042      656C6563 
 1043              	.LASF4:
 1044 0236 6C6F6E67 		.ascii	"long int\000"
 1044      20696E74 
 1044      00
 1045              	.LASF15:
 1046 023f 72656733 		.ascii	"reg32\000"
 1046      3200
 1047              	.LASF33:
 1048 0245 453A5C44 		.ascii	"E:\\Documents\\Engineering\\Code\\synth-wavetable\\"
 1048      6F63756D 
 1048      656E7473 
 1048      5C456E67 
 1048      696E6565 
 1049 0273 43797072 		.ascii	"Cypress\\synth-wavetable.cydsn\000"
 1049      6573735C 
 1049      73796E74 
 1049      682D7761 
 1049      76657461 
 1050              	.LASF16:
 1051 0291 6C6F6E67 		.ascii	"long double\000"
 1051      20646F75 
 1051      626C6500 
 1052              	.LASF0:
 1053 029d 7369676E 		.ascii	"signed char\000"
 1053      65642063 
 1053      68617200 
 1054              		.ident	"GCC: (GNU Tools for ARM Embedded Processors) 5.4.1 20160609 (release) [ARM/embedded-5-bran
