ARM GAS  C:\Users\psmus\AppData\Local\Temp\cc3PJZLL.s 			page 1


   1              		.syntax unified
   2              		.cpu cortex-m0
   3              		.fpu softvfp
   4              		.eabi_attribute 20, 1
   5              		.eabi_attribute 21, 1
   6              		.eabi_attribute 23, 3
   7              		.eabi_attribute 24, 1
   8              		.eabi_attribute 25, 1
   9              		.eabi_attribute 26, 1
  10              		.eabi_attribute 30, 1
  11              		.eabi_attribute 34, 0
  12              		.eabi_attribute 18, 4
  13              		.thumb
  14              		.syntax unified
  15              		.file	"TxDMA.c"
  16              		.text
  17              	.Ltext0:
  18              		.cfi_sections	.debug_frame
  19              		.section	.text.TxDMA_Init,"ax",%progbits
  20              		.align	2
  21              		.global	TxDMA_Init
  22              		.code	16
  23              		.thumb_func
  24              		.type	TxDMA_Init, %function
  25              	TxDMA_Init:
  26              	.LFB33:
  27              		.file 1 "Generated_Source\\PSoC4\\TxDMA.c"
   1:Generated_Source\PSoC4/TxDMA.c **** /*******************************************************************************
   2:Generated_Source\PSoC4/TxDMA.c **** * File Name: TxDMA.h
   3:Generated_Source\PSoC4/TxDMA.c **** * Version 1.0
   4:Generated_Source\PSoC4/TxDMA.c **** *
   5:Generated_Source\PSoC4/TxDMA.c **** * Description:
   6:Generated_Source\PSoC4/TxDMA.c **** *  This file contains all of the channel DMA API functions.
   7:Generated_Source\PSoC4/TxDMA.c **** *
   8:Generated_Source\PSoC4/TxDMA.c **** ********************************************************************************
   9:Generated_Source\PSoC4/TxDMA.c **** * Copyright 2015, Cypress Semiconductor Corporation. All rights reserved.
  10:Generated_Source\PSoC4/TxDMA.c **** * You may use this file only in accordance with the license, terms, conditions,
  11:Generated_Source\PSoC4/TxDMA.c **** * disclaimers, and limitations in the end user license agreement accompanying
  12:Generated_Source\PSoC4/TxDMA.c **** * the software package with which this file was provided.
  13:Generated_Source\PSoC4/TxDMA.c **** *******************************************************************************/
  14:Generated_Source\PSoC4/TxDMA.c **** 
  15:Generated_Source\PSoC4/TxDMA.c **** #include "TxDMA.h"
  16:Generated_Source\PSoC4/TxDMA.c **** 
  17:Generated_Source\PSoC4/TxDMA.c **** uint8 TxDMA_initVar = 0u;
  18:Generated_Source\PSoC4/TxDMA.c **** 
  19:Generated_Source\PSoC4/TxDMA.c **** 
  20:Generated_Source\PSoC4/TxDMA.c **** /*******************************************************************************
  21:Generated_Source\PSoC4/TxDMA.c **** * Function Name: TxDMA_Start
  22:Generated_Source\PSoC4/TxDMA.c **** ********************************************************************************
  23:Generated_Source\PSoC4/TxDMA.c **** *
  24:Generated_Source\PSoC4/TxDMA.c **** * Summary:
  25:Generated_Source\PSoC4/TxDMA.c **** *  Calls Init() to configure the DMA channel based on the customizer settings if
  26:Generated_Source\PSoC4/TxDMA.c **** *  the channel has not been initialized before.
  27:Generated_Source\PSoC4/TxDMA.c **** *  Sets source and destination address, validates descriptor 0 and enables the
  28:Generated_Source\PSoC4/TxDMA.c **** *  channel. After calling this function the DMA channel is active and waiting
  29:Generated_Source\PSoC4/TxDMA.c **** *  for a trigger.
  30:Generated_Source\PSoC4/TxDMA.c **** *
ARM GAS  C:\Users\psmus\AppData\Local\Temp\cc3PJZLL.s 			page 2


  31:Generated_Source\PSoC4/TxDMA.c **** * Parameters:
  32:Generated_Source\PSoC4/TxDMA.c **** *  srcAddress: Address of DMA transfer source for descriptor 0.
  33:Generated_Source\PSoC4/TxDMA.c **** *  dstAddress: Address of DMA transfer destination for descriptor 0.
  34:Generated_Source\PSoC4/TxDMA.c **** *                   
  35:Generated_Source\PSoC4/TxDMA.c **** * Return:
  36:Generated_Source\PSoC4/TxDMA.c **** *  None.
  37:Generated_Source\PSoC4/TxDMA.c **** *
  38:Generated_Source\PSoC4/TxDMA.c **** *******************************************************************************/
  39:Generated_Source\PSoC4/TxDMA.c **** void TxDMA_Start(void * srcAddress, void * dstAddress)
  40:Generated_Source\PSoC4/TxDMA.c **** {
  41:Generated_Source\PSoC4/TxDMA.c ****     if(0u == TxDMA_initVar)
  42:Generated_Source\PSoC4/TxDMA.c ****     {
  43:Generated_Source\PSoC4/TxDMA.c ****         TxDMA_Init();
  44:Generated_Source\PSoC4/TxDMA.c ****         TxDMA_initVar = 1u;
  45:Generated_Source\PSoC4/TxDMA.c ****     }
  46:Generated_Source\PSoC4/TxDMA.c ****     CyDmaEnable();
  47:Generated_Source\PSoC4/TxDMA.c ****     TxDMA_SetSrcAddress(0, srcAddress);
  48:Generated_Source\PSoC4/TxDMA.c ****     TxDMA_SetDstAddress(0, dstAddress);
  49:Generated_Source\PSoC4/TxDMA.c ****     TxDMA_ValidateDescriptor(0);
  50:Generated_Source\PSoC4/TxDMA.c ****     TxDMA_ChEnable();
  51:Generated_Source\PSoC4/TxDMA.c **** }
  52:Generated_Source\PSoC4/TxDMA.c **** 
  53:Generated_Source\PSoC4/TxDMA.c **** 
  54:Generated_Source\PSoC4/TxDMA.c **** /*******************************************************************************
  55:Generated_Source\PSoC4/TxDMA.c **** * Function Name: TxDMA_Init
  56:Generated_Source\PSoC4/TxDMA.c **** ********************************************************************************
  57:Generated_Source\PSoC4/TxDMA.c **** *
  58:Generated_Source\PSoC4/TxDMA.c **** * Summary:
  59:Generated_Source\PSoC4/TxDMA.c **** *  Initializes the DMA channel based on the parameters set in the component
  60:Generated_Source\PSoC4/TxDMA.c **** *  customizer. It is not necessary to call TxDMA_Init() because the
  61:Generated_Source\PSoC4/TxDMA.c **** *  TxDMA_Start() API calls this function, which is the preferred method
  62:Generated_Source\PSoC4/TxDMA.c **** *  to begin component operation.
  63:Generated_Source\PSoC4/TxDMA.c **** *
  64:Generated_Source\PSoC4/TxDMA.c **** * Parameters:
  65:Generated_Source\PSoC4/TxDMA.c **** *  None.
  66:Generated_Source\PSoC4/TxDMA.c **** *                   
  67:Generated_Source\PSoC4/TxDMA.c **** * Return:
  68:Generated_Source\PSoC4/TxDMA.c **** *  None.
  69:Generated_Source\PSoC4/TxDMA.c **** *
  70:Generated_Source\PSoC4/TxDMA.c **** * Side effect:
  71:Generated_Source\PSoC4/TxDMA.c **** *  The first descriptor is set to descriptor 0. This function should not be
  72:Generated_Source\PSoC4/TxDMA.c **** *  called while the channel is enabled. All settings will be reset to their
  73:Generated_Source\PSoC4/TxDMA.c **** *  initial values.
  74:Generated_Source\PSoC4/TxDMA.c **** *
  75:Generated_Source\PSoC4/TxDMA.c **** *******************************************************************************/
  76:Generated_Source\PSoC4/TxDMA.c **** void TxDMA_Init(void)
  77:Generated_Source\PSoC4/TxDMA.c **** {
  28              		.loc 1 77 0
  29              		.cfi_startproc
  30              		@ args = 0, pretend = 0, frame = 0
  31              		@ frame_needed = 0, uses_anonymous_args = 0
  32              		@ link register save eliminated.
  78:Generated_Source\PSoC4/TxDMA.c ****     CYDMA_CH_CTL_BASE.ctl[TxDMA_CHANNEL] = TxDMA_CHANNEL_CFG;
  33              		.loc 1 78 0
  34 0000 0022     		movs	r2, #0
  35 0002 064B     		ldr	r3, .L2
  36 0004 1A60     		str	r2, [r3]
ARM GAS  C:\Users\psmus\AppData\Local\Temp\cc3PJZLL.s 			page 3


  79:Generated_Source\PSoC4/TxDMA.c ****     CYDMA_DESCR_BASE.descriptor[TxDMA_CHANNEL][0].ctl = TxDMA_DESCR0_CFG;
  37              		.loc 1 79 0
  38 0006 064B     		ldr	r3, .L2+4
  39 0008 064A     		ldr	r2, .L2+8
  40 000a 9A60     		str	r2, [r3, #8]
  80:Generated_Source\PSoC4/TxDMA.c ****     CYDMA_DESCR_BASE.descriptor[TxDMA_CHANNEL][1].ctl = TxDMA_DESCR1_CFG;
  41              		.loc 1 80 0
  42 000c 9A61     		str	r2, [r3, #24]
  81:Generated_Source\PSoC4/TxDMA.c **** 
  82:Generated_Source\PSoC4/TxDMA.c ****     /* If the Generate IRQ option is selected for descriptor 0 or 1, set the
  83:Generated_Source\PSoC4/TxDMA.c ****     * channel bit field in the DMA interrupt mask register.
  84:Generated_Source\PSoC4/TxDMA.c ****     */
  85:Generated_Source\PSoC4/TxDMA.c ****     #if (0u != ((TxDMA_DESCR0_CFG | TxDMA_DESCR1_CFG) & CYDMA_GENERATE_IRQ))
  86:Generated_Source\PSoC4/TxDMA.c ****         CYDMA_INTR_MASK_REG |= TxDMA_CHANNEL_MASK;
  43              		.loc 1 86 0
  44 000e 064A     		ldr	r2, .L2+12
  45 0010 1168     		ldr	r1, [r2]
  46 0012 0123     		movs	r3, #1
  47 0014 0B43     		orrs	r3, r1
  48 0016 1360     		str	r3, [r2]
  87:Generated_Source\PSoC4/TxDMA.c ****     #endif /* (0u != ((TxDMA_DESCR0_CFG | TxDMA_DESCR1_CFG) & CYDMA_GENERATE_IRQ)) */
  88:Generated_Source\PSoC4/TxDMA.c **** }
  49              		.loc 1 88 0
  50              		@ sp needed
  51 0018 7047     		bx	lr
  52              	.L3:
  53 001a C046     		.align	2
  54              	.L2:
  55 001c 80101040 		.word	1074794624
  56 0020 00181040 		.word	1074796544
  57 0024 7F048029 		.word	696255615
  58 0028 F8171040 		.word	1074796536
  59              		.cfi_endproc
  60              	.LFE33:
  61              		.size	TxDMA_Init, .-TxDMA_Init
  62              		.section	.text.TxDMA_Start,"ax",%progbits
  63              		.align	2
  64              		.global	TxDMA_Start
  65              		.code	16
  66              		.thumb_func
  67              		.type	TxDMA_Start, %function
  68              	TxDMA_Start:
  69              	.LFB32:
  40:Generated_Source\PSoC4/TxDMA.c ****     if(0u == TxDMA_initVar)
  70              		.loc 1 40 0
  71              		.cfi_startproc
  72              		@ args = 0, pretend = 0, frame = 0
  73              		@ frame_needed = 0, uses_anonymous_args = 0
  74              	.LVL0:
  75 0000 70B5     		push	{r4, r5, r6, lr}
  76              		.cfi_def_cfa_offset 16
  77              		.cfi_offset 4, -16
  78              		.cfi_offset 5, -12
  79              		.cfi_offset 6, -8
  80              		.cfi_offset 14, -4
  81 0002 0500     		movs	r5, r0
  82 0004 0C00     		movs	r4, r1
ARM GAS  C:\Users\psmus\AppData\Local\Temp\cc3PJZLL.s 			page 4


  41:Generated_Source\PSoC4/TxDMA.c ****     {
  83              		.loc 1 41 0
  84 0006 0E4B     		ldr	r3, .L6
  85 0008 1B78     		ldrb	r3, [r3]
  86 000a 002B     		cmp	r3, #0
  87 000c 04D1     		bne	.L5
  43:Generated_Source\PSoC4/TxDMA.c ****         TxDMA_initVar = 1u;
  88              		.loc 1 43 0
  89 000e FFF7FEFF 		bl	TxDMA_Init
  90              	.LVL1:
  44:Generated_Source\PSoC4/TxDMA.c ****     }
  91              		.loc 1 44 0
  92 0012 0122     		movs	r2, #1
  93 0014 0A4B     		ldr	r3, .L6
  94 0016 1A70     		strb	r2, [r3]
  95              	.L5:
  46:Generated_Source\PSoC4/TxDMA.c ****     TxDMA_SetSrcAddress(0, srcAddress);
  96              		.loc 1 46 0
  97 0018 FFF7FEFF 		bl	CyDmaEnable
  98              	.LVL2:
  99              	.LBB10:
 100              	.LBB11:
 101              		.file 2 "Generated_Source\\PSoC4\\TxDMA.h"
   1:Generated_Source\PSoC4/TxDMA.h **** /*******************************************************************************
   2:Generated_Source\PSoC4/TxDMA.h **** * File Name: TxDMA.h
   3:Generated_Source\PSoC4/TxDMA.h **** * Version 1.0
   4:Generated_Source\PSoC4/TxDMA.h **** *
   5:Generated_Source\PSoC4/TxDMA.h **** * Description:
   6:Generated_Source\PSoC4/TxDMA.h **** *  This file provides DMA channel defines and API function definitions.
   7:Generated_Source\PSoC4/TxDMA.h **** *
   8:Generated_Source\PSoC4/TxDMA.h **** ********************************************************************************
   9:Generated_Source\PSoC4/TxDMA.h **** * Copyright 2015, Cypress Semiconductor Corporation. All rights reserved.
  10:Generated_Source\PSoC4/TxDMA.h **** * You may use this file only in accordance with the license, terms, conditions,
  11:Generated_Source\PSoC4/TxDMA.h **** * disclaimers, and limitations in the end user license agreement accompanying
  12:Generated_Source\PSoC4/TxDMA.h **** * the software package with which this file was provided.
  13:Generated_Source\PSoC4/TxDMA.h **** *******************************************************************************/
  14:Generated_Source\PSoC4/TxDMA.h **** 
  15:Generated_Source\PSoC4/TxDMA.h **** #ifndef CY_DMA_CHANNEL_TxDMA_H
  16:Generated_Source\PSoC4/TxDMA.h **** #define CY_DMA_CHANNEL_TxDMA_H
  17:Generated_Source\PSoC4/TxDMA.h **** 
  18:Generated_Source\PSoC4/TxDMA.h **** #include "CyDMA.h"
  19:Generated_Source\PSoC4/TxDMA.h **** 
  20:Generated_Source\PSoC4/TxDMA.h ****     
  21:Generated_Source\PSoC4/TxDMA.h **** /***************************************
  22:Generated_Source\PSoC4/TxDMA.h **** *   Conditional Compilation Parameters
  23:Generated_Source\PSoC4/TxDMA.h **** ***************************************/
  24:Generated_Source\PSoC4/TxDMA.h **** 
  25:Generated_Source\PSoC4/TxDMA.h **** #define TxDMA_CHANNEL           (TxDMA__CHANNEL_NUMBER)
  26:Generated_Source\PSoC4/TxDMA.h **** #define TxDMA_CHANNEL_MASK      ((uint32)(1UL << TxDMA_CHANNEL))
  27:Generated_Source\PSoC4/TxDMA.h **** 
  28:Generated_Source\PSoC4/TxDMA.h **** 
  29:Generated_Source\PSoC4/TxDMA.h **** /***************************************
  30:Generated_Source\PSoC4/TxDMA.h **** *        Function Prototypes
  31:Generated_Source\PSoC4/TxDMA.h **** ***************************************/
  32:Generated_Source\PSoC4/TxDMA.h **** 
  33:Generated_Source\PSoC4/TxDMA.h **** /* Functions specific to this DMA channel */
  34:Generated_Source\PSoC4/TxDMA.h **** void TxDMA_Init(void);
ARM GAS  C:\Users\psmus\AppData\Local\Temp\cc3PJZLL.s 			page 5


  35:Generated_Source\PSoC4/TxDMA.h **** void TxDMA_Start(void * srcAddress, void * dstAddress);
  36:Generated_Source\PSoC4/TxDMA.h **** 
  37:Generated_Source\PSoC4/TxDMA.h **** /* Inline functions that call global API functions */
  38:Generated_Source\PSoC4/TxDMA.h **** static void   TxDMA_ChEnable(void);
  39:Generated_Source\PSoC4/TxDMA.h **** static void   TxDMA_ChDisable(void);
  40:Generated_Source\PSoC4/TxDMA.h **** static void   TxDMA_Trigger(void);
  41:Generated_Source\PSoC4/TxDMA.h **** static void   TxDMA_SetPriority(int32 priority);
  42:Generated_Source\PSoC4/TxDMA.h **** static int32  TxDMA_GetPriority(void);
  43:Generated_Source\PSoC4/TxDMA.h **** static void   TxDMA_SetNextDescriptor(int32 descriptor);
  44:Generated_Source\PSoC4/TxDMA.h **** static int32  TxDMA_GetNextDescriptor(void);
  45:Generated_Source\PSoC4/TxDMA.h **** static void   TxDMA_SetConfiguration(int32 descriptor, const cydma_init_struct * config);
  46:Generated_Source\PSoC4/TxDMA.h **** static void   TxDMA_ValidateDescriptor(int32 descriptor);
  47:Generated_Source\PSoC4/TxDMA.h **** static uint32 TxDMA_GetDescriptorStatus(int32 descriptor);
  48:Generated_Source\PSoC4/TxDMA.h **** static void   TxDMA_SetSrcAddress(int32 descriptor, void * srcAddress);
  49:Generated_Source\PSoC4/TxDMA.h **** static void * TxDMA_GetSrcAddress(int32 descriptor);
  50:Generated_Source\PSoC4/TxDMA.h **** static void   TxDMA_SetDstAddress(int32 descriptor, void * dstAddress);
  51:Generated_Source\PSoC4/TxDMA.h **** static void * TxDMA_GetDstAddress(int32 descriptor);
  52:Generated_Source\PSoC4/TxDMA.h **** static void   TxDMA_SetDataElementSize(int32 descriptor, uint32 dataElementSize);
  53:Generated_Source\PSoC4/TxDMA.h **** static uint32 TxDMA_GetDataElementSize(int32 descriptor);
  54:Generated_Source\PSoC4/TxDMA.h **** static void   TxDMA_SetNumDataElements(int32 descriptor, int32 numDataElements);
  55:Generated_Source\PSoC4/TxDMA.h **** static int32  TxDMA_GetNumDataElements(int32 descriptor);
  56:Generated_Source\PSoC4/TxDMA.h **** static void   TxDMA_SetSrcDstTransferWidth(int32 descriptor, uint32 transferWidth);
  57:Generated_Source\PSoC4/TxDMA.h **** static uint32 TxDMA_GetSrcDstTransferWidth(int32 descriptor);
  58:Generated_Source\PSoC4/TxDMA.h **** static void   TxDMA_SetAddressIncrement(int32 descriptor, uint32 addressIncrement);
  59:Generated_Source\PSoC4/TxDMA.h **** static uint32 TxDMA_GetAddressIncrement(int32 descriptor);
  60:Generated_Source\PSoC4/TxDMA.h **** static void   TxDMA_SetTriggerType(int32 descriptor, uint32 triggerType);
  61:Generated_Source\PSoC4/TxDMA.h **** static uint32 TxDMA_GetTriggerType(int32 descriptor);
  62:Generated_Source\PSoC4/TxDMA.h **** static void   TxDMA_SetTransferMode(int32 descriptor, uint32 transferMode);
  63:Generated_Source\PSoC4/TxDMA.h **** static uint32 TxDMA_GetTransferMode(int32 descriptor);
  64:Generated_Source\PSoC4/TxDMA.h **** static void   TxDMA_SetPreemptable(int32 descriptor, uint32 preemptable);
  65:Generated_Source\PSoC4/TxDMA.h **** static uint32 TxDMA_GetPreemptable(int32 descriptor);
  66:Generated_Source\PSoC4/TxDMA.h **** static void   TxDMA_SetPostCompletionActions(int32 descriptor, uint32 actions);
  67:Generated_Source\PSoC4/TxDMA.h **** static uint32 TxDMA_GetPostCompletionAction(int32 descriptor);
  68:Generated_Source\PSoC4/TxDMA.h **** static cydma_callback_t TxDMA_SetInterruptCallback(cydma_callback_t callback);
  69:Generated_Source\PSoC4/TxDMA.h **** static cydma_callback_t TxDMA_GetInterruptCallback(void);
  70:Generated_Source\PSoC4/TxDMA.h **** 
  71:Generated_Source\PSoC4/TxDMA.h **** 
  72:Generated_Source\PSoC4/TxDMA.h **** /*******************************************************************************
  73:Generated_Source\PSoC4/TxDMA.h **** * Function Name: TxDMA_ChEnable
  74:Generated_Source\PSoC4/TxDMA.h **** ********************************************************************************
  75:Generated_Source\PSoC4/TxDMA.h **** *
  76:Generated_Source\PSoC4/TxDMA.h **** * Summary:
  77:Generated_Source\PSoC4/TxDMA.h **** *  Enables the DMA channel. It is not necessary to call TxDMA_ChEnable()
  78:Generated_Source\PSoC4/TxDMA.h **** *  because the TxDMA_Start() API calls this function, which is the
  79:Generated_Source\PSoC4/TxDMA.h **** *  preferred method to begin the component operation.
  80:Generated_Source\PSoC4/TxDMA.h **** *
  81:Generated_Source\PSoC4/TxDMA.h **** * Parameters:
  82:Generated_Source\PSoC4/TxDMA.h **** *  None.
  83:Generated_Source\PSoC4/TxDMA.h **** *                   
  84:Generated_Source\PSoC4/TxDMA.h **** * Return:
  85:Generated_Source\PSoC4/TxDMA.h **** *  None.
  86:Generated_Source\PSoC4/TxDMA.h **** *
  87:Generated_Source\PSoC4/TxDMA.h **** * Side effect:
  88:Generated_Source\PSoC4/TxDMA.h **** *  If this function is called before TxDMA_Start(), or TxDMA_Init()
  89:Generated_Source\PSoC4/TxDMA.h **** *  or TxDMA_SetConfiguration(), and TxDMA_SetSrcAddress()
  90:Generated_Source\PSoC4/TxDMA.h **** *  and TxDMA_SetDstAddress the operation of the DMA is 
  91:Generated_Source\PSoC4/TxDMA.h **** *  undefined and could result in system data corruption. 
ARM GAS  C:\Users\psmus\AppData\Local\Temp\cc3PJZLL.s 			page 6


  92:Generated_Source\PSoC4/TxDMA.h **** *
  93:Generated_Source\PSoC4/TxDMA.h **** *******************************************************************************/
  94:Generated_Source\PSoC4/TxDMA.h **** static CY_INLINE void TxDMA_ChEnable(void)
  95:Generated_Source\PSoC4/TxDMA.h **** {
  96:Generated_Source\PSoC4/TxDMA.h ****     CyDmaChEnable(TxDMA_CHANNEL);
  97:Generated_Source\PSoC4/TxDMA.h **** }
  98:Generated_Source\PSoC4/TxDMA.h **** 
  99:Generated_Source\PSoC4/TxDMA.h **** 
 100:Generated_Source\PSoC4/TxDMA.h **** /*******************************************************************************
 101:Generated_Source\PSoC4/TxDMA.h **** * Function Name: TxDMA_ChDisable
 102:Generated_Source\PSoC4/TxDMA.h **** ********************************************************************************
 103:Generated_Source\PSoC4/TxDMA.h **** *
 104:Generated_Source\PSoC4/TxDMA.h **** * Summary:
 105:Generated_Source\PSoC4/TxDMA.h **** *  Disables the DMA channel.
 106:Generated_Source\PSoC4/TxDMA.h **** *
 107:Generated_Source\PSoC4/TxDMA.h **** * Parameters:
 108:Generated_Source\PSoC4/TxDMA.h **** *  None.
 109:Generated_Source\PSoC4/TxDMA.h **** *                   
 110:Generated_Source\PSoC4/TxDMA.h **** * Return:
 111:Generated_Source\PSoC4/TxDMA.h **** *  None.
 112:Generated_Source\PSoC4/TxDMA.h **** *
 113:Generated_Source\PSoC4/TxDMA.h **** * Side effect:
 114:Generated_Source\PSoC4/TxDMA.h **** *  If this function is called during a DMA transfer the transfer is aborted. 
 115:Generated_Source\PSoC4/TxDMA.h **** *
 116:Generated_Source\PSoC4/TxDMA.h **** *******************************************************************************/
 117:Generated_Source\PSoC4/TxDMA.h **** static CY_INLINE void TxDMA_ChDisable(void)
 118:Generated_Source\PSoC4/TxDMA.h **** {
 119:Generated_Source\PSoC4/TxDMA.h ****     CyDmaChDisable(TxDMA_CHANNEL);
 120:Generated_Source\PSoC4/TxDMA.h **** }
 121:Generated_Source\PSoC4/TxDMA.h **** 
 122:Generated_Source\PSoC4/TxDMA.h **** 
 123:Generated_Source\PSoC4/TxDMA.h **** /*******************************************************************************
 124:Generated_Source\PSoC4/TxDMA.h **** * Function Name: TxDMA_Trigger
 125:Generated_Source\PSoC4/TxDMA.h **** ********************************************************************************
 126:Generated_Source\PSoC4/TxDMA.h **** *
 127:Generated_Source\PSoC4/TxDMA.h **** * Summary:
 128:Generated_Source\PSoC4/TxDMA.h **** *  Triggers the DMA channel, this is useful only for software triggers. This is
 129:Generated_Source\PSoC4/TxDMA.h **** *  not needed when hardware triggers are used.
 130:Generated_Source\PSoC4/TxDMA.h **** *
 131:Generated_Source\PSoC4/TxDMA.h **** * Parameters:
 132:Generated_Source\PSoC4/TxDMA.h **** *  None.
 133:Generated_Source\PSoC4/TxDMA.h **** *                   
 134:Generated_Source\PSoC4/TxDMA.h **** * Return:
 135:Generated_Source\PSoC4/TxDMA.h **** *  None. 
 136:Generated_Source\PSoC4/TxDMA.h **** *
 137:Generated_Source\PSoC4/TxDMA.h **** *******************************************************************************/
 138:Generated_Source\PSoC4/TxDMA.h **** static CY_INLINE void TxDMA_Trigger(void)
 139:Generated_Source\PSoC4/TxDMA.h **** {
 140:Generated_Source\PSoC4/TxDMA.h ****     CyDmaTrigger(TxDMA_CHANNEL);
 141:Generated_Source\PSoC4/TxDMA.h **** }
 142:Generated_Source\PSoC4/TxDMA.h **** 
 143:Generated_Source\PSoC4/TxDMA.h **** 
 144:Generated_Source\PSoC4/TxDMA.h **** /*******************************************************************************
 145:Generated_Source\PSoC4/TxDMA.h **** * Function Name: TxDMA_SetPriority
 146:Generated_Source\PSoC4/TxDMA.h **** ********************************************************************************
 147:Generated_Source\PSoC4/TxDMA.h **** *
 148:Generated_Source\PSoC4/TxDMA.h **** * Summary:
ARM GAS  C:\Users\psmus\AppData\Local\Temp\cc3PJZLL.s 			page 7


 149:Generated_Source\PSoC4/TxDMA.h **** *  Sets the priority for the channel.
 150:Generated_Source\PSoC4/TxDMA.h **** *
 151:Generated_Source\PSoC4/TxDMA.h **** * Parameters:
 152:Generated_Source\PSoC4/TxDMA.h **** *  priority: Priority for channel. Priority can be 0,1,2, or 3.
 153:Generated_Source\PSoC4/TxDMA.h **** *            0 is the highest priority.
 154:Generated_Source\PSoC4/TxDMA.h **** *                   
 155:Generated_Source\PSoC4/TxDMA.h **** * Return:
 156:Generated_Source\PSoC4/TxDMA.h **** *  None.
 157:Generated_Source\PSoC4/TxDMA.h **** *
 158:Generated_Source\PSoC4/TxDMA.h **** * Side effect:
 159:Generated_Source\PSoC4/TxDMA.h **** *  This function should not be called while the channel is enabled.
 160:Generated_Source\PSoC4/TxDMA.h **** *
 161:Generated_Source\PSoC4/TxDMA.h **** *******************************************************************************/
 162:Generated_Source\PSoC4/TxDMA.h **** static CY_INLINE void TxDMA_SetPriority(int32 priority)
 163:Generated_Source\PSoC4/TxDMA.h **** {
 164:Generated_Source\PSoC4/TxDMA.h ****     CyDmaSetPriority(TxDMA_CHANNEL, priority);
 165:Generated_Source\PSoC4/TxDMA.h **** }
 166:Generated_Source\PSoC4/TxDMA.h **** 
 167:Generated_Source\PSoC4/TxDMA.h **** 
 168:Generated_Source\PSoC4/TxDMA.h **** /*******************************************************************************
 169:Generated_Source\PSoC4/TxDMA.h **** * Function Name: TxDMA_GetPriority
 170:Generated_Source\PSoC4/TxDMA.h **** ********************************************************************************
 171:Generated_Source\PSoC4/TxDMA.h **** *
 172:Generated_Source\PSoC4/TxDMA.h **** * Summary:
 173:Generated_Source\PSoC4/TxDMA.h **** *  Gets the priority for the channel.
 174:Generated_Source\PSoC4/TxDMA.h **** *
 175:Generated_Source\PSoC4/TxDMA.h **** * Parameters:
 176:Generated_Source\PSoC4/TxDMA.h **** *  None.
 177:Generated_Source\PSoC4/TxDMA.h **** *                   
 178:Generated_Source\PSoC4/TxDMA.h **** * Return:
 179:Generated_Source\PSoC4/TxDMA.h **** *  Priority for channel. Priority can be 0,1,2, or 3. 0 is the highest priority.
 180:Generated_Source\PSoC4/TxDMA.h **** *
 181:Generated_Source\PSoC4/TxDMA.h **** *******************************************************************************/
 182:Generated_Source\PSoC4/TxDMA.h **** static CY_INLINE int32 TxDMA_GetPriority(void)
 183:Generated_Source\PSoC4/TxDMA.h **** {
 184:Generated_Source\PSoC4/TxDMA.h ****     return (CyDmaGetPriority(TxDMA_CHANNEL));
 185:Generated_Source\PSoC4/TxDMA.h **** }
 186:Generated_Source\PSoC4/TxDMA.h **** 
 187:Generated_Source\PSoC4/TxDMA.h **** 
 188:Generated_Source\PSoC4/TxDMA.h **** /*******************************************************************************
 189:Generated_Source\PSoC4/TxDMA.h **** * Function Name: TxDMA_SetNextDescriptor
 190:Generated_Source\PSoC4/TxDMA.h **** ********************************************************************************
 191:Generated_Source\PSoC4/TxDMA.h **** *
 192:Generated_Source\PSoC4/TxDMA.h **** * Summary:
 193:Generated_Source\PSoC4/TxDMA.h **** *  Sets the descriptor that should be run the next time the channel is
 194:Generated_Source\PSoC4/TxDMA.h **** *  triggered.
 195:Generated_Source\PSoC4/TxDMA.h **** *
 196:Generated_Source\PSoC4/TxDMA.h **** * Parameters:
 197:Generated_Source\PSoC4/TxDMA.h **** *  descriptor: Next Descriptor to run (0 or 1).
 198:Generated_Source\PSoC4/TxDMA.h **** *                   
 199:Generated_Source\PSoC4/TxDMA.h **** * Side effect:
 200:Generated_Source\PSoC4/TxDMA.h **** *  This function should not be called while the channel is enabled.
 201:Generated_Source\PSoC4/TxDMA.h **** *
 202:Generated_Source\PSoC4/TxDMA.h **** *******************************************************************************/
 203:Generated_Source\PSoC4/TxDMA.h **** static CY_INLINE void TxDMA_SetNextDescriptor(int32 descriptor)
 204:Generated_Source\PSoC4/TxDMA.h **** {
 205:Generated_Source\PSoC4/TxDMA.h ****     CyDmaSetNextDescriptor(TxDMA_CHANNEL, descriptor);
ARM GAS  C:\Users\psmus\AppData\Local\Temp\cc3PJZLL.s 			page 8


 206:Generated_Source\PSoC4/TxDMA.h **** }
 207:Generated_Source\PSoC4/TxDMA.h **** 
 208:Generated_Source\PSoC4/TxDMA.h **** 
 209:Generated_Source\PSoC4/TxDMA.h **** /*******************************************************************************
 210:Generated_Source\PSoC4/TxDMA.h **** * Function Name: TxDMA_GetNextDescriptor
 211:Generated_Source\PSoC4/TxDMA.h **** ********************************************************************************
 212:Generated_Source\PSoC4/TxDMA.h **** *
 213:Generated_Source\PSoC4/TxDMA.h **** * Summary:
 214:Generated_Source\PSoC4/TxDMA.h **** *  Returns the next descriptor that should be run, as set by 
 215:Generated_Source\PSoC4/TxDMA.h **** *  TxDMA_SetNextDescriptor().
 216:Generated_Source\PSoC4/TxDMA.h **** *
 217:Generated_Source\PSoC4/TxDMA.h **** * Parameters:
 218:Generated_Source\PSoC4/TxDMA.h **** *  None.
 219:Generated_Source\PSoC4/TxDMA.h **** *                   
 220:Generated_Source\PSoC4/TxDMA.h **** * Return:
 221:Generated_Source\PSoC4/TxDMA.h **** *  Next Descriptor to run (0 or 1).
 222:Generated_Source\PSoC4/TxDMA.h **** *
 223:Generated_Source\PSoC4/TxDMA.h **** *******************************************************************************/
 224:Generated_Source\PSoC4/TxDMA.h **** static CY_INLINE int32 TxDMA_GetNextDescriptor(void)
 225:Generated_Source\PSoC4/TxDMA.h **** {
 226:Generated_Source\PSoC4/TxDMA.h ****     return (CyDmaGetNextDescriptor(TxDMA_CHANNEL));
 227:Generated_Source\PSoC4/TxDMA.h **** }
 228:Generated_Source\PSoC4/TxDMA.h **** 
 229:Generated_Source\PSoC4/TxDMA.h **** 
 230:Generated_Source\PSoC4/TxDMA.h **** /*******************************************************************************
 231:Generated_Source\PSoC4/TxDMA.h **** * Function Name: TxDMA_SetConfiguration
 232:Generated_Source\PSoC4/TxDMA.h **** ********************************************************************************
 233:Generated_Source\PSoC4/TxDMA.h **** *
 234:Generated_Source\PSoC4/TxDMA.h **** * Summary:
 235:Generated_Source\PSoC4/TxDMA.h **** *  Sets configuration information for the specified descriptor.
 236:Generated_Source\PSoC4/TxDMA.h **** *
 237:Generated_Source\PSoC4/TxDMA.h **** * Parameters:
 238:Generated_Source\PSoC4/TxDMA.h **** *  descriptor: Descriptor (0 or 1) modified by this function.
 239:Generated_Source\PSoC4/TxDMA.h **** *  config: Pointer to a configuration structure. Refer to cydma_init_struct
 240:Generated_Source\PSoC4/TxDMA.h **** *          structure definition in CyDMA_P4.h or the component datasheet.
 241:Generated_Source\PSoC4/TxDMA.h **** *                   
 242:Generated_Source\PSoC4/TxDMA.h **** * Return:
 243:Generated_Source\PSoC4/TxDMA.h **** *  None.
 244:Generated_Source\PSoC4/TxDMA.h **** *
 245:Generated_Source\PSoC4/TxDMA.h **** * Side effect:
 246:Generated_Source\PSoC4/TxDMA.h **** *  The status register associated with the specified descriptor is reset to
 247:Generated_Source\PSoC4/TxDMA.h **** *  zero after this function call. This function also validates the descriptor.
 248:Generated_Source\PSoC4/TxDMA.h **** *  This function should not be called while the descriptor is active.
 249:Generated_Source\PSoC4/TxDMA.h **** *  This can be checked by calling CyDmaGetStatus().
 250:Generated_Source\PSoC4/TxDMA.h **** *
 251:Generated_Source\PSoC4/TxDMA.h **** *******************************************************************************/
 252:Generated_Source\PSoC4/TxDMA.h **** static CY_INLINE void TxDMA_SetConfiguration(int32 descriptor, const cydma_init_struct * config)
 253:Generated_Source\PSoC4/TxDMA.h **** {
 254:Generated_Source\PSoC4/TxDMA.h ****     CyDmaSetConfiguration(TxDMA_CHANNEL, descriptor, config);
 255:Generated_Source\PSoC4/TxDMA.h **** }
 256:Generated_Source\PSoC4/TxDMA.h **** 
 257:Generated_Source\PSoC4/TxDMA.h **** 
 258:Generated_Source\PSoC4/TxDMA.h **** /*******************************************************************************
 259:Generated_Source\PSoC4/TxDMA.h **** * Function Name: TxDMA_ValidateDescriptor
 260:Generated_Source\PSoC4/TxDMA.h **** ********************************************************************************
 261:Generated_Source\PSoC4/TxDMA.h **** *
 262:Generated_Source\PSoC4/TxDMA.h **** * Summary:
ARM GAS  C:\Users\psmus\AppData\Local\Temp\cc3PJZLL.s 			page 9


 263:Generated_Source\PSoC4/TxDMA.h **** *  Validates the specified descriptor after it has been invalidated.
 264:Generated_Source\PSoC4/TxDMA.h **** *
 265:Generated_Source\PSoC4/TxDMA.h **** * Parameters:
 266:Generated_Source\PSoC4/TxDMA.h **** *  descriptor: Descriptor (0 or 1) modified by this function.
 267:Generated_Source\PSoC4/TxDMA.h **** *                   
 268:Generated_Source\PSoC4/TxDMA.h **** * Return:
 269:Generated_Source\PSoC4/TxDMA.h **** *  None. 
 270:Generated_Source\PSoC4/TxDMA.h **** *
 271:Generated_Source\PSoC4/TxDMA.h **** * Side effect:
 272:Generated_Source\PSoC4/TxDMA.h **** *  The status register associated with the specified descriptor is reset to
 273:Generated_Source\PSoC4/TxDMA.h **** *  zero after this function call. This function should not be called while the
 274:Generated_Source\PSoC4/TxDMA.h **** *  descriptor is active. This can be checked by calling CyDmaGetStatus().
 275:Generated_Source\PSoC4/TxDMA.h **** *
 276:Generated_Source\PSoC4/TxDMA.h **** *******************************************************************************/
 277:Generated_Source\PSoC4/TxDMA.h **** static CY_INLINE void TxDMA_ValidateDescriptor(int32 descriptor)
 278:Generated_Source\PSoC4/TxDMA.h **** {
 279:Generated_Source\PSoC4/TxDMA.h ****     CyDmaValidateDescriptor(TxDMA_CHANNEL, descriptor);
 280:Generated_Source\PSoC4/TxDMA.h **** }
 281:Generated_Source\PSoC4/TxDMA.h **** 
 282:Generated_Source\PSoC4/TxDMA.h **** 
 283:Generated_Source\PSoC4/TxDMA.h **** /*******************************************************************************
 284:Generated_Source\PSoC4/TxDMA.h **** * Function Name: TxDMA_GetDescriptorStatus
 285:Generated_Source\PSoC4/TxDMA.h **** ********************************************************************************
 286:Generated_Source\PSoC4/TxDMA.h **** *
 287:Generated_Source\PSoC4/TxDMA.h **** * Summary:
 288:Generated_Source\PSoC4/TxDMA.h **** *  Returns the status of the specified descriptor.
 289:Generated_Source\PSoC4/TxDMA.h **** *
 290:Generated_Source\PSoC4/TxDMA.h **** * Parameters:
 291:Generated_Source\PSoC4/TxDMA.h **** *  descriptor: Descriptor (0 or 1) modified by this function.
 292:Generated_Source\PSoC4/TxDMA.h **** *                   
 293:Generated_Source\PSoC4/TxDMA.h **** * Return:
 294:Generated_Source\PSoC4/TxDMA.h **** *  Returns the contents of the specified descriptors status register. Refer to 
 295:Generated_Source\PSoC4/TxDMA.h **** *  descriptor status register bit definitions in CyDMA_P4.h or the API
 296:Generated_Source\PSoC4/TxDMA.h **** *  description in the DMA channel datasheet for more information.
 297:Generated_Source\PSoC4/TxDMA.h **** *
 298:Generated_Source\PSoC4/TxDMA.h **** *******************************************************************************/
 299:Generated_Source\PSoC4/TxDMA.h **** static CY_INLINE uint32 TxDMA_GetDescriptorStatus(int32 descriptor)
 300:Generated_Source\PSoC4/TxDMA.h **** {
 301:Generated_Source\PSoC4/TxDMA.h ****     return (CyDmaGetDescriptorStatus(TxDMA_CHANNEL, descriptor));
 302:Generated_Source\PSoC4/TxDMA.h **** }
 303:Generated_Source\PSoC4/TxDMA.h **** 
 304:Generated_Source\PSoC4/TxDMA.h **** 
 305:Generated_Source\PSoC4/TxDMA.h **** /*******************************************************************************
 306:Generated_Source\PSoC4/TxDMA.h **** * Function Name: TxDMA_SetSrcAddress
 307:Generated_Source\PSoC4/TxDMA.h **** ********************************************************************************
 308:Generated_Source\PSoC4/TxDMA.h **** *
 309:Generated_Source\PSoC4/TxDMA.h **** * Summary:
 310:Generated_Source\PSoC4/TxDMA.h **** *  Configures the source address for the specified descriptor.
 311:Generated_Source\PSoC4/TxDMA.h **** *
 312:Generated_Source\PSoC4/TxDMA.h **** * Parameters:
 313:Generated_Source\PSoC4/TxDMA.h **** *  descriptor: Descriptor (0 or 1) modified by this function.
 314:Generated_Source\PSoC4/TxDMA.h **** *  srcAddress: Address of DMA transfer source.
 315:Generated_Source\PSoC4/TxDMA.h **** *                   
 316:Generated_Source\PSoC4/TxDMA.h **** * Return:
 317:Generated_Source\PSoC4/TxDMA.h **** *  None.
 318:Generated_Source\PSoC4/TxDMA.h **** *
 319:Generated_Source\PSoC4/TxDMA.h **** * Side effect:
ARM GAS  C:\Users\psmus\AppData\Local\Temp\cc3PJZLL.s 			page 10


 320:Generated_Source\PSoC4/TxDMA.h **** *  This function should not be called when the specified descriptor is active
 321:Generated_Source\PSoC4/TxDMA.h **** *  in the DMA transfer engine. This can be checked by calling CyDmaGetStatus(). 
 322:Generated_Source\PSoC4/TxDMA.h **** *
 323:Generated_Source\PSoC4/TxDMA.h **** *******************************************************************************/
 324:Generated_Source\PSoC4/TxDMA.h **** static CY_INLINE void TxDMA_SetSrcAddress(int32 descriptor, void * srcAddress)
 325:Generated_Source\PSoC4/TxDMA.h **** {
 326:Generated_Source\PSoC4/TxDMA.h ****     CyDmaSetSrcAddress(TxDMA_CHANNEL, descriptor, srcAddress);
 102              		.loc 2 326 0
 103 001c 2A00     		movs	r2, r5
 104 001e 0021     		movs	r1, #0
 105 0020 0020     		movs	r0, #0
 106 0022 FFF7FEFF 		bl	CyDmaSetSrcAddress
 107              	.LVL3:
 108              	.LBE11:
 109              	.LBE10:
 110              	.LBB12:
 111              	.LBB13:
 327:Generated_Source\PSoC4/TxDMA.h **** }
 328:Generated_Source\PSoC4/TxDMA.h **** 
 329:Generated_Source\PSoC4/TxDMA.h **** 
 330:Generated_Source\PSoC4/TxDMA.h **** /*******************************************************************************
 331:Generated_Source\PSoC4/TxDMA.h **** * Function Name: TxDMA_GetSrcAddress
 332:Generated_Source\PSoC4/TxDMA.h **** ********************************************************************************
 333:Generated_Source\PSoC4/TxDMA.h **** *
 334:Generated_Source\PSoC4/TxDMA.h **** * Summary:
 335:Generated_Source\PSoC4/TxDMA.h **** *  Returns the source address for the specified descriptor, set by either 
 336:Generated_Source\PSoC4/TxDMA.h **** *  TxDMA_Start() or TxDMA_SetSrcAddress().
 337:Generated_Source\PSoC4/TxDMA.h **** *
 338:Generated_Source\PSoC4/TxDMA.h **** * Parameters:
 339:Generated_Source\PSoC4/TxDMA.h **** *  descriptor: Specifies descriptor (0 or 1) used by this function.
 340:Generated_Source\PSoC4/TxDMA.h **** *                   
 341:Generated_Source\PSoC4/TxDMA.h **** * Return:
 342:Generated_Source\PSoC4/TxDMA.h **** *  Source address written to specified descriptor.
 343:Generated_Source\PSoC4/TxDMA.h **** *
 344:Generated_Source\PSoC4/TxDMA.h **** *******************************************************************************/
 345:Generated_Source\PSoC4/TxDMA.h **** static CY_INLINE void * TxDMA_GetSrcAddress(int32 descriptor)
 346:Generated_Source\PSoC4/TxDMA.h **** {
 347:Generated_Source\PSoC4/TxDMA.h ****     return (CyDmaGetSrcAddress(TxDMA_CHANNEL, descriptor));
 348:Generated_Source\PSoC4/TxDMA.h **** }
 349:Generated_Source\PSoC4/TxDMA.h **** 
 350:Generated_Source\PSoC4/TxDMA.h **** 
 351:Generated_Source\PSoC4/TxDMA.h **** /*******************************************************************************
 352:Generated_Source\PSoC4/TxDMA.h **** * Function Name: TxDMA_SetDstAddress
 353:Generated_Source\PSoC4/TxDMA.h **** ********************************************************************************
 354:Generated_Source\PSoC4/TxDMA.h **** *
 355:Generated_Source\PSoC4/TxDMA.h **** * Summary:
 356:Generated_Source\PSoC4/TxDMA.h **** *  Configures the destination address for the specified descriptor.
 357:Generated_Source\PSoC4/TxDMA.h **** *
 358:Generated_Source\PSoC4/TxDMA.h **** * Parameters:
 359:Generated_Source\PSoC4/TxDMA.h **** *  descriptor: Descriptor (0 or 1) modified by this function.
 360:Generated_Source\PSoC4/TxDMA.h **** *  dstAddress: Address of DMA transfer destination.
 361:Generated_Source\PSoC4/TxDMA.h **** *                   
 362:Generated_Source\PSoC4/TxDMA.h **** * Return:
 363:Generated_Source\PSoC4/TxDMA.h **** *  None.
 364:Generated_Source\PSoC4/TxDMA.h **** *
 365:Generated_Source\PSoC4/TxDMA.h **** * Side effect:
 366:Generated_Source\PSoC4/TxDMA.h **** *  This function should not be called when the specified descriptor is active
ARM GAS  C:\Users\psmus\AppData\Local\Temp\cc3PJZLL.s 			page 11


 367:Generated_Source\PSoC4/TxDMA.h **** *  in the DMA transfer engine. This can be checked by calling CyDmaGetStatus(). 
 368:Generated_Source\PSoC4/TxDMA.h **** *
 369:Generated_Source\PSoC4/TxDMA.h **** *******************************************************************************/
 370:Generated_Source\PSoC4/TxDMA.h **** static CY_INLINE void TxDMA_SetDstAddress(int32 descriptor, void * dstAddress)
 371:Generated_Source\PSoC4/TxDMA.h **** {
 372:Generated_Source\PSoC4/TxDMA.h ****     CyDmaSetDstAddress(TxDMA_CHANNEL, descriptor, dstAddress);
 112              		.loc 2 372 0
 113 0026 2200     		movs	r2, r4
 114 0028 0021     		movs	r1, #0
 115 002a 0020     		movs	r0, #0
 116 002c FFF7FEFF 		bl	CyDmaSetDstAddress
 117              	.LVL4:
 118              	.LBE13:
 119              	.LBE12:
 120              	.LBB14:
 121              	.LBB15:
 279:Generated_Source\PSoC4/TxDMA.h **** }
 122              		.loc 2 279 0
 123 0030 0021     		movs	r1, #0
 124 0032 0020     		movs	r0, #0
 125 0034 FFF7FEFF 		bl	CyDmaValidateDescriptor
 126              	.LVL5:
 127              	.LBE15:
 128              	.LBE14:
 129              	.LBB16:
 130              	.LBB17:
  96:Generated_Source\PSoC4/TxDMA.h **** }
 131              		.loc 2 96 0
 132 0038 0020     		movs	r0, #0
 133 003a FFF7FEFF 		bl	CyDmaChEnable
 134              	.LVL6:
 135              	.LBE17:
 136              	.LBE16:
  51:Generated_Source\PSoC4/TxDMA.c **** 
 137              		.loc 1 51 0
 138              		@ sp needed
 139              	.LVL7:
 140              	.LVL8:
 141 003e 70BD     		pop	{r4, r5, r6, pc}
 142              	.L7:
 143              		.align	2
 144              	.L6:
 145 0040 00000000 		.word	.LANCHOR0
 146              		.cfi_endproc
 147              	.LFE32:
 148              		.size	TxDMA_Start, .-TxDMA_Start
 149              		.global	TxDMA_initVar
 150              		.bss
 151              		.set	.LANCHOR0,. + 0
 152              		.type	TxDMA_initVar, %object
 153              		.size	TxDMA_initVar, 1
 154              	TxDMA_initVar:
 155 0000 00       		.space	1
 156              		.text
 157              	.Letext0:
 158              		.file 3 "Generated_Source\\PSoC4\\cytypes.h"
 159              		.file 4 "Generated_Source\\PSoC4\\CyDMA.h"
ARM GAS  C:\Users\psmus\AppData\Local\Temp\cc3PJZLL.s 			page 12


 160              		.section	.debug_info,"",%progbits
 161              	.Ldebug_info0:
 162 0000 47030000 		.4byte	0x347
 163 0004 0400     		.2byte	0x4
 164 0006 00000000 		.4byte	.Ldebug_abbrev0
 165 000a 04       		.byte	0x4
 166 000b 01       		.uleb128 0x1
 167 000c AF000000 		.4byte	.LASF32
 168 0010 0C       		.byte	0xc
 169 0011 A7020000 		.4byte	.LASF33
 170 0015 00000000 		.4byte	.LASF34
 171 0019 00000000 		.4byte	.Ldebug_ranges0+0
 172 001d 00000000 		.4byte	0
 173 0021 00000000 		.4byte	.Ldebug_line0
 174 0025 02       		.uleb128 0x2
 175 0026 01       		.byte	0x1
 176 0027 06       		.byte	0x6
 177 0028 B9010000 		.4byte	.LASF0
 178 002c 02       		.uleb128 0x2
 179 002d 01       		.byte	0x1
 180 002e 08       		.byte	0x8
 181 002f AB010000 		.4byte	.LASF1
 182 0033 02       		.uleb128 0x2
 183 0034 02       		.byte	0x2
 184 0035 05       		.byte	0x5
 185 0036 7A000000 		.4byte	.LASF2
 186 003a 02       		.uleb128 0x2
 187 003b 02       		.byte	0x2
 188 003c 07       		.byte	0x7
 189 003d FB010000 		.4byte	.LASF3
 190 0041 02       		.uleb128 0x2
 191 0042 04       		.byte	0x4
 192 0043 05       		.byte	0x5
 193 0044 8F010000 		.4byte	.LASF4
 194 0048 02       		.uleb128 0x2
 195 0049 04       		.byte	0x4
 196 004a 07       		.byte	0x7
 197 004b 60020000 		.4byte	.LASF5
 198 004f 02       		.uleb128 0x2
 199 0050 08       		.byte	0x8
 200 0051 05       		.byte	0x5
 201 0052 81010000 		.4byte	.LASF6
 202 0056 02       		.uleb128 0x2
 203 0057 08       		.byte	0x8
 204 0058 07       		.byte	0x7
 205 0059 C5010000 		.4byte	.LASF7
 206 005d 03       		.uleb128 0x3
 207 005e 04       		.byte	0x4
 208 005f 05       		.byte	0x5
 209 0060 696E7400 		.ascii	"int\000"
 210 0064 02       		.uleb128 0x2
 211 0065 04       		.byte	0x4
 212 0066 07       		.byte	0x7
 213 0067 DC010000 		.4byte	.LASF8
 214 006b 04       		.uleb128 0x4
 215 006c 6A010000 		.4byte	.LASF9
 216 0070 03       		.byte	0x3
ARM GAS  C:\Users\psmus\AppData\Local\Temp\cc3PJZLL.s 			page 13


 217 0071 E401     		.2byte	0x1e4
 218 0073 2C000000 		.4byte	0x2c
 219 0077 04       		.uleb128 0x4
 220 0078 59020000 		.4byte	.LASF10
 221 007c 03       		.byte	0x3
 222 007d E601     		.2byte	0x1e6
 223 007f 48000000 		.4byte	0x48
 224 0083 04       		.uleb128 0x4
 225 0084 72020000 		.4byte	.LASF11
 226 0088 03       		.byte	0x3
 227 0089 E901     		.2byte	0x1e9
 228 008b 41000000 		.4byte	0x41
 229 008f 02       		.uleb128 0x2
 230 0090 04       		.byte	0x4
 231 0091 04       		.byte	0x4
 232 0092 7B010000 		.4byte	.LASF12
 233 0096 02       		.uleb128 0x2
 234 0097 08       		.byte	0x8
 235 0098 04       		.byte	0x4
 236 0099 78020000 		.4byte	.LASF13
 237 009d 02       		.uleb128 0x2
 238 009e 01       		.byte	0x1
 239 009f 08       		.byte	0x8
 240 00a0 31020000 		.4byte	.LASF14
 241 00a4 04       		.uleb128 0x4
 242 00a5 F5010000 		.4byte	.LASF15
 243 00a9 03       		.byte	0x3
 244 00aa 9002     		.2byte	0x290
 245 00ac B0000000 		.4byte	0xb0
 246 00b0 05       		.uleb128 0x5
 247 00b1 77000000 		.4byte	0x77
 248 00b5 06       		.uleb128 0x6
 249 00b6 80       		.byte	0x80
 250 00b7 04       		.byte	0x4
 251 00b8 26       		.byte	0x26
 252 00b9 CA000000 		.4byte	0xca
 253 00bd 07       		.uleb128 0x7
 254 00be 63746C00 		.ascii	"ctl\000"
 255 00c2 04       		.byte	0x4
 256 00c3 28       		.byte	0x28
 257 00c4 CA000000 		.4byte	0xca
 258 00c8 00       		.byte	0
 259 00c9 00       		.byte	0
 260 00ca 08       		.uleb128 0x8
 261 00cb 77000000 		.4byte	0x77
 262 00cf DA000000 		.4byte	0xda
 263 00d3 09       		.uleb128 0x9
 264 00d4 DA000000 		.4byte	0xda
 265 00d8 1F       		.byte	0x1f
 266 00d9 00       		.byte	0
 267 00da 02       		.uleb128 0x2
 268 00db 04       		.byte	0x4
 269 00dc 07       		.byte	0x7
 270 00dd A6000000 		.4byte	.LASF16
 271 00e1 0A       		.uleb128 0xa
 272 00e2 51010000 		.4byte	.LASF17
 273 00e6 04       		.byte	0x4
ARM GAS  C:\Users\psmus\AppData\Local\Temp\cc3PJZLL.s 			page 14


 274 00e7 29       		.byte	0x29
 275 00e8 B5000000 		.4byte	0xb5
 276 00ec 06       		.uleb128 0x6
 277 00ed 10       		.byte	0x10
 278 00ee 04       		.byte	0x4
 279 00ef 2C       		.byte	0x2c
 280 00f0 25010000 		.4byte	0x125
 281 00f4 07       		.uleb128 0x7
 282 00f5 73726300 		.ascii	"src\000"
 283 00f9 04       		.byte	0x4
 284 00fa 2E       		.byte	0x2e
 285 00fb 25010000 		.4byte	0x125
 286 00ff 00       		.byte	0
 287 0100 07       		.uleb128 0x7
 288 0101 64737400 		.ascii	"dst\000"
 289 0105 04       		.byte	0x4
 290 0106 2F       		.byte	0x2f
 291 0107 25010000 		.4byte	0x125
 292 010b 04       		.byte	0x4
 293 010c 07       		.uleb128 0x7
 294 010d 63746C00 		.ascii	"ctl\000"
 295 0111 04       		.byte	0x4
 296 0112 30       		.byte	0x30
 297 0113 77000000 		.4byte	0x77
 298 0117 08       		.byte	0x8
 299 0118 0B       		.uleb128 0xb
 300 0119 0E020000 		.4byte	.LASF18
 301 011d 04       		.byte	0x4
 302 011e 31       		.byte	0x31
 303 011f 77000000 		.4byte	0x77
 304 0123 0C       		.byte	0xc
 305 0124 00       		.byte	0
 306 0125 0C       		.uleb128 0xc
 307 0126 04       		.byte	0x4
 308 0127 0A       		.uleb128 0xa
 309 0128 36020000 		.4byte	.LASF19
 310 012c 04       		.byte	0x4
 311 012d 32       		.byte	0x32
 312 012e EC000000 		.4byte	0xec
 313 0132 0D       		.uleb128 0xd
 314 0133 0004     		.2byte	0x400
 315 0135 04       		.byte	0x4
 316 0136 38       		.byte	0x38
 317 0137 48010000 		.4byte	0x148
 318 013b 0B       		.uleb128 0xb
 319 013c E0020000 		.4byte	.LASF20
 320 0140 04       		.byte	0x4
 321 0141 3A       		.byte	0x3a
 322 0142 48010000 		.4byte	0x148
 323 0146 00       		.byte	0
 324 0147 00       		.byte	0
 325 0148 08       		.uleb128 0x8
 326 0149 27010000 		.4byte	0x127
 327 014d 5E010000 		.4byte	0x15e
 328 0151 09       		.uleb128 0x9
 329 0152 DA000000 		.4byte	0xda
 330 0156 1F       		.byte	0x1f
ARM GAS  C:\Users\psmus\AppData\Local\Temp\cc3PJZLL.s 			page 15


 331 0157 09       		.uleb128 0x9
 332 0158 DA000000 		.4byte	0xda
 333 015c 01       		.byte	0x1
 334 015d 00       		.byte	0
 335 015e 0A       		.uleb128 0xa
 336 015f 15020000 		.4byte	.LASF21
 337 0163 04       		.byte	0x4
 338 0164 3B       		.byte	0x3b
 339 0165 32010000 		.4byte	0x132
 340 0169 0E       		.uleb128 0xe
 341 016a 7F020000 		.4byte	.LASF35
 342 016e 02       		.byte	0x2
 343 016f 5E       		.byte	0x5e
 344 0170 03       		.byte	0x3
 345 0171 0F       		.uleb128 0xf
 346 0172 8E020000 		.4byte	.LASF22
 347 0176 02       		.byte	0x2
 348 0177 1501     		.2byte	0x115
 349 0179 03       		.byte	0x3
 350 017a 8B010000 		.4byte	0x18b
 351 017e 10       		.uleb128 0x10
 352 017f E0020000 		.4byte	.LASF20
 353 0183 02       		.byte	0x2
 354 0184 1501     		.2byte	0x115
 355 0186 83000000 		.4byte	0x83
 356 018a 00       		.byte	0
 357 018b 0F       		.uleb128 0xf
 358 018c 84000000 		.4byte	.LASF23
 359 0190 02       		.byte	0x2
 360 0191 7201     		.2byte	0x172
 361 0193 03       		.byte	0x3
 362 0194 B1010000 		.4byte	0x1b1
 363 0198 10       		.uleb128 0x10
 364 0199 E0020000 		.4byte	.LASF20
 365 019d 02       		.byte	0x2
 366 019e 7201     		.2byte	0x172
 367 01a0 83000000 		.4byte	0x83
 368 01a4 10       		.uleb128 0x10
 369 01a5 44000000 		.4byte	.LASF24
 370 01a9 02       		.byte	0x2
 371 01aa 7201     		.2byte	0x172
 372 01ac 25010000 		.4byte	0x125
 373 01b0 00       		.byte	0
 374 01b1 0F       		.uleb128 0xf
 375 01b2 3D010000 		.4byte	.LASF25
 376 01b6 02       		.byte	0x2
 377 01b7 4401     		.2byte	0x144
 378 01b9 03       		.byte	0x3
 379 01ba D7010000 		.4byte	0x1d7
 380 01be 10       		.uleb128 0x10
 381 01bf E0020000 		.4byte	.LASF20
 382 01c3 02       		.byte	0x2
 383 01c4 4401     		.2byte	0x144
 384 01c6 83000000 		.4byte	0x83
 385 01ca 10       		.uleb128 0x10
 386 01cb 4E020000 		.4byte	.LASF26
 387 01cf 02       		.byte	0x2
ARM GAS  C:\Users\psmus\AppData\Local\Temp\cc3PJZLL.s 			page 16


 388 01d0 4401     		.2byte	0x144
 389 01d2 25010000 		.4byte	0x125
 390 01d6 00       		.byte	0
 391 01d7 11       		.uleb128 0x11
 392 01d8 70010000 		.4byte	.LASF36
 393 01dc 01       		.byte	0x1
 394 01dd 4C       		.byte	0x4c
 395 01de 00000000 		.4byte	.LFB33
 396 01e2 2C000000 		.4byte	.LFE33-.LFB33
 397 01e6 01       		.uleb128 0x1
 398 01e7 9C       		.byte	0x9c
 399 01e8 12       		.uleb128 0x12
 400 01e9 E9010000 		.4byte	.LASF37
 401 01ed 01       		.byte	0x1
 402 01ee 27       		.byte	0x27
 403 01ef 00000000 		.4byte	.LFB32
 404 01f3 44000000 		.4byte	.LFE32-.LFB32
 405 01f7 01       		.uleb128 0x1
 406 01f8 9C       		.byte	0x9c
 407 01f9 02030000 		.4byte	0x302
 408 01fd 13       		.uleb128 0x13
 409 01fe 4E020000 		.4byte	.LASF26
 410 0202 01       		.byte	0x1
 411 0203 27       		.byte	0x27
 412 0204 25010000 		.4byte	0x125
 413 0208 00000000 		.4byte	.LLST0
 414 020c 13       		.uleb128 0x13
 415 020d 44000000 		.4byte	.LASF24
 416 0211 01       		.byte	0x1
 417 0212 27       		.byte	0x27
 418 0213 25010000 		.4byte	0x125
 419 0217 2C000000 		.4byte	.LLST1
 420 021b 14       		.uleb128 0x14
 421 021c B1010000 		.4byte	0x1b1
 422 0220 1C000000 		.4byte	.LBB10
 423 0224 0A000000 		.4byte	.LBE10-.LBB10
 424 0228 01       		.byte	0x1
 425 0229 2F       		.byte	0x2f
 426 022a 5B020000 		.4byte	0x25b
 427 022e 15       		.uleb128 0x15
 428 022f CA010000 		.4byte	0x1ca
 429 0233 58000000 		.4byte	.LLST2
 430 0237 15       		.uleb128 0x15
 431 0238 BE010000 		.4byte	0x1be
 432 023c 6B000000 		.4byte	.LLST3
 433 0240 16       		.uleb128 0x16
 434 0241 26000000 		.4byte	.LVL3
 435 0245 13030000 		.4byte	0x313
 436 0249 17       		.uleb128 0x17
 437 024a 01       		.uleb128 0x1
 438 024b 50       		.byte	0x50
 439 024c 01       		.uleb128 0x1
 440 024d 30       		.byte	0x30
 441 024e 17       		.uleb128 0x17
 442 024f 01       		.uleb128 0x1
 443 0250 51       		.byte	0x51
 444 0251 01       		.uleb128 0x1
ARM GAS  C:\Users\psmus\AppData\Local\Temp\cc3PJZLL.s 			page 17


 445 0252 30       		.byte	0x30
 446 0253 17       		.uleb128 0x17
 447 0254 01       		.uleb128 0x1
 448 0255 52       		.byte	0x52
 449 0256 02       		.uleb128 0x2
 450 0257 75       		.byte	0x75
 451 0258 00       		.sleb128 0
 452 0259 00       		.byte	0
 453 025a 00       		.byte	0
 454 025b 14       		.uleb128 0x14
 455 025c 8B010000 		.4byte	0x18b
 456 0260 26000000 		.4byte	.LBB12
 457 0264 0A000000 		.4byte	.LBE12-.LBB12
 458 0268 01       		.byte	0x1
 459 0269 30       		.byte	0x30
 460 026a 9B020000 		.4byte	0x29b
 461 026e 15       		.uleb128 0x15
 462 026f A4010000 		.4byte	0x1a4
 463 0273 7F000000 		.4byte	.LLST4
 464 0277 15       		.uleb128 0x15
 465 0278 98010000 		.4byte	0x198
 466 027c 92000000 		.4byte	.LLST5
 467 0280 16       		.uleb128 0x16
 468 0281 30000000 		.4byte	.LVL4
 469 0285 1E030000 		.4byte	0x31e
 470 0289 17       		.uleb128 0x17
 471 028a 01       		.uleb128 0x1
 472 028b 50       		.byte	0x50
 473 028c 01       		.uleb128 0x1
 474 028d 30       		.byte	0x30
 475 028e 17       		.uleb128 0x17
 476 028f 01       		.uleb128 0x1
 477 0290 51       		.byte	0x51
 478 0291 01       		.uleb128 0x1
 479 0292 30       		.byte	0x30
 480 0293 17       		.uleb128 0x17
 481 0294 01       		.uleb128 0x1
 482 0295 52       		.byte	0x52
 483 0296 02       		.uleb128 0x2
 484 0297 74       		.byte	0x74
 485 0298 00       		.sleb128 0
 486 0299 00       		.byte	0
 487 029a 00       		.byte	0
 488 029b 14       		.uleb128 0x14
 489 029c 71010000 		.4byte	0x171
 490 02a0 30000000 		.4byte	.LBB14
 491 02a4 08000000 		.4byte	.LBE14-.LBB14
 492 02a8 01       		.byte	0x1
 493 02a9 31       		.byte	0x31
 494 02aa CC020000 		.4byte	0x2cc
 495 02ae 15       		.uleb128 0x15
 496 02af 7E010000 		.4byte	0x17e
 497 02b3 A6000000 		.4byte	.LLST6
 498 02b7 16       		.uleb128 0x16
 499 02b8 38000000 		.4byte	.LVL5
 500 02bc 29030000 		.4byte	0x329
 501 02c0 17       		.uleb128 0x17
ARM GAS  C:\Users\psmus\AppData\Local\Temp\cc3PJZLL.s 			page 18


 502 02c1 01       		.uleb128 0x1
 503 02c2 50       		.byte	0x50
 504 02c3 01       		.uleb128 0x1
 505 02c4 30       		.byte	0x30
 506 02c5 17       		.uleb128 0x17
 507 02c6 01       		.uleb128 0x1
 508 02c7 51       		.byte	0x51
 509 02c8 01       		.uleb128 0x1
 510 02c9 30       		.byte	0x30
 511 02ca 00       		.byte	0
 512 02cb 00       		.byte	0
 513 02cc 14       		.uleb128 0x14
 514 02cd 69010000 		.4byte	0x169
 515 02d1 38000000 		.4byte	.LBB16
 516 02d5 06000000 		.4byte	.LBE16-.LBB16
 517 02d9 01       		.byte	0x1
 518 02da 32       		.byte	0x32
 519 02db EF020000 		.4byte	0x2ef
 520 02df 16       		.uleb128 0x16
 521 02e0 3E000000 		.4byte	.LVL6
 522 02e4 34030000 		.4byte	0x334
 523 02e8 17       		.uleb128 0x17
 524 02e9 01       		.uleb128 0x1
 525 02ea 50       		.byte	0x50
 526 02eb 01       		.uleb128 0x1
 527 02ec 30       		.byte	0x30
 528 02ed 00       		.byte	0
 529 02ee 00       		.byte	0
 530 02ef 18       		.uleb128 0x18
 531 02f0 12000000 		.4byte	.LVL1
 532 02f4 D7010000 		.4byte	0x1d7
 533 02f8 18       		.uleb128 0x18
 534 02f9 1C000000 		.4byte	.LVL2
 535 02fd 3F030000 		.4byte	0x33f
 536 0301 00       		.byte	0
 537 0302 19       		.uleb128 0x19
 538 0303 D2020000 		.4byte	.LASF38
 539 0307 01       		.byte	0x1
 540 0308 11       		.byte	0x11
 541 0309 6B000000 		.4byte	0x6b
 542 030d 05       		.uleb128 0x5
 543 030e 03       		.byte	0x3
 544 030f 00000000 		.4byte	TxDMA_initVar
 545 0313 1A       		.uleb128 0x1a
 546 0314 67000000 		.4byte	.LASF27
 547 0318 67000000 		.4byte	.LASF27
 548 031c 04       		.byte	0x4
 549 031d 93       		.byte	0x93
 550 031e 1A       		.uleb128 0x1a
 551 031f 98010000 		.4byte	.LASF28
 552 0323 98010000 		.4byte	.LASF28
 553 0327 04       		.byte	0x4
 554 0328 96       		.byte	0x96
 555 0329 1A       		.uleb128 0x1a
 556 032a 4F000000 		.4byte	.LASF29
 557 032e 4F000000 		.4byte	.LASF29
 558 0332 04       		.byte	0x4
ARM GAS  C:\Users\psmus\AppData\Local\Temp\cc3PJZLL.s 			page 19


 559 0333 8F       		.byte	0x8f
 560 0334 1A       		.uleb128 0x1a
 561 0335 98000000 		.4byte	.LASF30
 562 0339 98000000 		.4byte	.LASF30
 563 033d 04       		.byte	0x4
 564 033e 82       		.byte	0x82
 565 033f 1A       		.uleb128 0x1a
 566 0340 C6020000 		.4byte	.LASF31
 567 0344 C6020000 		.4byte	.LASF31
 568 0348 04       		.byte	0x4
 569 0349 6D       		.byte	0x6d
 570 034a 00       		.byte	0
 571              		.section	.debug_abbrev,"",%progbits
 572              	.Ldebug_abbrev0:
 573 0000 01       		.uleb128 0x1
 574 0001 11       		.uleb128 0x11
 575 0002 01       		.byte	0x1
 576 0003 25       		.uleb128 0x25
 577 0004 0E       		.uleb128 0xe
 578 0005 13       		.uleb128 0x13
 579 0006 0B       		.uleb128 0xb
 580 0007 03       		.uleb128 0x3
 581 0008 0E       		.uleb128 0xe
 582 0009 1B       		.uleb128 0x1b
 583 000a 0E       		.uleb128 0xe
 584 000b 55       		.uleb128 0x55
 585 000c 17       		.uleb128 0x17
 586 000d 11       		.uleb128 0x11
 587 000e 01       		.uleb128 0x1
 588 000f 10       		.uleb128 0x10
 589 0010 17       		.uleb128 0x17
 590 0011 00       		.byte	0
 591 0012 00       		.byte	0
 592 0013 02       		.uleb128 0x2
 593 0014 24       		.uleb128 0x24
 594 0015 00       		.byte	0
 595 0016 0B       		.uleb128 0xb
 596 0017 0B       		.uleb128 0xb
 597 0018 3E       		.uleb128 0x3e
 598 0019 0B       		.uleb128 0xb
 599 001a 03       		.uleb128 0x3
 600 001b 0E       		.uleb128 0xe
 601 001c 00       		.byte	0
 602 001d 00       		.byte	0
 603 001e 03       		.uleb128 0x3
 604 001f 24       		.uleb128 0x24
 605 0020 00       		.byte	0
 606 0021 0B       		.uleb128 0xb
 607 0022 0B       		.uleb128 0xb
 608 0023 3E       		.uleb128 0x3e
 609 0024 0B       		.uleb128 0xb
 610 0025 03       		.uleb128 0x3
 611 0026 08       		.uleb128 0x8
 612 0027 00       		.byte	0
 613 0028 00       		.byte	0
 614 0029 04       		.uleb128 0x4
 615 002a 16       		.uleb128 0x16
ARM GAS  C:\Users\psmus\AppData\Local\Temp\cc3PJZLL.s 			page 20


 616 002b 00       		.byte	0
 617 002c 03       		.uleb128 0x3
 618 002d 0E       		.uleb128 0xe
 619 002e 3A       		.uleb128 0x3a
 620 002f 0B       		.uleb128 0xb
 621 0030 3B       		.uleb128 0x3b
 622 0031 05       		.uleb128 0x5
 623 0032 49       		.uleb128 0x49
 624 0033 13       		.uleb128 0x13
 625 0034 00       		.byte	0
 626 0035 00       		.byte	0
 627 0036 05       		.uleb128 0x5
 628 0037 35       		.uleb128 0x35
 629 0038 00       		.byte	0
 630 0039 49       		.uleb128 0x49
 631 003a 13       		.uleb128 0x13
 632 003b 00       		.byte	0
 633 003c 00       		.byte	0
 634 003d 06       		.uleb128 0x6
 635 003e 13       		.uleb128 0x13
 636 003f 01       		.byte	0x1
 637 0040 0B       		.uleb128 0xb
 638 0041 0B       		.uleb128 0xb
 639 0042 3A       		.uleb128 0x3a
 640 0043 0B       		.uleb128 0xb
 641 0044 3B       		.uleb128 0x3b
 642 0045 0B       		.uleb128 0xb
 643 0046 01       		.uleb128 0x1
 644 0047 13       		.uleb128 0x13
 645 0048 00       		.byte	0
 646 0049 00       		.byte	0
 647 004a 07       		.uleb128 0x7
 648 004b 0D       		.uleb128 0xd
 649 004c 00       		.byte	0
 650 004d 03       		.uleb128 0x3
 651 004e 08       		.uleb128 0x8
 652 004f 3A       		.uleb128 0x3a
 653 0050 0B       		.uleb128 0xb
 654 0051 3B       		.uleb128 0x3b
 655 0052 0B       		.uleb128 0xb
 656 0053 49       		.uleb128 0x49
 657 0054 13       		.uleb128 0x13
 658 0055 38       		.uleb128 0x38
 659 0056 0B       		.uleb128 0xb
 660 0057 00       		.byte	0
 661 0058 00       		.byte	0
 662 0059 08       		.uleb128 0x8
 663 005a 01       		.uleb128 0x1
 664 005b 01       		.byte	0x1
 665 005c 49       		.uleb128 0x49
 666 005d 13       		.uleb128 0x13
 667 005e 01       		.uleb128 0x1
 668 005f 13       		.uleb128 0x13
 669 0060 00       		.byte	0
 670 0061 00       		.byte	0
 671 0062 09       		.uleb128 0x9
 672 0063 21       		.uleb128 0x21
ARM GAS  C:\Users\psmus\AppData\Local\Temp\cc3PJZLL.s 			page 21


 673 0064 00       		.byte	0
 674 0065 49       		.uleb128 0x49
 675 0066 13       		.uleb128 0x13
 676 0067 2F       		.uleb128 0x2f
 677 0068 0B       		.uleb128 0xb
 678 0069 00       		.byte	0
 679 006a 00       		.byte	0
 680 006b 0A       		.uleb128 0xa
 681 006c 16       		.uleb128 0x16
 682 006d 00       		.byte	0
 683 006e 03       		.uleb128 0x3
 684 006f 0E       		.uleb128 0xe
 685 0070 3A       		.uleb128 0x3a
 686 0071 0B       		.uleb128 0xb
 687 0072 3B       		.uleb128 0x3b
 688 0073 0B       		.uleb128 0xb
 689 0074 49       		.uleb128 0x49
 690 0075 13       		.uleb128 0x13
 691 0076 00       		.byte	0
 692 0077 00       		.byte	0
 693 0078 0B       		.uleb128 0xb
 694 0079 0D       		.uleb128 0xd
 695 007a 00       		.byte	0
 696 007b 03       		.uleb128 0x3
 697 007c 0E       		.uleb128 0xe
 698 007d 3A       		.uleb128 0x3a
 699 007e 0B       		.uleb128 0xb
 700 007f 3B       		.uleb128 0x3b
 701 0080 0B       		.uleb128 0xb
 702 0081 49       		.uleb128 0x49
 703 0082 13       		.uleb128 0x13
 704 0083 38       		.uleb128 0x38
 705 0084 0B       		.uleb128 0xb
 706 0085 00       		.byte	0
 707 0086 00       		.byte	0
 708 0087 0C       		.uleb128 0xc
 709 0088 0F       		.uleb128 0xf
 710 0089 00       		.byte	0
 711 008a 0B       		.uleb128 0xb
 712 008b 0B       		.uleb128 0xb
 713 008c 00       		.byte	0
 714 008d 00       		.byte	0
 715 008e 0D       		.uleb128 0xd
 716 008f 13       		.uleb128 0x13
 717 0090 01       		.byte	0x1
 718 0091 0B       		.uleb128 0xb
 719 0092 05       		.uleb128 0x5
 720 0093 3A       		.uleb128 0x3a
 721 0094 0B       		.uleb128 0xb
 722 0095 3B       		.uleb128 0x3b
 723 0096 0B       		.uleb128 0xb
 724 0097 01       		.uleb128 0x1
 725 0098 13       		.uleb128 0x13
 726 0099 00       		.byte	0
 727 009a 00       		.byte	0
 728 009b 0E       		.uleb128 0xe
 729 009c 2E       		.uleb128 0x2e
ARM GAS  C:\Users\psmus\AppData\Local\Temp\cc3PJZLL.s 			page 22


 730 009d 00       		.byte	0
 731 009e 03       		.uleb128 0x3
 732 009f 0E       		.uleb128 0xe
 733 00a0 3A       		.uleb128 0x3a
 734 00a1 0B       		.uleb128 0xb
 735 00a2 3B       		.uleb128 0x3b
 736 00a3 0B       		.uleb128 0xb
 737 00a4 27       		.uleb128 0x27
 738 00a5 19       		.uleb128 0x19
 739 00a6 20       		.uleb128 0x20
 740 00a7 0B       		.uleb128 0xb
 741 00a8 00       		.byte	0
 742 00a9 00       		.byte	0
 743 00aa 0F       		.uleb128 0xf
 744 00ab 2E       		.uleb128 0x2e
 745 00ac 01       		.byte	0x1
 746 00ad 03       		.uleb128 0x3
 747 00ae 0E       		.uleb128 0xe
 748 00af 3A       		.uleb128 0x3a
 749 00b0 0B       		.uleb128 0xb
 750 00b1 3B       		.uleb128 0x3b
 751 00b2 05       		.uleb128 0x5
 752 00b3 27       		.uleb128 0x27
 753 00b4 19       		.uleb128 0x19
 754 00b5 20       		.uleb128 0x20
 755 00b6 0B       		.uleb128 0xb
 756 00b7 01       		.uleb128 0x1
 757 00b8 13       		.uleb128 0x13
 758 00b9 00       		.byte	0
 759 00ba 00       		.byte	0
 760 00bb 10       		.uleb128 0x10
 761 00bc 05       		.uleb128 0x5
 762 00bd 00       		.byte	0
 763 00be 03       		.uleb128 0x3
 764 00bf 0E       		.uleb128 0xe
 765 00c0 3A       		.uleb128 0x3a
 766 00c1 0B       		.uleb128 0xb
 767 00c2 3B       		.uleb128 0x3b
 768 00c3 05       		.uleb128 0x5
 769 00c4 49       		.uleb128 0x49
 770 00c5 13       		.uleb128 0x13
 771 00c6 00       		.byte	0
 772 00c7 00       		.byte	0
 773 00c8 11       		.uleb128 0x11
 774 00c9 2E       		.uleb128 0x2e
 775 00ca 00       		.byte	0
 776 00cb 3F       		.uleb128 0x3f
 777 00cc 19       		.uleb128 0x19
 778 00cd 03       		.uleb128 0x3
 779 00ce 0E       		.uleb128 0xe
 780 00cf 3A       		.uleb128 0x3a
 781 00d0 0B       		.uleb128 0xb
 782 00d1 3B       		.uleb128 0x3b
 783 00d2 0B       		.uleb128 0xb
 784 00d3 27       		.uleb128 0x27
 785 00d4 19       		.uleb128 0x19
 786 00d5 11       		.uleb128 0x11
ARM GAS  C:\Users\psmus\AppData\Local\Temp\cc3PJZLL.s 			page 23


 787 00d6 01       		.uleb128 0x1
 788 00d7 12       		.uleb128 0x12
 789 00d8 06       		.uleb128 0x6
 790 00d9 40       		.uleb128 0x40
 791 00da 18       		.uleb128 0x18
 792 00db 9742     		.uleb128 0x2117
 793 00dd 19       		.uleb128 0x19
 794 00de 00       		.byte	0
 795 00df 00       		.byte	0
 796 00e0 12       		.uleb128 0x12
 797 00e1 2E       		.uleb128 0x2e
 798 00e2 01       		.byte	0x1
 799 00e3 3F       		.uleb128 0x3f
 800 00e4 19       		.uleb128 0x19
 801 00e5 03       		.uleb128 0x3
 802 00e6 0E       		.uleb128 0xe
 803 00e7 3A       		.uleb128 0x3a
 804 00e8 0B       		.uleb128 0xb
 805 00e9 3B       		.uleb128 0x3b
 806 00ea 0B       		.uleb128 0xb
 807 00eb 27       		.uleb128 0x27
 808 00ec 19       		.uleb128 0x19
 809 00ed 11       		.uleb128 0x11
 810 00ee 01       		.uleb128 0x1
 811 00ef 12       		.uleb128 0x12
 812 00f0 06       		.uleb128 0x6
 813 00f1 40       		.uleb128 0x40
 814 00f2 18       		.uleb128 0x18
 815 00f3 9742     		.uleb128 0x2117
 816 00f5 19       		.uleb128 0x19
 817 00f6 01       		.uleb128 0x1
 818 00f7 13       		.uleb128 0x13
 819 00f8 00       		.byte	0
 820 00f9 00       		.byte	0
 821 00fa 13       		.uleb128 0x13
 822 00fb 05       		.uleb128 0x5
 823 00fc 00       		.byte	0
 824 00fd 03       		.uleb128 0x3
 825 00fe 0E       		.uleb128 0xe
 826 00ff 3A       		.uleb128 0x3a
 827 0100 0B       		.uleb128 0xb
 828 0101 3B       		.uleb128 0x3b
 829 0102 0B       		.uleb128 0xb
 830 0103 49       		.uleb128 0x49
 831 0104 13       		.uleb128 0x13
 832 0105 02       		.uleb128 0x2
 833 0106 17       		.uleb128 0x17
 834 0107 00       		.byte	0
 835 0108 00       		.byte	0
 836 0109 14       		.uleb128 0x14
 837 010a 1D       		.uleb128 0x1d
 838 010b 01       		.byte	0x1
 839 010c 31       		.uleb128 0x31
 840 010d 13       		.uleb128 0x13
 841 010e 11       		.uleb128 0x11
 842 010f 01       		.uleb128 0x1
 843 0110 12       		.uleb128 0x12
ARM GAS  C:\Users\psmus\AppData\Local\Temp\cc3PJZLL.s 			page 24


 844 0111 06       		.uleb128 0x6
 845 0112 58       		.uleb128 0x58
 846 0113 0B       		.uleb128 0xb
 847 0114 59       		.uleb128 0x59
 848 0115 0B       		.uleb128 0xb
 849 0116 01       		.uleb128 0x1
 850 0117 13       		.uleb128 0x13
 851 0118 00       		.byte	0
 852 0119 00       		.byte	0
 853 011a 15       		.uleb128 0x15
 854 011b 05       		.uleb128 0x5
 855 011c 00       		.byte	0
 856 011d 31       		.uleb128 0x31
 857 011e 13       		.uleb128 0x13
 858 011f 02       		.uleb128 0x2
 859 0120 17       		.uleb128 0x17
 860 0121 00       		.byte	0
 861 0122 00       		.byte	0
 862 0123 16       		.uleb128 0x16
 863 0124 898201   		.uleb128 0x4109
 864 0127 01       		.byte	0x1
 865 0128 11       		.uleb128 0x11
 866 0129 01       		.uleb128 0x1
 867 012a 31       		.uleb128 0x31
 868 012b 13       		.uleb128 0x13
 869 012c 00       		.byte	0
 870 012d 00       		.byte	0
 871 012e 17       		.uleb128 0x17
 872 012f 8A8201   		.uleb128 0x410a
 873 0132 00       		.byte	0
 874 0133 02       		.uleb128 0x2
 875 0134 18       		.uleb128 0x18
 876 0135 9142     		.uleb128 0x2111
 877 0137 18       		.uleb128 0x18
 878 0138 00       		.byte	0
 879 0139 00       		.byte	0
 880 013a 18       		.uleb128 0x18
 881 013b 898201   		.uleb128 0x4109
 882 013e 00       		.byte	0
 883 013f 11       		.uleb128 0x11
 884 0140 01       		.uleb128 0x1
 885 0141 31       		.uleb128 0x31
 886 0142 13       		.uleb128 0x13
 887 0143 00       		.byte	0
 888 0144 00       		.byte	0
 889 0145 19       		.uleb128 0x19
 890 0146 34       		.uleb128 0x34
 891 0147 00       		.byte	0
 892 0148 03       		.uleb128 0x3
 893 0149 0E       		.uleb128 0xe
 894 014a 3A       		.uleb128 0x3a
 895 014b 0B       		.uleb128 0xb
 896 014c 3B       		.uleb128 0x3b
 897 014d 0B       		.uleb128 0xb
 898 014e 49       		.uleb128 0x49
 899 014f 13       		.uleb128 0x13
 900 0150 3F       		.uleb128 0x3f
ARM GAS  C:\Users\psmus\AppData\Local\Temp\cc3PJZLL.s 			page 25


 901 0151 19       		.uleb128 0x19
 902 0152 02       		.uleb128 0x2
 903 0153 18       		.uleb128 0x18
 904 0154 00       		.byte	0
 905 0155 00       		.byte	0
 906 0156 1A       		.uleb128 0x1a
 907 0157 2E       		.uleb128 0x2e
 908 0158 00       		.byte	0
 909 0159 3F       		.uleb128 0x3f
 910 015a 19       		.uleb128 0x19
 911 015b 3C       		.uleb128 0x3c
 912 015c 19       		.uleb128 0x19
 913 015d 6E       		.uleb128 0x6e
 914 015e 0E       		.uleb128 0xe
 915 015f 03       		.uleb128 0x3
 916 0160 0E       		.uleb128 0xe
 917 0161 3A       		.uleb128 0x3a
 918 0162 0B       		.uleb128 0xb
 919 0163 3B       		.uleb128 0x3b
 920 0164 0B       		.uleb128 0xb
 921 0165 00       		.byte	0
 922 0166 00       		.byte	0
 923 0167 00       		.byte	0
 924              		.section	.debug_loc,"",%progbits
 925              	.Ldebug_loc0:
 926              	.LLST0:
 927 0000 00000000 		.4byte	.LVL0
 928 0004 11000000 		.4byte	.LVL1-1
 929 0008 0100     		.2byte	0x1
 930 000a 50       		.byte	0x50
 931 000b 11000000 		.4byte	.LVL1-1
 932 000f 3E000000 		.4byte	.LVL8
 933 0013 0100     		.2byte	0x1
 934 0015 55       		.byte	0x55
 935 0016 3E000000 		.4byte	.LVL8
 936 001a 44000000 		.4byte	.LFE32
 937 001e 0400     		.2byte	0x4
 938 0020 F3       		.byte	0xf3
 939 0021 01       		.uleb128 0x1
 940 0022 50       		.byte	0x50
 941 0023 9F       		.byte	0x9f
 942 0024 00000000 		.4byte	0
 943 0028 00000000 		.4byte	0
 944              	.LLST1:
 945 002c 00000000 		.4byte	.LVL0
 946 0030 11000000 		.4byte	.LVL1-1
 947 0034 0100     		.2byte	0x1
 948 0036 51       		.byte	0x51
 949 0037 11000000 		.4byte	.LVL1-1
 950 003b 3E000000 		.4byte	.LVL7
 951 003f 0100     		.2byte	0x1
 952 0041 54       		.byte	0x54
 953 0042 3E000000 		.4byte	.LVL7
 954 0046 44000000 		.4byte	.LFE32
 955 004a 0400     		.2byte	0x4
 956 004c F3       		.byte	0xf3
 957 004d 01       		.uleb128 0x1
ARM GAS  C:\Users\psmus\AppData\Local\Temp\cc3PJZLL.s 			page 26


 958 004e 51       		.byte	0x51
 959 004f 9F       		.byte	0x9f
 960 0050 00000000 		.4byte	0
 961 0054 00000000 		.4byte	0
 962              	.LLST2:
 963 0058 1C000000 		.4byte	.LVL2
 964 005c 26000000 		.4byte	.LVL3
 965 0060 0100     		.2byte	0x1
 966 0062 55       		.byte	0x55
 967 0063 00000000 		.4byte	0
 968 0067 00000000 		.4byte	0
 969              	.LLST3:
 970 006b 1C000000 		.4byte	.LVL2
 971 006f 26000000 		.4byte	.LVL3
 972 0073 0200     		.2byte	0x2
 973 0075 30       		.byte	0x30
 974 0076 9F       		.byte	0x9f
 975 0077 00000000 		.4byte	0
 976 007b 00000000 		.4byte	0
 977              	.LLST4:
 978 007f 26000000 		.4byte	.LVL3
 979 0083 30000000 		.4byte	.LVL4
 980 0087 0100     		.2byte	0x1
 981 0089 54       		.byte	0x54
 982 008a 00000000 		.4byte	0
 983 008e 00000000 		.4byte	0
 984              	.LLST5:
 985 0092 26000000 		.4byte	.LVL3
 986 0096 30000000 		.4byte	.LVL4
 987 009a 0200     		.2byte	0x2
 988 009c 30       		.byte	0x30
 989 009d 9F       		.byte	0x9f
 990 009e 00000000 		.4byte	0
 991 00a2 00000000 		.4byte	0
 992              	.LLST6:
 993 00a6 30000000 		.4byte	.LVL4
 994 00aa 38000000 		.4byte	.LVL5
 995 00ae 0200     		.2byte	0x2
 996 00b0 30       		.byte	0x30
 997 00b1 9F       		.byte	0x9f
 998 00b2 00000000 		.4byte	0
 999 00b6 00000000 		.4byte	0
 1000              		.section	.debug_aranges,"",%progbits
 1001 0000 24000000 		.4byte	0x24
 1002 0004 0200     		.2byte	0x2
 1003 0006 00000000 		.4byte	.Ldebug_info0
 1004 000a 04       		.byte	0x4
 1005 000b 00       		.byte	0
 1006 000c 0000     		.2byte	0
 1007 000e 0000     		.2byte	0
 1008 0010 00000000 		.4byte	.LFB33
 1009 0014 2C000000 		.4byte	.LFE33-.LFB33
 1010 0018 00000000 		.4byte	.LFB32
 1011 001c 44000000 		.4byte	.LFE32-.LFB32
 1012 0020 00000000 		.4byte	0
 1013 0024 00000000 		.4byte	0
 1014              		.section	.debug_ranges,"",%progbits
ARM GAS  C:\Users\psmus\AppData\Local\Temp\cc3PJZLL.s 			page 27


 1015              	.Ldebug_ranges0:
 1016 0000 00000000 		.4byte	.LFB33
 1017 0004 2C000000 		.4byte	.LFE33
 1018 0008 00000000 		.4byte	.LFB32
 1019 000c 44000000 		.4byte	.LFE32
 1020 0010 00000000 		.4byte	0
 1021 0014 00000000 		.4byte	0
 1022              		.section	.debug_line,"",%progbits
 1023              	.Ldebug_line0:
 1024 0000 9C000000 		.section	.debug_str,"MS",%progbits,1
 1024      02005800 
 1024      00000201 
 1024      FB0E0D00 
 1024      01010101 
 1025              	.LASF34:
 1026 0000 453A5C44 		.ascii	"E:\\Documents\\Engineering\\Code\\synth-wavetable\\"
 1026      6F63756D 
 1026      656E7473 
 1026      5C456E67 
 1026      696E6565 
 1027 002e 73796E74 		.ascii	"synth-wavetable.cydsn\000"
 1027      682D7761 
 1027      76657461 
 1027      626C652E 
 1027      63796473 
 1028              	.LASF24:
 1029 0044 64737441 		.ascii	"dstAddress\000"
 1029      64647265 
 1029      737300
 1030              	.LASF29:
 1031 004f 4379446D 		.ascii	"CyDmaValidateDescriptor\000"
 1031      6156616C 
 1031      69646174 
 1031      65446573 
 1031      63726970 
 1032              	.LASF27:
 1033 0067 4379446D 		.ascii	"CyDmaSetSrcAddress\000"
 1033      61536574 
 1033      53726341 
 1033      64647265 
 1033      737300
 1034              	.LASF2:
 1035 007a 73686F72 		.ascii	"short int\000"
 1035      7420696E 
 1035      7400
 1036              	.LASF23:
 1037 0084 5478444D 		.ascii	"TxDMA_SetDstAddress\000"
 1037      415F5365 
 1037      74447374 
 1037      41646472 
 1037      65737300 
 1038              	.LASF30:
 1039 0098 4379446D 		.ascii	"CyDmaChEnable\000"
 1039      61436845 
 1039      6E61626C 
 1039      6500
 1040              	.LASF16:
ARM GAS  C:\Users\psmus\AppData\Local\Temp\cc3PJZLL.s 			page 28


 1041 00a6 73697A65 		.ascii	"sizetype\000"
 1041      74797065 
 1041      00
 1042              	.LASF32:
 1043 00af 474E5520 		.ascii	"GNU C11 5.4.1 20160609 (release) [ARM/embedded-5-br"
 1043      43313120 
 1043      352E342E 
 1043      31203230 
 1043      31363036 
 1044 00e2 616E6368 		.ascii	"anch revision 237715] -mcpu=cortex-m0 -mthumb -g -O"
 1044      20726576 
 1044      6973696F 
 1044      6E203233 
 1044      37373135 
 1045 0115 67202D66 		.ascii	"g -ffunction-sections -ffat-lto-objects\000"
 1045      66756E63 
 1045      74696F6E 
 1045      2D736563 
 1045      74696F6E 
 1046              	.LASF25:
 1047 013d 5478444D 		.ascii	"TxDMA_SetSrcAddress\000"
 1047      415F5365 
 1047      74537263 
 1047      41646472 
 1047      65737300 
 1048              	.LASF17:
 1049 0151 6379646D 		.ascii	"cydma_channel_ctl_struct\000"
 1049      615F6368 
 1049      616E6E65 
 1049      6C5F6374 
 1049      6C5F7374 
 1050              	.LASF9:
 1051 016a 75696E74 		.ascii	"uint8\000"
 1051      3800
 1052              	.LASF36:
 1053 0170 5478444D 		.ascii	"TxDMA_Init\000"
 1053      415F496E 
 1053      697400
 1054              	.LASF12:
 1055 017b 666C6F61 		.ascii	"float\000"
 1055      7400
 1056              	.LASF6:
 1057 0181 6C6F6E67 		.ascii	"long long int\000"
 1057      206C6F6E 
 1057      6720696E 
 1057      7400
 1058              	.LASF4:
 1059 018f 6C6F6E67 		.ascii	"long int\000"
 1059      20696E74 
 1059      00
 1060              	.LASF28:
 1061 0198 4379446D 		.ascii	"CyDmaSetDstAddress\000"
 1061      61536574 
 1061      44737441 
 1061      64647265 
 1061      737300
 1062              	.LASF1:
ARM GAS  C:\Users\psmus\AppData\Local\Temp\cc3PJZLL.s 			page 29


 1063 01ab 756E7369 		.ascii	"unsigned char\000"
 1063      676E6564 
 1063      20636861 
 1063      7200
 1064              	.LASF0:
 1065 01b9 7369676E 		.ascii	"signed char\000"
 1065      65642063 
 1065      68617200 
 1066              	.LASF7:
 1067 01c5 6C6F6E67 		.ascii	"long long unsigned int\000"
 1067      206C6F6E 
 1067      6720756E 
 1067      7369676E 
 1067      65642069 
 1068              	.LASF8:
 1069 01dc 756E7369 		.ascii	"unsigned int\000"
 1069      676E6564 
 1069      20696E74 
 1069      00
 1070              	.LASF37:
 1071 01e9 5478444D 		.ascii	"TxDMA_Start\000"
 1071      415F5374 
 1071      61727400 
 1072              	.LASF15:
 1073 01f5 72656733 		.ascii	"reg32\000"
 1073      3200
 1074              	.LASF3:
 1075 01fb 73686F72 		.ascii	"short unsigned int\000"
 1075      7420756E 
 1075      7369676E 
 1075      65642069 
 1075      6E7400
 1076              	.LASF18:
 1077 020e 73746174 		.ascii	"status\000"
 1077      757300
 1078              	.LASF21:
 1079 0215 6379646D 		.ascii	"cydma_descriptor_ram_struct\000"
 1079      615F6465 
 1079      73637269 
 1079      70746F72 
 1079      5F72616D 
 1080              	.LASF14:
 1081 0231 63686172 		.ascii	"char\000"
 1081      00
 1082              	.LASF19:
 1083 0236 6379646D 		.ascii	"cydma_descriptor_struct\000"
 1083      615F6465 
 1083      73637269 
 1083      70746F72 
 1083      5F737472 
 1084              	.LASF26:
 1085 024e 73726341 		.ascii	"srcAddress\000"
 1085      64647265 
 1085      737300
 1086              	.LASF10:
 1087 0259 75696E74 		.ascii	"uint32\000"
 1087      333200
ARM GAS  C:\Users\psmus\AppData\Local\Temp\cc3PJZLL.s 			page 30


 1088              	.LASF5:
 1089 0260 6C6F6E67 		.ascii	"long unsigned int\000"
 1089      20756E73 
 1089      69676E65 
 1089      6420696E 
 1089      7400
 1090              	.LASF11:
 1091 0272 696E7433 		.ascii	"int32\000"
 1091      3200
 1092              	.LASF13:
 1093 0278 646F7562 		.ascii	"double\000"
 1093      6C6500
 1094              	.LASF35:
 1095 027f 5478444D 		.ascii	"TxDMA_ChEnable\000"
 1095      415F4368 
 1095      456E6162 
 1095      6C6500
 1096              	.LASF22:
 1097 028e 5478444D 		.ascii	"TxDMA_ValidateDescriptor\000"
 1097      415F5661 
 1097      6C696461 
 1097      74654465 
 1097      73637269 
 1098              	.LASF33:
 1099 02a7 47656E65 		.ascii	"Generated_Source\\PSoC4\\TxDMA.c\000"
 1099      72617465 
 1099      645F536F 
 1099      75726365 
 1099      5C50536F 
 1100              	.LASF31:
 1101 02c6 4379446D 		.ascii	"CyDmaEnable\000"
 1101      61456E61 
 1101      626C6500 
 1102              	.LASF38:
 1103 02d2 5478444D 		.ascii	"TxDMA_initVar\000"
 1103      415F696E 
 1103      69745661 
 1103      7200
 1104              	.LASF20:
 1105 02e0 64657363 		.ascii	"descriptor\000"
 1105      72697074 
 1105      6F7200
 1106              		.ident	"GCC: (GNU Tools for ARM Embedded Processors) 5.4.1 20160609 (release) [ARM/embedded-5-bran
