ARM GAS  C:\Users\psmus\AppData\Local\Temp\cczkYM1K.s 			page 1


   1              		.syntax unified
   2              		.cpu cortex-m0
   3              		.fpu softvfp
   4              		.eabi_attribute 20, 1
   5              		.eabi_attribute 21, 1
   6              		.eabi_attribute 23, 3
   7              		.eabi_attribute 24, 1
   8              		.eabi_attribute 25, 1
   9              		.eabi_attribute 26, 1
  10              		.eabi_attribute 30, 1
  11              		.eabi_attribute 34, 0
  12              		.eabi_attribute 18, 4
  13              		.thumb
  14              		.syntax unified
  15              		.file	"USB_descr.c"
  16              		.text
  17              	.Ltext0:
  18              		.cfi_sections	.debug_frame
  19              		.comm	USB_idSerialNumberStringDescriptor,34,4
  20              		.global	USB_TABLE
  21              		.global	USB_DEVICE0_TABLE
  22              		.global	USB_DEVICE0_CONFIGURATION0_TABLE
  23              		.global	USB_DEVICE0_CONFIGURATION0_INTERFACE_CLASS
  24              		.global	USB_DEVICE0_CONFIGURATION0_EP_SETTINGS_TABLE
  25              		.global	USB_SN_STRING_DESCRIPTOR
  26              		.global	USB_STRING_DESCRIPTORS
  27              		.global	USB_DEVICE0_CONFIGURATION0_DESCR
  28              		.global	USB_DEVICE0_DESCR
  29              		.section	.rodata
  30              		.align	2
  31              		.type	USB_TABLE, %object
  32              		.size	USB_TABLE, 8
  33              	USB_TABLE:
  34 0000 01       		.byte	1
  35 0001 000000   		.space	3
  36 0004 00000000 		.word	USB_DEVICE0_TABLE
  37              		.type	USB_DEVICE0_TABLE, %object
  38              		.size	USB_DEVICE0_TABLE, 24
  39              	USB_DEVICE0_TABLE:
  40 0008 01       		.byte	1
  41 0009 000000   		.space	3
  42 000c 00000000 		.word	USB_DEVICE0_DESCR
  43 0010 00       		.byte	0
  44 0011 000000   		.space	3
  45 0014 00000000 		.word	0
  46 0018 01       		.byte	1
  47 0019 000000   		.space	3
  48 001c 00000000 		.word	USB_DEVICE0_CONFIGURATION0_TABLE
  49              		.type	USB_DEVICE0_CONFIGURATION0_TABLE, %object
  50              		.size	USB_DEVICE0_CONFIGURATION0_TABLE, 40
  51              	USB_DEVICE0_CONFIGURATION0_TABLE:
  52 0020 01       		.byte	1
  53 0021 000000   		.space	3
  54 0024 00000000 		.word	USB_DEVICE0_CONFIGURATION0_DESCR
  55 0028 02       		.byte	2
  56 0029 000000   		.space	3
  57 002c 00000000 		.word	USB_DEVICE0_CONFIGURATION0_EP_SETTINGS_TABLE
ARM GAS  C:\Users\psmus\AppData\Local\Temp\cczkYM1K.s 			page 2


  58 0030 00       		.byte	0
  59 0031 000000   		.space	3
  60 0034 00000000 		.word	0
  61 0038 00       		.byte	0
  62 0039 000000   		.space	3
  63 003c 00000000 		.word	0
  64 0040 00       		.byte	0
  65 0041 000000   		.space	3
  66 0044 00000000 		.word	USB_DEVICE0_CONFIGURATION0_INTERFACE_CLASS
  67              		.type	USB_DEVICE0_CONFIGURATION0_INTERFACE_CLASS, %object
  68              		.size	USB_DEVICE0_CONFIGURATION0_INTERFACE_CLASS, 2
  69              	USB_DEVICE0_CONFIGURATION0_INTERFACE_CLASS:
  70 0048 01       		.byte	1
  71 0049 01       		.byte	1
  72 004a 0000     		.space	2
  73              		.type	USB_DEVICE0_CONFIGURATION0_EP_SETTINGS_TABLE, %object
  74              		.size	USB_DEVICE0_CONFIGURATION0_EP_SETTINGS_TABLE, 16
  75              	USB_DEVICE0_CONFIGURATION0_EP_SETTINGS_TABLE:
  76 004c 01       		.byte	1
  77 004d 00       		.byte	0
  78 004e 81       		.byte	-127
  79 004f 02       		.byte	2
  80 0050 2000     		.short	32
  81 0052 01       		.byte	1
  82 0053 00       		.space	1
  83 0054 01       		.byte	1
  84 0055 00       		.byte	0
  85 0056 02       		.byte	2
  86 0057 02       		.byte	2
  87 0058 2000     		.short	32
  88 005a 01       		.byte	1
  89 005b 00       		.space	1
  90              		.type	USB_SN_STRING_DESCRIPTOR, %object
  91              		.size	USB_SN_STRING_DESCRIPTOR, 2
  92              	USB_SN_STRING_DESCRIPTOR:
  93 005c 02       		.byte	2
  94 005d 03       		.byte	3
  95 005e 0000     		.space	2
  96              		.type	USB_STRING_DESCRIPTORS, %object
  97              		.size	USB_STRING_DESCRIPTORS, 177
  98              	USB_STRING_DESCRIPTORS:
  99 0060 04       		.byte	4
 100 0061 03       		.byte	3
 101 0062 09       		.byte	9
 102 0063 04       		.byte	4
 103 0064 2C       		.byte	44
 104 0065 03       		.byte	3
 105 0066 43       		.byte	67
 106 0067 00       		.byte	0
 107 0068 79       		.byte	121
 108 0069 00       		.byte	0
 109 006a 70       		.byte	112
 110 006b 00       		.byte	0
 111 006c 72       		.byte	114
 112 006d 00       		.byte	0
 113 006e 65       		.byte	101
 114 006f 00       		.byte	0
ARM GAS  C:\Users\psmus\AppData\Local\Temp\cczkYM1K.s 			page 3


 115 0070 73       		.byte	115
 116 0071 00       		.byte	0
 117 0072 73       		.byte	115
 118 0073 00       		.byte	0
 119 0074 20       		.byte	32
 120 0075 00       		.byte	0
 121 0076 53       		.byte	83
 122 0077 00       		.byte	0
 123 0078 65       		.byte	101
 124 0079 00       		.byte	0
 125 007a 6D       		.byte	109
 126 007b 00       		.byte	0
 127 007c 69       		.byte	105
 128 007d 00       		.byte	0
 129 007e 63       		.byte	99
 130 007f 00       		.byte	0
 131 0080 6F       		.byte	111
 132 0081 00       		.byte	0
 133 0082 6E       		.byte	110
 134 0083 00       		.byte	0
 135 0084 64       		.byte	100
 136 0085 00       		.byte	0
 137 0086 75       		.byte	117
 138 0087 00       		.byte	0
 139 0088 63       		.byte	99
 140 0089 00       		.byte	0
 141 008a 74       		.byte	116
 142 008b 00       		.byte	0
 143 008c 6F       		.byte	111
 144 008d 00       		.byte	0
 145 008e 72       		.byte	114
 146 008f 00       		.byte	0
 147 0090 12       		.byte	18
 148 0091 03       		.byte	3
 149 0092 55       		.byte	85
 150 0093 00       		.byte	0
 151 0094 53       		.byte	83
 152 0095 00       		.byte	0
 153 0096 42       		.byte	66
 154 0097 00       		.byte	0
 155 0098 20       		.byte	32
 156 0099 00       		.byte	0
 157 009a 4D       		.byte	77
 158 009b 00       		.byte	0
 159 009c 49       		.byte	73
 160 009d 00       		.byte	0
 161 009e 44       		.byte	68
 162 009f 00       		.byte	0
 163 00a0 49       		.byte	73
 164 00a1 00       		.byte	0
 165 00a2 24       		.byte	36
 166 00a3 03       		.byte	3
 167 00a4 4D       		.byte	77
 168 00a5 00       		.byte	0
 169 00a6 49       		.byte	73
 170 00a7 00       		.byte	0
 171 00a8 44       		.byte	68
ARM GAS  C:\Users\psmus\AppData\Local\Temp\cczkYM1K.s 			page 4


 172 00a9 00       		.byte	0
 173 00aa 49       		.byte	73
 174 00ab 00       		.byte	0
 175 00ac 20       		.byte	32
 176 00ad 00       		.byte	0
 177 00ae 43       		.byte	67
 178 00af 00       		.byte	0
 179 00b0 6F       		.byte	111
 180 00b1 00       		.byte	0
 181 00b2 6E       		.byte	110
 182 00b3 00       		.byte	0
 183 00b4 74       		.byte	116
 184 00b5 00       		.byte	0
 185 00b6 72       		.byte	114
 186 00b7 00       		.byte	0
 187 00b8 6F       		.byte	111
 188 00b9 00       		.byte	0
 189 00ba 6C       		.byte	108
 190 00bb 00       		.byte	0
 191 00bc 20       		.byte	32
 192 00bd 00       		.byte	0
 193 00be 49       		.byte	73
 194 00bf 00       		.byte	0
 195 00c0 6E       		.byte	110
 196 00c1 00       		.byte	0
 197 00c2 74       		.byte	116
 198 00c3 00       		.byte	0
 199 00c4 66       		.byte	102
 200 00c5 00       		.byte	0
 201 00c6 28       		.byte	40
 202 00c7 03       		.byte	3
 203 00c8 4D       		.byte	77
 204 00c9 00       		.byte	0
 205 00ca 49       		.byte	73
 206 00cb 00       		.byte	0
 207 00cc 44       		.byte	68
 208 00cd 00       		.byte	0
 209 00ce 49       		.byte	73
 210 00cf 00       		.byte	0
 211 00d0 20       		.byte	32
 212 00d1 00       		.byte	0
 213 00d2 53       		.byte	83
 214 00d3 00       		.byte	0
 215 00d4 74       		.byte	116
 216 00d5 00       		.byte	0
 217 00d6 72       		.byte	114
 218 00d7 00       		.byte	0
 219 00d8 65       		.byte	101
 220 00d9 00       		.byte	0
 221 00da 61       		.byte	97
 222 00db 00       		.byte	0
 223 00dc 6D       		.byte	109
 224 00dd 00       		.byte	0
 225 00de 69       		.byte	105
 226 00df 00       		.byte	0
 227 00e0 6E       		.byte	110
 228 00e1 00       		.byte	0
ARM GAS  C:\Users\psmus\AppData\Local\Temp\cczkYM1K.s 			page 5


 229 00e2 67       		.byte	103
 230 00e3 00       		.byte	0
 231 00e4 20       		.byte	32
 232 00e5 00       		.byte	0
 233 00e6 49       		.byte	73
 234 00e7 00       		.byte	0
 235 00e8 6E       		.byte	110
 236 00e9 00       		.byte	0
 237 00ea 74       		.byte	116
 238 00eb 00       		.byte	0
 239 00ec 66       		.byte	102
 240 00ed 00       		.byte	0
 241 00ee 10       		.byte	16
 242 00ef 03       		.byte	3
 243 00f0 4D       		.byte	77
 244 00f1 00       		.byte	0
 245 00f2 49       		.byte	73
 246 00f3 00       		.byte	0
 247 00f4 44       		.byte	68
 248 00f5 00       		.byte	0
 249 00f6 49       		.byte	73
 250 00f7 00       		.byte	0
 251 00f8 20       		.byte	32
 252 00f9 00       		.byte	0
 253 00fa 49       		.byte	73
 254 00fb 00       		.byte	0
 255 00fc 4E       		.byte	78
 256 00fd 00       		.byte	0
 257 00fe 12       		.byte	18
 258 00ff 03       		.byte	3
 259 0100 4D       		.byte	77
 260 0101 00       		.byte	0
 261 0102 49       		.byte	73
 262 0103 00       		.byte	0
 263 0104 44       		.byte	68
 264 0105 00       		.byte	0
 265 0106 49       		.byte	73
 266 0107 00       		.byte	0
 267 0108 20       		.byte	32
 268 0109 00       		.byte	0
 269 010a 4F       		.byte	79
 270 010b 00       		.byte	0
 271 010c 55       		.byte	85
 272 010d 00       		.byte	0
 273 010e 54       		.byte	84
 274 010f 00       		.byte	0
 275 0110 00       		.byte	0
 276 0111 000000   		.space	3
 277              		.type	USB_DEVICE0_CONFIGURATION0_DESCR, %object
 278              		.size	USB_DEVICE0_CONFIGURATION0_DESCR, 101
 279              	USB_DEVICE0_CONFIGURATION0_DESCR:
 280 0114 09       		.byte	9
 281 0115 02       		.byte	2
 282 0116 65       		.byte	101
 283 0117 00       		.byte	0
 284 0118 02       		.byte	2
 285 0119 01       		.byte	1
ARM GAS  C:\Users\psmus\AppData\Local\Temp\cczkYM1K.s 			page 6


 286 011a 01       		.byte	1
 287 011b 80       		.byte	-128
 288 011c 32       		.byte	50
 289 011d 09       		.byte	9
 290 011e 04       		.byte	4
 291 011f 00       		.byte	0
 292 0120 00       		.byte	0
 293 0121 00       		.byte	0
 294 0122 01       		.byte	1
 295 0123 01       		.byte	1
 296 0124 00       		.byte	0
 297 0125 03       		.byte	3
 298 0126 09       		.byte	9
 299 0127 24       		.byte	36
 300 0128 01       		.byte	1
 301 0129 00       		.byte	0
 302 012a 01       		.byte	1
 303 012b 09       		.byte	9
 304 012c 00       		.byte	0
 305 012d 01       		.byte	1
 306 012e 01       		.byte	1
 307 012f 09       		.byte	9
 308 0130 04       		.byte	4
 309 0131 01       		.byte	1
 310 0132 00       		.byte	0
 311 0133 02       		.byte	2
 312 0134 01       		.byte	1
 313 0135 03       		.byte	3
 314 0136 00       		.byte	0
 315 0137 04       		.byte	4
 316 0138 07       		.byte	7
 317 0139 24       		.byte	36
 318 013a 01       		.byte	1
 319 013b 00       		.byte	0
 320 013c 01       		.byte	1
 321 013d 25       		.byte	37
 322 013e 00       		.byte	0
 323 013f 06       		.byte	6
 324 0140 24       		.byte	36
 325 0141 02       		.byte	2
 326 0142 01       		.byte	1
 327 0143 01       		.byte	1
 328 0144 05       		.byte	5
 329 0145 06       		.byte	6
 330 0146 24       		.byte	36
 331 0147 02       		.byte	2
 332 0148 02       		.byte	2
 333 0149 02       		.byte	2
 334 014a 05       		.byte	5
 335 014b 09       		.byte	9
 336 014c 24       		.byte	36
 337 014d 03       		.byte	3
 338 014e 01       		.byte	1
 339 014f 03       		.byte	3
 340 0150 01       		.byte	1
 341 0151 02       		.byte	2
 342 0152 01       		.byte	1
ARM GAS  C:\Users\psmus\AppData\Local\Temp\cczkYM1K.s 			page 7


 343 0153 06       		.byte	6
 344 0154 09       		.byte	9
 345 0155 24       		.byte	36
 346 0156 03       		.byte	3
 347 0157 02       		.byte	2
 348 0158 04       		.byte	4
 349 0159 01       		.byte	1
 350 015a 01       		.byte	1
 351 015b 01       		.byte	1
 352 015c 06       		.byte	6
 353 015d 09       		.byte	9
 354 015e 05       		.byte	5
 355 015f 81       		.byte	-127
 356 0160 02       		.byte	2
 357 0161 20       		.byte	32
 358 0162 00       		.byte	0
 359 0163 00       		.byte	0
 360 0164 00       		.byte	0
 361 0165 00       		.byte	0
 362 0166 05       		.byte	5
 363 0167 25       		.byte	37
 364 0168 01       		.byte	1
 365 0169 01       		.byte	1
 366 016a 03       		.byte	3
 367 016b 09       		.byte	9
 368 016c 05       		.byte	5
 369 016d 02       		.byte	2
 370 016e 02       		.byte	2
 371 016f 20       		.byte	32
 372 0170 00       		.byte	0
 373 0171 00       		.byte	0
 374 0172 00       		.byte	0
 375 0173 00       		.byte	0
 376 0174 05       		.byte	5
 377 0175 25       		.byte	37
 378 0176 01       		.byte	1
 379 0177 01       		.byte	1
 380 0178 01       		.byte	1
 381 0179 000000   		.space	3
 382              		.type	USB_DEVICE0_DESCR, %object
 383              		.size	USB_DEVICE0_DESCR, 18
 384              	USB_DEVICE0_DESCR:
 385 017c 12       		.byte	18
 386 017d 01       		.byte	1
 387 017e 00       		.byte	0
 388 017f 02       		.byte	2
 389 0180 00       		.byte	0
 390 0181 00       		.byte	0
 391 0182 00       		.byte	0
 392 0183 08       		.byte	8
 393 0184 B4       		.byte	-76
 394 0185 04       		.byte	4
 395 0186 32       		.byte	50
 396 0187 D2       		.byte	-46
 397 0188 01       		.byte	1
 398 0189 00       		.byte	0
 399 018a 01       		.byte	1
ARM GAS  C:\Users\psmus\AppData\Local\Temp\cczkYM1K.s 			page 8


 400 018b 02       		.byte	2
 401 018c 80       		.byte	-128
 402 018d 01       		.byte	1
 403              		.text
 404              	.Letext0:
 405              		.file 1 "Generated_Source\\PSoC4\\cytypes.h"
 406              		.file 2 "Generated_Source\\PSoC4\\USB.h"
 407              		.file 3 "Generated_Source\\PSoC4\\USB_descr.c"
 408              		.section	.debug_info,"",%progbits
 409              	.Ldebug_info0:
 410 0000 A4020000 		.4byte	0x2a4
 411 0004 0400     		.2byte	0x4
 412 0006 00000000 		.4byte	.Ldebug_abbrev0
 413 000a 04       		.byte	0x4
 414 000b 01       		.uleb128 0x1
 415 000c CB010000 		.4byte	.LASF35
 416 0010 0C       		.byte	0xc
 417 0011 B2020000 		.4byte	.LASF36
 418 0015 28010000 		.4byte	.LASF37
 419 0019 00000000 		.4byte	.Ldebug_line0
 420 001d 02       		.uleb128 0x2
 421 001e 01       		.byte	0x1
 422 001f 06       		.byte	0x6
 423 0020 15030000 		.4byte	.LASF0
 424 0024 02       		.uleb128 0x2
 425 0025 01       		.byte	0x1
 426 0026 08       		.byte	0x8
 427 0027 A6000000 		.4byte	.LASF1
 428 002b 02       		.uleb128 0x2
 429 002c 02       		.byte	0x2
 430 002d 05       		.byte	0x5
 431 002e 98020000 		.4byte	.LASF2
 432 0032 02       		.uleb128 0x2
 433 0033 02       		.byte	0x2
 434 0034 07       		.byte	0x7
 435 0035 23000000 		.4byte	.LASF3
 436 0039 02       		.uleb128 0x2
 437 003a 04       		.byte	0x4
 438 003b 05       		.byte	0x5
 439 003c 00030000 		.4byte	.LASF4
 440 0040 02       		.uleb128 0x2
 441 0041 04       		.byte	0x4
 442 0042 07       		.byte	0x7
 443 0043 BF000000 		.4byte	.LASF5
 444 0047 02       		.uleb128 0x2
 445 0048 08       		.byte	0x8
 446 0049 05       		.byte	0x5
 447 004a 62020000 		.4byte	.LASF6
 448 004e 02       		.uleb128 0x2
 449 004f 08       		.byte	0x8
 450 0050 07       		.byte	0x7
 451 0051 AD010000 		.4byte	.LASF7
 452 0055 03       		.uleb128 0x3
 453 0056 04       		.byte	0x4
 454 0057 05       		.byte	0x5
 455 0058 696E7400 		.ascii	"int\000"
 456 005c 02       		.uleb128 0x2
ARM GAS  C:\Users\psmus\AppData\Local\Temp\cczkYM1K.s 			page 9


 457 005d 04       		.byte	0x4
 458 005e 07       		.byte	0x7
 459 005f A0010000 		.4byte	.LASF8
 460 0063 04       		.uleb128 0x4
 461 0064 A2020000 		.4byte	.LASF9
 462 0068 01       		.byte	0x1
 463 0069 E401     		.2byte	0x1e4
 464 006b 24000000 		.4byte	0x24
 465 006f 04       		.uleb128 0x4
 466 0070 99010000 		.4byte	.LASF10
 467 0074 01       		.byte	0x1
 468 0075 E501     		.2byte	0x1e5
 469 0077 32000000 		.4byte	0x32
 470 007b 02       		.uleb128 0x2
 471 007c 04       		.byte	0x4
 472 007d 04       		.byte	0x4
 473 007e 74000000 		.4byte	.LASF11
 474 0082 02       		.uleb128 0x2
 475 0083 08       		.byte	0x8
 476 0084 04       		.byte	0x4
 477 0085 21010000 		.4byte	.LASF12
 478 0089 02       		.uleb128 0x2
 479 008a 01       		.byte	0x1
 480 008b 08       		.byte	0x8
 481 008c 70020000 		.4byte	.LASF13
 482 0090 02       		.uleb128 0x2
 483 0091 08       		.byte	0x8
 484 0092 04       		.byte	0x4
 485 0093 09030000 		.4byte	.LASF14
 486 0097 02       		.uleb128 0x2
 487 0098 04       		.byte	0x4
 488 0099 07       		.byte	0x7
 489 009a 59020000 		.4byte	.LASF15
 490 009e 05       		.uleb128 0x5
 491 009f 08       		.byte	0x8
 492 00a0 02       		.byte	0x2
 493 00a1 9B       		.byte	0x9b
 494 00a2 EF000000 		.4byte	0xef
 495 00a6 06       		.uleb128 0x6
 496 00a7 A8020000 		.4byte	.LASF16
 497 00ab 02       		.byte	0x2
 498 00ac 9D       		.byte	0x9d
 499 00ad 63000000 		.4byte	0x63
 500 00b1 00       		.byte	0
 501 00b2 06       		.uleb128 0x6
 502 00b3 7A000000 		.4byte	.LASF17
 503 00b7 02       		.byte	0x2
 504 00b8 9E       		.byte	0x9e
 505 00b9 63000000 		.4byte	0x63
 506 00bd 01       		.byte	0x1
 507 00be 06       		.uleb128 0x6
 508 00bf D1000000 		.4byte	.LASF18
 509 00c3 02       		.byte	0x2
 510 00c4 9F       		.byte	0x9f
 511 00c5 63000000 		.4byte	0x63
 512 00c9 02       		.byte	0x2
 513 00ca 06       		.uleb128 0x6
ARM GAS  C:\Users\psmus\AppData\Local\Temp\cczkYM1K.s 			page 10


 514 00cb B4000000 		.4byte	.LASF19
 515 00cf 02       		.byte	0x2
 516 00d0 A0       		.byte	0xa0
 517 00d1 63000000 		.4byte	0x63
 518 00d5 03       		.byte	0x3
 519 00d6 06       		.uleb128 0x6
 520 00d7 36000000 		.4byte	.LASF20
 521 00db 02       		.byte	0x2
 522 00dc A1       		.byte	0xa1
 523 00dd 6F000000 		.4byte	0x6f
 524 00e1 04       		.byte	0x4
 525 00e2 06       		.uleb128 0x6
 526 00e3 21030000 		.4byte	.LASF21
 527 00e7 02       		.byte	0x2
 528 00e8 A2       		.byte	0xa2
 529 00e9 63000000 		.4byte	0x63
 530 00ed 06       		.byte	0x6
 531 00ee 00       		.byte	0
 532 00ef 07       		.uleb128 0x7
 533 00f0 D6000000 		.4byte	.LASF22
 534 00f4 02       		.byte	0x2
 535 00f5 A3       		.byte	0xa3
 536 00f6 9E000000 		.4byte	0x9e
 537 00fa 05       		.uleb128 0x5
 538 00fb 08       		.byte	0x8
 539 00fc 02       		.byte	0x2
 540 00fd B2       		.byte	0xb2
 541 00fe 19010000 		.4byte	0x119
 542 0102 08       		.uleb128 0x8
 543 0103 6300     		.ascii	"c\000"
 544 0105 02       		.byte	0x2
 545 0106 B4       		.byte	0xb4
 546 0107 63000000 		.4byte	0x63
 547 010b 00       		.byte	0
 548 010c 06       		.uleb128 0x6
 549 010d C4010000 		.4byte	.LASF23
 550 0111 02       		.byte	0x2
 551 0112 B5       		.byte	0xb5
 552 0113 19010000 		.4byte	0x119
 553 0117 04       		.byte	0x4
 554 0118 00       		.byte	0
 555 0119 09       		.uleb128 0x9
 556 011a 04       		.byte	0x4
 557 011b 1F010000 		.4byte	0x11f
 558 011f 0A       		.uleb128 0xa
 559 0120 07       		.uleb128 0x7
 560 0121 9C000000 		.4byte	.LASF24
 561 0125 02       		.byte	0x2
 562 0126 B6       		.byte	0xb6
 563 0127 FA000000 		.4byte	0xfa
 564 012b 0B       		.uleb128 0xb
 565 012c 3B010000 		.4byte	0x13b
 566 0130 3B010000 		.4byte	0x13b
 567 0134 0C       		.uleb128 0xc
 568 0135 97000000 		.4byte	0x97
 569 0139 11       		.byte	0x11
 570 013a 00       		.byte	0
ARM GAS  C:\Users\psmus\AppData\Local\Temp\cczkYM1K.s 			page 11


 571 013b 0D       		.uleb128 0xd
 572 013c 63000000 		.4byte	0x63
 573 0140 0E       		.uleb128 0xe
 574 0141 EE000000 		.4byte	.LASF25
 575 0145 03       		.byte	0x3
 576 0146 24       		.byte	0x24
 577 0147 51010000 		.4byte	0x151
 578 014b 05       		.uleb128 0x5
 579 014c 03       		.byte	0x3
 580 014d 00000000 		.4byte	USB_DEVICE0_DESCR
 581 0151 0D       		.uleb128 0xd
 582 0152 2B010000 		.4byte	0x12b
 583 0156 0B       		.uleb128 0xb
 584 0157 3B010000 		.4byte	0x13b
 585 015b 66010000 		.4byte	0x166
 586 015f 0C       		.uleb128 0xc
 587 0160 97000000 		.4byte	0x97
 588 0164 64       		.byte	0x64
 589 0165 00       		.byte	0
 590 0166 0E       		.uleb128 0xe
 591 0167 00010000 		.4byte	.LASF26
 592 016b 03       		.byte	0x3
 593 016c 37       		.byte	0x37
 594 016d 77010000 		.4byte	0x177
 595 0171 05       		.uleb128 0x5
 596 0172 03       		.byte	0x3
 597 0173 00000000 		.4byte	USB_DEVICE0_CONFIGURATION0_DESCR
 598 0177 0D       		.uleb128 0xd
 599 0178 56010000 		.4byte	0x156
 600 017c 0B       		.uleb128 0xb
 601 017d 8C010000 		.4byte	0x18c
 602 0181 8C010000 		.4byte	0x18c
 603 0185 0C       		.uleb128 0xc
 604 0186 97000000 		.4byte	0x97
 605 018a 01       		.byte	0x1
 606 018b 00       		.byte	0
 607 018c 0D       		.uleb128 0xd
 608 018d EF000000 		.4byte	0xef
 609 0191 0F       		.uleb128 0xf
 610 0192 6C010000 		.4byte	.LASF27
 611 0196 03       		.byte	0x3
 612 0197 0D01     		.2byte	0x10d
 613 0199 A3010000 		.4byte	0x1a3
 614 019d 05       		.uleb128 0x5
 615 019e 03       		.byte	0x3
 616 019f 00000000 		.4byte	USB_DEVICE0_CONFIGURATION0_EP_SETTINGS_TABLE
 617 01a3 0D       		.uleb128 0xd
 618 01a4 7C010000 		.4byte	0x17c
 619 01a8 0B       		.uleb128 0xb
 620 01a9 3B010000 		.4byte	0x13b
 621 01ad B8010000 		.4byte	0x1b8
 622 01b1 0C       		.uleb128 0xc
 623 01b2 97000000 		.4byte	0x97
 624 01b6 01       		.byte	0x1
 625 01b7 00       		.byte	0
 626 01b8 0F       		.uleb128 0xf
 627 01b9 D5020000 		.4byte	.LASF28
ARM GAS  C:\Users\psmus\AppData\Local\Temp\cczkYM1K.s 			page 12


 628 01bd 03       		.byte	0x3
 629 01be 1201     		.2byte	0x112
 630 01c0 CA010000 		.4byte	0x1ca
 631 01c4 05       		.uleb128 0x5
 632 01c5 03       		.byte	0x3
 633 01c6 00000000 		.4byte	USB_DEVICE0_CONFIGURATION0_INTERFACE_CLASS
 634 01ca 0D       		.uleb128 0xd
 635 01cb A8010000 		.4byte	0x1a8
 636 01cf 0B       		.uleb128 0xb
 637 01d0 DF010000 		.4byte	0x1df
 638 01d4 DF010000 		.4byte	0x1df
 639 01d8 0C       		.uleb128 0xc
 640 01d9 97000000 		.4byte	0x97
 641 01dd 04       		.byte	0x4
 642 01de 00       		.byte	0
 643 01df 0D       		.uleb128 0xd
 644 01e0 20010000 		.4byte	0x120
 645 01e4 0F       		.uleb128 0xf
 646 01e5 53000000 		.4byte	.LASF29
 647 01e9 03       		.byte	0x3
 648 01ea 1A01     		.2byte	0x11a
 649 01ec F6010000 		.4byte	0x1f6
 650 01f0 05       		.uleb128 0x5
 651 01f1 03       		.byte	0x3
 652 01f2 00000000 		.4byte	USB_DEVICE0_CONFIGURATION0_TABLE
 653 01f6 0D       		.uleb128 0xd
 654 01f7 CF010000 		.4byte	0x1cf
 655 01fb 0B       		.uleb128 0xb
 656 01fc DF010000 		.4byte	0x1df
 657 0200 0B020000 		.4byte	0x20b
 658 0204 0C       		.uleb128 0xc
 659 0205 97000000 		.4byte	0x97
 660 0209 02       		.byte	0x2
 661 020a 00       		.byte	0
 662 020b 0F       		.uleb128 0xf
 663 020c 41000000 		.4byte	.LASF30
 664 0210 03       		.byte	0x3
 665 0211 2501     		.2byte	0x125
 666 0213 1D020000 		.4byte	0x21d
 667 0217 05       		.uleb128 0x5
 668 0218 03       		.byte	0x3
 669 0219 00000000 		.4byte	USB_DEVICE0_TABLE
 670 021d 0D       		.uleb128 0xd
 671 021e FB010000 		.4byte	0x1fb
 672 0222 0B       		.uleb128 0xb
 673 0223 DF010000 		.4byte	0x1df
 674 0227 32020000 		.4byte	0x232
 675 022b 0C       		.uleb128 0xc
 676 022c 97000000 		.4byte	0x97
 677 0230 00       		.byte	0
 678 0231 00       		.byte	0
 679 0232 0F       		.uleb128 0xf
 680 0233 8E020000 		.4byte	.LASF31
 681 0237 03       		.byte	0x3
 682 0238 2D01     		.2byte	0x12d
 683 023a 44020000 		.4byte	0x244
 684 023e 05       		.uleb128 0x5
ARM GAS  C:\Users\psmus\AppData\Local\Temp\cczkYM1K.s 			page 13


 685 023f 03       		.byte	0x3
 686 0240 00000000 		.4byte	USB_TABLE
 687 0244 0D       		.uleb128 0xd
 688 0245 22020000 		.4byte	0x222
 689 0249 0E       		.uleb128 0xe
 690 024a 75020000 		.4byte	.LASF32
 691 024e 03       		.byte	0x3
 692 024f FE       		.byte	0xfe
 693 0250 5A020000 		.4byte	0x25a
 694 0254 05       		.uleb128 0x5
 695 0255 03       		.byte	0x3
 696 0256 00000000 		.4byte	USB_SN_STRING_DESCRIPTOR
 697 025a 0D       		.uleb128 0xd
 698 025b A8010000 		.4byte	0x1a8
 699 025f 0B       		.uleb128 0xb
 700 0260 3B010000 		.4byte	0x13b
 701 0264 6F020000 		.4byte	0x26f
 702 0268 0C       		.uleb128 0xc
 703 0269 97000000 		.4byte	0x97
 704 026d B0       		.byte	0xb0
 705 026e 00       		.byte	0
 706 026f 0E       		.uleb128 0xe
 707 0270 85000000 		.4byte	.LASF33
 708 0274 03       		.byte	0x3
 709 0275 BF       		.byte	0xbf
 710 0276 80020000 		.4byte	0x280
 711 027a 05       		.uleb128 0x5
 712 027b 03       		.byte	0x3
 713 027c 00000000 		.4byte	USB_STRING_DESCRIPTORS
 714 0280 0D       		.uleb128 0xd
 715 0281 5F020000 		.4byte	0x25f
 716 0285 0B       		.uleb128 0xb
 717 0286 63000000 		.4byte	0x63
 718 028a 95020000 		.4byte	0x295
 719 028e 0C       		.uleb128 0xc
 720 028f 97000000 		.4byte	0x97
 721 0293 21       		.byte	0x21
 722 0294 00       		.byte	0
 723 0295 0F       		.uleb128 0xf
 724 0296 00000000 		.4byte	.LASF34
 725 029a 03       		.byte	0x3
 726 029b 5B01     		.2byte	0x15b
 727 029d 85020000 		.4byte	0x285
 728 02a1 05       		.uleb128 0x5
 729 02a2 03       		.byte	0x3
 730 02a3 00000000 		.4byte	USB_idSerialNumberStringDescriptor
 731 02a7 00       		.byte	0
 732              		.section	.debug_abbrev,"",%progbits
 733              	.Ldebug_abbrev0:
 734 0000 01       		.uleb128 0x1
 735 0001 11       		.uleb128 0x11
 736 0002 01       		.byte	0x1
 737 0003 25       		.uleb128 0x25
 738 0004 0E       		.uleb128 0xe
 739 0005 13       		.uleb128 0x13
 740 0006 0B       		.uleb128 0xb
 741 0007 03       		.uleb128 0x3
ARM GAS  C:\Users\psmus\AppData\Local\Temp\cczkYM1K.s 			page 14


 742 0008 0E       		.uleb128 0xe
 743 0009 1B       		.uleb128 0x1b
 744 000a 0E       		.uleb128 0xe
 745 000b 10       		.uleb128 0x10
 746 000c 17       		.uleb128 0x17
 747 000d 00       		.byte	0
 748 000e 00       		.byte	0
 749 000f 02       		.uleb128 0x2
 750 0010 24       		.uleb128 0x24
 751 0011 00       		.byte	0
 752 0012 0B       		.uleb128 0xb
 753 0013 0B       		.uleb128 0xb
 754 0014 3E       		.uleb128 0x3e
 755 0015 0B       		.uleb128 0xb
 756 0016 03       		.uleb128 0x3
 757 0017 0E       		.uleb128 0xe
 758 0018 00       		.byte	0
 759 0019 00       		.byte	0
 760 001a 03       		.uleb128 0x3
 761 001b 24       		.uleb128 0x24
 762 001c 00       		.byte	0
 763 001d 0B       		.uleb128 0xb
 764 001e 0B       		.uleb128 0xb
 765 001f 3E       		.uleb128 0x3e
 766 0020 0B       		.uleb128 0xb
 767 0021 03       		.uleb128 0x3
 768 0022 08       		.uleb128 0x8
 769 0023 00       		.byte	0
 770 0024 00       		.byte	0
 771 0025 04       		.uleb128 0x4
 772 0026 16       		.uleb128 0x16
 773 0027 00       		.byte	0
 774 0028 03       		.uleb128 0x3
 775 0029 0E       		.uleb128 0xe
 776 002a 3A       		.uleb128 0x3a
 777 002b 0B       		.uleb128 0xb
 778 002c 3B       		.uleb128 0x3b
 779 002d 05       		.uleb128 0x5
 780 002e 49       		.uleb128 0x49
 781 002f 13       		.uleb128 0x13
 782 0030 00       		.byte	0
 783 0031 00       		.byte	0
 784 0032 05       		.uleb128 0x5
 785 0033 13       		.uleb128 0x13
 786 0034 01       		.byte	0x1
 787 0035 0B       		.uleb128 0xb
 788 0036 0B       		.uleb128 0xb
 789 0037 3A       		.uleb128 0x3a
 790 0038 0B       		.uleb128 0xb
 791 0039 3B       		.uleb128 0x3b
 792 003a 0B       		.uleb128 0xb
 793 003b 01       		.uleb128 0x1
 794 003c 13       		.uleb128 0x13
 795 003d 00       		.byte	0
 796 003e 00       		.byte	0
 797 003f 06       		.uleb128 0x6
 798 0040 0D       		.uleb128 0xd
ARM GAS  C:\Users\psmus\AppData\Local\Temp\cczkYM1K.s 			page 15


 799 0041 00       		.byte	0
 800 0042 03       		.uleb128 0x3
 801 0043 0E       		.uleb128 0xe
 802 0044 3A       		.uleb128 0x3a
 803 0045 0B       		.uleb128 0xb
 804 0046 3B       		.uleb128 0x3b
 805 0047 0B       		.uleb128 0xb
 806 0048 49       		.uleb128 0x49
 807 0049 13       		.uleb128 0x13
 808 004a 38       		.uleb128 0x38
 809 004b 0B       		.uleb128 0xb
 810 004c 00       		.byte	0
 811 004d 00       		.byte	0
 812 004e 07       		.uleb128 0x7
 813 004f 16       		.uleb128 0x16
 814 0050 00       		.byte	0
 815 0051 03       		.uleb128 0x3
 816 0052 0E       		.uleb128 0xe
 817 0053 3A       		.uleb128 0x3a
 818 0054 0B       		.uleb128 0xb
 819 0055 3B       		.uleb128 0x3b
 820 0056 0B       		.uleb128 0xb
 821 0057 49       		.uleb128 0x49
 822 0058 13       		.uleb128 0x13
 823 0059 00       		.byte	0
 824 005a 00       		.byte	0
 825 005b 08       		.uleb128 0x8
 826 005c 0D       		.uleb128 0xd
 827 005d 00       		.byte	0
 828 005e 03       		.uleb128 0x3
 829 005f 08       		.uleb128 0x8
 830 0060 3A       		.uleb128 0x3a
 831 0061 0B       		.uleb128 0xb
 832 0062 3B       		.uleb128 0x3b
 833 0063 0B       		.uleb128 0xb
 834 0064 49       		.uleb128 0x49
 835 0065 13       		.uleb128 0x13
 836 0066 38       		.uleb128 0x38
 837 0067 0B       		.uleb128 0xb
 838 0068 00       		.byte	0
 839 0069 00       		.byte	0
 840 006a 09       		.uleb128 0x9
 841 006b 0F       		.uleb128 0xf
 842 006c 00       		.byte	0
 843 006d 0B       		.uleb128 0xb
 844 006e 0B       		.uleb128 0xb
 845 006f 49       		.uleb128 0x49
 846 0070 13       		.uleb128 0x13
 847 0071 00       		.byte	0
 848 0072 00       		.byte	0
 849 0073 0A       		.uleb128 0xa
 850 0074 26       		.uleb128 0x26
 851 0075 00       		.byte	0
 852 0076 00       		.byte	0
 853 0077 00       		.byte	0
 854 0078 0B       		.uleb128 0xb
 855 0079 01       		.uleb128 0x1
ARM GAS  C:\Users\psmus\AppData\Local\Temp\cczkYM1K.s 			page 16


 856 007a 01       		.byte	0x1
 857 007b 49       		.uleb128 0x49
 858 007c 13       		.uleb128 0x13
 859 007d 01       		.uleb128 0x1
 860 007e 13       		.uleb128 0x13
 861 007f 00       		.byte	0
 862 0080 00       		.byte	0
 863 0081 0C       		.uleb128 0xc
 864 0082 21       		.uleb128 0x21
 865 0083 00       		.byte	0
 866 0084 49       		.uleb128 0x49
 867 0085 13       		.uleb128 0x13
 868 0086 2F       		.uleb128 0x2f
 869 0087 0B       		.uleb128 0xb
 870 0088 00       		.byte	0
 871 0089 00       		.byte	0
 872 008a 0D       		.uleb128 0xd
 873 008b 26       		.uleb128 0x26
 874 008c 00       		.byte	0
 875 008d 49       		.uleb128 0x49
 876 008e 13       		.uleb128 0x13
 877 008f 00       		.byte	0
 878 0090 00       		.byte	0
 879 0091 0E       		.uleb128 0xe
 880 0092 34       		.uleb128 0x34
 881 0093 00       		.byte	0
 882 0094 03       		.uleb128 0x3
 883 0095 0E       		.uleb128 0xe
 884 0096 3A       		.uleb128 0x3a
 885 0097 0B       		.uleb128 0xb
 886 0098 3B       		.uleb128 0x3b
 887 0099 0B       		.uleb128 0xb
 888 009a 49       		.uleb128 0x49
 889 009b 13       		.uleb128 0x13
 890 009c 3F       		.uleb128 0x3f
 891 009d 19       		.uleb128 0x19
 892 009e 02       		.uleb128 0x2
 893 009f 18       		.uleb128 0x18
 894 00a0 00       		.byte	0
 895 00a1 00       		.byte	0
 896 00a2 0F       		.uleb128 0xf
 897 00a3 34       		.uleb128 0x34
 898 00a4 00       		.byte	0
 899 00a5 03       		.uleb128 0x3
 900 00a6 0E       		.uleb128 0xe
 901 00a7 3A       		.uleb128 0x3a
 902 00a8 0B       		.uleb128 0xb
 903 00a9 3B       		.uleb128 0x3b
 904 00aa 05       		.uleb128 0x5
 905 00ab 49       		.uleb128 0x49
 906 00ac 13       		.uleb128 0x13
 907 00ad 3F       		.uleb128 0x3f
 908 00ae 19       		.uleb128 0x19
 909 00af 02       		.uleb128 0x2
 910 00b0 18       		.uleb128 0x18
 911 00b1 00       		.byte	0
 912 00b2 00       		.byte	0
ARM GAS  C:\Users\psmus\AppData\Local\Temp\cczkYM1K.s 			page 17


 913 00b3 00       		.byte	0
 914              		.section	.debug_aranges,"",%progbits
 915 0000 14000000 		.4byte	0x14
 916 0004 0200     		.2byte	0x2
 917 0006 00000000 		.4byte	.Ldebug_info0
 918 000a 04       		.byte	0x4
 919 000b 00       		.byte	0
 920 000c 0000     		.2byte	0
 921 000e 0000     		.2byte	0
 922 0010 00000000 		.4byte	0
 923 0014 00000000 		.4byte	0
 924              		.section	.debug_line,"",%progbits
 925              	.Ldebug_line0:
 926 0000 55000000 		.section	.debug_str,"MS",%progbits,1
 926      02004F00 
 926      00000201 
 926      FB0E0D00 
 926      01010101 
 927              	.LASF34:
 928 0000 5553425F 		.ascii	"USB_idSerialNumberStringDescriptor\000"
 928      69645365 
 928      7269616C 
 928      4E756D62 
 928      65725374 
 929              	.LASF3:
 930 0023 73686F72 		.ascii	"short unsigned int\000"
 930      7420756E 
 930      7369676E 
 930      65642069 
 930      6E7400
 931              	.LASF20:
 932 0036 62756666 		.ascii	"bufferSize\000"
 932      65725369 
 932      7A6500
 933              	.LASF30:
 934 0041 5553425F 		.ascii	"USB_DEVICE0_TABLE\000"
 934      44455649 
 934      4345305F 
 934      5441424C 
 934      4500
 935              	.LASF29:
 936 0053 5553425F 		.ascii	"USB_DEVICE0_CONFIGURATION0_TABLE\000"
 936      44455649 
 936      4345305F 
 936      434F4E46 
 936      49475552 
 937              	.LASF11:
 938 0074 666C6F61 		.ascii	"float\000"
 938      7400
 939              	.LASF17:
 940 007a 616C7453 		.ascii	"altSetting\000"
 940      65747469 
 940      6E6700
 941              	.LASF33:
 942 0085 5553425F 		.ascii	"USB_STRING_DESCRIPTORS\000"
 942      53545249 
 942      4E475F44 
ARM GAS  C:\Users\psmus\AppData\Local\Temp\cczkYM1K.s 			page 18


 942      45534352 
 942      4950544F 
 943              	.LASF24:
 944 009c 545F5553 		.ascii	"T_USB_LUT\000"
 944      425F4C55 
 944      5400
 945              	.LASF1:
 946 00a6 756E7369 		.ascii	"unsigned char\000"
 946      676E6564 
 946      20636861 
 946      7200
 947              	.LASF19:
 948 00b4 61747472 		.ascii	"attributes\000"
 948      69627574 
 948      657300
 949              	.LASF5:
 950 00bf 6C6F6E67 		.ascii	"long unsigned int\000"
 950      20756E73 
 950      69676E65 
 950      6420696E 
 950      7400
 951              	.LASF18:
 952 00d1 61646472 		.ascii	"addr\000"
 952      00
 953              	.LASF22:
 954 00d6 545F5553 		.ascii	"T_USB_EP_SETTINGS_BLOCK\000"
 954      425F4550 
 954      5F534554 
 954      54494E47 
 954      535F424C 
 955              	.LASF25:
 956 00ee 5553425F 		.ascii	"USB_DEVICE0_DESCR\000"
 956      44455649 
 956      4345305F 
 956      44455343 
 956      5200
 957              	.LASF26:
 958 0100 5553425F 		.ascii	"USB_DEVICE0_CONFIGURATION0_DESCR\000"
 958      44455649 
 958      4345305F 
 958      434F4E46 
 958      49475552 
 959              	.LASF12:
 960 0121 646F7562 		.ascii	"double\000"
 960      6C6500
 961              	.LASF37:
 962 0128 453A5C44 		.ascii	"E:\\Documents\\Engineering\\Code\\synth-wavetable\\"
 962      6F63756D 
 962      656E7473 
 962      5C456E67 
 962      696E6565 
 963 0156 73796E74 		.ascii	"synth-wavetable.cydsn\000"
 963      682D7761 
 963      76657461 
 963      626C652E 
 963      63796473 
 964              	.LASF27:
ARM GAS  C:\Users\psmus\AppData\Local\Temp\cczkYM1K.s 			page 19


 965 016c 5553425F 		.ascii	"USB_DEVICE0_CONFIGURATION0_EP_SETTINGS_TABLE\000"
 965      44455649 
 965      4345305F 
 965      434F4E46 
 965      49475552 
 966              	.LASF10:
 967 0199 75696E74 		.ascii	"uint16\000"
 967      313600
 968              	.LASF8:
 969 01a0 756E7369 		.ascii	"unsigned int\000"
 969      676E6564 
 969      20696E74 
 969      00
 970              	.LASF7:
 971 01ad 6C6F6E67 		.ascii	"long long unsigned int\000"
 971      206C6F6E 
 971      6720756E 
 971      7369676E 
 971      65642069 
 972              	.LASF23:
 973 01c4 705F6C69 		.ascii	"p_list\000"
 973      737400
 974              	.LASF35:
 975 01cb 474E5520 		.ascii	"GNU C11 5.4.1 20160609 (release) [ARM/embedded-5-br"
 975      43313120 
 975      352E342E 
 975      31203230 
 975      31363036 
 976 01fe 616E6368 		.ascii	"anch revision 237715] -mcpu=cortex-m0 -mthumb -g -O"
 976      20726576 
 976      6973696F 
 976      6E203233 
 976      37373135 
 977 0231 67202D66 		.ascii	"g -ffunction-sections -ffat-lto-objects\000"
 977      66756E63 
 977      74696F6E 
 977      2D736563 
 977      74696F6E 
 978              	.LASF15:
 979 0259 73697A65 		.ascii	"sizetype\000"
 979      74797065 
 979      00
 980              	.LASF6:
 981 0262 6C6F6E67 		.ascii	"long long int\000"
 981      206C6F6E 
 981      6720696E 
 981      7400
 982              	.LASF13:
 983 0270 63686172 		.ascii	"char\000"
 983      00
 984              	.LASF32:
 985 0275 5553425F 		.ascii	"USB_SN_STRING_DESCRIPTOR\000"
 985      534E5F53 
 985      5452494E 
 985      475F4445 
 985      53435249 
 986              	.LASF31:
ARM GAS  C:\Users\psmus\AppData\Local\Temp\cczkYM1K.s 			page 20


 987 028e 5553425F 		.ascii	"USB_TABLE\000"
 987      5441424C 
 987      4500
 988              	.LASF2:
 989 0298 73686F72 		.ascii	"short int\000"
 989      7420696E 
 989      7400
 990              	.LASF9:
 991 02a2 75696E74 		.ascii	"uint8\000"
 991      3800
 992              	.LASF16:
 993 02a8 696E7465 		.ascii	"interface\000"
 993      72666163 
 993      6500
 994              	.LASF36:
 995 02b2 47656E65 		.ascii	"Generated_Source\\PSoC4\\USB_descr.c\000"
 995      72617465 
 995      645F536F 
 995      75726365 
 995      5C50536F 
 996              	.LASF28:
 997 02d5 5553425F 		.ascii	"USB_DEVICE0_CONFIGURATION0_INTERFACE_CLASS\000"
 997      44455649 
 997      4345305F 
 997      434F4E46 
 997      49475552 
 998              	.LASF4:
 999 0300 6C6F6E67 		.ascii	"long int\000"
 999      20696E74 
 999      00
 1000              	.LASF14:
 1001 0309 6C6F6E67 		.ascii	"long double\000"
 1001      20646F75 
 1001      626C6500 
 1002              	.LASF0:
 1003 0315 7369676E 		.ascii	"signed char\000"
 1003      65642063 
 1003      68617200 
 1004              	.LASF21:
 1005 0321 624D6973 		.ascii	"bMisc\000"
 1005      6300
 1006              		.ident	"GCC: (GNU Tools for ARM Embedded Processors) 5.4.1 20160609 (release) [ARM/embedded-5-bran
