ARM GAS  C:\Users\psmus\AppData\Local\Temp\cc9syuh7.s 			page 1


   1              		.syntax unified
   2              		.cpu cortex-m0
   3              		.fpu softvfp
   4              		.eabi_attribute 20, 1
   5              		.eabi_attribute 21, 1
   6              		.eabi_attribute 23, 3
   7              		.eabi_attribute 24, 1
   8              		.eabi_attribute 25, 1
   9              		.eabi_attribute 26, 1
  10              		.eabi_attribute 30, 1
  11              		.eabi_attribute 34, 0
  12              		.eabi_attribute 18, 4
  13              		.thumb
  14              		.syntax unified
  15              		.file	"USBFS_1_cls.c"
  16              		.text
  17              	.Ltext0:
  18              		.cfi_sections	.debug_frame
  19              		.section	.text.USBFS_1_DispatchClassRqst,"ax",%progbits
  20              		.align	2
  21              		.global	USBFS_1_DispatchClassRqst
  22              		.code	16
  23              		.thumb_func
  24              		.type	USBFS_1_DispatchClassRqst, %function
  25              	USBFS_1_DispatchClassRqst:
  26              	.LFB1:
  27              		.file 1 "Generated_Source\\PSoC4\\USBFS_1_cls.c"
   1:Generated_Source\PSoC4/USBFS_1_cls.c **** /***************************************************************************//**
   2:Generated_Source\PSoC4/USBFS_1_cls.c **** * \file USBFS_1_cls.c
   3:Generated_Source\PSoC4/USBFS_1_cls.c **** * \version 3.20
   4:Generated_Source\PSoC4/USBFS_1_cls.c **** *
   5:Generated_Source\PSoC4/USBFS_1_cls.c **** * \brief
   6:Generated_Source\PSoC4/USBFS_1_cls.c **** *  This file contains the USB Class request handler.
   7:Generated_Source\PSoC4/USBFS_1_cls.c **** *
   8:Generated_Source\PSoC4/USBFS_1_cls.c **** ********************************************************************************
   9:Generated_Source\PSoC4/USBFS_1_cls.c **** * \copyright
  10:Generated_Source\PSoC4/USBFS_1_cls.c **** * Copyright 2008-2016, Cypress Semiconductor Corporation.  All rights reserved.
  11:Generated_Source\PSoC4/USBFS_1_cls.c **** * You may use this file only in accordance with the license, terms, conditions,
  12:Generated_Source\PSoC4/USBFS_1_cls.c **** * disclaimers, and limitations in the end user license agreement accompanying
  13:Generated_Source\PSoC4/USBFS_1_cls.c **** * the software package with which this file was provided.
  14:Generated_Source\PSoC4/USBFS_1_cls.c **** *******************************************************************************/
  15:Generated_Source\PSoC4/USBFS_1_cls.c **** 
  16:Generated_Source\PSoC4/USBFS_1_cls.c **** #include "USBFS_1_pvt.h"
  17:Generated_Source\PSoC4/USBFS_1_cls.c **** #include "cyapicallbacks.h"
  18:Generated_Source\PSoC4/USBFS_1_cls.c **** 
  19:Generated_Source\PSoC4/USBFS_1_cls.c **** #if(USBFS_1_EXTERN_CLS == USBFS_1_FALSE)
  20:Generated_Source\PSoC4/USBFS_1_cls.c **** 
  21:Generated_Source\PSoC4/USBFS_1_cls.c **** /***************************************
  22:Generated_Source\PSoC4/USBFS_1_cls.c **** * User Implemented Class Driver Declarations.
  23:Generated_Source\PSoC4/USBFS_1_cls.c **** ***************************************/
  24:Generated_Source\PSoC4/USBFS_1_cls.c **** /* `#START USER_DEFINED_CLASS_DECLARATIONS` Place your declaration here */
  25:Generated_Source\PSoC4/USBFS_1_cls.c **** 
  26:Generated_Source\PSoC4/USBFS_1_cls.c **** /* `#END` */
  27:Generated_Source\PSoC4/USBFS_1_cls.c **** 
  28:Generated_Source\PSoC4/USBFS_1_cls.c **** 
  29:Generated_Source\PSoC4/USBFS_1_cls.c **** /*******************************************************************************
  30:Generated_Source\PSoC4/USBFS_1_cls.c **** * Function Name: USBFS_1_DispatchClassRqst
ARM GAS  C:\Users\psmus\AppData\Local\Temp\cc9syuh7.s 			page 2


  31:Generated_Source\PSoC4/USBFS_1_cls.c **** ****************************************************************************//**
  32:Generated_Source\PSoC4/USBFS_1_cls.c **** *  This routine dispatches class specific requests depend on interface class.
  33:Generated_Source\PSoC4/USBFS_1_cls.c **** *
  34:Generated_Source\PSoC4/USBFS_1_cls.c **** * \return
  35:Generated_Source\PSoC4/USBFS_1_cls.c **** *  requestHandled.
  36:Generated_Source\PSoC4/USBFS_1_cls.c **** *
  37:Generated_Source\PSoC4/USBFS_1_cls.c **** * \reentrant
  38:Generated_Source\PSoC4/USBFS_1_cls.c **** *  No.
  39:Generated_Source\PSoC4/USBFS_1_cls.c **** *
  40:Generated_Source\PSoC4/USBFS_1_cls.c **** *******************************************************************************/
  41:Generated_Source\PSoC4/USBFS_1_cls.c **** uint8 USBFS_1_DispatchClassRqst(void) 
  42:Generated_Source\PSoC4/USBFS_1_cls.c **** {
  28              		.loc 1 42 0
  29              		.cfi_startproc
  30              		@ args = 0, pretend = 0, frame = 0
  31              		@ frame_needed = 0, uses_anonymous_args = 0
  32              		@ link register save eliminated.
  33              	.LVL0:
  43:Generated_Source\PSoC4/USBFS_1_cls.c ****     uint8 interfaceNumber;
  44:Generated_Source\PSoC4/USBFS_1_cls.c ****     uint8 requestHandled = USBFS_1_FALSE;
  45:Generated_Source\PSoC4/USBFS_1_cls.c **** 
  46:Generated_Source\PSoC4/USBFS_1_cls.c ****     /* Get interface to which request is intended. */
  47:Generated_Source\PSoC4/USBFS_1_cls.c ****     switch (USBFS_1_bmRequestTypeReg & USBFS_1_RQST_RCPT_MASK)
  34              		.loc 1 47 0
  35 0000 0B4B     		ldr	r3, .L5
  36 0002 1B68     		ldr	r3, [r3]
  37 0004 0322     		movs	r2, #3
  38 0006 1340     		ands	r3, r2
  39 0008 012B     		cmp	r3, #1
  40 000a 02D0     		beq	.L3
  41 000c 022B     		cmp	r3, #2
  42 000e 03D0     		beq	.L4
  43 0010 0CE0     		b	.L2
  44              	.L3:
  48:Generated_Source\PSoC4/USBFS_1_cls.c ****     {
  49:Generated_Source\PSoC4/USBFS_1_cls.c ****         case USBFS_1_RQST_RCPT_IFC:
  50:Generated_Source\PSoC4/USBFS_1_cls.c ****             /* Class-specific request directed to interface: wIndexLoReg 
  51:Generated_Source\PSoC4/USBFS_1_cls.c ****             * contains interface number.
  52:Generated_Source\PSoC4/USBFS_1_cls.c ****             */
  53:Generated_Source\PSoC4/USBFS_1_cls.c ****             interfaceNumber = (uint8) USBFS_1_wIndexLoReg;
  45              		.loc 1 53 0
  46 0012 074B     		ldr	r3, .L5
  47 0014 1B69     		ldr	r3, [r3, #16]
  54:Generated_Source\PSoC4/USBFS_1_cls.c ****             break;
  48              		.loc 1 54 0
  49 0016 09E0     		b	.L2
  50              	.L4:
  55:Generated_Source\PSoC4/USBFS_1_cls.c ****         
  56:Generated_Source\PSoC4/USBFS_1_cls.c ****         case USBFS_1_RQST_RCPT_EP:
  57:Generated_Source\PSoC4/USBFS_1_cls.c ****             /* Class-specific request directed to endpoint: wIndexLoReg contains 
  58:Generated_Source\PSoC4/USBFS_1_cls.c ****             * endpoint number. Find interface related to endpoint. 
  59:Generated_Source\PSoC4/USBFS_1_cls.c ****             */
  60:Generated_Source\PSoC4/USBFS_1_cls.c ****             interfaceNumber = USBFS_1_EP[USBFS_1_wIndexLoReg & USBFS_1_DIR_UNUSED].interface;
  51              		.loc 1 60 0
  52 0018 054B     		ldr	r3, .L5
  53 001a 1B69     		ldr	r3, [r3, #16]
  54 001c 7F22     		movs	r2, #127
ARM GAS  C:\Users\psmus\AppData\Local\Temp\cc9syuh7.s 			page 3


  55 001e 1340     		ands	r3, r2
  56 0020 5A00     		lsls	r2, r3, #1
  57 0022 D318     		adds	r3, r2, r3
  58 0024 9A00     		lsls	r2, r3, #2
  59 0026 034B     		ldr	r3, .L5+4
  60 0028 9A18     		adds	r2, r3, r2
  61 002a 937A     		ldrb	r3, [r2, #10]
  62              	.LVL1:
  63              	.L2:
  61:Generated_Source\PSoC4/USBFS_1_cls.c ****             break;
  62:Generated_Source\PSoC4/USBFS_1_cls.c ****             
  63:Generated_Source\PSoC4/USBFS_1_cls.c ****         default:
  64:Generated_Source\PSoC4/USBFS_1_cls.c ****             /* Default interface is zero. */
  65:Generated_Source\PSoC4/USBFS_1_cls.c ****             interfaceNumber = 0u;
  66:Generated_Source\PSoC4/USBFS_1_cls.c ****             break;
  67:Generated_Source\PSoC4/USBFS_1_cls.c ****     }
  68:Generated_Source\PSoC4/USBFS_1_cls.c ****     
  69:Generated_Source\PSoC4/USBFS_1_cls.c ****     /* Check that interface is within acceptable range */
  70:Generated_Source\PSoC4/USBFS_1_cls.c ****     if (interfaceNumber <= USBFS_1_MAX_INTERFACES_NUMBER)
  71:Generated_Source\PSoC4/USBFS_1_cls.c ****     {
  72:Generated_Source\PSoC4/USBFS_1_cls.c ****     #if (defined(USBFS_1_ENABLE_HID_CLASS)   || \
  73:Generated_Source\PSoC4/USBFS_1_cls.c ****          defined(USBFS_1_ENABLE_AUDIO_CLASS) || \
  74:Generated_Source\PSoC4/USBFS_1_cls.c ****          defined(USBFS_1_ENABLE_CDC_CLASS)   || \
  75:Generated_Source\PSoC4/USBFS_1_cls.c ****          USBFS_1_ENABLE_MSC_CLASS)
  76:Generated_Source\PSoC4/USBFS_1_cls.c **** 
  77:Generated_Source\PSoC4/USBFS_1_cls.c ****         /* Handle class request depends on interface type. */
  78:Generated_Source\PSoC4/USBFS_1_cls.c ****         switch (USBFS_1_interfaceClass[interfaceNumber])
  79:Generated_Source\PSoC4/USBFS_1_cls.c ****         {
  80:Generated_Source\PSoC4/USBFS_1_cls.c ****         #if defined(USBFS_1_ENABLE_HID_CLASS)
  81:Generated_Source\PSoC4/USBFS_1_cls.c ****             case USBFS_1_CLASS_HID:
  82:Generated_Source\PSoC4/USBFS_1_cls.c ****                 requestHandled = USBFS_1_DispatchHIDClassRqst();
  83:Generated_Source\PSoC4/USBFS_1_cls.c ****                 break;
  84:Generated_Source\PSoC4/USBFS_1_cls.c ****         #endif /* (USBFS_1_ENABLE_HID_CLASS) */
  85:Generated_Source\PSoC4/USBFS_1_cls.c ****                 
  86:Generated_Source\PSoC4/USBFS_1_cls.c ****         #if defined(USBFS_1_ENABLE_AUDIO_CLASS)
  87:Generated_Source\PSoC4/USBFS_1_cls.c ****             case USBFS_1_CLASS_AUDIO:
  88:Generated_Source\PSoC4/USBFS_1_cls.c ****                 requestHandled = USBFS_1_DispatchAUDIOClassRqst();
  89:Generated_Source\PSoC4/USBFS_1_cls.c ****                 break;
  90:Generated_Source\PSoC4/USBFS_1_cls.c ****         #endif /* (USBFS_1_CLASS_AUDIO) */
  91:Generated_Source\PSoC4/USBFS_1_cls.c ****                 
  92:Generated_Source\PSoC4/USBFS_1_cls.c ****         #if defined(USBFS_1_ENABLE_CDC_CLASS)
  93:Generated_Source\PSoC4/USBFS_1_cls.c ****             case USBFS_1_CLASS_CDC:
  94:Generated_Source\PSoC4/USBFS_1_cls.c ****                 requestHandled = USBFS_1_DispatchCDCClassRqst();
  95:Generated_Source\PSoC4/USBFS_1_cls.c ****                 break;
  96:Generated_Source\PSoC4/USBFS_1_cls.c ****         #endif /* (USBFS_1_ENABLE_CDC_CLASS) */
  97:Generated_Source\PSoC4/USBFS_1_cls.c ****             
  98:Generated_Source\PSoC4/USBFS_1_cls.c ****         #if (USBFS_1_ENABLE_MSC_CLASS)
  99:Generated_Source\PSoC4/USBFS_1_cls.c ****             case USBFS_1_CLASS_MSD:
 100:Generated_Source\PSoC4/USBFS_1_cls.c ****             #if (USBFS_1_HANDLE_MSC_REQUESTS)
 101:Generated_Source\PSoC4/USBFS_1_cls.c ****                 /* MSC requests are handled by the component. */
 102:Generated_Source\PSoC4/USBFS_1_cls.c ****                 requestHandled = USBFS_1_DispatchMSCClassRqst();
 103:Generated_Source\PSoC4/USBFS_1_cls.c ****             #elif defined(USBFS_1_DISPATCH_MSC_CLASS_RQST_CALLBACK)
 104:Generated_Source\PSoC4/USBFS_1_cls.c ****                 /* MSC requests are handled by user defined callbcak. */
 105:Generated_Source\PSoC4/USBFS_1_cls.c ****                 requestHandled = USBFS_1_DispatchMSCClassRqst_Callback();
 106:Generated_Source\PSoC4/USBFS_1_cls.c ****             #else
 107:Generated_Source\PSoC4/USBFS_1_cls.c ****                 /* MSC requests are not handled. */
 108:Generated_Source\PSoC4/USBFS_1_cls.c ****                 requestHandled = USBFS_1_FALSE;
ARM GAS  C:\Users\psmus\AppData\Local\Temp\cc9syuh7.s 			page 4


 109:Generated_Source\PSoC4/USBFS_1_cls.c ****             #endif /* (USBFS_1_HANDLE_MSC_REQUESTS) */
 110:Generated_Source\PSoC4/USBFS_1_cls.c ****                 break;
 111:Generated_Source\PSoC4/USBFS_1_cls.c ****         #endif /* (USBFS_1_ENABLE_MSC_CLASS) */
 112:Generated_Source\PSoC4/USBFS_1_cls.c ****             
 113:Generated_Source\PSoC4/USBFS_1_cls.c ****             default:
 114:Generated_Source\PSoC4/USBFS_1_cls.c ****                 /* Request is not handled: unknown class request type. */
 115:Generated_Source\PSoC4/USBFS_1_cls.c ****                 requestHandled = USBFS_1_FALSE;
 116:Generated_Source\PSoC4/USBFS_1_cls.c ****                 break;
 117:Generated_Source\PSoC4/USBFS_1_cls.c ****         }
 118:Generated_Source\PSoC4/USBFS_1_cls.c ****     #endif /* Class support is enabled */
 119:Generated_Source\PSoC4/USBFS_1_cls.c ****     }
 120:Generated_Source\PSoC4/USBFS_1_cls.c ****     
 121:Generated_Source\PSoC4/USBFS_1_cls.c ****     /* `#START USER_DEFINED_CLASS_CODE` Place your Class request here */
 122:Generated_Source\PSoC4/USBFS_1_cls.c **** 
 123:Generated_Source\PSoC4/USBFS_1_cls.c ****     /* `#END` */
 124:Generated_Source\PSoC4/USBFS_1_cls.c **** 
 125:Generated_Source\PSoC4/USBFS_1_cls.c **** #ifdef USBFS_1_DISPATCH_CLASS_RQST_CALLBACK
 126:Generated_Source\PSoC4/USBFS_1_cls.c ****     if (USBFS_1_FALSE == requestHandled)
 127:Generated_Source\PSoC4/USBFS_1_cls.c ****     {
 128:Generated_Source\PSoC4/USBFS_1_cls.c ****         requestHandled = USBFS_1_DispatchClassRqst_Callback(interfaceNumber);
 129:Generated_Source\PSoC4/USBFS_1_cls.c ****     }
 130:Generated_Source\PSoC4/USBFS_1_cls.c **** #endif /* (USBFS_1_DISPATCH_CLASS_RQST_CALLBACK) */
 131:Generated_Source\PSoC4/USBFS_1_cls.c **** 
 132:Generated_Source\PSoC4/USBFS_1_cls.c ****     return (requestHandled);
 133:Generated_Source\PSoC4/USBFS_1_cls.c **** }
  64              		.loc 1 133 0
  65 002c 0020     		movs	r0, #0
  66              		@ sp needed
  67 002e 7047     		bx	lr
  68              	.L6:
  69              		.align	2
  70              	.L5:
  71 0030 00002C40 		.word	1076625408
  72 0034 00000000 		.word	USBFS_1_EP
  73              		.cfi_endproc
  74              	.LFE1:
  75              		.size	USBFS_1_DispatchClassRqst, .-USBFS_1_DispatchClassRqst
  76              		.text
  77              	.Letext0:
  78              		.file 2 "Generated_Source\\PSoC4\\cytypes.h"
  79              		.file 3 "Generated_Source\\PSoC4\\USBFS_1.h"
  80              		.file 4 "Generated_Source\\PSoC4\\USBFS_1_pvt.h"
  81              		.section	.debug_info,"",%progbits
  82              	.Ldebug_info0:
  83 0000 B5010000 		.4byte	0x1b5
  84 0004 0400     		.2byte	0x4
  85 0006 00000000 		.4byte	.Ldebug_abbrev0
  86 000a 04       		.byte	0x4
  87 000b 01       		.uleb128 0x1
  88 000c 65010000 		.4byte	.LASF29
  89 0010 0C       		.byte	0xc
  90 0011 11020000 		.4byte	.LASF30
  91 0015 DA000000 		.4byte	.LASF31
  92 0019 00000000 		.4byte	.Ldebug_ranges0+0
  93 001d 00000000 		.4byte	0
  94 0021 00000000 		.4byte	.Ldebug_line0
  95 0025 02       		.uleb128 0x2
ARM GAS  C:\Users\psmus\AppData\Local\Temp\cc9syuh7.s 			page 5


  96 0026 01       		.byte	0x1
  97 0027 06       		.byte	0x6
  98 0028 75020000 		.4byte	.LASF0
  99 002c 02       		.uleb128 0x2
 100 002d 01       		.byte	0x1
 101 002e 08       		.byte	0x8
 102 002f 75000000 		.4byte	.LASF1
 103 0033 02       		.uleb128 0x2
 104 0034 02       		.byte	0x2
 105 0035 05       		.byte	0x5
 106 0036 46020000 		.4byte	.LASF2
 107 003a 02       		.uleb128 0x2
 108 003b 02       		.byte	0x2
 109 003c 07       		.byte	0x7
 110 003d 2B000000 		.4byte	.LASF3
 111 0041 02       		.uleb128 0x2
 112 0042 04       		.byte	0x4
 113 0043 05       		.byte	0x5
 114 0044 60020000 		.4byte	.LASF4
 115 0048 02       		.uleb128 0x2
 116 0049 04       		.byte	0x4
 117 004a 07       		.byte	0x7
 118 004b 83000000 		.4byte	.LASF5
 119 004f 02       		.uleb128 0x2
 120 0050 08       		.byte	0x8
 121 0051 05       		.byte	0x5
 122 0052 03020000 		.4byte	.LASF6
 123 0056 02       		.uleb128 0x2
 124 0057 08       		.byte	0x8
 125 0058 07       		.byte	0x7
 126 0059 44010000 		.4byte	.LASF7
 127 005d 03       		.uleb128 0x3
 128 005e 04       		.byte	0x4
 129 005f 05       		.byte	0x5
 130 0060 696E7400 		.ascii	"int\000"
 131 0064 02       		.uleb128 0x2
 132 0065 04       		.byte	0x4
 133 0066 07       		.byte	0x7
 134 0067 37010000 		.4byte	.LASF8
 135 006b 04       		.uleb128 0x4
 136 006c 50020000 		.4byte	.LASF9
 137 0070 02       		.byte	0x2
 138 0071 E401     		.2byte	0x1e4
 139 0073 2C000000 		.4byte	0x2c
 140 0077 04       		.uleb128 0x4
 141 0078 1E010000 		.4byte	.LASF10
 142 007c 02       		.byte	0x2
 143 007d E501     		.2byte	0x1e5
 144 007f 3A000000 		.4byte	0x3a
 145 0083 04       		.uleb128 0x4
 146 0084 30010000 		.4byte	.LASF11
 147 0088 02       		.byte	0x2
 148 0089 E601     		.2byte	0x1e6
 149 008b 48000000 		.4byte	0x48
 150 008f 02       		.uleb128 0x2
 151 0090 04       		.byte	0x4
 152 0091 04       		.byte	0x4
ARM GAS  C:\Users\psmus\AppData\Local\Temp\cc9syuh7.s 			page 6


 153 0092 25000000 		.4byte	.LASF12
 154 0096 02       		.uleb128 0x2
 155 0097 08       		.byte	0x8
 156 0098 04       		.byte	0x4
 157 0099 C1000000 		.4byte	.LASF13
 158 009d 02       		.uleb128 0x2
 159 009e 01       		.byte	0x1
 160 009f 08       		.byte	0x8
 161 00a0 36020000 		.4byte	.LASF14
 162 00a4 02       		.uleb128 0x2
 163 00a5 08       		.byte	0x8
 164 00a6 04       		.byte	0x4
 165 00a7 69020000 		.4byte	.LASF15
 166 00ab 02       		.uleb128 0x2
 167 00ac 04       		.byte	0x4
 168 00ad 07       		.byte	0x7
 169 00ae F3010000 		.4byte	.LASF16
 170 00b2 05       		.uleb128 0x5
 171 00b3 0C       		.byte	0xc
 172 00b4 03       		.byte	0x3
 173 00b5 89       		.byte	0x89
 174 00b6 27010000 		.4byte	0x127
 175 00ba 06       		.uleb128 0x6
 176 00bb C8000000 		.4byte	.LASF17
 177 00bf 03       		.byte	0x3
 178 00c0 8B       		.byte	0x8b
 179 00c1 6B000000 		.4byte	0x6b
 180 00c5 00       		.byte	0
 181 00c6 06       		.uleb128 0x6
 182 00c7 25010000 		.4byte	.LASF18
 183 00cb 03       		.byte	0x3
 184 00cc 8C       		.byte	0x8c
 185 00cd 6B000000 		.4byte	0x6b
 186 00d1 01       		.byte	0x1
 187 00d2 06       		.uleb128 0x6
 188 00d3 5B010000 		.4byte	.LASF19
 189 00d7 03       		.byte	0x3
 190 00d8 8D       		.byte	0x8d
 191 00d9 6B000000 		.4byte	0x6b
 192 00dd 02       		.byte	0x2
 193 00de 06       		.uleb128 0x6
 194 00df 6C000000 		.4byte	.LASF20
 195 00e3 03       		.byte	0x3
 196 00e4 8E       		.byte	0x8e
 197 00e5 6B000000 		.4byte	0x6b
 198 00e9 03       		.byte	0x3
 199 00ea 06       		.uleb128 0x6
 200 00eb 95000000 		.4byte	.LASF21
 201 00ef 03       		.byte	0x3
 202 00f0 8F       		.byte	0x8f
 203 00f1 6B000000 		.4byte	0x6b
 204 00f5 04       		.byte	0x4
 205 00f6 06       		.uleb128 0x6
 206 00f7 FC010000 		.4byte	.LASF22
 207 00fb 03       		.byte	0x3
 208 00fc 90       		.byte	0x90
 209 00fd 6B000000 		.4byte	0x6b
ARM GAS  C:\Users\psmus\AppData\Local\Temp\cc9syuh7.s 			page 7


 210 0101 05       		.byte	0x5
 211 0102 06       		.uleb128 0x6
 212 0103 CF000000 		.4byte	.LASF23
 213 0107 03       		.byte	0x3
 214 0108 91       		.byte	0x91
 215 0109 77000000 		.4byte	0x77
 216 010d 06       		.byte	0x6
 217 010e 06       		.uleb128 0x6
 218 010f 3B020000 		.4byte	.LASF24
 219 0113 03       		.byte	0x3
 220 0114 92       		.byte	0x92
 221 0115 77000000 		.4byte	0x77
 222 0119 08       		.byte	0x8
 223 011a 06       		.uleb128 0x6
 224 011b 56020000 		.4byte	.LASF25
 225 011f 03       		.byte	0x3
 226 0120 93       		.byte	0x93
 227 0121 6B000000 		.4byte	0x6b
 228 0125 0A       		.byte	0xa
 229 0126 00       		.byte	0
 230 0127 07       		.uleb128 0x7
 231 0128 AA000000 		.4byte	.LASF26
 232 012c 03       		.byte	0x3
 233 012d 94       		.byte	0x94
 234 012e B2000000 		.4byte	0xb2
 235 0132 05       		.uleb128 0x5
 236 0133 20       		.byte	0x20
 237 0134 03       		.byte	0x3
 238 0135 C1       		.byte	0xc1
 239 0136 47010000 		.4byte	0x147
 240 013a 06       		.uleb128 0x6
 241 013b 3E000000 		.4byte	.LASF27
 242 013f 03       		.byte	0x3
 243 0140 C3       		.byte	0xc3
 244 0141 47010000 		.4byte	0x147
 245 0145 00       		.byte	0
 246 0146 00       		.byte	0
 247 0147 08       		.uleb128 0x8
 248 0148 83000000 		.4byte	0x83
 249 014c 57010000 		.4byte	0x157
 250 0150 09       		.uleb128 0x9
 251 0151 AB000000 		.4byte	0xab
 252 0155 07       		.byte	0x7
 253 0156 00       		.byte	0
 254 0157 07       		.uleb128 0x7
 255 0158 54000000 		.4byte	.LASF28
 256 015c 03       		.byte	0x3
 257 015d C4       		.byte	0xc4
 258 015e 32010000 		.4byte	0x132
 259 0162 0A       		.uleb128 0xa
 260 0163 0B000000 		.4byte	.LASF32
 261 0167 01       		.byte	0x1
 262 0168 29       		.byte	0x29
 263 0169 6B000000 		.4byte	0x6b
 264 016d 00000000 		.4byte	.LFB1
 265 0171 38000000 		.4byte	.LFE1-.LFB1
 266 0175 01       		.uleb128 0x1
ARM GAS  C:\Users\psmus\AppData\Local\Temp\cc9syuh7.s 			page 8


 267 0176 9C       		.byte	0x9c
 268 0177 93010000 		.4byte	0x193
 269 017b 0B       		.uleb128 0xb
 270 017c 9A000000 		.4byte	.LASF33
 271 0180 01       		.byte	0x1
 272 0181 2B       		.byte	0x2b
 273 0182 6B000000 		.4byte	0x6b
 274 0186 0C       		.uleb128 0xc
 275 0187 45000000 		.4byte	.LASF34
 276 018b 01       		.byte	0x1
 277 018c 2C       		.byte	0x2c
 278 018d 6B000000 		.4byte	0x6b
 279 0191 00       		.byte	0
 280 0192 00       		.byte	0
 281 0193 08       		.uleb128 0x8
 282 0194 A3010000 		.4byte	0x1a3
 283 0198 A3010000 		.4byte	0x1a3
 284 019c 09       		.uleb128 0x9
 285 019d AB000000 		.4byte	0xab
 286 01a1 08       		.byte	0x8
 287 01a2 00       		.byte	0
 288 01a3 0D       		.uleb128 0xd
 289 01a4 27010000 		.4byte	0x127
 290 01a8 0E       		.uleb128 0xe
 291 01a9 00000000 		.4byte	.LASF35
 292 01ad 04       		.byte	0x4
 293 01ae 77       		.byte	0x77
 294 01af B3010000 		.4byte	0x1b3
 295 01b3 0D       		.uleb128 0xd
 296 01b4 93010000 		.4byte	0x193
 297 01b8 00       		.byte	0
 298              		.section	.debug_abbrev,"",%progbits
 299              	.Ldebug_abbrev0:
 300 0000 01       		.uleb128 0x1
 301 0001 11       		.uleb128 0x11
 302 0002 01       		.byte	0x1
 303 0003 25       		.uleb128 0x25
 304 0004 0E       		.uleb128 0xe
 305 0005 13       		.uleb128 0x13
 306 0006 0B       		.uleb128 0xb
 307 0007 03       		.uleb128 0x3
 308 0008 0E       		.uleb128 0xe
 309 0009 1B       		.uleb128 0x1b
 310 000a 0E       		.uleb128 0xe
 311 000b 55       		.uleb128 0x55
 312 000c 17       		.uleb128 0x17
 313 000d 11       		.uleb128 0x11
 314 000e 01       		.uleb128 0x1
 315 000f 10       		.uleb128 0x10
 316 0010 17       		.uleb128 0x17
 317 0011 00       		.byte	0
 318 0012 00       		.byte	0
 319 0013 02       		.uleb128 0x2
 320 0014 24       		.uleb128 0x24
 321 0015 00       		.byte	0
 322 0016 0B       		.uleb128 0xb
 323 0017 0B       		.uleb128 0xb
ARM GAS  C:\Users\psmus\AppData\Local\Temp\cc9syuh7.s 			page 9


 324 0018 3E       		.uleb128 0x3e
 325 0019 0B       		.uleb128 0xb
 326 001a 03       		.uleb128 0x3
 327 001b 0E       		.uleb128 0xe
 328 001c 00       		.byte	0
 329 001d 00       		.byte	0
 330 001e 03       		.uleb128 0x3
 331 001f 24       		.uleb128 0x24
 332 0020 00       		.byte	0
 333 0021 0B       		.uleb128 0xb
 334 0022 0B       		.uleb128 0xb
 335 0023 3E       		.uleb128 0x3e
 336 0024 0B       		.uleb128 0xb
 337 0025 03       		.uleb128 0x3
 338 0026 08       		.uleb128 0x8
 339 0027 00       		.byte	0
 340 0028 00       		.byte	0
 341 0029 04       		.uleb128 0x4
 342 002a 16       		.uleb128 0x16
 343 002b 00       		.byte	0
 344 002c 03       		.uleb128 0x3
 345 002d 0E       		.uleb128 0xe
 346 002e 3A       		.uleb128 0x3a
 347 002f 0B       		.uleb128 0xb
 348 0030 3B       		.uleb128 0x3b
 349 0031 05       		.uleb128 0x5
 350 0032 49       		.uleb128 0x49
 351 0033 13       		.uleb128 0x13
 352 0034 00       		.byte	0
 353 0035 00       		.byte	0
 354 0036 05       		.uleb128 0x5
 355 0037 13       		.uleb128 0x13
 356 0038 01       		.byte	0x1
 357 0039 0B       		.uleb128 0xb
 358 003a 0B       		.uleb128 0xb
 359 003b 3A       		.uleb128 0x3a
 360 003c 0B       		.uleb128 0xb
 361 003d 3B       		.uleb128 0x3b
 362 003e 0B       		.uleb128 0xb
 363 003f 01       		.uleb128 0x1
 364 0040 13       		.uleb128 0x13
 365 0041 00       		.byte	0
 366 0042 00       		.byte	0
 367 0043 06       		.uleb128 0x6
 368 0044 0D       		.uleb128 0xd
 369 0045 00       		.byte	0
 370 0046 03       		.uleb128 0x3
 371 0047 0E       		.uleb128 0xe
 372 0048 3A       		.uleb128 0x3a
 373 0049 0B       		.uleb128 0xb
 374 004a 3B       		.uleb128 0x3b
 375 004b 0B       		.uleb128 0xb
 376 004c 49       		.uleb128 0x49
 377 004d 13       		.uleb128 0x13
 378 004e 38       		.uleb128 0x38
 379 004f 0B       		.uleb128 0xb
 380 0050 00       		.byte	0
ARM GAS  C:\Users\psmus\AppData\Local\Temp\cc9syuh7.s 			page 10


 381 0051 00       		.byte	0
 382 0052 07       		.uleb128 0x7
 383 0053 16       		.uleb128 0x16
 384 0054 00       		.byte	0
 385 0055 03       		.uleb128 0x3
 386 0056 0E       		.uleb128 0xe
 387 0057 3A       		.uleb128 0x3a
 388 0058 0B       		.uleb128 0xb
 389 0059 3B       		.uleb128 0x3b
 390 005a 0B       		.uleb128 0xb
 391 005b 49       		.uleb128 0x49
 392 005c 13       		.uleb128 0x13
 393 005d 00       		.byte	0
 394 005e 00       		.byte	0
 395 005f 08       		.uleb128 0x8
 396 0060 01       		.uleb128 0x1
 397 0061 01       		.byte	0x1
 398 0062 49       		.uleb128 0x49
 399 0063 13       		.uleb128 0x13
 400 0064 01       		.uleb128 0x1
 401 0065 13       		.uleb128 0x13
 402 0066 00       		.byte	0
 403 0067 00       		.byte	0
 404 0068 09       		.uleb128 0x9
 405 0069 21       		.uleb128 0x21
 406 006a 00       		.byte	0
 407 006b 49       		.uleb128 0x49
 408 006c 13       		.uleb128 0x13
 409 006d 2F       		.uleb128 0x2f
 410 006e 0B       		.uleb128 0xb
 411 006f 00       		.byte	0
 412 0070 00       		.byte	0
 413 0071 0A       		.uleb128 0xa
 414 0072 2E       		.uleb128 0x2e
 415 0073 01       		.byte	0x1
 416 0074 3F       		.uleb128 0x3f
 417 0075 19       		.uleb128 0x19
 418 0076 03       		.uleb128 0x3
 419 0077 0E       		.uleb128 0xe
 420 0078 3A       		.uleb128 0x3a
 421 0079 0B       		.uleb128 0xb
 422 007a 3B       		.uleb128 0x3b
 423 007b 0B       		.uleb128 0xb
 424 007c 27       		.uleb128 0x27
 425 007d 19       		.uleb128 0x19
 426 007e 49       		.uleb128 0x49
 427 007f 13       		.uleb128 0x13
 428 0080 11       		.uleb128 0x11
 429 0081 01       		.uleb128 0x1
 430 0082 12       		.uleb128 0x12
 431 0083 06       		.uleb128 0x6
 432 0084 40       		.uleb128 0x40
 433 0085 18       		.uleb128 0x18
 434 0086 9742     		.uleb128 0x2117
 435 0088 19       		.uleb128 0x19
 436 0089 01       		.uleb128 0x1
 437 008a 13       		.uleb128 0x13
ARM GAS  C:\Users\psmus\AppData\Local\Temp\cc9syuh7.s 			page 11


 438 008b 00       		.byte	0
 439 008c 00       		.byte	0
 440 008d 0B       		.uleb128 0xb
 441 008e 34       		.uleb128 0x34
 442 008f 00       		.byte	0
 443 0090 03       		.uleb128 0x3
 444 0091 0E       		.uleb128 0xe
 445 0092 3A       		.uleb128 0x3a
 446 0093 0B       		.uleb128 0xb
 447 0094 3B       		.uleb128 0x3b
 448 0095 0B       		.uleb128 0xb
 449 0096 49       		.uleb128 0x49
 450 0097 13       		.uleb128 0x13
 451 0098 00       		.byte	0
 452 0099 00       		.byte	0
 453 009a 0C       		.uleb128 0xc
 454 009b 34       		.uleb128 0x34
 455 009c 00       		.byte	0
 456 009d 03       		.uleb128 0x3
 457 009e 0E       		.uleb128 0xe
 458 009f 3A       		.uleb128 0x3a
 459 00a0 0B       		.uleb128 0xb
 460 00a1 3B       		.uleb128 0x3b
 461 00a2 0B       		.uleb128 0xb
 462 00a3 49       		.uleb128 0x49
 463 00a4 13       		.uleb128 0x13
 464 00a5 1C       		.uleb128 0x1c
 465 00a6 0B       		.uleb128 0xb
 466 00a7 00       		.byte	0
 467 00a8 00       		.byte	0
 468 00a9 0D       		.uleb128 0xd
 469 00aa 35       		.uleb128 0x35
 470 00ab 00       		.byte	0
 471 00ac 49       		.uleb128 0x49
 472 00ad 13       		.uleb128 0x13
 473 00ae 00       		.byte	0
 474 00af 00       		.byte	0
 475 00b0 0E       		.uleb128 0xe
 476 00b1 34       		.uleb128 0x34
 477 00b2 00       		.byte	0
 478 00b3 03       		.uleb128 0x3
 479 00b4 0E       		.uleb128 0xe
 480 00b5 3A       		.uleb128 0x3a
 481 00b6 0B       		.uleb128 0xb
 482 00b7 3B       		.uleb128 0x3b
 483 00b8 0B       		.uleb128 0xb
 484 00b9 49       		.uleb128 0x49
 485 00ba 13       		.uleb128 0x13
 486 00bb 3F       		.uleb128 0x3f
 487 00bc 19       		.uleb128 0x19
 488 00bd 3C       		.uleb128 0x3c
 489 00be 19       		.uleb128 0x19
 490 00bf 00       		.byte	0
 491 00c0 00       		.byte	0
 492 00c1 00       		.byte	0
 493              		.section	.debug_aranges,"",%progbits
 494 0000 1C000000 		.4byte	0x1c
ARM GAS  C:\Users\psmus\AppData\Local\Temp\cc9syuh7.s 			page 12


 495 0004 0200     		.2byte	0x2
 496 0006 00000000 		.4byte	.Ldebug_info0
 497 000a 04       		.byte	0x4
 498 000b 00       		.byte	0
 499 000c 0000     		.2byte	0
 500 000e 0000     		.2byte	0
 501 0010 00000000 		.4byte	.LFB1
 502 0014 38000000 		.4byte	.LFE1-.LFB1
 503 0018 00000000 		.4byte	0
 504 001c 00000000 		.4byte	0
 505              		.section	.debug_ranges,"",%progbits
 506              	.Ldebug_ranges0:
 507 0000 00000000 		.4byte	.LFB1
 508 0004 38000000 		.4byte	.LFE1
 509 0008 00000000 		.4byte	0
 510 000c 00000000 		.4byte	0
 511              		.section	.debug_line,"",%progbits
 512              	.Ldebug_line0:
 513 0000 83000000 		.section	.debug_str,"MS",%progbits,1
 513      02006600 
 513      00000201 
 513      FB0E0D00 
 513      01010101 
 514              	.LASF35:
 515 0000 55534246 		.ascii	"USBFS_1_EP\000"
 515      535F315F 
 515      455000
 516              	.LASF32:
 517 000b 55534246 		.ascii	"USBFS_1_DispatchClassRqst\000"
 517      535F315F 
 517      44697370 
 517      61746368 
 517      436C6173 
 518              	.LASF12:
 519 0025 666C6F61 		.ascii	"float\000"
 519      7400
 520              	.LASF3:
 521 002b 73686F72 		.ascii	"short unsigned int\000"
 521      7420756E 
 521      7369676E 
 521      65642069 
 521      6E7400
 522              	.LASF27:
 523 003e 65704461 		.ascii	"epData\000"
 523      746100
 524              	.LASF34:
 525 0045 72657175 		.ascii	"requestHandled\000"
 525      65737448 
 525      616E646C 
 525      656400
 526              	.LASF28:
 527 0054 55534246 		.ascii	"USBFS_1_ep0_data_struct\000"
 527      535F315F 
 527      6570305F 
 527      64617461 
 527      5F737472 
 528              	.LASF20:
ARM GAS  C:\Users\psmus\AppData\Local\Temp\cc9syuh7.s 			page 13


 529 006c 6570546F 		.ascii	"epToggle\000"
 529      67676C65 
 529      00
 530              	.LASF1:
 531 0075 756E7369 		.ascii	"unsigned char\000"
 531      676E6564 
 531      20636861 
 531      7200
 532              	.LASF5:
 533 0083 6C6F6E67 		.ascii	"long unsigned int\000"
 533      20756E73 
 533      69676E65 
 533      6420696E 
 533      7400
 534              	.LASF21:
 535 0095 61646472 		.ascii	"addr\000"
 535      00
 536              	.LASF33:
 537 009a 696E7465 		.ascii	"interfaceNumber\000"
 537      72666163 
 537      654E756D 
 537      62657200 
 538              	.LASF26:
 539 00aa 545F5553 		.ascii	"T_USBFS_1_EP_CTL_BLOCK\000"
 539      4246535F 
 539      315F4550 
 539      5F43544C 
 539      5F424C4F 
 540              	.LASF13:
 541 00c1 646F7562 		.ascii	"double\000"
 541      6C6500
 542              	.LASF17:
 543 00c8 61747472 		.ascii	"attrib\000"
 543      696200
 544              	.LASF23:
 545 00cf 62756666 		.ascii	"buffOffset\000"
 545      4F666673 
 545      657400
 546              	.LASF31:
 547 00da 453A5C44 		.ascii	"E:\\Documents\\Engineering\\Code\\synth-wavetable\\"
 547      6F63756D 
 547      656E7473 
 547      5C456E67 
 547      696E6565 
 548 0108 73796E74 		.ascii	"synth-wavetable.cydsn\000"
 548      682D7761 
 548      76657461 
 548      626C652E 
 548      63796473 
 549              	.LASF10:
 550 011e 75696E74 		.ascii	"uint16\000"
 550      313600
 551              	.LASF18:
 552 0125 61706945 		.ascii	"apiEpState\000"
 552      70537461 
 552      746500
 553              	.LASF11:
ARM GAS  C:\Users\psmus\AppData\Local\Temp\cc9syuh7.s 			page 14


 554 0130 75696E74 		.ascii	"uint32\000"
 554      333200
 555              	.LASF8:
 556 0137 756E7369 		.ascii	"unsigned int\000"
 556      676E6564 
 556      20696E74 
 556      00
 557              	.LASF7:
 558 0144 6C6F6E67 		.ascii	"long long unsigned int\000"
 558      206C6F6E 
 558      6720756E 
 558      7369676E 
 558      65642069 
 559              	.LASF19:
 560 015b 68774570 		.ascii	"hwEpState\000"
 560      53746174 
 560      6500
 561              	.LASF29:
 562 0165 474E5520 		.ascii	"GNU C11 5.4.1 20160609 (release) [ARM/embedded-5-br"
 562      43313120 
 562      352E342E 
 562      31203230 
 562      31363036 
 563 0198 616E6368 		.ascii	"anch revision 237715] -mcpu=cortex-m0 -mthumb -g -O"
 563      20726576 
 563      6973696F 
 563      6E203233 
 563      37373135 
 564 01cb 67202D66 		.ascii	"g -ffunction-sections -ffat-lto-objects\000"
 564      66756E63 
 564      74696F6E 
 564      2D736563 
 564      74696F6E 
 565              	.LASF16:
 566 01f3 73697A65 		.ascii	"sizetype\000"
 566      74797065 
 566      00
 567              	.LASF22:
 568 01fc 65704D6F 		.ascii	"epMode\000"
 568      646500
 569              	.LASF6:
 570 0203 6C6F6E67 		.ascii	"long long int\000"
 570      206C6F6E 
 570      6720696E 
 570      7400
 571              	.LASF30:
 572 0211 47656E65 		.ascii	"Generated_Source\\PSoC4\\USBFS_1_cls.c\000"
 572      72617465 
 572      645F536F 
 572      75726365 
 572      5C50536F 
 573              	.LASF14:
 574 0236 63686172 		.ascii	"char\000"
 574      00
 575              	.LASF24:
 576 023b 62756666 		.ascii	"bufferSize\000"
 576      65725369 
ARM GAS  C:\Users\psmus\AppData\Local\Temp\cc9syuh7.s 			page 15


 576      7A6500
 577              	.LASF2:
 578 0246 73686F72 		.ascii	"short int\000"
 578      7420696E 
 578      7400
 579              	.LASF9:
 580 0250 75696E74 		.ascii	"uint8\000"
 580      3800
 581              	.LASF25:
 582 0256 696E7465 		.ascii	"interface\000"
 582      72666163 
 582      6500
 583              	.LASF4:
 584 0260 6C6F6E67 		.ascii	"long int\000"
 584      20696E74 
 584      00
 585              	.LASF15:
 586 0269 6C6F6E67 		.ascii	"long double\000"
 586      20646F75 
 586      626C6500 
 587              	.LASF0:
 588 0275 7369676E 		.ascii	"signed char\000"
 588      65642063 
 588      68617200 
 589              		.ident	"GCC: (GNU Tools for ARM Embedded Processors) 5.4.1 20160609 (release) [ARM/embedded-5-bran
