ARM GAS  C:\Users\psmus\AppData\Local\Temp\ccdDmNqf.s 			page 1


   1              		.syntax unified
   2              		.cpu cortex-m0
   3              		.fpu softvfp
   4              		.eabi_attribute 20, 1
   5              		.eabi_attribute 21, 1
   6              		.eabi_attribute 23, 3
   7              		.eabi_attribute 24, 1
   8              		.eabi_attribute 25, 1
   9              		.eabi_attribute 26, 1
  10              		.eabi_attribute 30, 1
  11              		.eabi_attribute 34, 0
  12              		.eabi_attribute 18, 4
  13              		.thumb
  14              		.syntax unified
  15              		.file	"USBFS_1_descr.c"
  16              		.text
  17              	.Ltext0:
  18              		.cfi_sections	.debug_frame
  19              		.global	USBFS_1_TABLE
  20              		.global	USBFS_1_DEVICE0_TABLE
  21              		.global	USBFS_1_DEVICE0_CONFIGURATION0_TABLE
  22              		.global	USBFS_1_DEVICE0_CONFIGURATION0_INTERFACE_CLASS
  23              		.global	USBFS_1_DEVICE0_CONFIGURATION0_EP_SETTINGS_TABLE
  24              		.global	USBFS_1_DEVICE0_CONFIGURATION0_DESCR
  25              		.global	USBFS_1_DEVICE0_DESCR
  26              		.section	.rodata
  27              		.align	2
  28              		.type	USBFS_1_TABLE, %object
  29              		.size	USBFS_1_TABLE, 8
  30              	USBFS_1_TABLE:
  31 0000 01       		.byte	1
  32 0001 000000   		.space	3
  33 0004 00000000 		.word	USBFS_1_DEVICE0_TABLE
  34              		.type	USBFS_1_DEVICE0_TABLE, %object
  35              		.size	USBFS_1_DEVICE0_TABLE, 24
  36              	USBFS_1_DEVICE0_TABLE:
  37 0008 01       		.byte	1
  38 0009 000000   		.space	3
  39 000c 00000000 		.word	USBFS_1_DEVICE0_DESCR
  40 0010 00       		.byte	0
  41 0011 000000   		.space	3
  42 0014 00000000 		.word	0
  43 0018 01       		.byte	1
  44 0019 000000   		.space	3
  45 001c 00000000 		.word	USBFS_1_DEVICE0_CONFIGURATION0_TABLE
  46              		.type	USBFS_1_DEVICE0_CONFIGURATION0_TABLE, %object
  47              		.size	USBFS_1_DEVICE0_CONFIGURATION0_TABLE, 32
  48              	USBFS_1_DEVICE0_CONFIGURATION0_TABLE:
  49 0020 01       		.byte	1
  50 0021 000000   		.space	3
  51 0024 00000000 		.word	USBFS_1_DEVICE0_CONFIGURATION0_DESCR
  52 0028 01       		.byte	1
  53 0029 000000   		.space	3
  54 002c 00000000 		.word	USBFS_1_DEVICE0_CONFIGURATION0_EP_SETTINGS_TABLE
  55 0030 00       		.byte	0
  56 0031 000000   		.space	3
  57 0034 00000000 		.word	0
ARM GAS  C:\Users\psmus\AppData\Local\Temp\ccdDmNqf.s 			page 2


  58 0038 00       		.byte	0
  59 0039 000000   		.space	3
  60 003c 00000000 		.word	USBFS_1_DEVICE0_CONFIGURATION0_INTERFACE_CLASS
  61              		.type	USBFS_1_DEVICE0_CONFIGURATION0_INTERFACE_CLASS, %object
  62              		.size	USBFS_1_DEVICE0_CONFIGURATION0_INTERFACE_CLASS, 1
  63              	USBFS_1_DEVICE0_CONFIGURATION0_INTERFACE_CLASS:
  64 0040 00       		.space	1
  65 0041 000000   		.space	3
  66              		.type	USBFS_1_DEVICE0_CONFIGURATION0_EP_SETTINGS_TABLE, %object
  67              		.size	USBFS_1_DEVICE0_CONFIGURATION0_EP_SETTINGS_TABLE, 8
  68              	USBFS_1_DEVICE0_CONFIGURATION0_EP_SETTINGS_TABLE:
  69 0044 00       		.byte	0
  70 0045 00       		.byte	0
  71 0046 01       		.byte	1
  72 0047 02       		.byte	2
  73 0048 0800     		.short	8
  74 004a 00       		.byte	0
  75 004b 00       		.space	1
  76              		.type	USBFS_1_DEVICE0_CONFIGURATION0_DESCR, %object
  77              		.size	USBFS_1_DEVICE0_CONFIGURATION0_DESCR, 25
  78              	USBFS_1_DEVICE0_CONFIGURATION0_DESCR:
  79 004c 09       		.byte	9
  80 004d 02       		.byte	2
  81 004e 19       		.byte	25
  82 004f 00       		.byte	0
  83 0050 01       		.byte	1
  84 0051 01       		.byte	1
  85 0052 00       		.byte	0
  86 0053 80       		.byte	-128
  87 0054 19       		.byte	25
  88 0055 09       		.byte	9
  89 0056 04       		.byte	4
  90 0057 00       		.byte	0
  91 0058 00       		.byte	0
  92 0059 01       		.byte	1
  93 005a 00       		.byte	0
  94 005b 00       		.byte	0
  95 005c 00       		.byte	0
  96 005d 00       		.byte	0
  97 005e 07       		.byte	7
  98 005f 05       		.byte	5
  99 0060 01       		.byte	1
 100 0061 02       		.byte	2
 101 0062 08       		.byte	8
 102 0063 00       		.byte	0
 103 0064 00       		.byte	0
 104 0065 000000   		.space	3
 105              		.type	USBFS_1_DEVICE0_DESCR, %object
 106              		.size	USBFS_1_DEVICE0_DESCR, 18
 107              	USBFS_1_DEVICE0_DESCR:
 108 0068 12       		.byte	18
 109 0069 01       		.byte	1
 110 006a 00       		.byte	0
 111 006b 02       		.byte	2
 112 006c 00       		.byte	0
 113 006d 00       		.byte	0
 114 006e 00       		.byte	0
ARM GAS  C:\Users\psmus\AppData\Local\Temp\ccdDmNqf.s 			page 3


 115 006f 08       		.byte	8
 116 0070 B4       		.byte	-76
 117 0071 04       		.byte	4
 118 0072 51       		.byte	81
 119 0073 80       		.byte	-128
 120 0074 00       		.byte	0
 121 0075 00       		.byte	0
 122 0076 00       		.byte	0
 123 0077 00       		.byte	0
 124 0078 00       		.byte	0
 125 0079 01       		.byte	1
 126              		.text
 127              	.Letext0:
 128              		.file 1 "Generated_Source\\PSoC4\\cytypes.h"
 129              		.file 2 "Generated_Source\\PSoC4\\USBFS_1.h"
 130              		.file 3 "Generated_Source\\PSoC4\\USBFS_1_descr.c"
 131              		.section	.debug_info,"",%progbits
 132              	.Ldebug_info0:
 133 0000 41020000 		.4byte	0x241
 134 0004 0400     		.2byte	0x4
 135 0006 00000000 		.4byte	.Ldebug_abbrev0
 136 000a 04       		.byte	0x4
 137 000b 01       		.uleb128 0x1
 138 000c 94010000 		.4byte	.LASF32
 139 0010 0C       		.byte	0xc
 140 0011 D5020000 		.4byte	.LASF33
 141 0015 C9000000 		.4byte	.LASF34
 142 0019 00000000 		.4byte	.Ldebug_line0
 143 001d 02       		.uleb128 0x2
 144 001e 01       		.byte	0x1
 145 001f 06       		.byte	0x6
 146 0020 9E020000 		.4byte	.LASF0
 147 0024 02       		.uleb128 0x2
 148 0025 01       		.byte	0x1
 149 0026 08       		.byte	0x8
 150 0027 60000000 		.4byte	.LASF1
 151 002b 02       		.uleb128 0x2
 152 002c 02       		.byte	0x2
 153 002d 05       		.byte	0x5
 154 002e 49020000 		.4byte	.LASF2
 155 0032 02       		.uleb128 0x2
 156 0033 02       		.byte	0x2
 157 0034 07       		.byte	0x7
 158 0035 09000000 		.4byte	.LASF3
 159 0039 02       		.uleb128 0x2
 160 003a 04       		.byte	0x4
 161 003b 05       		.byte	0x5
 162 003c 00000000 		.4byte	.LASF4
 163 0040 02       		.uleb128 0x2
 164 0041 04       		.byte	0x4
 165 0042 07       		.byte	0x7
 166 0043 79000000 		.4byte	.LASF5
 167 0047 02       		.uleb128 0x2
 168 0048 08       		.byte	0x8
 169 0049 05       		.byte	0x5
 170 004a 2B020000 		.4byte	.LASF6
 171 004e 02       		.uleb128 0x2
ARM GAS  C:\Users\psmus\AppData\Local\Temp\ccdDmNqf.s 			page 4


 172 004f 08       		.byte	0x8
 173 0050 07       		.byte	0x7
 174 0051 76010000 		.4byte	.LASF7
 175 0055 03       		.uleb128 0x3
 176 0056 04       		.byte	0x4
 177 0057 05       		.byte	0x5
 178 0058 696E7400 		.ascii	"int\000"
 179 005c 02       		.uleb128 0x2
 180 005d 04       		.byte	0x4
 181 005e 07       		.byte	0x7
 182 005f 45010000 		.4byte	.LASF8
 183 0063 04       		.uleb128 0x4
 184 0064 53020000 		.4byte	.LASF9
 185 0068 01       		.byte	0x1
 186 0069 E401     		.2byte	0x1e4
 187 006b 24000000 		.4byte	0x24
 188 006f 04       		.uleb128 0x4
 189 0070 0D010000 		.4byte	.LASF10
 190 0074 01       		.byte	0x1
 191 0075 E501     		.2byte	0x1e5
 192 0077 32000000 		.4byte	0x32
 193 007b 02       		.uleb128 0x2
 194 007c 04       		.byte	0x4
 195 007d 04       		.byte	0x4
 196 007e 41000000 		.4byte	.LASF11
 197 0082 02       		.uleb128 0x2
 198 0083 08       		.byte	0x8
 199 0084 04       		.byte	0x4
 200 0085 C2000000 		.4byte	.LASF12
 201 0089 02       		.uleb128 0x2
 202 008a 01       		.byte	0x1
 203 008b 08       		.byte	0x8
 204 008c 39020000 		.4byte	.LASF13
 205 0090 02       		.uleb128 0x2
 206 0091 08       		.byte	0x8
 207 0092 04       		.byte	0x4
 208 0093 92020000 		.4byte	.LASF14
 209 0097 02       		.uleb128 0x2
 210 0098 04       		.byte	0x4
 211 0099 07       		.byte	0x7
 212 009a 22020000 		.4byte	.LASF15
 213 009e 05       		.uleb128 0x5
 214 009f 08       		.byte	0x8
 215 00a0 02       		.byte	0x2
 216 00a1 96       		.byte	0x96
 217 00a2 EF000000 		.4byte	0xef
 218 00a6 06       		.uleb128 0x6
 219 00a7 59020000 		.4byte	.LASF16
 220 00ab 02       		.byte	0x2
 221 00ac 98       		.byte	0x98
 222 00ad 63000000 		.4byte	0x63
 223 00b1 00       		.byte	0
 224 00b2 06       		.uleb128 0x6
 225 00b3 47000000 		.4byte	.LASF17
 226 00b7 02       		.byte	0x2
 227 00b8 99       		.byte	0x99
 228 00b9 63000000 		.4byte	0x63
ARM GAS  C:\Users\psmus\AppData\Local\Temp\ccdDmNqf.s 			page 5


 229 00bd 01       		.byte	0x1
 230 00be 06       		.uleb128 0x6
 231 00bf 8B000000 		.4byte	.LASF18
 232 00c3 02       		.byte	0x2
 233 00c4 9A       		.byte	0x9a
 234 00c5 63000000 		.4byte	0x63
 235 00c9 02       		.byte	0x2
 236 00ca 06       		.uleb128 0x6
 237 00cb 6E000000 		.4byte	.LASF19
 238 00cf 02       		.byte	0x2
 239 00d0 9B       		.byte	0x9b
 240 00d1 63000000 		.4byte	0x63
 241 00d5 03       		.byte	0x3
 242 00d6 06       		.uleb128 0x6
 243 00d7 3E020000 		.4byte	.LASF20
 244 00db 02       		.byte	0x2
 245 00dc 9C       		.byte	0x9c
 246 00dd 6F000000 		.4byte	0x6f
 247 00e1 04       		.byte	0x4
 248 00e2 06       		.uleb128 0x6
 249 00e3 CF020000 		.4byte	.LASF21
 250 00e7 02       		.byte	0x2
 251 00e8 9D       		.byte	0x9d
 252 00e9 63000000 		.4byte	0x63
 253 00ed 06       		.byte	0x6
 254 00ee 00       		.byte	0
 255 00ef 07       		.uleb128 0x7
 256 00f0 A6000000 		.4byte	.LASF22
 257 00f4 02       		.byte	0x2
 258 00f5 9E       		.byte	0x9e
 259 00f6 9E000000 		.4byte	0x9e
 260 00fa 05       		.uleb128 0x5
 261 00fb 08       		.byte	0x8
 262 00fc 02       		.byte	0x2
 263 00fd AD       		.byte	0xad
 264 00fe 19010000 		.4byte	0x119
 265 0102 08       		.uleb128 0x8
 266 0103 6300     		.ascii	"c\000"
 267 0105 02       		.byte	0x2
 268 0106 AF       		.byte	0xaf
 269 0107 63000000 		.4byte	0x63
 270 010b 00       		.byte	0
 271 010c 06       		.uleb128 0x6
 272 010d 8D010000 		.4byte	.LASF23
 273 0111 02       		.byte	0x2
 274 0112 B0       		.byte	0xb0
 275 0113 19010000 		.4byte	0x119
 276 0117 04       		.byte	0x4
 277 0118 00       		.byte	0
 278 0119 09       		.uleb128 0x9
 279 011a 04       		.byte	0x4
 280 011b 1F010000 		.4byte	0x11f
 281 011f 0A       		.uleb128 0xa
 282 0120 07       		.uleb128 0x7
 283 0121 52010000 		.4byte	.LASF24
 284 0125 02       		.byte	0x2
 285 0126 B1       		.byte	0xb1
ARM GAS  C:\Users\psmus\AppData\Local\Temp\ccdDmNqf.s 			page 6


 286 0127 FA000000 		.4byte	0xfa
 287 012b 0B       		.uleb128 0xb
 288 012c 3B010000 		.4byte	0x13b
 289 0130 3B010000 		.4byte	0x13b
 290 0134 0C       		.uleb128 0xc
 291 0135 97000000 		.4byte	0x97
 292 0139 11       		.byte	0x11
 293 013a 00       		.byte	0
 294 013b 0D       		.uleb128 0xd
 295 013c 63000000 		.4byte	0x63
 296 0140 0E       		.uleb128 0xe
 297 0141 60010000 		.4byte	.LASF25
 298 0145 03       		.byte	0x3
 299 0146 24       		.byte	0x24
 300 0147 51010000 		.4byte	0x151
 301 014b 05       		.uleb128 0x5
 302 014c 03       		.byte	0x3
 303 014d 00000000 		.4byte	USBFS_1_DEVICE0_DESCR
 304 0151 0D       		.uleb128 0xd
 305 0152 2B010000 		.4byte	0x12b
 306 0156 0B       		.uleb128 0xb
 307 0157 3B010000 		.4byte	0x13b
 308 015b 66010000 		.4byte	0x166
 309 015f 0C       		.uleb128 0xc
 310 0160 97000000 		.4byte	0x97
 311 0164 18       		.byte	0x18
 312 0165 00       		.byte	0
 313 0166 0E       		.uleb128 0xe
 314 0167 1C000000 		.4byte	.LASF26
 315 016b 03       		.byte	0x3
 316 016c 37       		.byte	0x37
 317 016d 77010000 		.4byte	0x177
 318 0171 05       		.uleb128 0x5
 319 0172 03       		.byte	0x3
 320 0173 00000000 		.4byte	USBFS_1_DEVICE0_CONFIGURATION0_DESCR
 321 0177 0D       		.uleb128 0xd
 322 0178 56010000 		.4byte	0x156
 323 017c 0B       		.uleb128 0xb
 324 017d 8C010000 		.4byte	0x18c
 325 0181 8C010000 		.4byte	0x18c
 326 0185 0C       		.uleb128 0xc
 327 0186 97000000 		.4byte	0x97
 328 018a 00       		.byte	0
 329 018b 00       		.byte	0
 330 018c 0D       		.uleb128 0xd
 331 018d EF000000 		.4byte	0xef
 332 0191 0E       		.uleb128 0xe
 333 0192 14010000 		.4byte	.LASF27
 334 0196 03       		.byte	0x3
 335 0197 62       		.byte	0x62
 336 0198 A2010000 		.4byte	0x1a2
 337 019c 05       		.uleb128 0x5
 338 019d 03       		.byte	0x3
 339 019e 00000000 		.4byte	USBFS_1_DEVICE0_CONFIGURATION0_EP_SETTINGS_TABLE
 340 01a2 0D       		.uleb128 0xd
 341 01a3 7C010000 		.4byte	0x17c
 342 01a7 0B       		.uleb128 0xb
ARM GAS  C:\Users\psmus\AppData\Local\Temp\ccdDmNqf.s 			page 7


 343 01a8 3B010000 		.4byte	0x13b
 344 01ac B7010000 		.4byte	0x1b7
 345 01b0 0C       		.uleb128 0xc
 346 01b1 97000000 		.4byte	0x97
 347 01b5 00       		.byte	0
 348 01b6 00       		.byte	0
 349 01b7 0E       		.uleb128 0xe
 350 01b8 63020000 		.4byte	.LASF28
 351 01bc 03       		.byte	0x3
 352 01bd 66       		.byte	0x66
 353 01be C8010000 		.4byte	0x1c8
 354 01c2 05       		.uleb128 0x5
 355 01c3 03       		.byte	0x3
 356 01c4 00000000 		.4byte	USBFS_1_DEVICE0_CONFIGURATION0_INTERFACE_CLASS
 357 01c8 0D       		.uleb128 0xd
 358 01c9 A7010000 		.4byte	0x1a7
 359 01cd 0B       		.uleb128 0xb
 360 01ce DD010000 		.4byte	0x1dd
 361 01d2 DD010000 		.4byte	0x1dd
 362 01d6 0C       		.uleb128 0xc
 363 01d7 97000000 		.4byte	0x97
 364 01db 03       		.byte	0x3
 365 01dc 00       		.byte	0
 366 01dd 0D       		.uleb128 0xd
 367 01de 20010000 		.4byte	0x120
 368 01e2 0E       		.uleb128 0xe
 369 01e3 AA020000 		.4byte	.LASF29
 370 01e7 03       		.byte	0x3
 371 01e8 6E       		.byte	0x6e
 372 01e9 F3010000 		.4byte	0x1f3
 373 01ed 05       		.uleb128 0x5
 374 01ee 03       		.byte	0x3
 375 01ef 00000000 		.4byte	USBFS_1_DEVICE0_CONFIGURATION0_TABLE
 376 01f3 0D       		.uleb128 0xd
 377 01f4 CD010000 		.4byte	0x1cd
 378 01f8 0B       		.uleb128 0xb
 379 01f9 DD010000 		.4byte	0x1dd
 380 01fd 08020000 		.4byte	0x208
 381 0201 0C       		.uleb128 0xc
 382 0202 97000000 		.4byte	0x97
 383 0206 02       		.byte	0x2
 384 0207 00       		.byte	0
 385 0208 0E       		.uleb128 0xe
 386 0209 90000000 		.4byte	.LASF30
 387 020d 03       		.byte	0x3
 388 020e 78       		.byte	0x78
 389 020f 19020000 		.4byte	0x219
 390 0213 05       		.uleb128 0x5
 391 0214 03       		.byte	0x3
 392 0215 00000000 		.4byte	USBFS_1_DEVICE0_TABLE
 393 0219 0D       		.uleb128 0xd
 394 021a F8010000 		.4byte	0x1f8
 395 021e 0B       		.uleb128 0xb
 396 021f DD010000 		.4byte	0x1dd
 397 0223 2E020000 		.4byte	0x22e
 398 0227 0C       		.uleb128 0xc
 399 0228 97000000 		.4byte	0x97
ARM GAS  C:\Users\psmus\AppData\Local\Temp\ccdDmNqf.s 			page 8


 400 022c 00       		.byte	0
 401 022d 00       		.byte	0
 402 022e 0E       		.uleb128 0xe
 403 022f 52000000 		.4byte	.LASF31
 404 0233 03       		.byte	0x3
 405 0234 80       		.byte	0x80
 406 0235 3F020000 		.4byte	0x23f
 407 0239 05       		.uleb128 0x5
 408 023a 03       		.byte	0x3
 409 023b 00000000 		.4byte	USBFS_1_TABLE
 410 023f 0D       		.uleb128 0xd
 411 0240 1E020000 		.4byte	0x21e
 412 0244 00       		.byte	0
 413              		.section	.debug_abbrev,"",%progbits
 414              	.Ldebug_abbrev0:
 415 0000 01       		.uleb128 0x1
 416 0001 11       		.uleb128 0x11
 417 0002 01       		.byte	0x1
 418 0003 25       		.uleb128 0x25
 419 0004 0E       		.uleb128 0xe
 420 0005 13       		.uleb128 0x13
 421 0006 0B       		.uleb128 0xb
 422 0007 03       		.uleb128 0x3
 423 0008 0E       		.uleb128 0xe
 424 0009 1B       		.uleb128 0x1b
 425 000a 0E       		.uleb128 0xe
 426 000b 10       		.uleb128 0x10
 427 000c 17       		.uleb128 0x17
 428 000d 00       		.byte	0
 429 000e 00       		.byte	0
 430 000f 02       		.uleb128 0x2
 431 0010 24       		.uleb128 0x24
 432 0011 00       		.byte	0
 433 0012 0B       		.uleb128 0xb
 434 0013 0B       		.uleb128 0xb
 435 0014 3E       		.uleb128 0x3e
 436 0015 0B       		.uleb128 0xb
 437 0016 03       		.uleb128 0x3
 438 0017 0E       		.uleb128 0xe
 439 0018 00       		.byte	0
 440 0019 00       		.byte	0
 441 001a 03       		.uleb128 0x3
 442 001b 24       		.uleb128 0x24
 443 001c 00       		.byte	0
 444 001d 0B       		.uleb128 0xb
 445 001e 0B       		.uleb128 0xb
 446 001f 3E       		.uleb128 0x3e
 447 0020 0B       		.uleb128 0xb
 448 0021 03       		.uleb128 0x3
 449 0022 08       		.uleb128 0x8
 450 0023 00       		.byte	0
 451 0024 00       		.byte	0
 452 0025 04       		.uleb128 0x4
 453 0026 16       		.uleb128 0x16
 454 0027 00       		.byte	0
 455 0028 03       		.uleb128 0x3
 456 0029 0E       		.uleb128 0xe
ARM GAS  C:\Users\psmus\AppData\Local\Temp\ccdDmNqf.s 			page 9


 457 002a 3A       		.uleb128 0x3a
 458 002b 0B       		.uleb128 0xb
 459 002c 3B       		.uleb128 0x3b
 460 002d 05       		.uleb128 0x5
 461 002e 49       		.uleb128 0x49
 462 002f 13       		.uleb128 0x13
 463 0030 00       		.byte	0
 464 0031 00       		.byte	0
 465 0032 05       		.uleb128 0x5
 466 0033 13       		.uleb128 0x13
 467 0034 01       		.byte	0x1
 468 0035 0B       		.uleb128 0xb
 469 0036 0B       		.uleb128 0xb
 470 0037 3A       		.uleb128 0x3a
 471 0038 0B       		.uleb128 0xb
 472 0039 3B       		.uleb128 0x3b
 473 003a 0B       		.uleb128 0xb
 474 003b 01       		.uleb128 0x1
 475 003c 13       		.uleb128 0x13
 476 003d 00       		.byte	0
 477 003e 00       		.byte	0
 478 003f 06       		.uleb128 0x6
 479 0040 0D       		.uleb128 0xd
 480 0041 00       		.byte	0
 481 0042 03       		.uleb128 0x3
 482 0043 0E       		.uleb128 0xe
 483 0044 3A       		.uleb128 0x3a
 484 0045 0B       		.uleb128 0xb
 485 0046 3B       		.uleb128 0x3b
 486 0047 0B       		.uleb128 0xb
 487 0048 49       		.uleb128 0x49
 488 0049 13       		.uleb128 0x13
 489 004a 38       		.uleb128 0x38
 490 004b 0B       		.uleb128 0xb
 491 004c 00       		.byte	0
 492 004d 00       		.byte	0
 493 004e 07       		.uleb128 0x7
 494 004f 16       		.uleb128 0x16
 495 0050 00       		.byte	0
 496 0051 03       		.uleb128 0x3
 497 0052 0E       		.uleb128 0xe
 498 0053 3A       		.uleb128 0x3a
 499 0054 0B       		.uleb128 0xb
 500 0055 3B       		.uleb128 0x3b
 501 0056 0B       		.uleb128 0xb
 502 0057 49       		.uleb128 0x49
 503 0058 13       		.uleb128 0x13
 504 0059 00       		.byte	0
 505 005a 00       		.byte	0
 506 005b 08       		.uleb128 0x8
 507 005c 0D       		.uleb128 0xd
 508 005d 00       		.byte	0
 509 005e 03       		.uleb128 0x3
 510 005f 08       		.uleb128 0x8
 511 0060 3A       		.uleb128 0x3a
 512 0061 0B       		.uleb128 0xb
 513 0062 3B       		.uleb128 0x3b
ARM GAS  C:\Users\psmus\AppData\Local\Temp\ccdDmNqf.s 			page 10


 514 0063 0B       		.uleb128 0xb
 515 0064 49       		.uleb128 0x49
 516 0065 13       		.uleb128 0x13
 517 0066 38       		.uleb128 0x38
 518 0067 0B       		.uleb128 0xb
 519 0068 00       		.byte	0
 520 0069 00       		.byte	0
 521 006a 09       		.uleb128 0x9
 522 006b 0F       		.uleb128 0xf
 523 006c 00       		.byte	0
 524 006d 0B       		.uleb128 0xb
 525 006e 0B       		.uleb128 0xb
 526 006f 49       		.uleb128 0x49
 527 0070 13       		.uleb128 0x13
 528 0071 00       		.byte	0
 529 0072 00       		.byte	0
 530 0073 0A       		.uleb128 0xa
 531 0074 26       		.uleb128 0x26
 532 0075 00       		.byte	0
 533 0076 00       		.byte	0
 534 0077 00       		.byte	0
 535 0078 0B       		.uleb128 0xb
 536 0079 01       		.uleb128 0x1
 537 007a 01       		.byte	0x1
 538 007b 49       		.uleb128 0x49
 539 007c 13       		.uleb128 0x13
 540 007d 01       		.uleb128 0x1
 541 007e 13       		.uleb128 0x13
 542 007f 00       		.byte	0
 543 0080 00       		.byte	0
 544 0081 0C       		.uleb128 0xc
 545 0082 21       		.uleb128 0x21
 546 0083 00       		.byte	0
 547 0084 49       		.uleb128 0x49
 548 0085 13       		.uleb128 0x13
 549 0086 2F       		.uleb128 0x2f
 550 0087 0B       		.uleb128 0xb
 551 0088 00       		.byte	0
 552 0089 00       		.byte	0
 553 008a 0D       		.uleb128 0xd
 554 008b 26       		.uleb128 0x26
 555 008c 00       		.byte	0
 556 008d 49       		.uleb128 0x49
 557 008e 13       		.uleb128 0x13
 558 008f 00       		.byte	0
 559 0090 00       		.byte	0
 560 0091 0E       		.uleb128 0xe
 561 0092 34       		.uleb128 0x34
 562 0093 00       		.byte	0
 563 0094 03       		.uleb128 0x3
 564 0095 0E       		.uleb128 0xe
 565 0096 3A       		.uleb128 0x3a
 566 0097 0B       		.uleb128 0xb
 567 0098 3B       		.uleb128 0x3b
 568 0099 0B       		.uleb128 0xb
 569 009a 49       		.uleb128 0x49
 570 009b 13       		.uleb128 0x13
ARM GAS  C:\Users\psmus\AppData\Local\Temp\ccdDmNqf.s 			page 11


 571 009c 3F       		.uleb128 0x3f
 572 009d 19       		.uleb128 0x19
 573 009e 02       		.uleb128 0x2
 574 009f 18       		.uleb128 0x18
 575 00a0 00       		.byte	0
 576 00a1 00       		.byte	0
 577 00a2 00       		.byte	0
 578              		.section	.debug_aranges,"",%progbits
 579 0000 14000000 		.4byte	0x14
 580 0004 0200     		.2byte	0x2
 581 0006 00000000 		.4byte	.Ldebug_info0
 582 000a 04       		.byte	0x4
 583 000b 00       		.byte	0
 584 000c 0000     		.2byte	0
 585 000e 0000     		.2byte	0
 586 0010 00000000 		.4byte	0
 587 0014 00000000 		.4byte	0
 588              		.section	.debug_line,"",%progbits
 589              	.Ldebug_line0:
 590 0000 5D000000 		.section	.debug_str,"MS",%progbits,1
 590      02005700 
 590      00000201 
 590      FB0E0D00 
 590      01010101 
 591              	.LASF4:
 592 0000 6C6F6E67 		.ascii	"long int\000"
 592      20696E74 
 592      00
 593              	.LASF3:
 594 0009 73686F72 		.ascii	"short unsigned int\000"
 594      7420756E 
 594      7369676E 
 594      65642069 
 594      6E7400
 595              	.LASF26:
 596 001c 55534246 		.ascii	"USBFS_1_DEVICE0_CONFIGURATION0_DESCR\000"
 596      535F315F 
 596      44455649 
 596      4345305F 
 596      434F4E46 
 597              	.LASF11:
 598 0041 666C6F61 		.ascii	"float\000"
 598      7400
 599              	.LASF17:
 600 0047 616C7453 		.ascii	"altSetting\000"
 600      65747469 
 600      6E6700
 601              	.LASF31:
 602 0052 55534246 		.ascii	"USBFS_1_TABLE\000"
 602      535F315F 
 602      5441424C 
 602      4500
 603              	.LASF1:
 604 0060 756E7369 		.ascii	"unsigned char\000"
 604      676E6564 
 604      20636861 
 604      7200
ARM GAS  C:\Users\psmus\AppData\Local\Temp\ccdDmNqf.s 			page 12


 605              	.LASF19:
 606 006e 61747472 		.ascii	"attributes\000"
 606      69627574 
 606      657300
 607              	.LASF5:
 608 0079 6C6F6E67 		.ascii	"long unsigned int\000"
 608      20756E73 
 608      69676E65 
 608      6420696E 
 608      7400
 609              	.LASF18:
 610 008b 61646472 		.ascii	"addr\000"
 610      00
 611              	.LASF30:
 612 0090 55534246 		.ascii	"USBFS_1_DEVICE0_TABLE\000"
 612      535F315F 
 612      44455649 
 612      4345305F 
 612      5441424C 
 613              	.LASF22:
 614 00a6 545F5553 		.ascii	"T_USBFS_1_EP_SETTINGS_BLOCK\000"
 614      4246535F 
 614      315F4550 
 614      5F534554 
 614      54494E47 
 615              	.LASF12:
 616 00c2 646F7562 		.ascii	"double\000"
 616      6C6500
 617              	.LASF34:
 618 00c9 453A5C44 		.ascii	"E:\\Documents\\Engineering\\Code\\synth-wavetable\\"
 618      6F63756D 
 618      656E7473 
 618      5C456E67 
 618      696E6565 
 619 00f7 73796E74 		.ascii	"synth-wavetable.cydsn\000"
 619      682D7761 
 619      76657461 
 619      626C652E 
 619      63796473 
 620              	.LASF10:
 621 010d 75696E74 		.ascii	"uint16\000"
 621      313600
 622              	.LASF27:
 623 0114 55534246 		.ascii	"USBFS_1_DEVICE0_CONFIGURATION0_EP_SETTINGS_TABLE\000"
 623      535F315F 
 623      44455649 
 623      4345305F 
 623      434F4E46 
 624              	.LASF8:
 625 0145 756E7369 		.ascii	"unsigned int\000"
 625      676E6564 
 625      20696E74 
 625      00
 626              	.LASF24:
 627 0152 545F5553 		.ascii	"T_USBFS_1_LUT\000"
 627      4246535F 
 627      315F4C55 
ARM GAS  C:\Users\psmus\AppData\Local\Temp\ccdDmNqf.s 			page 13


 627      5400
 628              	.LASF25:
 629 0160 55534246 		.ascii	"USBFS_1_DEVICE0_DESCR\000"
 629      535F315F 
 629      44455649 
 629      4345305F 
 629      44455343 
 630              	.LASF7:
 631 0176 6C6F6E67 		.ascii	"long long unsigned int\000"
 631      206C6F6E 
 631      6720756E 
 631      7369676E 
 631      65642069 
 632              	.LASF23:
 633 018d 705F6C69 		.ascii	"p_list\000"
 633      737400
 634              	.LASF32:
 635 0194 474E5520 		.ascii	"GNU C11 5.4.1 20160609 (release) [ARM/embedded-5-br"
 635      43313120 
 635      352E342E 
 635      31203230 
 635      31363036 
 636 01c7 616E6368 		.ascii	"anch revision 237715] -mcpu=cortex-m0 -mthumb -g -O"
 636      20726576 
 636      6973696F 
 636      6E203233 
 636      37373135 
 637 01fa 67202D66 		.ascii	"g -ffunction-sections -ffat-lto-objects\000"
 637      66756E63 
 637      74696F6E 
 637      2D736563 
 637      74696F6E 
 638              	.LASF15:
 639 0222 73697A65 		.ascii	"sizetype\000"
 639      74797065 
 639      00
 640              	.LASF6:
 641 022b 6C6F6E67 		.ascii	"long long int\000"
 641      206C6F6E 
 641      6720696E 
 641      7400
 642              	.LASF13:
 643 0239 63686172 		.ascii	"char\000"
 643      00
 644              	.LASF20:
 645 023e 62756666 		.ascii	"bufferSize\000"
 645      65725369 
 645      7A6500
 646              	.LASF2:
 647 0249 73686F72 		.ascii	"short int\000"
 647      7420696E 
 647      7400
 648              	.LASF9:
 649 0253 75696E74 		.ascii	"uint8\000"
 649      3800
 650              	.LASF16:
 651 0259 696E7465 		.ascii	"interface\000"
ARM GAS  C:\Users\psmus\AppData\Local\Temp\ccdDmNqf.s 			page 14


 651      72666163 
 651      6500
 652              	.LASF28:
 653 0263 55534246 		.ascii	"USBFS_1_DEVICE0_CONFIGURATION0_INTERFACE_CLASS\000"
 653      535F315F 
 653      44455649 
 653      4345305F 
 653      434F4E46 
 654              	.LASF14:
 655 0292 6C6F6E67 		.ascii	"long double\000"
 655      20646F75 
 655      626C6500 
 656              	.LASF0:
 657 029e 7369676E 		.ascii	"signed char\000"
 657      65642063 
 657      68617200 
 658              	.LASF29:
 659 02aa 55534246 		.ascii	"USBFS_1_DEVICE0_CONFIGURATION0_TABLE\000"
 659      535F315F 
 659      44455649 
 659      4345305F 
 659      434F4E46 
 660              	.LASF21:
 661 02cf 624D6973 		.ascii	"bMisc\000"
 661      6300
 662              	.LASF33:
 663 02d5 47656E65 		.ascii	"Generated_Source\\PSoC4\\USBFS_1_descr.c\000"
 663      72617465 
 663      645F536F 
 663      75726365 
 663      5C50536F 
 664              		.ident	"GCC: (GNU Tools for ARM Embedded Processors) 5.4.1 20160609 (release) [ARM/embedded-5-bran
