ARM GAS  /tmp/ccaR9XjK.s 			page 1


   1              		.cpu cortex-m4
   2              		.eabi_attribute 27, 1
   3              		.eabi_attribute 28, 1
   4              		.eabi_attribute 20, 1
   5              		.eabi_attribute 21, 1
   6              		.eabi_attribute 23, 3
   7              		.eabi_attribute 24, 1
   8              		.eabi_attribute 25, 1
   9              		.eabi_attribute 26, 1
  10              		.eabi_attribute 30, 1
  11              		.eabi_attribute 34, 1
  12              		.eabi_attribute 18, 4
  13              		.file	"main.c"
  14              		.text
  15              	.Ltext0:
  16              		.cfi_sections	.debug_frame
  17              		.section	.text.MX_GPIO_Init,"ax",%progbits
  18              		.align	1
  19              		.syntax unified
  20              		.thumb
  21              		.thumb_func
  22              		.fpu fpv4-sp-d16
  24              	MX_GPIO_Init:
  25              	.LFB134:
  26              		.file 1 "Src/main.c"
   1:Src/main.c    **** /* USER CODE BEGIN Header */
   2:Src/main.c    **** /**
   3:Src/main.c    ****   ******************************************************************************
   4:Src/main.c    ****   * @file           : main.c
   5:Src/main.c    ****   * @brief          : Main program body
   6:Src/main.c    ****   ******************************************************************************
   7:Src/main.c    ****   * @attention
   8:Src/main.c    ****   *
   9:Src/main.c    ****   * <h2><center>&copy; Copyright (c) 2019 STMicroelectronics.
  10:Src/main.c    ****   * All rights reserved.</center></h2>
  11:Src/main.c    ****   *
  12:Src/main.c    ****   * This software component is licensed by ST under BSD 3-Clause license,
  13:Src/main.c    ****   * the "License"; You may not use this file except in compliance with the
  14:Src/main.c    ****   * License. You may obtain a copy of the License at:
  15:Src/main.c    ****   *                        opensource.org/licenses/BSD-3-Clause
  16:Src/main.c    ****   *
  17:Src/main.c    ****   ******************************************************************************
  18:Src/main.c    ****   */
  19:Src/main.c    **** /* USER CODE END Header */
  20:Src/main.c    **** 
  21:Src/main.c    **** /* Includes ------------------------------------------------------------------*/
  22:Src/main.c    **** #include "main.h"
  23:Src/main.c    **** 
  24:Src/main.c    **** /* Private includes ----------------------------------------------------------*/
  25:Src/main.c    **** /* USER CODE BEGIN Includes */
  26:Src/main.c    **** 
  27:Src/main.c    **** /* USER CODE END Includes */
  28:Src/main.c    **** 
  29:Src/main.c    **** /* Private typedef -----------------------------------------------------------*/
  30:Src/main.c    **** /* USER CODE BEGIN PTD */
  31:Src/main.c    **** 
  32:Src/main.c    **** /* USER CODE END PTD */
ARM GAS  /tmp/ccaR9XjK.s 			page 2


  33:Src/main.c    **** 
  34:Src/main.c    **** /* Private define ------------------------------------------------------------*/
  35:Src/main.c    **** /* USER CODE BEGIN PD */
  36:Src/main.c    **** 
  37:Src/main.c    **** /* USER CODE END PD */
  38:Src/main.c    **** 
  39:Src/main.c    **** /* Private macro -------------------------------------------------------------*/
  40:Src/main.c    **** /* USER CODE BEGIN PM */
  41:Src/main.c    **** 
  42:Src/main.c    **** /* USER CODE END PM */
  43:Src/main.c    **** 
  44:Src/main.c    **** /* Private variables ---------------------------------------------------------*/
  45:Src/main.c    **** SPI_HandleTypeDef hspi5;
  46:Src/main.c    **** 
  47:Src/main.c    **** UART_HandleTypeDef huart1;
  48:Src/main.c    **** 
  49:Src/main.c    **** /* USER CODE BEGIN PV */
  50:Src/main.c    **** 
  51:Src/main.c    **** /* USER CODE END PV */
  52:Src/main.c    **** 
  53:Src/main.c    **** /* Private function prototypes -----------------------------------------------*/
  54:Src/main.c    **** void SystemClock_Config(void);
  55:Src/main.c    **** static void MX_GPIO_Init(void);
  56:Src/main.c    **** static void MX_SPI5_Init(void);
  57:Src/main.c    **** static void MX_USART1_UART_Init(void);
  58:Src/main.c    **** /* USER CODE BEGIN PFP */
  59:Src/main.c    **** 
  60:Src/main.c    **** /* USER CODE END PFP */
  61:Src/main.c    **** 
  62:Src/main.c    **** /* Private user code ---------------------------------------------------------*/
  63:Src/main.c    **** /* USER CODE BEGIN 0 */
  64:Src/main.c    **** 
  65:Src/main.c    **** /* USER CODE END 0 */
  66:Src/main.c    **** 
  67:Src/main.c    **** /**
  68:Src/main.c    ****   * @brief  The application entry point.
  69:Src/main.c    ****   * @retval int
  70:Src/main.c    ****   */
  71:Src/main.c    **** int main(void)
  72:Src/main.c    **** {
  73:Src/main.c    ****   /* USER CODE BEGIN 1 */
  74:Src/main.c    **** 
  75:Src/main.c    ****   /* USER CODE END 1 */
  76:Src/main.c    ****   
  77:Src/main.c    **** 
  78:Src/main.c    ****   /* MCU Configuration--------------------------------------------------------*/
  79:Src/main.c    **** 
  80:Src/main.c    ****   /* Reset of all peripherals, Initializes the Flash interface and the Systick. */
  81:Src/main.c    ****   HAL_Init();
  82:Src/main.c    **** 
  83:Src/main.c    ****   /* USER CODE BEGIN Init */
  84:Src/main.c    **** 
  85:Src/main.c    ****   /* USER CODE END Init */
  86:Src/main.c    **** 
  87:Src/main.c    ****   /* Configure the system clock */
  88:Src/main.c    ****   SystemClock_Config();
  89:Src/main.c    **** 
ARM GAS  /tmp/ccaR9XjK.s 			page 3


  90:Src/main.c    ****   /* USER CODE BEGIN SysInit */
  91:Src/main.c    **** 
  92:Src/main.c    ****   /* USER CODE END SysInit */
  93:Src/main.c    **** 
  94:Src/main.c    ****   /* Initialize all configured peripherals */
  95:Src/main.c    ****   MX_GPIO_Init();
  96:Src/main.c    ****   MX_SPI5_Init();
  97:Src/main.c    ****   MX_USART1_UART_Init();
  98:Src/main.c    **** 
  99:Src/main.c    **** 
 100:Src/main.c    **** 
 101:Src/main.c    ****   while (1)
 102:Src/main.c    ****   {
 103:Src/main.c    ****     SPI_HandleTypeDef* hspi;
 104:Src/main.c    ****     hspi = &hspi5;
 105:Src/main.c    ****     if(!HAL_GPIO_ReadPin(GPIOF,GPIO_PIN_6) &&
 106:Src/main.c    ****        HAL_SPI_GetState(hspi) == HAL_SPI_STATE_READY){
 107:Src/main.c    ****       uint8_t data = 0xAB;
 108:Src/main.c    ****       HAL_SPI_Transmit(hspi, &data, 8, 20);
 109:Src/main.c    ****       HAL_GPIO_TogglePin(GPIOG, GPIO_PIN_0);
 110:Src/main.c    ****     }
 111:Src/main.c    ****   }
 112:Src/main.c    **** }
 113:Src/main.c    **** 
 114:Src/main.c    **** /**
 115:Src/main.c    ****   * @brief System Clock Configuration
 116:Src/main.c    ****   * @retval None
 117:Src/main.c    ****   */
 118:Src/main.c    **** void SystemClock_Config(void)
 119:Src/main.c    **** {
 120:Src/main.c    ****   RCC_OscInitTypeDef RCC_OscInitStruct = {0};
 121:Src/main.c    ****   RCC_ClkInitTypeDef RCC_ClkInitStruct = {0};
 122:Src/main.c    **** 
 123:Src/main.c    ****   /** Configure the main internal regulator output voltage 
 124:Src/main.c    ****   */
 125:Src/main.c    ****   __HAL_RCC_PWR_CLK_ENABLE();
 126:Src/main.c    ****   __HAL_PWR_VOLTAGESCALING_CONFIG(PWR_REGULATOR_VOLTAGE_SCALE3);
 127:Src/main.c    ****   /** Initializes the CPU, AHB and APB busses clocks 
 128:Src/main.c    ****   */
 129:Src/main.c    ****   RCC_OscInitStruct.OscillatorType = RCC_OSCILLATORTYPE_HSI;
 130:Src/main.c    ****   RCC_OscInitStruct.HSIState = RCC_HSI_ON;
 131:Src/main.c    ****   RCC_OscInitStruct.HSICalibrationValue = RCC_HSICALIBRATION_DEFAULT;
 132:Src/main.c    ****   RCC_OscInitStruct.PLL.PLLState = RCC_PLL_ON;
 133:Src/main.c    ****   RCC_OscInitStruct.PLL.PLLSource = RCC_PLLSOURCE_HSI;
 134:Src/main.c    ****   RCC_OscInitStruct.PLL.PLLM = 8;
 135:Src/main.c    ****   RCC_OscInitStruct.PLL.PLLN = 50;
 136:Src/main.c    ****   RCC_OscInitStruct.PLL.PLLP = RCC_PLLP_DIV4;
 137:Src/main.c    ****   RCC_OscInitStruct.PLL.PLLQ = 7;
 138:Src/main.c    ****   if (HAL_RCC_OscConfig(&RCC_OscInitStruct) != HAL_OK)
 139:Src/main.c    ****   {
 140:Src/main.c    ****     Error_Handler();
 141:Src/main.c    ****   }
 142:Src/main.c    ****   /** Initializes the CPU, AHB and APB busses clocks 
 143:Src/main.c    ****   */
 144:Src/main.c    ****   RCC_ClkInitStruct.ClockType = RCC_CLOCKTYPE_HCLK|RCC_CLOCKTYPE_SYSCLK
 145:Src/main.c    ****                               |RCC_CLOCKTYPE_PCLK1|RCC_CLOCKTYPE_PCLK2;
 146:Src/main.c    ****   RCC_ClkInitStruct.SYSCLKSource = RCC_SYSCLKSOURCE_PLLCLK;
ARM GAS  /tmp/ccaR9XjK.s 			page 4


 147:Src/main.c    ****   RCC_ClkInitStruct.AHBCLKDivider = RCC_SYSCLK_DIV1;
 148:Src/main.c    ****   RCC_ClkInitStruct.APB1CLKDivider = RCC_HCLK_DIV8;
 149:Src/main.c    ****   RCC_ClkInitStruct.APB2CLKDivider = RCC_HCLK_DIV4;
 150:Src/main.c    **** 
 151:Src/main.c    ****   if (HAL_RCC_ClockConfig(&RCC_ClkInitStruct, FLASH_LATENCY_0) != HAL_OK)
 152:Src/main.c    ****   {
 153:Src/main.c    ****     Error_Handler();
 154:Src/main.c    ****   }
 155:Src/main.c    **** }
 156:Src/main.c    **** 
 157:Src/main.c    **** /**
 158:Src/main.c    ****   * @brief SPI5 Initialization Function
 159:Src/main.c    ****   * @param None
 160:Src/main.c    ****   * @retval None
 161:Src/main.c    ****   */
 162:Src/main.c    **** static void MX_SPI5_Init(void)
 163:Src/main.c    **** {
 164:Src/main.c    **** 
 165:Src/main.c    ****   /* USER CODE BEGIN SPI5_Init 0 */
 166:Src/main.c    **** 
 167:Src/main.c    ****   /* USER CODE END SPI5_Init 0 */
 168:Src/main.c    **** 
 169:Src/main.c    ****   /* USER CODE BEGIN SPI5_Init 1 */
 170:Src/main.c    **** 
 171:Src/main.c    ****   /* USER CODE END SPI5_Init 1 */
 172:Src/main.c    ****   /* SPI5 parameter configuration*/
 173:Src/main.c    ****   hspi5.Instance = SPI5;
 174:Src/main.c    ****   hspi5.Init.Mode = SPI_MODE_SLAVE;
 175:Src/main.c    ****   hspi5.Init.Direction = SPI_DIRECTION_2LINES;
 176:Src/main.c    ****   hspi5.Init.DataSize = SPI_DATASIZE_8BIT;
 177:Src/main.c    ****   hspi5.Init.CLKPolarity = SPI_POLARITY_LOW;
 178:Src/main.c    ****   hspi5.Init.CLKPhase = SPI_PHASE_1EDGE;
 179:Src/main.c    ****   hspi5.Init.NSS = SPI_NSS_HARD_INPUT;
 180:Src/main.c    ****   hspi5.Init.FirstBit = SPI_FIRSTBIT_MSB;
 181:Src/main.c    ****   hspi5.Init.TIMode = SPI_TIMODE_DISABLE;
 182:Src/main.c    ****   hspi5.Init.CRCCalculation = SPI_CRCCALCULATION_DISABLE;
 183:Src/main.c    ****   hspi5.Init.CRCPolynomial = 10;
 184:Src/main.c    ****   if (HAL_SPI_Init(&hspi5) != HAL_OK)
 185:Src/main.c    ****   {
 186:Src/main.c    ****     Error_Handler();
 187:Src/main.c    ****   }
 188:Src/main.c    ****   /* USER CODE BEGIN SPI5_Init 2 */
 189:Src/main.c    **** 
 190:Src/main.c    ****   /* USER CODE END SPI5_Init 2 */
 191:Src/main.c    **** 
 192:Src/main.c    **** }
 193:Src/main.c    **** 
 194:Src/main.c    **** /**
 195:Src/main.c    ****   * @brief USART1 Initialization Function
 196:Src/main.c    ****   * @param None
 197:Src/main.c    ****   * @retval None
 198:Src/main.c    ****   */
 199:Src/main.c    **** static void MX_USART1_UART_Init(void)
 200:Src/main.c    **** {
 201:Src/main.c    **** 
 202:Src/main.c    ****   /* USER CODE BEGIN USART1_Init 0 */
 203:Src/main.c    **** 
ARM GAS  /tmp/ccaR9XjK.s 			page 5


 204:Src/main.c    ****   /* USER CODE END USART1_Init 0 */
 205:Src/main.c    **** 
 206:Src/main.c    ****   /* USER CODE BEGIN USART1_Init 1 */
 207:Src/main.c    **** 
 208:Src/main.c    ****   /* USER CODE END USART1_Init 1 */
 209:Src/main.c    ****   huart1.Instance = USART1;
 210:Src/main.c    ****   huart1.Init.BaudRate = 115200;
 211:Src/main.c    ****   huart1.Init.WordLength = UART_WORDLENGTH_8B;
 212:Src/main.c    ****   huart1.Init.StopBits = UART_STOPBITS_1;
 213:Src/main.c    ****   huart1.Init.Parity = UART_PARITY_NONE;
 214:Src/main.c    ****   huart1.Init.Mode = UART_MODE_TX_RX;
 215:Src/main.c    ****   huart1.Init.HwFlowCtl = UART_HWCONTROL_NONE;
 216:Src/main.c    ****   huart1.Init.OverSampling = UART_OVERSAMPLING_16;
 217:Src/main.c    ****   if (HAL_UART_Init(&huart1) != HAL_OK)
 218:Src/main.c    ****   {
 219:Src/main.c    ****     Error_Handler();
 220:Src/main.c    ****   }
 221:Src/main.c    ****   /* USER CODE BEGIN USART1_Init 2 */
 222:Src/main.c    **** 
 223:Src/main.c    ****   /* USER CODE END USART1_Init 2 */
 224:Src/main.c    **** 
 225:Src/main.c    **** }
 226:Src/main.c    **** 
 227:Src/main.c    **** /**
 228:Src/main.c    ****   * @brief GPIO Initialization Function
 229:Src/main.c    ****   * @param None
 230:Src/main.c    ****   * @retval None
 231:Src/main.c    ****   */
 232:Src/main.c    **** static void MX_GPIO_Init(void)
 233:Src/main.c    **** {
  27              		.loc 1 233 0
  28              		.cfi_startproc
  29              		@ args = 0, pretend = 0, frame = 56
  30              		@ frame_needed = 0, uses_anonymous_args = 0
  31 0000 2DE9F04F 		push	{r4, r5, r6, r7, r8, r9, r10, fp, lr}
  32              	.LCFI0:
  33              		.cfi_def_cfa_offset 36
  34              		.cfi_offset 4, -36
  35              		.cfi_offset 5, -32
  36              		.cfi_offset 6, -28
  37              		.cfi_offset 7, -24
  38              		.cfi_offset 8, -20
  39              		.cfi_offset 9, -16
  40              		.cfi_offset 10, -12
  41              		.cfi_offset 11, -8
  42              		.cfi_offset 14, -4
  43 0004 8FB0     		sub	sp, sp, #60
  44              	.LCFI1:
  45              		.cfi_def_cfa_offset 96
 234:Src/main.c    ****   GPIO_InitTypeDef GPIO_InitStruct = {0};
  46              		.loc 1 234 0
  47 0006 0024     		movs	r4, #0
  48 0008 0994     		str	r4, [sp, #36]
  49 000a 0A94     		str	r4, [sp, #40]
  50 000c 0B94     		str	r4, [sp, #44]
  51 000e 0C94     		str	r4, [sp, #48]
  52 0010 0D94     		str	r4, [sp, #52]
ARM GAS  /tmp/ccaR9XjK.s 			page 6


  53              	.LBB2:
 235:Src/main.c    **** 
 236:Src/main.c    ****   /* GPIO Ports Clock Enable */
 237:Src/main.c    ****   __HAL_RCC_GPIOC_CLK_ENABLE();
  54              		.loc 1 237 0
  55 0012 0194     		str	r4, [sp, #4]
  56 0014 AA4B     		ldr	r3, .L3
  57 0016 1A6B     		ldr	r2, [r3, #48]
  58 0018 42F00402 		orr	r2, r2, #4
  59 001c 1A63     		str	r2, [r3, #48]
  60 001e 1A6B     		ldr	r2, [r3, #48]
  61 0020 02F00402 		and	r2, r2, #4
  62 0024 0192     		str	r2, [sp, #4]
  63 0026 019A     		ldr	r2, [sp, #4]
  64              	.LBE2:
  65              	.LBB3:
 238:Src/main.c    ****   __HAL_RCC_GPIOF_CLK_ENABLE();
  66              		.loc 1 238 0
  67 0028 0294     		str	r4, [sp, #8]
  68 002a 1A6B     		ldr	r2, [r3, #48]
  69 002c 42F02002 		orr	r2, r2, #32
  70 0030 1A63     		str	r2, [r3, #48]
  71 0032 1A6B     		ldr	r2, [r3, #48]
  72 0034 02F02002 		and	r2, r2, #32
  73 0038 0292     		str	r2, [sp, #8]
  74 003a 029A     		ldr	r2, [sp, #8]
  75              	.LBE3:
  76              	.LBB4:
 239:Src/main.c    ****   __HAL_RCC_GPIOH_CLK_ENABLE();
  77              		.loc 1 239 0
  78 003c 0394     		str	r4, [sp, #12]
  79 003e 1A6B     		ldr	r2, [r3, #48]
  80 0040 42F08002 		orr	r2, r2, #128
  81 0044 1A63     		str	r2, [r3, #48]
  82 0046 1A6B     		ldr	r2, [r3, #48]
  83 0048 02F08002 		and	r2, r2, #128
  84 004c 0392     		str	r2, [sp, #12]
  85 004e 039A     		ldr	r2, [sp, #12]
  86              	.LBE4:
  87              	.LBB5:
 240:Src/main.c    ****   __HAL_RCC_GPIOA_CLK_ENABLE();
  88              		.loc 1 240 0
  89 0050 0494     		str	r4, [sp, #16]
  90 0052 1A6B     		ldr	r2, [r3, #48]
  91 0054 42F00102 		orr	r2, r2, #1
  92 0058 1A63     		str	r2, [r3, #48]
  93 005a 1A6B     		ldr	r2, [r3, #48]
  94 005c 02F00102 		and	r2, r2, #1
  95 0060 0492     		str	r2, [sp, #16]
  96 0062 049A     		ldr	r2, [sp, #16]
  97              	.LBE5:
  98              	.LBB6:
 241:Src/main.c    ****   __HAL_RCC_GPIOB_CLK_ENABLE();
  99              		.loc 1 241 0
 100 0064 0594     		str	r4, [sp, #20]
 101 0066 1A6B     		ldr	r2, [r3, #48]
 102 0068 42F00202 		orr	r2, r2, #2
ARM GAS  /tmp/ccaR9XjK.s 			page 7


 103 006c 1A63     		str	r2, [r3, #48]
 104 006e 1A6B     		ldr	r2, [r3, #48]
 105 0070 02F00202 		and	r2, r2, #2
 106 0074 0592     		str	r2, [sp, #20]
 107 0076 059A     		ldr	r2, [sp, #20]
 108              	.LBE6:
 109              	.LBB7:
 242:Src/main.c    ****   __HAL_RCC_GPIOG_CLK_ENABLE();
 110              		.loc 1 242 0
 111 0078 0694     		str	r4, [sp, #24]
 112 007a 1A6B     		ldr	r2, [r3, #48]
 113 007c 42F04002 		orr	r2, r2, #64
 114 0080 1A63     		str	r2, [r3, #48]
 115 0082 1A6B     		ldr	r2, [r3, #48]
 116 0084 02F04002 		and	r2, r2, #64
 117 0088 0692     		str	r2, [sp, #24]
 118 008a 069A     		ldr	r2, [sp, #24]
 119              	.LBE7:
 120              	.LBB8:
 243:Src/main.c    ****   __HAL_RCC_GPIOE_CLK_ENABLE();
 121              		.loc 1 243 0
 122 008c 0794     		str	r4, [sp, #28]
 123 008e 1A6B     		ldr	r2, [r3, #48]
 124 0090 42F01002 		orr	r2, r2, #16
 125 0094 1A63     		str	r2, [r3, #48]
 126 0096 1A6B     		ldr	r2, [r3, #48]
 127 0098 02F01002 		and	r2, r2, #16
 128 009c 0792     		str	r2, [sp, #28]
 129 009e 079A     		ldr	r2, [sp, #28]
 130              	.LBE8:
 131              	.LBB9:
 244:Src/main.c    ****   __HAL_RCC_GPIOD_CLK_ENABLE();
 132              		.loc 1 244 0
 133 00a0 0894     		str	r4, [sp, #32]
 134 00a2 1A6B     		ldr	r2, [r3, #48]
 135 00a4 42F00802 		orr	r2, r2, #8
 136 00a8 1A63     		str	r2, [r3, #48]
 137 00aa 1B6B     		ldr	r3, [r3, #48]
 138 00ac 03F00803 		and	r3, r3, #8
 139 00b0 0893     		str	r3, [sp, #32]
 140 00b2 089B     		ldr	r3, [sp, #32]
 141              	.LBE9:
 245:Src/main.c    **** 
 246:Src/main.c    ****   /*Configure GPIO pin Output Level */
 247:Src/main.c    ****   HAL_GPIO_WritePin(GPIOC, NCS_MEMS_SPI_Pin|CSX_Pin|OTG_FS_PSO_Pin, GPIO_PIN_RESET);
 142              		.loc 1 247 0
 143 00b4 2246     		mov	r2, r4
 144 00b6 1621     		movs	r1, #22
 145 00b8 8248     		ldr	r0, .L3+4
 146 00ba FFF7FEFF 		bl	HAL_GPIO_WritePin
 147              	.LVL0:
 248:Src/main.c    **** 
 249:Src/main.c    ****   /*Configure GPIO pin Output Level */
 250:Src/main.c    ****   HAL_GPIO_WritePin(ACP_RST_GPIO_Port, ACP_RST_Pin, GPIO_PIN_RESET);
 148              		.loc 1 250 0
 149 00be 2246     		mov	r2, r4
 150 00c0 8021     		movs	r1, #128
ARM GAS  /tmp/ccaR9XjK.s 			page 8


 151 00c2 8148     		ldr	r0, .L3+8
 152 00c4 FFF7FEFF 		bl	HAL_GPIO_WritePin
 153              	.LVL1:
 251:Src/main.c    **** 
 252:Src/main.c    ****   /*Configure GPIO pin Output Level */
 253:Src/main.c    ****   HAL_GPIO_WritePin(GPIOF, GPIO_PIN_13|GPIO_PIN_14|GPIO_PIN_15, GPIO_PIN_RESET);
 154              		.loc 1 253 0
 155 00c8 DFF810A2 		ldr	r10, .L3+28
 156 00cc 2246     		mov	r2, r4
 157 00ce 4FF46041 		mov	r1, #57344
 158 00d2 5046     		mov	r0, r10
 159 00d4 FFF7FEFF 		bl	HAL_GPIO_WritePin
 160              	.LVL2:
 254:Src/main.c    **** 
 255:Src/main.c    ****   /*Configure GPIO pin Output Level */
 256:Src/main.c    ****   HAL_GPIO_WritePin(GPIOG, GPIO_PIN_0|GPIO_PIN_1|LD3_Pin|LD4_Pin, GPIO_PIN_RESET);
 161              		.loc 1 256 0
 162 00d8 2246     		mov	r2, r4
 163 00da 46F20301 		movw	r1, #24579
 164 00de 7B48     		ldr	r0, .L3+12
 165 00e0 FFF7FEFF 		bl	HAL_GPIO_WritePin
 166              	.LVL3:
 257:Src/main.c    **** 
 258:Src/main.c    ****   /*Configure GPIO pin Output Level */
 259:Src/main.c    ****   HAL_GPIO_WritePin(GPIOE, GPIO_PIN_7|GPIO_PIN_8|GPIO_PIN_9|GPIO_PIN_10 
 167              		.loc 1 259 0
 168 00e4 2246     		mov	r2, r4
 169 00e6 4FF68071 		movw	r1, #65408
 170 00ea 7948     		ldr	r0, .L3+16
 171 00ec FFF7FEFF 		bl	HAL_GPIO_WritePin
 172              	.LVL4:
 260:Src/main.c    ****                           |GPIO_PIN_11|GPIO_PIN_12|GPIO_PIN_13|GPIO_PIN_14 
 261:Src/main.c    ****                           |GPIO_PIN_15, GPIO_PIN_RESET);
 262:Src/main.c    **** 
 263:Src/main.c    ****   /*Configure GPIO pin Output Level */
 264:Src/main.c    ****   HAL_GPIO_WritePin(GPIOD, RDX_Pin|WRX_DCX_Pin, GPIO_PIN_RESET);
 173              		.loc 1 264 0
 174 00f0 2246     		mov	r2, r4
 175 00f2 4FF44051 		mov	r1, #12288
 176 00f6 7748     		ldr	r0, .L3+20
 177 00f8 FFF7FEFF 		bl	HAL_GPIO_WritePin
 178              	.LVL5:
 265:Src/main.c    **** 
 266:Src/main.c    ****   /*Configure GPIO pins : A0_Pin A1_Pin A2_Pin A3_Pin 
 267:Src/main.c    ****                            A4_Pin A5_Pin SDNRAS_Pin A6_Pin */
 268:Src/main.c    ****   GPIO_InitStruct.Pin = A0_Pin|A1_Pin|A2_Pin|A3_Pin 
 179              		.loc 1 268 0
 180 00fc 41F63F03 		movw	r3, #6207
 181 0100 0993     		str	r3, [sp, #36]
 269:Src/main.c    ****                           |A4_Pin|A5_Pin|SDNRAS_Pin|A6_Pin;
 270:Src/main.c    ****   GPIO_InitStruct.Mode = GPIO_MODE_AF_PP;
 182              		.loc 1 270 0
 183 0102 0225     		movs	r5, #2
 184 0104 0A95     		str	r5, [sp, #40]
 271:Src/main.c    ****   GPIO_InitStruct.Pull = GPIO_NOPULL;
 185              		.loc 1 271 0
 186 0106 0B94     		str	r4, [sp, #44]
ARM GAS  /tmp/ccaR9XjK.s 			page 9


 272:Src/main.c    ****   GPIO_InitStruct.Speed = GPIO_SPEED_FREQ_VERY_HIGH;
 187              		.loc 1 272 0
 188 0108 0327     		movs	r7, #3
 189 010a 0C97     		str	r7, [sp, #48]
 273:Src/main.c    ****   GPIO_InitStruct.Alternate = GPIO_AF12_FMC;
 190              		.loc 1 273 0
 191 010c 4FF00C08 		mov	r8, #12
 192 0110 CDF83480 		str	r8, [sp, #52]
 274:Src/main.c    ****   HAL_GPIO_Init(GPIOF, &GPIO_InitStruct);
 193              		.loc 1 274 0
 194 0114 09A9     		add	r1, sp, #36
 195 0116 5046     		mov	r0, r10
 196 0118 FFF7FEFF 		bl	HAL_GPIO_Init
 197              	.LVL6:
 275:Src/main.c    **** 
 276:Src/main.c    ****   /*Configure GPIO pin : ENABLE_Pin */
 277:Src/main.c    ****   GPIO_InitStruct.Pin = ENABLE_Pin;
 198              		.loc 1 277 0
 199 011c 4FF48063 		mov	r3, #1024
 200 0120 0993     		str	r3, [sp, #36]
 278:Src/main.c    ****   GPIO_InitStruct.Mode = GPIO_MODE_AF_PP;
 201              		.loc 1 278 0
 202 0122 0A95     		str	r5, [sp, #40]
 279:Src/main.c    ****   GPIO_InitStruct.Pull = GPIO_NOPULL;
 203              		.loc 1 279 0
 204 0124 0B94     		str	r4, [sp, #44]
 280:Src/main.c    ****   GPIO_InitStruct.Speed = GPIO_SPEED_FREQ_LOW;
 205              		.loc 1 280 0
 206 0126 0C94     		str	r4, [sp, #48]
 281:Src/main.c    ****   GPIO_InitStruct.Alternate = GPIO_AF14_LTDC;
 207              		.loc 1 281 0
 208 0128 4FF00E09 		mov	r9, #14
 209 012c CDF83490 		str	r9, [sp, #52]
 282:Src/main.c    ****   HAL_GPIO_Init(ENABLE_GPIO_Port, &GPIO_InitStruct);
 210              		.loc 1 282 0
 211 0130 09A9     		add	r1, sp, #36
 212 0132 5046     		mov	r0, r10
 213 0134 FFF7FEFF 		bl	HAL_GPIO_Init
 214              	.LVL7:
 283:Src/main.c    **** 
 284:Src/main.c    ****   /*Configure GPIO pin : SDNWE_Pin */
 285:Src/main.c    ****   GPIO_InitStruct.Pin = SDNWE_Pin;
 215              		.loc 1 285 0
 216 0138 0126     		movs	r6, #1
 217 013a 0996     		str	r6, [sp, #36]
 286:Src/main.c    ****   GPIO_InitStruct.Mode = GPIO_MODE_AF_PP;
 218              		.loc 1 286 0
 219 013c 0A95     		str	r5, [sp, #40]
 287:Src/main.c    ****   GPIO_InitStruct.Pull = GPIO_NOPULL;
 220              		.loc 1 287 0
 221 013e 0B94     		str	r4, [sp, #44]
 288:Src/main.c    ****   GPIO_InitStruct.Speed = GPIO_SPEED_FREQ_VERY_HIGH;
 222              		.loc 1 288 0
 223 0140 0C97     		str	r7, [sp, #48]
 289:Src/main.c    ****   GPIO_InitStruct.Alternate = GPIO_AF12_FMC;
 224              		.loc 1 289 0
 225 0142 CDF83480 		str	r8, [sp, #52]
ARM GAS  /tmp/ccaR9XjK.s 			page 10


 290:Src/main.c    ****   HAL_GPIO_Init(SDNWE_GPIO_Port, &GPIO_InitStruct);
 226              		.loc 1 290 0
 227 0146 09A9     		add	r1, sp, #36
 228 0148 5E48     		ldr	r0, .L3+4
 229 014a FFF7FEFF 		bl	HAL_GPIO_Init
 230              	.LVL8:
 291:Src/main.c    **** 
 292:Src/main.c    ****   /*Configure GPIO pins : NCS_MEMS_SPI_Pin CSX_Pin OTG_FS_PSO_Pin */
 293:Src/main.c    ****   GPIO_InitStruct.Pin = NCS_MEMS_SPI_Pin|CSX_Pin|OTG_FS_PSO_Pin;
 231              		.loc 1 293 0
 232 014e 1623     		movs	r3, #22
 233 0150 0993     		str	r3, [sp, #36]
 294:Src/main.c    ****   GPIO_InitStruct.Mode = GPIO_MODE_OUTPUT_PP;
 234              		.loc 1 294 0
 235 0152 0A96     		str	r6, [sp, #40]
 295:Src/main.c    ****   GPIO_InitStruct.Pull = GPIO_NOPULL;
 236              		.loc 1 295 0
 237 0154 0B94     		str	r4, [sp, #44]
 296:Src/main.c    ****   GPIO_InitStruct.Speed = GPIO_SPEED_FREQ_LOW;
 238              		.loc 1 296 0
 239 0156 0C94     		str	r4, [sp, #48]
 297:Src/main.c    ****   HAL_GPIO_Init(GPIOC, &GPIO_InitStruct);
 240              		.loc 1 297 0
 241 0158 09A9     		add	r1, sp, #36
 242 015a 5A48     		ldr	r0, .L3+4
 243 015c FFF7FEFF 		bl	HAL_GPIO_Init
 244              	.LVL9:
 298:Src/main.c    **** 
 299:Src/main.c    ****   /*Configure GPIO pins : B1_Pin MEMS_INT1_Pin MEMS_INT2_Pin TP_INT1_Pin */
 300:Src/main.c    ****   GPIO_InitStruct.Pin = B1_Pin|MEMS_INT1_Pin|MEMS_INT2_Pin|TP_INT1_Pin;
 245              		.loc 1 300 0
 246 0160 48F20703 		movw	r3, #32775
 247 0164 0993     		str	r3, [sp, #36]
 301:Src/main.c    ****   GPIO_InitStruct.Mode = GPIO_MODE_EVT_RISING;
 248              		.loc 1 301 0
 249 0166 DFF878B1 		ldr	fp, .L3+32
 250 016a CDF828B0 		str	fp, [sp, #40]
 302:Src/main.c    ****   GPIO_InitStruct.Pull = GPIO_NOPULL;
 251              		.loc 1 302 0
 252 016e 0B94     		str	r4, [sp, #44]
 303:Src/main.c    ****   HAL_GPIO_Init(GPIOA, &GPIO_InitStruct);
 253              		.loc 1 303 0
 254 0170 09A9     		add	r1, sp, #36
 255 0172 5548     		ldr	r0, .L3+8
 256 0174 FFF7FEFF 		bl	HAL_GPIO_Init
 257              	.LVL10:
 304:Src/main.c    **** 
 305:Src/main.c    ****   /*Configure GPIO pins : B5_Pin VSYNC_Pin G2_Pin R4_Pin 
 306:Src/main.c    ****                            R5_Pin */
 307:Src/main.c    ****   GPIO_InitStruct.Pin = B5_Pin|VSYNC_Pin|G2_Pin|R4_Pin 
 258              		.loc 1 307 0
 259 0178 41F65803 		movw	r3, #6232
 260 017c 0993     		str	r3, [sp, #36]
 308:Src/main.c    ****                           |R5_Pin;
 309:Src/main.c    ****   GPIO_InitStruct.Mode = GPIO_MODE_AF_PP;
 261              		.loc 1 309 0
 262 017e 0A95     		str	r5, [sp, #40]
ARM GAS  /tmp/ccaR9XjK.s 			page 11


 310:Src/main.c    ****   GPIO_InitStruct.Pull = GPIO_NOPULL;
 263              		.loc 1 310 0
 264 0180 0B94     		str	r4, [sp, #44]
 311:Src/main.c    ****   GPIO_InitStruct.Speed = GPIO_SPEED_FREQ_LOW;
 265              		.loc 1 311 0
 266 0182 0C94     		str	r4, [sp, #48]
 312:Src/main.c    ****   GPIO_InitStruct.Alternate = GPIO_AF14_LTDC;
 267              		.loc 1 312 0
 268 0184 CDF83490 		str	r9, [sp, #52]
 313:Src/main.c    ****   HAL_GPIO_Init(GPIOA, &GPIO_InitStruct);
 269              		.loc 1 313 0
 270 0188 09A9     		add	r1, sp, #36
 271 018a 4F48     		ldr	r0, .L3+8
 272 018c FFF7FEFF 		bl	HAL_GPIO_Init
 273              	.LVL11:
 314:Src/main.c    **** 
 315:Src/main.c    ****   /*Configure GPIO pin : ACP_RST_Pin */
 316:Src/main.c    ****   GPIO_InitStruct.Pin = ACP_RST_Pin;
 274              		.loc 1 316 0
 275 0190 8023     		movs	r3, #128
 276 0192 0993     		str	r3, [sp, #36]
 317:Src/main.c    ****   GPIO_InitStruct.Mode = GPIO_MODE_OUTPUT_PP;
 277              		.loc 1 317 0
 278 0194 0A96     		str	r6, [sp, #40]
 318:Src/main.c    ****   GPIO_InitStruct.Pull = GPIO_NOPULL;
 279              		.loc 1 318 0
 280 0196 0B94     		str	r4, [sp, #44]
 319:Src/main.c    ****   GPIO_InitStruct.Speed = GPIO_SPEED_FREQ_LOW;
 281              		.loc 1 319 0
 282 0198 0C94     		str	r4, [sp, #48]
 320:Src/main.c    ****   HAL_GPIO_Init(ACP_RST_GPIO_Port, &GPIO_InitStruct);
 283              		.loc 1 320 0
 284 019a 09A9     		add	r1, sp, #36
 285 019c 4A48     		ldr	r0, .L3+8
 286 019e FFF7FEFF 		bl	HAL_GPIO_Init
 287              	.LVL12:
 321:Src/main.c    **** 
 322:Src/main.c    ****   /*Configure GPIO pin : OTG_FS_OC_Pin */
 323:Src/main.c    ****   GPIO_InitStruct.Pin = OTG_FS_OC_Pin;
 288              		.loc 1 323 0
 289 01a2 2023     		movs	r3, #32
 290 01a4 0993     		str	r3, [sp, #36]
 324:Src/main.c    ****   GPIO_InitStruct.Mode = GPIO_MODE_EVT_RISING;
 291              		.loc 1 324 0
 292 01a6 CDF828B0 		str	fp, [sp, #40]
 325:Src/main.c    ****   GPIO_InitStruct.Pull = GPIO_NOPULL;
 293              		.loc 1 325 0
 294 01aa 0B94     		str	r4, [sp, #44]
 326:Src/main.c    ****   HAL_GPIO_Init(OTG_FS_OC_GPIO_Port, &GPIO_InitStruct);
 295              		.loc 1 326 0
 296 01ac 09A9     		add	r1, sp, #36
 297 01ae 4548     		ldr	r0, .L3+4
 298 01b0 FFF7FEFF 		bl	HAL_GPIO_Init
 299              	.LVL13:
 327:Src/main.c    **** 
 328:Src/main.c    ****   /*Configure GPIO pins : R3_Pin R6_Pin */
 329:Src/main.c    ****   GPIO_InitStruct.Pin = R3_Pin|R6_Pin;
ARM GAS  /tmp/ccaR9XjK.s 			page 12


 300              		.loc 1 329 0
 301 01b4 0997     		str	r7, [sp, #36]
 330:Src/main.c    ****   GPIO_InitStruct.Mode = GPIO_MODE_AF_PP;
 302              		.loc 1 330 0
 303 01b6 0A95     		str	r5, [sp, #40]
 331:Src/main.c    ****   GPIO_InitStruct.Pull = GPIO_NOPULL;
 304              		.loc 1 331 0
 305 01b8 0B94     		str	r4, [sp, #44]
 332:Src/main.c    ****   GPIO_InitStruct.Speed = GPIO_SPEED_FREQ_LOW;
 306              		.loc 1 332 0
 307 01ba 0C94     		str	r4, [sp, #48]
 333:Src/main.c    ****   GPIO_InitStruct.Alternate = GPIO_AF9_LTDC;
 308              		.loc 1 333 0
 309 01bc 0923     		movs	r3, #9
 310 01be 0D93     		str	r3, [sp, #52]
 334:Src/main.c    ****   HAL_GPIO_Init(GPIOB, &GPIO_InitStruct);
 311              		.loc 1 334 0
 312 01c0 09A9     		add	r1, sp, #36
 313 01c2 4548     		ldr	r0, .L3+24
 314 01c4 FFF7FEFF 		bl	HAL_GPIO_Init
 315              	.LVL14:
 335:Src/main.c    **** 
 336:Src/main.c    ****   /*Configure GPIO pin : BOOT1_Pin */
 337:Src/main.c    ****   GPIO_InitStruct.Pin = BOOT1_Pin;
 316              		.loc 1 337 0
 317 01c8 4FF0040B 		mov	fp, #4
 318 01cc CDF824B0 		str	fp, [sp, #36]
 338:Src/main.c    ****   GPIO_InitStruct.Mode = GPIO_MODE_INPUT;
 319              		.loc 1 338 0
 320 01d0 0A94     		str	r4, [sp, #40]
 339:Src/main.c    ****   GPIO_InitStruct.Pull = GPIO_NOPULL;
 321              		.loc 1 339 0
 322 01d2 0B94     		str	r4, [sp, #44]
 340:Src/main.c    ****   HAL_GPIO_Init(BOOT1_GPIO_Port, &GPIO_InitStruct);
 323              		.loc 1 340 0
 324 01d4 09A9     		add	r1, sp, #36
 325 01d6 4048     		ldr	r0, .L3+24
 326 01d8 FFF7FEFF 		bl	HAL_GPIO_Init
 327              	.LVL15:
 341:Src/main.c    **** 
 342:Src/main.c    ****   /*Configure GPIO pins : PF13 PF14 PF15 */
 343:Src/main.c    ****   GPIO_InitStruct.Pin = GPIO_PIN_13|GPIO_PIN_14|GPIO_PIN_15;
 328              		.loc 1 343 0
 329 01dc 4FF46043 		mov	r3, #57344
 330 01e0 0993     		str	r3, [sp, #36]
 344:Src/main.c    ****   GPIO_InitStruct.Mode = GPIO_MODE_OUTPUT_PP;
 331              		.loc 1 344 0
 332 01e2 0A96     		str	r6, [sp, #40]
 345:Src/main.c    ****   GPIO_InitStruct.Pull = GPIO_NOPULL;
 333              		.loc 1 345 0
 334 01e4 0B94     		str	r4, [sp, #44]
 346:Src/main.c    ****   GPIO_InitStruct.Speed = GPIO_SPEED_FREQ_LOW;
 335              		.loc 1 346 0
 336 01e6 0C94     		str	r4, [sp, #48]
 347:Src/main.c    ****   HAL_GPIO_Init(GPIOF, &GPIO_InitStruct);
 337              		.loc 1 347 0
 338 01e8 09A9     		add	r1, sp, #36
ARM GAS  /tmp/ccaR9XjK.s 			page 13


 339 01ea 5046     		mov	r0, r10
 340 01ec FFF7FEFF 		bl	HAL_GPIO_Init
 341              	.LVL16:
 348:Src/main.c    **** 
 349:Src/main.c    ****   /*Configure GPIO pins : PG0 PG1 LD3_Pin LD4_Pin */
 350:Src/main.c    ****   GPIO_InitStruct.Pin = GPIO_PIN_0|GPIO_PIN_1|LD3_Pin|LD4_Pin;
 342              		.loc 1 350 0
 343 01f0 46F20303 		movw	r3, #24579
 344 01f4 0993     		str	r3, [sp, #36]
 351:Src/main.c    ****   GPIO_InitStruct.Mode = GPIO_MODE_OUTPUT_PP;
 345              		.loc 1 351 0
 346 01f6 0A96     		str	r6, [sp, #40]
 352:Src/main.c    ****   GPIO_InitStruct.Pull = GPIO_NOPULL;
 347              		.loc 1 352 0
 348 01f8 0B94     		str	r4, [sp, #44]
 353:Src/main.c    ****   GPIO_InitStruct.Speed = GPIO_SPEED_FREQ_LOW;
 349              		.loc 1 353 0
 350 01fa 0C94     		str	r4, [sp, #48]
 354:Src/main.c    ****   HAL_GPIO_Init(GPIOG, &GPIO_InitStruct);
 351              		.loc 1 354 0
 352 01fc 09A9     		add	r1, sp, #36
 353 01fe 3348     		ldr	r0, .L3+12
 354 0200 FFF7FEFF 		bl	HAL_GPIO_Init
 355              	.LVL17:
 355:Src/main.c    **** 
 356:Src/main.c    ****   /*Configure GPIO pins : PE7 PE8 PE9 PE10 
 357:Src/main.c    ****                            PE11 PE12 PE13 PE14 
 358:Src/main.c    ****                            PE15 */
 359:Src/main.c    ****   GPIO_InitStruct.Pin = GPIO_PIN_7|GPIO_PIN_8|GPIO_PIN_9|GPIO_PIN_10 
 356              		.loc 1 359 0
 357 0204 4FF68073 		movw	r3, #65408
 358 0208 0993     		str	r3, [sp, #36]
 360:Src/main.c    ****                           |GPIO_PIN_11|GPIO_PIN_12|GPIO_PIN_13|GPIO_PIN_14 
 361:Src/main.c    ****                           |GPIO_PIN_15;
 362:Src/main.c    ****   GPIO_InitStruct.Mode = GPIO_MODE_OUTPUT_PP;
 359              		.loc 1 362 0
 360 020a 0A96     		str	r6, [sp, #40]
 363:Src/main.c    ****   GPIO_InitStruct.Pull = GPIO_NOPULL;
 361              		.loc 1 363 0
 362 020c 0B94     		str	r4, [sp, #44]
 364:Src/main.c    ****   GPIO_InitStruct.Speed = GPIO_SPEED_FREQ_LOW;
 363              		.loc 1 364 0
 364 020e 0C94     		str	r4, [sp, #48]
 365:Src/main.c    ****   HAL_GPIO_Init(GPIOE, &GPIO_InitStruct);
 365              		.loc 1 365 0
 366 0210 09A9     		add	r1, sp, #36
 367 0212 2F48     		ldr	r0, .L3+16
 368 0214 FFF7FEFF 		bl	HAL_GPIO_Init
 369              	.LVL18:
 366:Src/main.c    **** 
 367:Src/main.c    ****   /*Configure GPIO pins : G4_Pin G5_Pin B6_Pin B7_Pin */
 368:Src/main.c    ****   GPIO_InitStruct.Pin = G4_Pin|G5_Pin|B6_Pin|B7_Pin;
 370              		.loc 1 368 0
 371 0218 4FF47063 		mov	r3, #3840
 372 021c 0993     		str	r3, [sp, #36]
 369:Src/main.c    ****   GPIO_InitStruct.Mode = GPIO_MODE_AF_PP;
 373              		.loc 1 369 0
ARM GAS  /tmp/ccaR9XjK.s 			page 14


 374 021e 0A95     		str	r5, [sp, #40]
 370:Src/main.c    ****   GPIO_InitStruct.Pull = GPIO_NOPULL;
 375              		.loc 1 370 0
 376 0220 0B94     		str	r4, [sp, #44]
 371:Src/main.c    ****   GPIO_InitStruct.Speed = GPIO_SPEED_FREQ_LOW;
 377              		.loc 1 371 0
 378 0222 0C94     		str	r4, [sp, #48]
 372:Src/main.c    ****   GPIO_InitStruct.Alternate = GPIO_AF14_LTDC;
 379              		.loc 1 372 0
 380 0224 CDF83490 		str	r9, [sp, #52]
 373:Src/main.c    ****   HAL_GPIO_Init(GPIOB, &GPIO_InitStruct);
 381              		.loc 1 373 0
 382 0228 09A9     		add	r1, sp, #36
 383 022a 2B48     		ldr	r0, .L3+24
 384 022c FFF7FEFF 		bl	HAL_GPIO_Init
 385              	.LVL19:
 374:Src/main.c    **** 
 375:Src/main.c    ****   /*Configure GPIO pins : OTG_HS_ID_Pin OTG_HS_DM_Pin OTG_HS_DP_Pin */
 376:Src/main.c    ****   GPIO_InitStruct.Pin = OTG_HS_ID_Pin|OTG_HS_DM_Pin|OTG_HS_DP_Pin;
 386              		.loc 1 376 0
 387 0230 4FF45043 		mov	r3, #53248
 388 0234 0993     		str	r3, [sp, #36]
 377:Src/main.c    ****   GPIO_InitStruct.Mode = GPIO_MODE_AF_PP;
 389              		.loc 1 377 0
 390 0236 0A95     		str	r5, [sp, #40]
 378:Src/main.c    ****   GPIO_InitStruct.Pull = GPIO_NOPULL;
 391              		.loc 1 378 0
 392 0238 0B94     		str	r4, [sp, #44]
 379:Src/main.c    ****   GPIO_InitStruct.Speed = GPIO_SPEED_FREQ_LOW;
 393              		.loc 1 379 0
 394 023a 0C94     		str	r4, [sp, #48]
 380:Src/main.c    ****   GPIO_InitStruct.Alternate = GPIO_AF12_OTG_HS_FS;
 395              		.loc 1 380 0
 396 023c CDF83480 		str	r8, [sp, #52]
 381:Src/main.c    ****   HAL_GPIO_Init(GPIOB, &GPIO_InitStruct);
 397              		.loc 1 381 0
 398 0240 09A9     		add	r1, sp, #36
 399 0242 2548     		ldr	r0, .L3+24
 400 0244 FFF7FEFF 		bl	HAL_GPIO_Init
 401              	.LVL20:
 382:Src/main.c    **** 
 383:Src/main.c    ****   /*Configure GPIO pin : VBUS_HS_Pin */
 384:Src/main.c    ****   GPIO_InitStruct.Pin = VBUS_HS_Pin;
 402              		.loc 1 384 0
 403 0248 4FF40053 		mov	r3, #8192
 404 024c 0993     		str	r3, [sp, #36]
 385:Src/main.c    ****   GPIO_InitStruct.Mode = GPIO_MODE_INPUT;
 405              		.loc 1 385 0
 406 024e 0A94     		str	r4, [sp, #40]
 386:Src/main.c    ****   GPIO_InitStruct.Pull = GPIO_NOPULL;
 407              		.loc 1 386 0
 408 0250 0B94     		str	r4, [sp, #44]
 387:Src/main.c    ****   HAL_GPIO_Init(VBUS_HS_GPIO_Port, &GPIO_InitStruct);
 409              		.loc 1 387 0
 410 0252 09A9     		add	r1, sp, #36
 411 0254 2048     		ldr	r0, .L3+24
 412 0256 FFF7FEFF 		bl	HAL_GPIO_Init
ARM GAS  /tmp/ccaR9XjK.s 			page 15


 413              	.LVL21:
 388:Src/main.c    **** 
 389:Src/main.c    ****   /*Configure GPIO pins : D13_Pin D14_Pin D15_Pin D0_Pin 
 390:Src/main.c    ****                            D1_Pin D2_Pin D3_Pin */
 391:Src/main.c    ****   GPIO_InitStruct.Pin = D13_Pin|D14_Pin|D15_Pin|D0_Pin 
 414              		.loc 1 391 0
 415 025a 4CF20373 		movw	r3, #50947
 416 025e 0993     		str	r3, [sp, #36]
 392:Src/main.c    ****                           |D1_Pin|D2_Pin|D3_Pin;
 393:Src/main.c    ****   GPIO_InitStruct.Mode = GPIO_MODE_AF_PP;
 417              		.loc 1 393 0
 418 0260 0A95     		str	r5, [sp, #40]
 394:Src/main.c    ****   GPIO_InitStruct.Pull = GPIO_NOPULL;
 419              		.loc 1 394 0
 420 0262 0B94     		str	r4, [sp, #44]
 395:Src/main.c    ****   GPIO_InitStruct.Speed = GPIO_SPEED_FREQ_VERY_HIGH;
 421              		.loc 1 395 0
 422 0264 0C97     		str	r7, [sp, #48]
 396:Src/main.c    ****   GPIO_InitStruct.Alternate = GPIO_AF12_FMC;
 423              		.loc 1 396 0
 424 0266 CDF83480 		str	r8, [sp, #52]
 397:Src/main.c    ****   HAL_GPIO_Init(GPIOD, &GPIO_InitStruct);
 425              		.loc 1 397 0
 426 026a 09A9     		add	r1, sp, #36
 427 026c 1948     		ldr	r0, .L3+20
 428 026e FFF7FEFF 		bl	HAL_GPIO_Init
 429              	.LVL22:
 398:Src/main.c    **** 
 399:Src/main.c    ****   /*Configure GPIO pin : TE_Pin */
 400:Src/main.c    ****   GPIO_InitStruct.Pin = TE_Pin;
 430              		.loc 1 400 0
 431 0272 4FF40063 		mov	r3, #2048
 432 0276 0993     		str	r3, [sp, #36]
 401:Src/main.c    ****   GPIO_InitStruct.Mode = GPIO_MODE_INPUT;
 433              		.loc 1 401 0
 434 0278 0A94     		str	r4, [sp, #40]
 402:Src/main.c    ****   GPIO_InitStruct.Pull = GPIO_NOPULL;
 435              		.loc 1 402 0
 436 027a 0B94     		str	r4, [sp, #44]
 403:Src/main.c    ****   HAL_GPIO_Init(TE_GPIO_Port, &GPIO_InitStruct);
 437              		.loc 1 403 0
 438 027c 09A9     		add	r1, sp, #36
 439 027e 1548     		ldr	r0, .L3+20
 440 0280 FFF7FEFF 		bl	HAL_GPIO_Init
 441              	.LVL23:
 404:Src/main.c    **** 
 405:Src/main.c    ****   /*Configure GPIO pins : RDX_Pin WRX_DCX_Pin */
 406:Src/main.c    ****   GPIO_InitStruct.Pin = RDX_Pin|WRX_DCX_Pin;
 442              		.loc 1 406 0
 443 0284 4FF44053 		mov	r3, #12288
 444 0288 0993     		str	r3, [sp, #36]
 407:Src/main.c    ****   GPIO_InitStruct.Mode = GPIO_MODE_OUTPUT_PP;
 445              		.loc 1 407 0
 446 028a 0A96     		str	r6, [sp, #40]
 408:Src/main.c    ****   GPIO_InitStruct.Pull = GPIO_NOPULL;
 447              		.loc 1 408 0
 448 028c 0B94     		str	r4, [sp, #44]
ARM GAS  /tmp/ccaR9XjK.s 			page 16


 409:Src/main.c    ****   GPIO_InitStruct.Speed = GPIO_SPEED_FREQ_LOW;
 449              		.loc 1 409 0
 450 028e 0C94     		str	r4, [sp, #48]
 410:Src/main.c    ****   HAL_GPIO_Init(GPIOD, &GPIO_InitStruct);
 451              		.loc 1 410 0
 452 0290 09A9     		add	r1, sp, #36
 453 0292 1048     		ldr	r0, .L3+20
 454 0294 FFF7FEFF 		bl	HAL_GPIO_Init
 455              	.LVL24:
 411:Src/main.c    **** 
 412:Src/main.c    ****   /*Configure GPIO pins : BA0_Pin BA1_Pin SDCLK_Pin SDNCAS_Pin */
 413:Src/main.c    ****   GPIO_InitStruct.Pin = BA0_Pin|BA1_Pin|SDCLK_Pin|SDNCAS_Pin;
 456              		.loc 1 413 0
 457 0298 48F23013 		movw	r3, #33072
 458 029c 0993     		str	r3, [sp, #36]
 414:Src/main.c    ****   GPIO_InitStruct.Mode = GPIO_MODE_AF_PP;
 459              		.loc 1 414 0
 460 029e 0A95     		str	r5, [sp, #40]
 415:Src/main.c    ****   GPIO_InitStruct.Pull = GPIO_NOPULL;
 461              		.loc 1 415 0
 462 02a0 0B94     		str	r4, [sp, #44]
 416:Src/main.c    ****   GPIO_InitStruct.Speed = GPIO_SPEED_FREQ_VERY_HIGH;
 463              		.loc 1 416 0
 464 02a2 0C97     		str	r7, [sp, #48]
 417:Src/main.c    ****   GPIO_InitStruct.Alternate = GPIO_AF12_FMC;
 465              		.loc 1 417 0
 466 02a4 CDF83480 		str	r8, [sp, #52]
 418:Src/main.c    ****   HAL_GPIO_Init(GPIOG, &GPIO_InitStruct);
 467              		.loc 1 418 0
 468 02a8 09A9     		add	r1, sp, #36
 469 02aa 0848     		ldr	r0, .L3+12
 470 02ac FFF7FEFF 		bl	HAL_GPIO_Init
 471              	.LVL25:
 419:Src/main.c    **** 
 420:Src/main.c    ****   /*Configure GPIO pins : R7_Pin DOTCLK_Pin B3_Pin */
 421:Src/main.c    ****   GPIO_InitStruct.Pin = R7_Pin|DOTCLK_Pin|B3_Pin;
 472              		.loc 1 421 0
 473 02b0 4FF40C63 		mov	r3, #2240
 474 02b4 0993     		str	r3, [sp, #36]
 422:Src/main.c    ****   GPIO_InitStruct.Mode = GPIO_MODE_AF_PP;
 475              		.loc 1 422 0
 476 02b6 0A95     		str	r5, [sp, #40]
 423:Src/main.c    ****   GPIO_InitStruct.Pull = GPIO_NOPULL;
 477              		.loc 1 423 0
 478 02b8 0B94     		str	r4, [sp, #44]
 424:Src/main.c    ****   GPIO_InitStruct.Speed = GPIO_SPEED_FREQ_LOW;
 479              		.loc 1 424 0
 480 02ba 0C94     		str	r4, [sp, #48]
 481 02bc 12E0     		b	.L4
 482              	.L5:
 483 02be 00BF     		.align	2
 484              	.L3:
 485 02c0 00380240 		.word	1073887232
 486 02c4 00080240 		.word	1073874944
 487 02c8 00000240 		.word	1073872896
 488 02cc 00180240 		.word	1073879040
 489 02d0 00100240 		.word	1073876992
ARM GAS  /tmp/ccaR9XjK.s 			page 17


 490 02d4 000C0240 		.word	1073875968
 491 02d8 00040240 		.word	1073873920
 492 02dc 00140240 		.word	1073878016
 493 02e0 00001210 		.word	269615104
 494              	.L4:
 425:Src/main.c    ****   GPIO_InitStruct.Alternate = GPIO_AF14_LTDC;
 495              		.loc 1 425 0
 496 02e4 CDF83490 		str	r9, [sp, #52]
 426:Src/main.c    ****   HAL_GPIO_Init(GPIOG, &GPIO_InitStruct);
 497              		.loc 1 426 0
 498 02e8 09A9     		add	r1, sp, #36
 499 02ea 2D48     		ldr	r0, .L6
 500 02ec FFF7FEFF 		bl	HAL_GPIO_Init
 501              	.LVL26:
 427:Src/main.c    **** 
 428:Src/main.c    ****   /*Configure GPIO pins : HSYNC_Pin G6_Pin R2_Pin */
 429:Src/main.c    ****   GPIO_InitStruct.Pin = HSYNC_Pin|G6_Pin|R2_Pin;
 502              		.loc 1 429 0
 503 02f0 4FF49863 		mov	r3, #1216
 504 02f4 0993     		str	r3, [sp, #36]
 430:Src/main.c    ****   GPIO_InitStruct.Mode = GPIO_MODE_AF_PP;
 505              		.loc 1 430 0
 506 02f6 0A95     		str	r5, [sp, #40]
 431:Src/main.c    ****   GPIO_InitStruct.Pull = GPIO_NOPULL;
 507              		.loc 1 431 0
 508 02f8 0B94     		str	r4, [sp, #44]
 432:Src/main.c    ****   GPIO_InitStruct.Speed = GPIO_SPEED_FREQ_LOW;
 509              		.loc 1 432 0
 510 02fa 0C94     		str	r4, [sp, #48]
 433:Src/main.c    ****   GPIO_InitStruct.Alternate = GPIO_AF14_LTDC;
 511              		.loc 1 433 0
 512 02fc CDF83490 		str	r9, [sp, #52]
 434:Src/main.c    ****   HAL_GPIO_Init(GPIOC, &GPIO_InitStruct);
 513              		.loc 1 434 0
 514 0300 09A9     		add	r1, sp, #36
 515 0302 2848     		ldr	r0, .L6+4
 516 0304 FFF7FEFF 		bl	HAL_GPIO_Init
 517              	.LVL27:
 435:Src/main.c    **** 
 436:Src/main.c    ****   /*Configure GPIO pin : I2C3_SDA_Pin */
 437:Src/main.c    ****   GPIO_InitStruct.Pin = I2C3_SDA_Pin;
 518              		.loc 1 437 0
 519 0308 4FF40073 		mov	r3, #512
 520 030c 0993     		str	r3, [sp, #36]
 438:Src/main.c    ****   GPIO_InitStruct.Mode = GPIO_MODE_AF_OD;
 521              		.loc 1 438 0
 522 030e 4FF0120A 		mov	r10, #18
 523 0312 CDF828A0 		str	r10, [sp, #40]
 439:Src/main.c    ****   GPIO_InitStruct.Pull = GPIO_PULLUP;
 524              		.loc 1 439 0
 525 0316 0B96     		str	r6, [sp, #44]
 440:Src/main.c    ****   GPIO_InitStruct.Speed = GPIO_SPEED_FREQ_LOW;
 526              		.loc 1 440 0
 527 0318 0C94     		str	r4, [sp, #48]
 441:Src/main.c    ****   GPIO_InitStruct.Alternate = GPIO_AF4_I2C3;
 528              		.loc 1 441 0
 529 031a CDF834B0 		str	fp, [sp, #52]
ARM GAS  /tmp/ccaR9XjK.s 			page 18


 442:Src/main.c    ****   HAL_GPIO_Init(I2C3_SDA_GPIO_Port, &GPIO_InitStruct);
 530              		.loc 1 442 0
 531 031e 09A9     		add	r1, sp, #36
 532 0320 2048     		ldr	r0, .L6+4
 533 0322 FFF7FEFF 		bl	HAL_GPIO_Init
 534              	.LVL28:
 443:Src/main.c    **** 
 444:Src/main.c    ****   /*Configure GPIO pin : I2C3_SCL_Pin */
 445:Src/main.c    ****   GPIO_InitStruct.Pin = I2C3_SCL_Pin;
 535              		.loc 1 445 0
 536 0326 4FF48073 		mov	r3, #256
 537 032a 0993     		str	r3, [sp, #36]
 446:Src/main.c    ****   GPIO_InitStruct.Mode = GPIO_MODE_AF_OD;
 538              		.loc 1 446 0
 539 032c CDF828A0 		str	r10, [sp, #40]
 447:Src/main.c    ****   GPIO_InitStruct.Pull = GPIO_PULLUP;
 540              		.loc 1 447 0
 541 0330 0B96     		str	r6, [sp, #44]
 448:Src/main.c    ****   GPIO_InitStruct.Speed = GPIO_SPEED_FREQ_LOW;
 542              		.loc 1 448 0
 543 0332 0C94     		str	r4, [sp, #48]
 449:Src/main.c    ****   GPIO_InitStruct.Alternate = GPIO_AF4_I2C3;
 544              		.loc 1 449 0
 545 0334 CDF834B0 		str	fp, [sp, #52]
 450:Src/main.c    ****   HAL_GPIO_Init(I2C3_SCL_GPIO_Port, &GPIO_InitStruct);
 546              		.loc 1 450 0
 547 0338 09A9     		add	r1, sp, #36
 548 033a 1B48     		ldr	r0, .L6+8
 549 033c FFF7FEFF 		bl	HAL_GPIO_Init
 550              	.LVL29:
 451:Src/main.c    **** 
 452:Src/main.c    ****   /*Configure GPIO pins : G7_Pin B2_Pin */
 453:Src/main.c    ****   GPIO_InitStruct.Pin = G7_Pin|B2_Pin;
 551              		.loc 1 453 0
 552 0340 4823     		movs	r3, #72
 553 0342 0993     		str	r3, [sp, #36]
 454:Src/main.c    ****   GPIO_InitStruct.Mode = GPIO_MODE_AF_PP;
 554              		.loc 1 454 0
 555 0344 0A95     		str	r5, [sp, #40]
 455:Src/main.c    ****   GPIO_InitStruct.Pull = GPIO_NOPULL;
 556              		.loc 1 455 0
 557 0346 0B94     		str	r4, [sp, #44]
 456:Src/main.c    ****   GPIO_InitStruct.Speed = GPIO_SPEED_FREQ_LOW;
 558              		.loc 1 456 0
 559 0348 0C94     		str	r4, [sp, #48]
 457:Src/main.c    ****   GPIO_InitStruct.Alternate = GPIO_AF14_LTDC;
 560              		.loc 1 457 0
 561 034a CDF83490 		str	r9, [sp, #52]
 458:Src/main.c    ****   HAL_GPIO_Init(GPIOD, &GPIO_InitStruct);
 562              		.loc 1 458 0
 563 034e 09A9     		add	r1, sp, #36
 564 0350 1648     		ldr	r0, .L6+12
 565 0352 FFF7FEFF 		bl	HAL_GPIO_Init
 566              	.LVL30:
 459:Src/main.c    **** 
 460:Src/main.c    ****   /*Configure GPIO pins : G3_Pin B4_Pin */
 461:Src/main.c    ****   GPIO_InitStruct.Pin = G3_Pin|B4_Pin;
ARM GAS  /tmp/ccaR9XjK.s 			page 19


 567              		.loc 1 461 0
 568 0356 4FF4A053 		mov	r3, #5120
 569 035a 0993     		str	r3, [sp, #36]
 462:Src/main.c    ****   GPIO_InitStruct.Mode = GPIO_MODE_AF_PP;
 570              		.loc 1 462 0
 571 035c 0A95     		str	r5, [sp, #40]
 463:Src/main.c    ****   GPIO_InitStruct.Pull = GPIO_NOPULL;
 572              		.loc 1 463 0
 573 035e 0B94     		str	r4, [sp, #44]
 464:Src/main.c    ****   GPIO_InitStruct.Speed = GPIO_SPEED_FREQ_LOW;
 574              		.loc 1 464 0
 575 0360 0C94     		str	r4, [sp, #48]
 465:Src/main.c    ****   GPIO_InitStruct.Alternate = GPIO_AF9_LTDC;
 576              		.loc 1 465 0
 577 0362 0923     		movs	r3, #9
 578 0364 0D93     		str	r3, [sp, #52]
 466:Src/main.c    ****   HAL_GPIO_Init(GPIOG, &GPIO_InitStruct);
 579              		.loc 1 466 0
 580 0366 09A9     		add	r1, sp, #36
 581 0368 0D48     		ldr	r0, .L6
 582 036a FFF7FEFF 		bl	HAL_GPIO_Init
 583              	.LVL31:
 467:Src/main.c    **** 
 468:Src/main.c    ****   /*Configure GPIO pins : SDCKE1_Pin SDNE1_Pin */
 469:Src/main.c    ****   GPIO_InitStruct.Pin = SDCKE1_Pin|SDNE1_Pin;
 584              		.loc 1 469 0
 585 036e 6023     		movs	r3, #96
 586 0370 0993     		str	r3, [sp, #36]
 470:Src/main.c    ****   GPIO_InitStruct.Mode = GPIO_MODE_AF_PP;
 587              		.loc 1 470 0
 588 0372 0A95     		str	r5, [sp, #40]
 471:Src/main.c    ****   GPIO_InitStruct.Pull = GPIO_NOPULL;
 589              		.loc 1 471 0
 590 0374 0B94     		str	r4, [sp, #44]
 472:Src/main.c    ****   GPIO_InitStruct.Speed = GPIO_SPEED_FREQ_VERY_HIGH;
 591              		.loc 1 472 0
 592 0376 0C97     		str	r7, [sp, #48]
 473:Src/main.c    ****   GPIO_InitStruct.Alternate = GPIO_AF12_FMC;
 593              		.loc 1 473 0
 594 0378 CDF83480 		str	r8, [sp, #52]
 474:Src/main.c    ****   HAL_GPIO_Init(GPIOB, &GPIO_InitStruct);
 595              		.loc 1 474 0
 596 037c 09A9     		add	r1, sp, #36
 597 037e 0C48     		ldr	r0, .L6+16
 598 0380 FFF7FEFF 		bl	HAL_GPIO_Init
 599              	.LVL32:
 475:Src/main.c    **** 
 476:Src/main.c    ****   /*Configure GPIO pins : NBL0_Pin NBL1_Pin */
 477:Src/main.c    ****   GPIO_InitStruct.Pin = NBL0_Pin|NBL1_Pin;
 600              		.loc 1 477 0
 601 0384 0997     		str	r7, [sp, #36]
 478:Src/main.c    ****   GPIO_InitStruct.Mode = GPIO_MODE_AF_PP;
 602              		.loc 1 478 0
 603 0386 0A95     		str	r5, [sp, #40]
 479:Src/main.c    ****   GPIO_InitStruct.Pull = GPIO_NOPULL;
 604              		.loc 1 479 0
 605 0388 0B94     		str	r4, [sp, #44]
ARM GAS  /tmp/ccaR9XjK.s 			page 20


 480:Src/main.c    ****   GPIO_InitStruct.Speed = GPIO_SPEED_FREQ_VERY_HIGH;
 606              		.loc 1 480 0
 607 038a 0C97     		str	r7, [sp, #48]
 481:Src/main.c    ****   GPIO_InitStruct.Alternate = GPIO_AF12_FMC;
 608              		.loc 1 481 0
 609 038c CDF83480 		str	r8, [sp, #52]
 482:Src/main.c    ****   HAL_GPIO_Init(GPIOE, &GPIO_InitStruct);
 610              		.loc 1 482 0
 611 0390 09A9     		add	r1, sp, #36
 612 0392 0848     		ldr	r0, .L6+20
 613 0394 FFF7FEFF 		bl	HAL_GPIO_Init
 614              	.LVL33:
 483:Src/main.c    **** 
 484:Src/main.c    **** }
 615              		.loc 1 484 0
 616 0398 0FB0     		add	sp, sp, #60
 617              	.LCFI2:
 618              		.cfi_def_cfa_offset 36
 619              		@ sp needed
 620 039a BDE8F08F 		pop	{r4, r5, r6, r7, r8, r9, r10, fp, pc}
 621              	.L7:
 622 039e 00BF     		.align	2
 623              	.L6:
 624 03a0 00180240 		.word	1073879040
 625 03a4 00080240 		.word	1073874944
 626 03a8 00000240 		.word	1073872896
 627 03ac 000C0240 		.word	1073875968
 628 03b0 00040240 		.word	1073873920
 629 03b4 00100240 		.word	1073876992
 630              		.cfi_endproc
 631              	.LFE134:
 633              		.section	.text.MX_SPI5_Init,"ax",%progbits
 634              		.align	1
 635              		.syntax unified
 636              		.thumb
 637              		.thumb_func
 638              		.fpu fpv4-sp-d16
 640              	MX_SPI5_Init:
 641              	.LFB132:
 163:Src/main.c    **** 
 642              		.loc 1 163 0
 643              		.cfi_startproc
 644              		@ args = 0, pretend = 0, frame = 0
 645              		@ frame_needed = 0, uses_anonymous_args = 0
 646 0000 08B5     		push	{r3, lr}
 647              	.LCFI3:
 648              		.cfi_def_cfa_offset 8
 649              		.cfi_offset 3, -8
 650              		.cfi_offset 14, -4
 173:Src/main.c    ****   hspi5.Init.Mode = SPI_MODE_SLAVE;
 651              		.loc 1 173 0
 652 0002 0948     		ldr	r0, .L10
 653 0004 094B     		ldr	r3, .L10+4
 654 0006 0360     		str	r3, [r0]
 174:Src/main.c    ****   hspi5.Init.Direction = SPI_DIRECTION_2LINES;
 655              		.loc 1 174 0
 656 0008 0023     		movs	r3, #0
ARM GAS  /tmp/ccaR9XjK.s 			page 21


 657 000a 4360     		str	r3, [r0, #4]
 175:Src/main.c    ****   hspi5.Init.DataSize = SPI_DATASIZE_8BIT;
 658              		.loc 1 175 0
 659 000c 8360     		str	r3, [r0, #8]
 176:Src/main.c    ****   hspi5.Init.CLKPolarity = SPI_POLARITY_LOW;
 660              		.loc 1 176 0
 661 000e C360     		str	r3, [r0, #12]
 177:Src/main.c    ****   hspi5.Init.CLKPhase = SPI_PHASE_1EDGE;
 662              		.loc 1 177 0
 663 0010 0361     		str	r3, [r0, #16]
 178:Src/main.c    ****   hspi5.Init.NSS = SPI_NSS_HARD_INPUT;
 664              		.loc 1 178 0
 665 0012 4361     		str	r3, [r0, #20]
 179:Src/main.c    ****   hspi5.Init.FirstBit = SPI_FIRSTBIT_MSB;
 666              		.loc 1 179 0
 667 0014 8361     		str	r3, [r0, #24]
 180:Src/main.c    ****   hspi5.Init.TIMode = SPI_TIMODE_DISABLE;
 668              		.loc 1 180 0
 669 0016 0362     		str	r3, [r0, #32]
 181:Src/main.c    ****   hspi5.Init.CRCCalculation = SPI_CRCCALCULATION_DISABLE;
 670              		.loc 1 181 0
 671 0018 4362     		str	r3, [r0, #36]
 182:Src/main.c    ****   hspi5.Init.CRCPolynomial = 10;
 672              		.loc 1 182 0
 673 001a 8362     		str	r3, [r0, #40]
 183:Src/main.c    ****   if (HAL_SPI_Init(&hspi5) != HAL_OK)
 674              		.loc 1 183 0
 675 001c 0A23     		movs	r3, #10
 676 001e C362     		str	r3, [r0, #44]
 184:Src/main.c    ****   {
 677              		.loc 1 184 0
 678 0020 FFF7FEFF 		bl	HAL_SPI_Init
 679              	.LVL34:
 680 0024 08BD     		pop	{r3, pc}
 681              	.L11:
 682 0026 00BF     		.align	2
 683              	.L10:
 684 0028 00000000 		.word	hspi5
 685 002c 00500140 		.word	1073827840
 686              		.cfi_endproc
 687              	.LFE132:
 689              		.section	.text.MX_USART1_UART_Init,"ax",%progbits
 690              		.align	1
 691              		.syntax unified
 692              		.thumb
 693              		.thumb_func
 694              		.fpu fpv4-sp-d16
 696              	MX_USART1_UART_Init:
 697              	.LFB133:
 200:Src/main.c    **** 
 698              		.loc 1 200 0
 699              		.cfi_startproc
 700              		@ args = 0, pretend = 0, frame = 0
 701              		@ frame_needed = 0, uses_anonymous_args = 0
 702 0000 08B5     		push	{r3, lr}
 703              	.LCFI4:
 704              		.cfi_def_cfa_offset 8
ARM GAS  /tmp/ccaR9XjK.s 			page 22


 705              		.cfi_offset 3, -8
 706              		.cfi_offset 14, -4
 209:Src/main.c    ****   huart1.Init.BaudRate = 115200;
 707              		.loc 1 209 0
 708 0002 0848     		ldr	r0, .L14
 709 0004 084B     		ldr	r3, .L14+4
 710 0006 0360     		str	r3, [r0]
 210:Src/main.c    ****   huart1.Init.WordLength = UART_WORDLENGTH_8B;
 711              		.loc 1 210 0
 712 0008 4FF4E133 		mov	r3, #115200
 713 000c 4360     		str	r3, [r0, #4]
 211:Src/main.c    ****   huart1.Init.StopBits = UART_STOPBITS_1;
 714              		.loc 1 211 0
 715 000e 0023     		movs	r3, #0
 716 0010 8360     		str	r3, [r0, #8]
 212:Src/main.c    ****   huart1.Init.Parity = UART_PARITY_NONE;
 717              		.loc 1 212 0
 718 0012 C360     		str	r3, [r0, #12]
 213:Src/main.c    ****   huart1.Init.Mode = UART_MODE_TX_RX;
 719              		.loc 1 213 0
 720 0014 0361     		str	r3, [r0, #16]
 214:Src/main.c    ****   huart1.Init.HwFlowCtl = UART_HWCONTROL_NONE;
 721              		.loc 1 214 0
 722 0016 0C22     		movs	r2, #12
 723 0018 4261     		str	r2, [r0, #20]
 215:Src/main.c    ****   huart1.Init.OverSampling = UART_OVERSAMPLING_16;
 724              		.loc 1 215 0
 725 001a 8361     		str	r3, [r0, #24]
 216:Src/main.c    ****   if (HAL_UART_Init(&huart1) != HAL_OK)
 726              		.loc 1 216 0
 727 001c C361     		str	r3, [r0, #28]
 217:Src/main.c    ****   {
 728              		.loc 1 217 0
 729 001e FFF7FEFF 		bl	HAL_UART_Init
 730              	.LVL35:
 731 0022 08BD     		pop	{r3, pc}
 732              	.L15:
 733              		.align	2
 734              	.L14:
 735 0024 00000000 		.word	huart1
 736 0028 00100140 		.word	1073811456
 737              		.cfi_endproc
 738              	.LFE133:
 740              		.section	.text.SystemClock_Config,"ax",%progbits
 741              		.align	1
 742              		.global	SystemClock_Config
 743              		.syntax unified
 744              		.thumb
 745              		.thumb_func
 746              		.fpu fpv4-sp-d16
 748              	SystemClock_Config:
 749              	.LFB131:
 119:Src/main.c    ****   RCC_OscInitTypeDef RCC_OscInitStruct = {0};
 750              		.loc 1 119 0
 751              		.cfi_startproc
 752              		@ args = 0, pretend = 0, frame = 80
 753              		@ frame_needed = 0, uses_anonymous_args = 0
ARM GAS  /tmp/ccaR9XjK.s 			page 23


 754 0000 30B5     		push	{r4, r5, lr}
 755              	.LCFI5:
 756              		.cfi_def_cfa_offset 12
 757              		.cfi_offset 4, -12
 758              		.cfi_offset 5, -8
 759              		.cfi_offset 14, -4
 760 0002 95B0     		sub	sp, sp, #84
 761              	.LCFI6:
 762              		.cfi_def_cfa_offset 96
 120:Src/main.c    ****   RCC_ClkInitTypeDef RCC_ClkInitStruct = {0};
 763              		.loc 1 120 0
 764 0004 3022     		movs	r2, #48
 765 0006 0021     		movs	r1, #0
 766 0008 08A8     		add	r0, sp, #32
 767 000a FFF7FEFF 		bl	memset
 768              	.LVL36:
 121:Src/main.c    **** 
 769              		.loc 1 121 0
 770 000e 0024     		movs	r4, #0
 771 0010 0394     		str	r4, [sp, #12]
 772 0012 0494     		str	r4, [sp, #16]
 773 0014 0594     		str	r4, [sp, #20]
 774 0016 0694     		str	r4, [sp, #24]
 775 0018 0794     		str	r4, [sp, #28]
 776              	.LBB10:
 125:Src/main.c    ****   __HAL_PWR_VOLTAGESCALING_CONFIG(PWR_REGULATOR_VOLTAGE_SCALE3);
 777              		.loc 1 125 0
 778 001a 0194     		str	r4, [sp, #4]
 779 001c 1C4B     		ldr	r3, .L18
 780 001e 1A6C     		ldr	r2, [r3, #64]
 781 0020 42F08052 		orr	r2, r2, #268435456
 782 0024 1A64     		str	r2, [r3, #64]
 783 0026 1B6C     		ldr	r3, [r3, #64]
 784 0028 03F08053 		and	r3, r3, #268435456
 785 002c 0193     		str	r3, [sp, #4]
 786 002e 019B     		ldr	r3, [sp, #4]
 787              	.LBE10:
 788              	.LBB11:
 126:Src/main.c    ****   /** Initializes the CPU, AHB and APB busses clocks 
 789              		.loc 1 126 0
 790 0030 0294     		str	r4, [sp, #8]
 791 0032 184A     		ldr	r2, .L18+4
 792 0034 1368     		ldr	r3, [r2]
 793 0036 23F44043 		bic	r3, r3, #49152
 794 003a 43F48043 		orr	r3, r3, #16384
 795 003e 1360     		str	r3, [r2]
 796 0040 1368     		ldr	r3, [r2]
 797 0042 03F44043 		and	r3, r3, #49152
 798 0046 0293     		str	r3, [sp, #8]
 799 0048 029B     		ldr	r3, [sp, #8]
 800              	.LBE11:
 129:Src/main.c    ****   RCC_OscInitStruct.HSIState = RCC_HSI_ON;
 801              		.loc 1 129 0
 802 004a 0225     		movs	r5, #2
 803 004c 0895     		str	r5, [sp, #32]
 130:Src/main.c    ****   RCC_OscInitStruct.HSICalibrationValue = RCC_HSICALIBRATION_DEFAULT;
 804              		.loc 1 130 0
ARM GAS  /tmp/ccaR9XjK.s 			page 24


 805 004e 0123     		movs	r3, #1
 806 0050 0B93     		str	r3, [sp, #44]
 131:Src/main.c    ****   RCC_OscInitStruct.PLL.PLLState = RCC_PLL_ON;
 807              		.loc 1 131 0
 808 0052 1023     		movs	r3, #16
 809 0054 0C93     		str	r3, [sp, #48]
 132:Src/main.c    ****   RCC_OscInitStruct.PLL.PLLSource = RCC_PLLSOURCE_HSI;
 810              		.loc 1 132 0
 811 0056 0E95     		str	r5, [sp, #56]
 133:Src/main.c    ****   RCC_OscInitStruct.PLL.PLLM = 8;
 812              		.loc 1 133 0
 813 0058 0F94     		str	r4, [sp, #60]
 134:Src/main.c    ****   RCC_OscInitStruct.PLL.PLLN = 50;
 814              		.loc 1 134 0
 815 005a 0823     		movs	r3, #8
 816 005c 1093     		str	r3, [sp, #64]
 135:Src/main.c    ****   RCC_OscInitStruct.PLL.PLLP = RCC_PLLP_DIV4;
 817              		.loc 1 135 0
 818 005e 3223     		movs	r3, #50
 819 0060 1193     		str	r3, [sp, #68]
 136:Src/main.c    ****   RCC_OscInitStruct.PLL.PLLQ = 7;
 820              		.loc 1 136 0
 821 0062 0423     		movs	r3, #4
 822 0064 1293     		str	r3, [sp, #72]
 137:Src/main.c    ****   if (HAL_RCC_OscConfig(&RCC_OscInitStruct) != HAL_OK)
 823              		.loc 1 137 0
 824 0066 0723     		movs	r3, #7
 825 0068 1393     		str	r3, [sp, #76]
 138:Src/main.c    ****   {
 826              		.loc 1 138 0
 827 006a 08A8     		add	r0, sp, #32
 828 006c FFF7FEFF 		bl	HAL_RCC_OscConfig
 829              	.LVL37:
 144:Src/main.c    ****                               |RCC_CLOCKTYPE_PCLK1|RCC_CLOCKTYPE_PCLK2;
 830              		.loc 1 144 0
 831 0070 0F23     		movs	r3, #15
 832 0072 0393     		str	r3, [sp, #12]
 146:Src/main.c    ****   RCC_ClkInitStruct.AHBCLKDivider = RCC_SYSCLK_DIV1;
 833              		.loc 1 146 0
 834 0074 0495     		str	r5, [sp, #16]
 147:Src/main.c    ****   RCC_ClkInitStruct.APB1CLKDivider = RCC_HCLK_DIV8;
 835              		.loc 1 147 0
 836 0076 0594     		str	r4, [sp, #20]
 148:Src/main.c    ****   RCC_ClkInitStruct.APB2CLKDivider = RCC_HCLK_DIV4;
 837              		.loc 1 148 0
 838 0078 4FF4C053 		mov	r3, #6144
 839 007c 0693     		str	r3, [sp, #24]
 149:Src/main.c    **** 
 840              		.loc 1 149 0
 841 007e 4FF4A053 		mov	r3, #5120
 842 0082 0793     		str	r3, [sp, #28]
 151:Src/main.c    ****   {
 843              		.loc 1 151 0
 844 0084 2146     		mov	r1, r4
 845 0086 03A8     		add	r0, sp, #12
 846 0088 FFF7FEFF 		bl	HAL_RCC_ClockConfig
 847              	.LVL38:
ARM GAS  /tmp/ccaR9XjK.s 			page 25


 155:Src/main.c    **** 
 848              		.loc 1 155 0
 849 008c 15B0     		add	sp, sp, #84
 850              	.LCFI7:
 851              		.cfi_def_cfa_offset 12
 852              		@ sp needed
 853 008e 30BD     		pop	{r4, r5, pc}
 854              	.L19:
 855              		.align	2
 856              	.L18:
 857 0090 00380240 		.word	1073887232
 858 0094 00700040 		.word	1073770496
 859              		.cfi_endproc
 860              	.LFE131:
 862              		.section	.text.main,"ax",%progbits
 863              		.align	1
 864              		.global	main
 865              		.syntax unified
 866              		.thumb
 867              		.thumb_func
 868              		.fpu fpv4-sp-d16
 870              	main:
 871              	.LFB130:
  72:Src/main.c    ****   /* USER CODE BEGIN 1 */
 872              		.loc 1 72 0
 873              		.cfi_startproc
 874              		@ args = 0, pretend = 0, frame = 8
 875              		@ frame_needed = 0, uses_anonymous_args = 0
 876 0000 00B5     		push	{lr}
 877              	.LCFI8:
 878              		.cfi_def_cfa_offset 4
 879              		.cfi_offset 14, -4
 880 0002 83B0     		sub	sp, sp, #12
 881              	.LCFI9:
 882              		.cfi_def_cfa_offset 16
  81:Src/main.c    **** 
 883              		.loc 1 81 0
 884 0004 FFF7FEFF 		bl	HAL_Init
 885              	.LVL39:
  88:Src/main.c    **** 
 886              		.loc 1 88 0
 887 0008 FFF7FEFF 		bl	SystemClock_Config
 888              	.LVL40:
  95:Src/main.c    ****   MX_SPI5_Init();
 889              		.loc 1 95 0
 890 000c FFF7FEFF 		bl	MX_GPIO_Init
 891              	.LVL41:
  96:Src/main.c    ****   MX_USART1_UART_Init();
 892              		.loc 1 96 0
 893 0010 FFF7FEFF 		bl	MX_SPI5_Init
 894              	.LVL42:
  97:Src/main.c    **** 
 895              		.loc 1 97 0
 896 0014 FFF7FEFF 		bl	MX_USART1_UART_Init
 897              	.LVL43:
 898              	.L21:
 899              	.LBB12:
ARM GAS  /tmp/ccaR9XjK.s 			page 26


 105:Src/main.c    ****        HAL_SPI_GetState(hspi) == HAL_SPI_STATE_READY){
 900              		.loc 1 105 0
 901 0018 4021     		movs	r1, #64
 902 001a 0C48     		ldr	r0, .L25
 903 001c FFF7FEFF 		bl	HAL_GPIO_ReadPin
 904              	.LVL44:
 905 0020 0028     		cmp	r0, #0
 906 0022 F9D1     		bne	.L21
 106:Src/main.c    ****       uint8_t data = 0xAB;
 907              		.loc 1 106 0 discriminator 1
 908 0024 0A48     		ldr	r0, .L25+4
 909 0026 FFF7FEFF 		bl	HAL_SPI_GetState
 910              	.LVL45:
 105:Src/main.c    ****        HAL_SPI_GetState(hspi) == HAL_SPI_STATE_READY){
 911              		.loc 1 105 0 discriminator 1
 912 002a 0128     		cmp	r0, #1
 913 002c F4D1     		bne	.L21
 914              	.LBB13:
 107:Src/main.c    ****       HAL_SPI_Transmit(hspi, &data, 8, 20);
 915              		.loc 1 107 0
 916 002e 02A9     		add	r1, sp, #8
 917 0030 AB23     		movs	r3, #171
 918 0032 01F8013D 		strb	r3, [r1, #-1]!
 108:Src/main.c    ****       HAL_GPIO_TogglePin(GPIOG, GPIO_PIN_0);
 919              		.loc 1 108 0
 920 0036 1423     		movs	r3, #20
 921 0038 0822     		movs	r2, #8
 922 003a 0548     		ldr	r0, .L25+4
 923 003c FFF7FEFF 		bl	HAL_SPI_Transmit
 924              	.LVL46:
 109:Src/main.c    ****     }
 925              		.loc 1 109 0
 926 0040 0121     		movs	r1, #1
 927 0042 0448     		ldr	r0, .L25+8
 928 0044 FFF7FEFF 		bl	HAL_GPIO_TogglePin
 929              	.LVL47:
 930 0048 E6E7     		b	.L21
 931              	.L26:
 932 004a 00BF     		.align	2
 933              	.L25:
 934 004c 00140240 		.word	1073878016
 935 0050 00000000 		.word	hspi5
 936 0054 00180240 		.word	1073879040
 937              	.LBE13:
 938              	.LBE12:
 939              		.cfi_endproc
 940              	.LFE130:
 942              		.section	.text.Error_Handler,"ax",%progbits
 943              		.align	1
 944              		.global	Error_Handler
 945              		.syntax unified
 946              		.thumb
 947              		.thumb_func
 948              		.fpu fpv4-sp-d16
 950              	Error_Handler:
 951              	.LFB135:
 485:Src/main.c    **** 
ARM GAS  /tmp/ccaR9XjK.s 			page 27


 486:Src/main.c    **** /* USER CODE BEGIN 4 */
 487:Src/main.c    **** 
 488:Src/main.c    **** /* USER CODE END 4 */
 489:Src/main.c    **** 
 490:Src/main.c    **** /**
 491:Src/main.c    ****   * @brief  This function is executed in case of error occurrence.
 492:Src/main.c    ****   * @retval None
 493:Src/main.c    ****   */
 494:Src/main.c    **** void Error_Handler(void)
 495:Src/main.c    **** {
 952              		.loc 1 495 0
 953              		.cfi_startproc
 954              		@ args = 0, pretend = 0, frame = 0
 955              		@ frame_needed = 0, uses_anonymous_args = 0
 956              		@ link register save eliminated.
 957 0000 7047     		bx	lr
 958              		.cfi_endproc
 959              	.LFE135:
 961              		.comm	huart1,64,4
 962              		.comm	hspi5,88,4
 963              		.text
 964              	.Letext0:
 965              		.file 2 "/usr/include/newlib/machine/_default_types.h"
 966              		.file 3 "/usr/include/newlib/sys/_stdint.h"
 967              		.file 4 "Drivers/CMSIS/Include/core_cm4.h"
 968              		.file 5 "Drivers/CMSIS/Device/ST/STM32F4xx/Include/system_stm32f4xx.h"
 969              		.file 6 "Drivers/CMSIS/Device/ST/STM32F4xx/Include/stm32f429xx.h"
 970              		.file 7 "Drivers/STM32F4xx_HAL_Driver/Inc/stm32f4xx_hal_def.h"
 971              		.file 8 "Drivers/STM32F4xx_HAL_Driver/Inc/stm32f4xx_hal_rcc_ex.h"
 972              		.file 9 "Drivers/STM32F4xx_HAL_Driver/Inc/stm32f4xx_hal_rcc.h"
 973              		.file 10 "Drivers/STM32F4xx_HAL_Driver/Inc/stm32f4xx_hal_gpio.h"
 974              		.file 11 "Drivers/STM32F4xx_HAL_Driver/Inc/stm32f4xx_hal_dma.h"
 975              		.file 12 "Drivers/STM32F4xx_HAL_Driver/Inc/stm32f4xx_hal_spi.h"
 976              		.file 13 "Drivers/STM32F4xx_HAL_Driver/Inc/stm32f4xx_hal_uart.h"
 977              		.file 14 "Drivers/STM32F4xx_HAL_Driver/Inc/stm32f4xx_hal.h"
ARM GAS  /tmp/ccaR9XjK.s 			page 28


DEFINED SYMBOLS
                            *ABS*:0000000000000000 main.c
     /tmp/ccaR9XjK.s:18     .text.MX_GPIO_Init:0000000000000000 $t
     /tmp/ccaR9XjK.s:24     .text.MX_GPIO_Init:0000000000000000 MX_GPIO_Init
     /tmp/ccaR9XjK.s:485    .text.MX_GPIO_Init:00000000000002c0 $d
     /tmp/ccaR9XjK.s:496    .text.MX_GPIO_Init:00000000000002e4 $t
     /tmp/ccaR9XjK.s:624    .text.MX_GPIO_Init:00000000000003a0 $d
     /tmp/ccaR9XjK.s:634    .text.MX_SPI5_Init:0000000000000000 $t
     /tmp/ccaR9XjK.s:640    .text.MX_SPI5_Init:0000000000000000 MX_SPI5_Init
     /tmp/ccaR9XjK.s:684    .text.MX_SPI5_Init:0000000000000028 $d
                            *COM*:0000000000000058 hspi5
     /tmp/ccaR9XjK.s:690    .text.MX_USART1_UART_Init:0000000000000000 $t
     /tmp/ccaR9XjK.s:696    .text.MX_USART1_UART_Init:0000000000000000 MX_USART1_UART_Init
     /tmp/ccaR9XjK.s:735    .text.MX_USART1_UART_Init:0000000000000024 $d
                            *COM*:0000000000000040 huart1
     /tmp/ccaR9XjK.s:741    .text.SystemClock_Config:0000000000000000 $t
     /tmp/ccaR9XjK.s:748    .text.SystemClock_Config:0000000000000000 SystemClock_Config
     /tmp/ccaR9XjK.s:857    .text.SystemClock_Config:0000000000000090 $d
     /tmp/ccaR9XjK.s:863    .text.main:0000000000000000 $t
     /tmp/ccaR9XjK.s:870    .text.main:0000000000000000 main
     /tmp/ccaR9XjK.s:934    .text.main:000000000000004c $d
     /tmp/ccaR9XjK.s:943    .text.Error_Handler:0000000000000000 $t
     /tmp/ccaR9XjK.s:950    .text.Error_Handler:0000000000000000 Error_Handler
                     .debug_frame:0000000000000010 $d

UNDEFINED SYMBOLS
HAL_GPIO_WritePin
HAL_GPIO_Init
HAL_SPI_Init
HAL_UART_Init
memset
HAL_RCC_OscConfig
HAL_RCC_ClockConfig
HAL_Init
HAL_GPIO_ReadPin
HAL_SPI_GetState
HAL_SPI_Transmit
HAL_GPIO_TogglePin
