ARM GAS  /tmp/cc5yuM8D.s 			page 1


   1              		.cpu cortex-m4
   2              		.eabi_attribute 27, 1
   3              		.eabi_attribute 28, 1
   4              		.eabi_attribute 20, 1
   5              		.eabi_attribute 21, 1
   6              		.eabi_attribute 23, 3
   7              		.eabi_attribute 24, 1
   8              		.eabi_attribute 25, 1
   9              		.eabi_attribute 26, 1
  10              		.eabi_attribute 30, 1
  11              		.eabi_attribute 34, 1
  12              		.eabi_attribute 18, 4
  13              		.file	"stm32f4xx_it.c"
  14              		.text
  15              	.Ltext0:
  16              		.cfi_sections	.debug_frame
  17              		.section	.text.NMI_Handler,"ax",%progbits
  18              		.align	1
  19              		.global	NMI_Handler
  20              		.syntax unified
  21              		.thumb
  22              		.thumb_func
  23              		.fpu fpv4-sp-d16
  25              	NMI_Handler:
  26              	.LFB130:
  27              		.file 1 "Src/stm32f4xx_it.c"
   1:Src/stm32f4xx_it.c **** /* USER CODE BEGIN Header */
   2:Src/stm32f4xx_it.c **** /**
   3:Src/stm32f4xx_it.c ****   ******************************************************************************
   4:Src/stm32f4xx_it.c ****   * @file    stm32f4xx_it.c
   5:Src/stm32f4xx_it.c ****   * @brief   Interrupt Service Routines.
   6:Src/stm32f4xx_it.c ****   ******************************************************************************
   7:Src/stm32f4xx_it.c ****   * @attention
   8:Src/stm32f4xx_it.c ****   *
   9:Src/stm32f4xx_it.c ****   * <h2><center>&copy; Copyright (c) 2019 STMicroelectronics.
  10:Src/stm32f4xx_it.c ****   * All rights reserved.</center></h2>
  11:Src/stm32f4xx_it.c ****   *
  12:Src/stm32f4xx_it.c ****   * This software component is licensed by ST under BSD 3-Clause license,
  13:Src/stm32f4xx_it.c ****   * the "License"; You may not use this file except in compliance with the
  14:Src/stm32f4xx_it.c ****   * License. You may obtain a copy of the License at:
  15:Src/stm32f4xx_it.c ****   *                        opensource.org/licenses/BSD-3-Clause
  16:Src/stm32f4xx_it.c ****   *
  17:Src/stm32f4xx_it.c ****   ******************************************************************************
  18:Src/stm32f4xx_it.c ****   */
  19:Src/stm32f4xx_it.c **** /* USER CODE END Header */
  20:Src/stm32f4xx_it.c **** 
  21:Src/stm32f4xx_it.c **** /* Includes ------------------------------------------------------------------*/
  22:Src/stm32f4xx_it.c **** #include "main.h"
  23:Src/stm32f4xx_it.c **** #include "stm32f4xx_it.h"
  24:Src/stm32f4xx_it.c **** /* Private includes ----------------------------------------------------------*/
  25:Src/stm32f4xx_it.c **** /* USER CODE BEGIN Includes */
  26:Src/stm32f4xx_it.c **** /* USER CODE END Includes */
  27:Src/stm32f4xx_it.c **** 
  28:Src/stm32f4xx_it.c **** /* Private typedef -----------------------------------------------------------*/
  29:Src/stm32f4xx_it.c **** /* USER CODE BEGIN TD */
  30:Src/stm32f4xx_it.c **** 
  31:Src/stm32f4xx_it.c **** /* USER CODE END TD */
ARM GAS  /tmp/cc5yuM8D.s 			page 2


  32:Src/stm32f4xx_it.c **** 
  33:Src/stm32f4xx_it.c **** /* Private define ------------------------------------------------------------*/
  34:Src/stm32f4xx_it.c **** /* USER CODE BEGIN PD */
  35:Src/stm32f4xx_it.c ****  
  36:Src/stm32f4xx_it.c **** /* USER CODE END PD */
  37:Src/stm32f4xx_it.c **** 
  38:Src/stm32f4xx_it.c **** /* Private macro -------------------------------------------------------------*/
  39:Src/stm32f4xx_it.c **** /* USER CODE BEGIN PM */
  40:Src/stm32f4xx_it.c **** 
  41:Src/stm32f4xx_it.c **** /* USER CODE END PM */
  42:Src/stm32f4xx_it.c **** 
  43:Src/stm32f4xx_it.c **** /* Private variables ---------------------------------------------------------*/
  44:Src/stm32f4xx_it.c **** /* USER CODE BEGIN PV */
  45:Src/stm32f4xx_it.c **** 
  46:Src/stm32f4xx_it.c **** /* USER CODE END PV */
  47:Src/stm32f4xx_it.c **** 
  48:Src/stm32f4xx_it.c **** /* Private function prototypes -----------------------------------------------*/
  49:Src/stm32f4xx_it.c **** /* USER CODE BEGIN PFP */
  50:Src/stm32f4xx_it.c **** 
  51:Src/stm32f4xx_it.c **** /* USER CODE END PFP */
  52:Src/stm32f4xx_it.c **** 
  53:Src/stm32f4xx_it.c **** /* Private user code ---------------------------------------------------------*/
  54:Src/stm32f4xx_it.c **** /* USER CODE BEGIN 0 */
  55:Src/stm32f4xx_it.c **** 
  56:Src/stm32f4xx_it.c **** /* USER CODE END 0 */
  57:Src/stm32f4xx_it.c **** 
  58:Src/stm32f4xx_it.c **** /* External variables --------------------------------------------------------*/
  59:Src/stm32f4xx_it.c **** extern DAC_HandleTypeDef hdac;
  60:Src/stm32f4xx_it.c **** extern SPI_HandleTypeDef hspi5;
  61:Src/stm32f4xx_it.c **** extern TIM_HandleTypeDef htim6;
  62:Src/stm32f4xx_it.c **** extern TIM_HandleTypeDef htim7;
  63:Src/stm32f4xx_it.c **** /* USER CODE BEGIN EV */
  64:Src/stm32f4xx_it.c **** 
  65:Src/stm32f4xx_it.c **** /* USER CODE END EV */
  66:Src/stm32f4xx_it.c **** 
  67:Src/stm32f4xx_it.c **** /******************************************************************************/
  68:Src/stm32f4xx_it.c **** /*           Cortex-M4 Processor Interruption and Exception Handlers          */ 
  69:Src/stm32f4xx_it.c **** /******************************************************************************/
  70:Src/stm32f4xx_it.c **** /**
  71:Src/stm32f4xx_it.c ****   * @brief This function handles Non maskable interrupt.
  72:Src/stm32f4xx_it.c ****   */
  73:Src/stm32f4xx_it.c **** void NMI_Handler(void)
  74:Src/stm32f4xx_it.c **** {
  28              		.loc 1 74 0
  29              		.cfi_startproc
  30              		@ args = 0, pretend = 0, frame = 0
  31              		@ frame_needed = 0, uses_anonymous_args = 0
  32              		@ link register save eliminated.
  33 0000 7047     		bx	lr
  34              		.cfi_endproc
  35              	.LFE130:
  37              		.section	.text.HardFault_Handler,"ax",%progbits
  38              		.align	1
  39              		.global	HardFault_Handler
  40              		.syntax unified
  41              		.thumb
  42              		.thumb_func
ARM GAS  /tmp/cc5yuM8D.s 			page 3


  43              		.fpu fpv4-sp-d16
  45              	HardFault_Handler:
  46              	.LFB131:
  75:Src/stm32f4xx_it.c ****   /* USER CODE BEGIN NonMaskableInt_IRQn 0 */
  76:Src/stm32f4xx_it.c **** 
  77:Src/stm32f4xx_it.c ****   /* USER CODE END NonMaskableInt_IRQn 0 */
  78:Src/stm32f4xx_it.c ****   /* USER CODE BEGIN NonMaskableInt_IRQn 1 */
  79:Src/stm32f4xx_it.c **** 
  80:Src/stm32f4xx_it.c ****   /* USER CODE END NonMaskableInt_IRQn 1 */
  81:Src/stm32f4xx_it.c **** }
  82:Src/stm32f4xx_it.c **** 
  83:Src/stm32f4xx_it.c **** /**
  84:Src/stm32f4xx_it.c ****   * @brief This function handles Hard fault interrupt.
  85:Src/stm32f4xx_it.c ****   */
  86:Src/stm32f4xx_it.c **** void HardFault_Handler(void)
  87:Src/stm32f4xx_it.c **** {
  47              		.loc 1 87 0
  48              		.cfi_startproc
  49              		@ Volatile: function does not return.
  50              		@ args = 0, pretend = 0, frame = 0
  51              		@ frame_needed = 0, uses_anonymous_args = 0
  52              		@ link register save eliminated.
  53              	.L3:
  54 0000 FEE7     		b	.L3
  55              		.cfi_endproc
  56              	.LFE131:
  58              		.section	.text.MemManage_Handler,"ax",%progbits
  59              		.align	1
  60              		.global	MemManage_Handler
  61              		.syntax unified
  62              		.thumb
  63              		.thumb_func
  64              		.fpu fpv4-sp-d16
  66              	MemManage_Handler:
  67              	.LFB132:
  88:Src/stm32f4xx_it.c ****   /* USER CODE BEGIN HardFault_IRQn 0 */
  89:Src/stm32f4xx_it.c **** 
  90:Src/stm32f4xx_it.c ****   /* USER CODE END HardFault_IRQn 0 */
  91:Src/stm32f4xx_it.c ****   while (1)
  92:Src/stm32f4xx_it.c ****   {
  93:Src/stm32f4xx_it.c ****     /* USER CODE BEGIN W1_HardFault_IRQn 0 */
  94:Src/stm32f4xx_it.c ****     /* USER CODE END W1_HardFault_IRQn 0 */
  95:Src/stm32f4xx_it.c ****   }
  96:Src/stm32f4xx_it.c **** }
  97:Src/stm32f4xx_it.c **** 
  98:Src/stm32f4xx_it.c **** /**
  99:Src/stm32f4xx_it.c ****   * @brief This function handles Memory management fault.
 100:Src/stm32f4xx_it.c ****   */
 101:Src/stm32f4xx_it.c **** void MemManage_Handler(void)
 102:Src/stm32f4xx_it.c **** {
  68              		.loc 1 102 0
  69              		.cfi_startproc
  70              		@ Volatile: function does not return.
  71              		@ args = 0, pretend = 0, frame = 0
  72              		@ frame_needed = 0, uses_anonymous_args = 0
  73              		@ link register save eliminated.
  74              	.L5:
ARM GAS  /tmp/cc5yuM8D.s 			page 4


  75 0000 FEE7     		b	.L5
  76              		.cfi_endproc
  77              	.LFE132:
  79              		.section	.text.BusFault_Handler,"ax",%progbits
  80              		.align	1
  81              		.global	BusFault_Handler
  82              		.syntax unified
  83              		.thumb
  84              		.thumb_func
  85              		.fpu fpv4-sp-d16
  87              	BusFault_Handler:
  88              	.LFB133:
 103:Src/stm32f4xx_it.c ****   /* USER CODE BEGIN MemoryManagement_IRQn 0 */
 104:Src/stm32f4xx_it.c **** 
 105:Src/stm32f4xx_it.c ****   /* USER CODE END MemoryManagement_IRQn 0 */
 106:Src/stm32f4xx_it.c ****   while (1)
 107:Src/stm32f4xx_it.c ****   {
 108:Src/stm32f4xx_it.c ****     /* USER CODE BEGIN W1_MemoryManagement_IRQn 0 */
 109:Src/stm32f4xx_it.c ****     /* USER CODE END W1_MemoryManagement_IRQn 0 */
 110:Src/stm32f4xx_it.c ****   }
 111:Src/stm32f4xx_it.c **** }
 112:Src/stm32f4xx_it.c **** 
 113:Src/stm32f4xx_it.c **** /**
 114:Src/stm32f4xx_it.c ****   * @brief This function handles Pre-fetch fault, memory access fault.
 115:Src/stm32f4xx_it.c ****   */
 116:Src/stm32f4xx_it.c **** void BusFault_Handler(void)
 117:Src/stm32f4xx_it.c **** {
  89              		.loc 1 117 0
  90              		.cfi_startproc
  91              		@ Volatile: function does not return.
  92              		@ args = 0, pretend = 0, frame = 0
  93              		@ frame_needed = 0, uses_anonymous_args = 0
  94              		@ link register save eliminated.
  95              	.L7:
  96 0000 FEE7     		b	.L7
  97              		.cfi_endproc
  98              	.LFE133:
 100              		.section	.text.UsageFault_Handler,"ax",%progbits
 101              		.align	1
 102              		.global	UsageFault_Handler
 103              		.syntax unified
 104              		.thumb
 105              		.thumb_func
 106              		.fpu fpv4-sp-d16
 108              	UsageFault_Handler:
 109              	.LFB134:
 118:Src/stm32f4xx_it.c ****   /* USER CODE BEGIN BusFault_IRQn 0 */
 119:Src/stm32f4xx_it.c **** 
 120:Src/stm32f4xx_it.c ****   /* USER CODE END BusFault_IRQn 0 */
 121:Src/stm32f4xx_it.c ****   while (1)
 122:Src/stm32f4xx_it.c ****   {
 123:Src/stm32f4xx_it.c ****     /* USER CODE BEGIN W1_BusFault_IRQn 0 */
 124:Src/stm32f4xx_it.c ****     /* USER CODE END W1_BusFault_IRQn 0 */
 125:Src/stm32f4xx_it.c ****   }
 126:Src/stm32f4xx_it.c **** }
 127:Src/stm32f4xx_it.c **** 
 128:Src/stm32f4xx_it.c **** /**
ARM GAS  /tmp/cc5yuM8D.s 			page 5


 129:Src/stm32f4xx_it.c ****   * @brief This function handles Undefined instruction or illegal state.
 130:Src/stm32f4xx_it.c ****   */
 131:Src/stm32f4xx_it.c **** void UsageFault_Handler(void)
 132:Src/stm32f4xx_it.c **** {
 110              		.loc 1 132 0
 111              		.cfi_startproc
 112              		@ Volatile: function does not return.
 113              		@ args = 0, pretend = 0, frame = 0
 114              		@ frame_needed = 0, uses_anonymous_args = 0
 115              		@ link register save eliminated.
 116              	.L9:
 117 0000 FEE7     		b	.L9
 118              		.cfi_endproc
 119              	.LFE134:
 121              		.section	.text.SVC_Handler,"ax",%progbits
 122              		.align	1
 123              		.global	SVC_Handler
 124              		.syntax unified
 125              		.thumb
 126              		.thumb_func
 127              		.fpu fpv4-sp-d16
 129              	SVC_Handler:
 130              	.LFB135:
 133:Src/stm32f4xx_it.c ****   /* USER CODE BEGIN UsageFault_IRQn 0 */
 134:Src/stm32f4xx_it.c **** 
 135:Src/stm32f4xx_it.c ****   /* USER CODE END UsageFault_IRQn 0 */
 136:Src/stm32f4xx_it.c ****   while (1)
 137:Src/stm32f4xx_it.c ****   {
 138:Src/stm32f4xx_it.c ****     /* USER CODE BEGIN W1_UsageFault_IRQn 0 */
 139:Src/stm32f4xx_it.c ****     /* USER CODE END W1_UsageFault_IRQn 0 */
 140:Src/stm32f4xx_it.c ****   }
 141:Src/stm32f4xx_it.c **** }
 142:Src/stm32f4xx_it.c **** 
 143:Src/stm32f4xx_it.c **** /**
 144:Src/stm32f4xx_it.c ****   * @brief This function handles System service call via SWI instruction.
 145:Src/stm32f4xx_it.c ****   */
 146:Src/stm32f4xx_it.c **** void SVC_Handler(void)
 147:Src/stm32f4xx_it.c **** {
 131              		.loc 1 147 0
 132              		.cfi_startproc
 133              		@ args = 0, pretend = 0, frame = 0
 134              		@ frame_needed = 0, uses_anonymous_args = 0
 135              		@ link register save eliminated.
 136 0000 7047     		bx	lr
 137              		.cfi_endproc
 138              	.LFE135:
 140              		.section	.text.DebugMon_Handler,"ax",%progbits
 141              		.align	1
 142              		.global	DebugMon_Handler
 143              		.syntax unified
 144              		.thumb
 145              		.thumb_func
 146              		.fpu fpv4-sp-d16
 148              	DebugMon_Handler:
 149              	.LFB136:
 148:Src/stm32f4xx_it.c ****   /* USER CODE BEGIN SVCall_IRQn 0 */
 149:Src/stm32f4xx_it.c **** 
ARM GAS  /tmp/cc5yuM8D.s 			page 6


 150:Src/stm32f4xx_it.c ****   /* USER CODE END SVCall_IRQn 0 */
 151:Src/stm32f4xx_it.c ****   /* USER CODE BEGIN SVCall_IRQn 1 */
 152:Src/stm32f4xx_it.c **** 
 153:Src/stm32f4xx_it.c ****   /* USER CODE END SVCall_IRQn 1 */
 154:Src/stm32f4xx_it.c **** }
 155:Src/stm32f4xx_it.c **** 
 156:Src/stm32f4xx_it.c **** /**
 157:Src/stm32f4xx_it.c ****   * @brief This function handles Debug monitor.
 158:Src/stm32f4xx_it.c ****   */
 159:Src/stm32f4xx_it.c **** void DebugMon_Handler(void)
 160:Src/stm32f4xx_it.c **** {
 150              		.loc 1 160 0
 151              		.cfi_startproc
 152              		@ args = 0, pretend = 0, frame = 0
 153              		@ frame_needed = 0, uses_anonymous_args = 0
 154              		@ link register save eliminated.
 155 0000 7047     		bx	lr
 156              		.cfi_endproc
 157              	.LFE136:
 159              		.section	.text.PendSV_Handler,"ax",%progbits
 160              		.align	1
 161              		.global	PendSV_Handler
 162              		.syntax unified
 163              		.thumb
 164              		.thumb_func
 165              		.fpu fpv4-sp-d16
 167              	PendSV_Handler:
 168              	.LFB137:
 161:Src/stm32f4xx_it.c ****   /* USER CODE BEGIN DebugMonitor_IRQn 0 */
 162:Src/stm32f4xx_it.c **** 
 163:Src/stm32f4xx_it.c ****   /* USER CODE END DebugMonitor_IRQn 0 */
 164:Src/stm32f4xx_it.c ****   /* USER CODE BEGIN DebugMonitor_IRQn 1 */
 165:Src/stm32f4xx_it.c **** 
 166:Src/stm32f4xx_it.c ****   /* USER CODE END DebugMonitor_IRQn 1 */
 167:Src/stm32f4xx_it.c **** }
 168:Src/stm32f4xx_it.c **** 
 169:Src/stm32f4xx_it.c **** /**
 170:Src/stm32f4xx_it.c ****   * @brief This function handles Pendable request for system service.
 171:Src/stm32f4xx_it.c ****   */
 172:Src/stm32f4xx_it.c **** void PendSV_Handler(void)
 173:Src/stm32f4xx_it.c **** {
 169              		.loc 1 173 0
 170              		.cfi_startproc
 171              		@ args = 0, pretend = 0, frame = 0
 172              		@ frame_needed = 0, uses_anonymous_args = 0
 173              		@ link register save eliminated.
 174 0000 7047     		bx	lr
 175              		.cfi_endproc
 176              	.LFE137:
 178              		.section	.text.SysTick_Handler,"ax",%progbits
 179              		.align	1
 180              		.global	SysTick_Handler
 181              		.syntax unified
 182              		.thumb
 183              		.thumb_func
 184              		.fpu fpv4-sp-d16
 186              	SysTick_Handler:
ARM GAS  /tmp/cc5yuM8D.s 			page 7


 187              	.LFB138:
 174:Src/stm32f4xx_it.c ****   /* USER CODE BEGIN PendSV_IRQn 0 */
 175:Src/stm32f4xx_it.c **** 
 176:Src/stm32f4xx_it.c ****   /* USER CODE END PendSV_IRQn 0 */
 177:Src/stm32f4xx_it.c ****   /* USER CODE BEGIN PendSV_IRQn 1 */
 178:Src/stm32f4xx_it.c **** 
 179:Src/stm32f4xx_it.c ****   /* USER CODE END PendSV_IRQn 1 */
 180:Src/stm32f4xx_it.c **** }
 181:Src/stm32f4xx_it.c **** 
 182:Src/stm32f4xx_it.c **** /**
 183:Src/stm32f4xx_it.c ****   * @brief This function handles System tick timer.
 184:Src/stm32f4xx_it.c ****   */
 185:Src/stm32f4xx_it.c **** void SysTick_Handler(void)
 186:Src/stm32f4xx_it.c **** {
 188              		.loc 1 186 0
 189              		.cfi_startproc
 190              		@ args = 0, pretend = 0, frame = 0
 191              		@ frame_needed = 0, uses_anonymous_args = 0
 192              		.loc 1 186 0
 193 0000 08B5     		push	{r3, lr}
 194              	.LCFI0:
 195              		.cfi_def_cfa_offset 8
 196              		.cfi_offset 3, -8
 197              		.cfi_offset 14, -4
 187:Src/stm32f4xx_it.c ****   /* USER CODE BEGIN SysTick_IRQn 0 */
 188:Src/stm32f4xx_it.c **** 
 189:Src/stm32f4xx_it.c ****   /* USER CODE END SysTick_IRQn 0 */
 190:Src/stm32f4xx_it.c ****   HAL_IncTick();
 198              		.loc 1 190 0
 199 0002 FFF7FEFF 		bl	HAL_IncTick
 200              	.LVL0:
 201 0006 08BD     		pop	{r3, pc}
 202              		.cfi_endproc
 203              	.LFE138:
 205              		.section	.text.EXTI15_10_IRQHandler,"ax",%progbits
 206              		.align	1
 207              		.global	EXTI15_10_IRQHandler
 208              		.syntax unified
 209              		.thumb
 210              		.thumb_func
 211              		.fpu fpv4-sp-d16
 213              	EXTI15_10_IRQHandler:
 214              	.LFB139:
 191:Src/stm32f4xx_it.c ****   /* USER CODE BEGIN SysTick_IRQn 1 */
 192:Src/stm32f4xx_it.c **** 
 193:Src/stm32f4xx_it.c ****   /* USER CODE END SysTick_IRQn 1 */
 194:Src/stm32f4xx_it.c **** }
 195:Src/stm32f4xx_it.c **** 
 196:Src/stm32f4xx_it.c **** /******************************************************************************/
 197:Src/stm32f4xx_it.c **** /* STM32F4xx Peripheral Interrupt Handlers                                    */
 198:Src/stm32f4xx_it.c **** /* Add here the Interrupt Handlers for the used peripherals.                  */
 199:Src/stm32f4xx_it.c **** /* For the available peripheral interrupt handler names,                      */
 200:Src/stm32f4xx_it.c **** /* please refer to the startup file (startup_stm32f4xx.s).                    */
 201:Src/stm32f4xx_it.c **** /******************************************************************************/
 202:Src/stm32f4xx_it.c **** 
 203:Src/stm32f4xx_it.c **** /**
 204:Src/stm32f4xx_it.c ****   * @brief This function handles EXTI line[15:10] interrupts.
ARM GAS  /tmp/cc5yuM8D.s 			page 8


 205:Src/stm32f4xx_it.c ****   */
 206:Src/stm32f4xx_it.c **** void EXTI15_10_IRQHandler(void)
 207:Src/stm32f4xx_it.c **** {
 215              		.loc 1 207 0
 216              		.cfi_startproc
 217              		@ args = 0, pretend = 0, frame = 0
 218              		@ frame_needed = 0, uses_anonymous_args = 0
 219 0000 08B5     		push	{r3, lr}
 220              	.LCFI1:
 221              		.cfi_def_cfa_offset 8
 222              		.cfi_offset 3, -8
 223              		.cfi_offset 14, -4
 208:Src/stm32f4xx_it.c ****   /* USER CODE BEGIN EXTI15_10_IRQn 0 */
 209:Src/stm32f4xx_it.c **** 
 210:Src/stm32f4xx_it.c ****   /* USER CODE END EXTI15_10_IRQn 0 */
 211:Src/stm32f4xx_it.c ****   HAL_GPIO_EXTI_IRQHandler(GPIO_PIN_10);
 224              		.loc 1 211 0
 225 0002 4FF48060 		mov	r0, #1024
 226 0006 FFF7FEFF 		bl	HAL_GPIO_EXTI_IRQHandler
 227              	.LVL1:
 228 000a 08BD     		pop	{r3, pc}
 229              		.cfi_endproc
 230              	.LFE139:
 232              		.section	.text.TIM6_DAC_IRQHandler,"ax",%progbits
 233              		.align	1
 234              		.global	TIM6_DAC_IRQHandler
 235              		.syntax unified
 236              		.thumb
 237              		.thumb_func
 238              		.fpu fpv4-sp-d16
 240              	TIM6_DAC_IRQHandler:
 241              	.LFB140:
 212:Src/stm32f4xx_it.c ****   /* USER CODE BEGIN EXTI15_10_IRQn 1 */
 213:Src/stm32f4xx_it.c **** 
 214:Src/stm32f4xx_it.c ****   /* USER CODE END EXTI15_10_IRQn 1 */
 215:Src/stm32f4xx_it.c **** }
 216:Src/stm32f4xx_it.c **** 
 217:Src/stm32f4xx_it.c **** /**
 218:Src/stm32f4xx_it.c ****   * @brief This function handles TIM6 global interrupt, DAC1 and DAC2 underrun error interrupts.
 219:Src/stm32f4xx_it.c ****   */
 220:Src/stm32f4xx_it.c **** void TIM6_DAC_IRQHandler(void)
 221:Src/stm32f4xx_it.c **** {
 242              		.loc 1 221 0
 243              		.cfi_startproc
 244              		@ args = 0, pretend = 0, frame = 0
 245              		@ frame_needed = 0, uses_anonymous_args = 0
 246 0000 08B5     		push	{r3, lr}
 247              	.LCFI2:
 248              		.cfi_def_cfa_offset 8
 249              		.cfi_offset 3, -8
 250              		.cfi_offset 14, -4
 222:Src/stm32f4xx_it.c ****   /* USER CODE BEGIN TIM6_DAC_IRQn 0 */
 223:Src/stm32f4xx_it.c **** 
 224:Src/stm32f4xx_it.c ****   /* USER CODE END TIM6_DAC_IRQn 0 */
 225:Src/stm32f4xx_it.c ****   HAL_DAC_IRQHandler(&hdac);
 251              		.loc 1 225 0
 252 0002 0348     		ldr	r0, .L19
ARM GAS  /tmp/cc5yuM8D.s 			page 9


 253 0004 FFF7FEFF 		bl	HAL_DAC_IRQHandler
 254              	.LVL2:
 226:Src/stm32f4xx_it.c ****   HAL_TIM_IRQHandler(&htim6);
 255              		.loc 1 226 0
 256 0008 0248     		ldr	r0, .L19+4
 257 000a FFF7FEFF 		bl	HAL_TIM_IRQHandler
 258              	.LVL3:
 259 000e 08BD     		pop	{r3, pc}
 260              	.L20:
 261              		.align	2
 262              	.L19:
 263 0010 00000000 		.word	hdac
 264 0014 00000000 		.word	htim6
 265              		.cfi_endproc
 266              	.LFE140:
 268              		.section	.text.TIM7_IRQHandler,"ax",%progbits
 269              		.align	1
 270              		.global	TIM7_IRQHandler
 271              		.syntax unified
 272              		.thumb
 273              		.thumb_func
 274              		.fpu fpv4-sp-d16
 276              	TIM7_IRQHandler:
 277              	.LFB141:
 227:Src/stm32f4xx_it.c ****   /* USER CODE BEGIN TIM6_DAC_IRQn 1 */
 228:Src/stm32f4xx_it.c **** 
 229:Src/stm32f4xx_it.c ****   /* USER CODE END TIM6_DAC_IRQn 1 */
 230:Src/stm32f4xx_it.c **** }
 231:Src/stm32f4xx_it.c **** 
 232:Src/stm32f4xx_it.c **** /**
 233:Src/stm32f4xx_it.c ****   * @brief This function handles TIM7 global interrupt.
 234:Src/stm32f4xx_it.c ****   */
 235:Src/stm32f4xx_it.c **** void TIM7_IRQHandler(void)
 236:Src/stm32f4xx_it.c **** {
 278              		.loc 1 236 0
 279              		.cfi_startproc
 280              		@ args = 0, pretend = 0, frame = 0
 281              		@ frame_needed = 0, uses_anonymous_args = 0
 282 0000 08B5     		push	{r3, lr}
 283              	.LCFI3:
 284              		.cfi_def_cfa_offset 8
 285              		.cfi_offset 3, -8
 286              		.cfi_offset 14, -4
 237:Src/stm32f4xx_it.c ****   /* USER CODE BEGIN TIM7_IRQn 0 */
 238:Src/stm32f4xx_it.c **** 
 239:Src/stm32f4xx_it.c ****   /* USER CODE END TIM7_IRQn 0 */
 240:Src/stm32f4xx_it.c ****   HAL_TIM_IRQHandler(&htim7);
 287              		.loc 1 240 0
 288 0002 0248     		ldr	r0, .L23
 289 0004 FFF7FEFF 		bl	HAL_TIM_IRQHandler
 290              	.LVL4:
 291 0008 08BD     		pop	{r3, pc}
 292              	.L24:
 293 000a 00BF     		.align	2
 294              	.L23:
 295 000c 00000000 		.word	htim7
 296              		.cfi_endproc
ARM GAS  /tmp/cc5yuM8D.s 			page 10


 297              	.LFE141:
 299              		.section	.text.SPI5_IRQHandler,"ax",%progbits
 300              		.align	1
 301              		.global	SPI5_IRQHandler
 302              		.syntax unified
 303              		.thumb
 304              		.thumb_func
 305              		.fpu fpv4-sp-d16
 307              	SPI5_IRQHandler:
 308              	.LFB142:
 241:Src/stm32f4xx_it.c ****   /* USER CODE BEGIN TIM7_IRQn 1 */
 242:Src/stm32f4xx_it.c **** 
 243:Src/stm32f4xx_it.c ****   /* USER CODE END TIM7_IRQn 1 */
 244:Src/stm32f4xx_it.c **** }
 245:Src/stm32f4xx_it.c **** 
 246:Src/stm32f4xx_it.c **** /**
 247:Src/stm32f4xx_it.c ****   * @brief This function handles SPI5 global interrupt.
 248:Src/stm32f4xx_it.c ****   */
 249:Src/stm32f4xx_it.c **** void SPI5_IRQHandler(void)
 250:Src/stm32f4xx_it.c **** {
 309              		.loc 1 250 0
 310              		.cfi_startproc
 311              		@ args = 0, pretend = 0, frame = 0
 312              		@ frame_needed = 0, uses_anonymous_args = 0
 313 0000 08B5     		push	{r3, lr}
 314              	.LCFI4:
 315              		.cfi_def_cfa_offset 8
 316              		.cfi_offset 3, -8
 317              		.cfi_offset 14, -4
 251:Src/stm32f4xx_it.c ****   /* USER CODE BEGIN SPI5_IRQn 0 */
 252:Src/stm32f4xx_it.c **** 
 253:Src/stm32f4xx_it.c ****   /* USER CODE END SPI5_IRQn 0 */
 254:Src/stm32f4xx_it.c ****   HAL_SPI_IRQHandler(&hspi5);
 318              		.loc 1 254 0
 319 0002 0248     		ldr	r0, .L27
 320 0004 FFF7FEFF 		bl	HAL_SPI_IRQHandler
 321              	.LVL5:
 322 0008 08BD     		pop	{r3, pc}
 323              	.L28:
 324 000a 00BF     		.align	2
 325              	.L27:
 326 000c 00000000 		.word	hspi5
 327              		.cfi_endproc
 328              	.LFE142:
 330              		.text
 331              	.Letext0:
 332              		.file 2 "/usr/include/newlib/machine/_default_types.h"
 333              		.file 3 "/usr/include/newlib/sys/_stdint.h"
 334              		.file 4 "Drivers/CMSIS/Include/core_cm4.h"
 335              		.file 5 "Drivers/CMSIS/Device/ST/STM32F4xx/Include/system_stm32f4xx.h"
 336              		.file 6 "Drivers/CMSIS/Device/ST/STM32F4xx/Include/stm32f429xx.h"
 337              		.file 7 "Drivers/STM32F4xx_HAL_Driver/Inc/stm32f4xx_hal_def.h"
 338              		.file 8 "Drivers/STM32F4xx_HAL_Driver/Inc/stm32f4xx_hal_dma.h"
 339              		.file 9 "Drivers/STM32F4xx_HAL_Driver/Inc/stm32f4xx_hal_dac.h"
 340              		.file 10 "Drivers/STM32F4xx_HAL_Driver/Inc/stm32f4xx_hal_spi.h"
 341              		.file 11 "Drivers/STM32F4xx_HAL_Driver/Inc/stm32f4xx_hal_tim.h"
 342              		.file 12 "Drivers/STM32F4xx_HAL_Driver/Inc/stm32f4xx_hal_gpio.h"
ARM GAS  /tmp/cc5yuM8D.s 			page 11


 343              		.file 13 "Drivers/STM32F4xx_HAL_Driver/Inc/stm32f4xx_hal.h"
ARM GAS  /tmp/cc5yuM8D.s 			page 12


DEFINED SYMBOLS
                            *ABS*:0000000000000000 stm32f4xx_it.c
     /tmp/cc5yuM8D.s:18     .text.NMI_Handler:0000000000000000 $t
     /tmp/cc5yuM8D.s:25     .text.NMI_Handler:0000000000000000 NMI_Handler
     /tmp/cc5yuM8D.s:38     .text.HardFault_Handler:0000000000000000 $t
     /tmp/cc5yuM8D.s:45     .text.HardFault_Handler:0000000000000000 HardFault_Handler
     /tmp/cc5yuM8D.s:59     .text.MemManage_Handler:0000000000000000 $t
     /tmp/cc5yuM8D.s:66     .text.MemManage_Handler:0000000000000000 MemManage_Handler
     /tmp/cc5yuM8D.s:80     .text.BusFault_Handler:0000000000000000 $t
     /tmp/cc5yuM8D.s:87     .text.BusFault_Handler:0000000000000000 BusFault_Handler
     /tmp/cc5yuM8D.s:101    .text.UsageFault_Handler:0000000000000000 $t
     /tmp/cc5yuM8D.s:108    .text.UsageFault_Handler:0000000000000000 UsageFault_Handler
     /tmp/cc5yuM8D.s:122    .text.SVC_Handler:0000000000000000 $t
     /tmp/cc5yuM8D.s:129    .text.SVC_Handler:0000000000000000 SVC_Handler
     /tmp/cc5yuM8D.s:141    .text.DebugMon_Handler:0000000000000000 $t
     /tmp/cc5yuM8D.s:148    .text.DebugMon_Handler:0000000000000000 DebugMon_Handler
     /tmp/cc5yuM8D.s:160    .text.PendSV_Handler:0000000000000000 $t
     /tmp/cc5yuM8D.s:167    .text.PendSV_Handler:0000000000000000 PendSV_Handler
     /tmp/cc5yuM8D.s:179    .text.SysTick_Handler:0000000000000000 $t
     /tmp/cc5yuM8D.s:186    .text.SysTick_Handler:0000000000000000 SysTick_Handler
     /tmp/cc5yuM8D.s:206    .text.EXTI15_10_IRQHandler:0000000000000000 $t
     /tmp/cc5yuM8D.s:213    .text.EXTI15_10_IRQHandler:0000000000000000 EXTI15_10_IRQHandler
     /tmp/cc5yuM8D.s:233    .text.TIM6_DAC_IRQHandler:0000000000000000 $t
     /tmp/cc5yuM8D.s:240    .text.TIM6_DAC_IRQHandler:0000000000000000 TIM6_DAC_IRQHandler
     /tmp/cc5yuM8D.s:263    .text.TIM6_DAC_IRQHandler:0000000000000010 $d
     /tmp/cc5yuM8D.s:269    .text.TIM7_IRQHandler:0000000000000000 $t
     /tmp/cc5yuM8D.s:276    .text.TIM7_IRQHandler:0000000000000000 TIM7_IRQHandler
     /tmp/cc5yuM8D.s:295    .text.TIM7_IRQHandler:000000000000000c $d
     /tmp/cc5yuM8D.s:300    .text.SPI5_IRQHandler:0000000000000000 $t
     /tmp/cc5yuM8D.s:307    .text.SPI5_IRQHandler:0000000000000000 SPI5_IRQHandler
     /tmp/cc5yuM8D.s:326    .text.SPI5_IRQHandler:000000000000000c $d
                     .debug_frame:0000000000000010 $d

UNDEFINED SYMBOLS
HAL_IncTick
HAL_GPIO_EXTI_IRQHandler
HAL_DAC_IRQHandler
HAL_TIM_IRQHandler
hdac
htim6
htim7
HAL_SPI_IRQHandler
hspi5
