ARM GAS  /tmp/ccet6yAs.s 			page 1


   1              		.cpu cortex-m4
   2              		.eabi_attribute 27, 1
   3              		.eabi_attribute 28, 1
   4              		.eabi_attribute 20, 1
   5              		.eabi_attribute 21, 1
   6              		.eabi_attribute 23, 3
   7              		.eabi_attribute 24, 1
   8              		.eabi_attribute 25, 1
   9              		.eabi_attribute 26, 1
  10              		.eabi_attribute 30, 1
  11              		.eabi_attribute 34, 1
  12              		.eabi_attribute 18, 4
  13              		.file	"stm32f4xx_hal_dac_ex.c"
  14              		.text
  15              	.Ltext0:
  16              		.cfi_sections	.debug_frame
  17              		.section	.text.HAL_DACEx_DualGetValue,"ax",%progbits
  18              		.align	1
  19              		.global	HAL_DACEx_DualGetValue
  20              		.syntax unified
  21              		.thumb
  22              		.thumb_func
  23              		.fpu fpv4-sp-d16
  25              	HAL_DACEx_DualGetValue:
  26              	.LFB130:
  27              		.file 1 "Drivers/STM32F4xx_HAL_Driver/Src/stm32f4xx_hal_dac_ex.c"
   1:Drivers/STM32F4xx_HAL_Driver/Src/stm32f4xx_hal_dac_ex.c **** /**
   2:Drivers/STM32F4xx_HAL_Driver/Src/stm32f4xx_hal_dac_ex.c ****   ******************************************************************************
   3:Drivers/STM32F4xx_HAL_Driver/Src/stm32f4xx_hal_dac_ex.c ****   * @file    stm32f4xx_hal_dac_ex.c
   4:Drivers/STM32F4xx_HAL_Driver/Src/stm32f4xx_hal_dac_ex.c ****   * @author  MCD Application Team
   5:Drivers/STM32F4xx_HAL_Driver/Src/stm32f4xx_hal_dac_ex.c ****   * @brief   DAC HAL module driver.
   6:Drivers/STM32F4xx_HAL_Driver/Src/stm32f4xx_hal_dac_ex.c ****   *         This file provides firmware functions to manage the following 
   7:Drivers/STM32F4xx_HAL_Driver/Src/stm32f4xx_hal_dac_ex.c ****   *         functionalities of DAC extension peripheral:
   8:Drivers/STM32F4xx_HAL_Driver/Src/stm32f4xx_hal_dac_ex.c ****   *           + Extended features functions
   9:Drivers/STM32F4xx_HAL_Driver/Src/stm32f4xx_hal_dac_ex.c ****   *     
  10:Drivers/STM32F4xx_HAL_Driver/Src/stm32f4xx_hal_dac_ex.c ****   *
  11:Drivers/STM32F4xx_HAL_Driver/Src/stm32f4xx_hal_dac_ex.c ****   @verbatim      
  12:Drivers/STM32F4xx_HAL_Driver/Src/stm32f4xx_hal_dac_ex.c ****   ==============================================================================
  13:Drivers/STM32F4xx_HAL_Driver/Src/stm32f4xx_hal_dac_ex.c ****                       ##### How to use this driver #####
  14:Drivers/STM32F4xx_HAL_Driver/Src/stm32f4xx_hal_dac_ex.c ****   ==============================================================================
  15:Drivers/STM32F4xx_HAL_Driver/Src/stm32f4xx_hal_dac_ex.c ****     [..]          
  16:Drivers/STM32F4xx_HAL_Driver/Src/stm32f4xx_hal_dac_ex.c ****       (+) When Dual mode is enabled (i.e DAC Channel1 and Channel2 are used simultaneously) :
  17:Drivers/STM32F4xx_HAL_Driver/Src/stm32f4xx_hal_dac_ex.c ****           Use HAL_DACEx_DualGetValue() to get digital data to be converted and use
  18:Drivers/STM32F4xx_HAL_Driver/Src/stm32f4xx_hal_dac_ex.c ****           HAL_DACEx_DualSetValue() to set digital value to converted simultaneously in Channel 1 an
  19:Drivers/STM32F4xx_HAL_Driver/Src/stm32f4xx_hal_dac_ex.c ****       (+) Use HAL_DACEx_TriangleWaveGenerate() to generate Triangle signal.
  20:Drivers/STM32F4xx_HAL_Driver/Src/stm32f4xx_hal_dac_ex.c ****       (+) Use HAL_DACEx_NoiseWaveGenerate() to generate Noise signal.
  21:Drivers/STM32F4xx_HAL_Driver/Src/stm32f4xx_hal_dac_ex.c ****    
  22:Drivers/STM32F4xx_HAL_Driver/Src/stm32f4xx_hal_dac_ex.c ****  @endverbatim    
  23:Drivers/STM32F4xx_HAL_Driver/Src/stm32f4xx_hal_dac_ex.c ****   ******************************************************************************
  24:Drivers/STM32F4xx_HAL_Driver/Src/stm32f4xx_hal_dac_ex.c ****   * @attention
  25:Drivers/STM32F4xx_HAL_Driver/Src/stm32f4xx_hal_dac_ex.c ****   *
  26:Drivers/STM32F4xx_HAL_Driver/Src/stm32f4xx_hal_dac_ex.c ****   * <h2><center>&copy; Copyright (c) 2017 STMicroelectronics.
  27:Drivers/STM32F4xx_HAL_Driver/Src/stm32f4xx_hal_dac_ex.c ****   * All rights reserved.</center></h2>
  28:Drivers/STM32F4xx_HAL_Driver/Src/stm32f4xx_hal_dac_ex.c ****   *
  29:Drivers/STM32F4xx_HAL_Driver/Src/stm32f4xx_hal_dac_ex.c ****   * This software component is licensed by ST under BSD 3-Clause license,
  30:Drivers/STM32F4xx_HAL_Driver/Src/stm32f4xx_hal_dac_ex.c ****   * the "License"; You may not use this file except in compliance with the
  31:Drivers/STM32F4xx_HAL_Driver/Src/stm32f4xx_hal_dac_ex.c ****   * License. You may obtain a copy of the License at:
ARM GAS  /tmp/ccet6yAs.s 			page 2


  32:Drivers/STM32F4xx_HAL_Driver/Src/stm32f4xx_hal_dac_ex.c ****   *                        opensource.org/licenses/BSD-3-Clause
  33:Drivers/STM32F4xx_HAL_Driver/Src/stm32f4xx_hal_dac_ex.c ****   *
  34:Drivers/STM32F4xx_HAL_Driver/Src/stm32f4xx_hal_dac_ex.c ****   ******************************************************************************
  35:Drivers/STM32F4xx_HAL_Driver/Src/stm32f4xx_hal_dac_ex.c ****   */ 
  36:Drivers/STM32F4xx_HAL_Driver/Src/stm32f4xx_hal_dac_ex.c **** 
  37:Drivers/STM32F4xx_HAL_Driver/Src/stm32f4xx_hal_dac_ex.c **** 
  38:Drivers/STM32F4xx_HAL_Driver/Src/stm32f4xx_hal_dac_ex.c **** /* Includes ------------------------------------------------------------------*/
  39:Drivers/STM32F4xx_HAL_Driver/Src/stm32f4xx_hal_dac_ex.c **** #include "stm32f4xx_hal.h"
  40:Drivers/STM32F4xx_HAL_Driver/Src/stm32f4xx_hal_dac_ex.c **** 
  41:Drivers/STM32F4xx_HAL_Driver/Src/stm32f4xx_hal_dac_ex.c **** /** @addtogroup STM32F4xx_HAL_Driver
  42:Drivers/STM32F4xx_HAL_Driver/Src/stm32f4xx_hal_dac_ex.c ****   * @{
  43:Drivers/STM32F4xx_HAL_Driver/Src/stm32f4xx_hal_dac_ex.c ****   */
  44:Drivers/STM32F4xx_HAL_Driver/Src/stm32f4xx_hal_dac_ex.c **** 
  45:Drivers/STM32F4xx_HAL_Driver/Src/stm32f4xx_hal_dac_ex.c **** /** @defgroup DACEx DACEx
  46:Drivers/STM32F4xx_HAL_Driver/Src/stm32f4xx_hal_dac_ex.c ****   * @brief DAC driver modules
  47:Drivers/STM32F4xx_HAL_Driver/Src/stm32f4xx_hal_dac_ex.c ****   * @{
  48:Drivers/STM32F4xx_HAL_Driver/Src/stm32f4xx_hal_dac_ex.c ****   */ 
  49:Drivers/STM32F4xx_HAL_Driver/Src/stm32f4xx_hal_dac_ex.c **** 
  50:Drivers/STM32F4xx_HAL_Driver/Src/stm32f4xx_hal_dac_ex.c **** #ifdef HAL_DAC_MODULE_ENABLED
  51:Drivers/STM32F4xx_HAL_Driver/Src/stm32f4xx_hal_dac_ex.c **** 
  52:Drivers/STM32F4xx_HAL_Driver/Src/stm32f4xx_hal_dac_ex.c **** #if defined(STM32F405xx) || defined(STM32F415xx) || defined(STM32F407xx) || defined(STM32F417xx) ||
  53:Drivers/STM32F4xx_HAL_Driver/Src/stm32f4xx_hal_dac_ex.c ****     defined(STM32F427xx) || defined(STM32F437xx) || defined(STM32F429xx) || defined(STM32F439xx) ||
  54:Drivers/STM32F4xx_HAL_Driver/Src/stm32f4xx_hal_dac_ex.c ****     defined(STM32F410Tx) || defined(STM32F410Cx) || defined(STM32F410Rx) || defined(STM32F446xx) ||
  55:Drivers/STM32F4xx_HAL_Driver/Src/stm32f4xx_hal_dac_ex.c ****     defined(STM32F469xx) || defined(STM32F479xx) || defined(STM32F413xx) || defined(STM32F423xx)
  56:Drivers/STM32F4xx_HAL_Driver/Src/stm32f4xx_hal_dac_ex.c **** /* Private typedef -----------------------------------------------------------*/
  57:Drivers/STM32F4xx_HAL_Driver/Src/stm32f4xx_hal_dac_ex.c **** /* Private define ------------------------------------------------------------*/
  58:Drivers/STM32F4xx_HAL_Driver/Src/stm32f4xx_hal_dac_ex.c **** /* Private macro -------------------------------------------------------------*/
  59:Drivers/STM32F4xx_HAL_Driver/Src/stm32f4xx_hal_dac_ex.c **** /* Private variables ---------------------------------------------------------*/
  60:Drivers/STM32F4xx_HAL_Driver/Src/stm32f4xx_hal_dac_ex.c **** /* Private function prototypes -----------------------------------------------*/
  61:Drivers/STM32F4xx_HAL_Driver/Src/stm32f4xx_hal_dac_ex.c **** /* Private functions ---------------------------------------------------------*/
  62:Drivers/STM32F4xx_HAL_Driver/Src/stm32f4xx_hal_dac_ex.c **** /* Exported functions --------------------------------------------------------*/
  63:Drivers/STM32F4xx_HAL_Driver/Src/stm32f4xx_hal_dac_ex.c **** /** @defgroup DACEx_Exported_Functions DAC Exported Functions
  64:Drivers/STM32F4xx_HAL_Driver/Src/stm32f4xx_hal_dac_ex.c ****   * @{
  65:Drivers/STM32F4xx_HAL_Driver/Src/stm32f4xx_hal_dac_ex.c ****   */
  66:Drivers/STM32F4xx_HAL_Driver/Src/stm32f4xx_hal_dac_ex.c **** 
  67:Drivers/STM32F4xx_HAL_Driver/Src/stm32f4xx_hal_dac_ex.c **** /** @defgroup DACEx_Exported_Functions_Group1 Extended features functions
  68:Drivers/STM32F4xx_HAL_Driver/Src/stm32f4xx_hal_dac_ex.c ****  *  @brief    Extended features functions 
  69:Drivers/STM32F4xx_HAL_Driver/Src/stm32f4xx_hal_dac_ex.c ****  *
  70:Drivers/STM32F4xx_HAL_Driver/Src/stm32f4xx_hal_dac_ex.c **** @verbatim   
  71:Drivers/STM32F4xx_HAL_Driver/Src/stm32f4xx_hal_dac_ex.c ****   ==============================================================================
  72:Drivers/STM32F4xx_HAL_Driver/Src/stm32f4xx_hal_dac_ex.c ****                  ##### Extended features functions #####
  73:Drivers/STM32F4xx_HAL_Driver/Src/stm32f4xx_hal_dac_ex.c ****   ==============================================================================  
  74:Drivers/STM32F4xx_HAL_Driver/Src/stm32f4xx_hal_dac_ex.c ****     [..]  This section provides functions allowing to:
  75:Drivers/STM32F4xx_HAL_Driver/Src/stm32f4xx_hal_dac_ex.c ****       (+) Start conversion.
  76:Drivers/STM32F4xx_HAL_Driver/Src/stm32f4xx_hal_dac_ex.c ****       (+) Stop conversion.
  77:Drivers/STM32F4xx_HAL_Driver/Src/stm32f4xx_hal_dac_ex.c ****       (+) Start conversion and enable DMA transfer.
  78:Drivers/STM32F4xx_HAL_Driver/Src/stm32f4xx_hal_dac_ex.c ****       (+) Stop conversion and disable DMA transfer.
  79:Drivers/STM32F4xx_HAL_Driver/Src/stm32f4xx_hal_dac_ex.c ****       (+) Get result of conversion.
  80:Drivers/STM32F4xx_HAL_Driver/Src/stm32f4xx_hal_dac_ex.c ****       (+) Get result of dual mode conversion.
  81:Drivers/STM32F4xx_HAL_Driver/Src/stm32f4xx_hal_dac_ex.c ****                      
  82:Drivers/STM32F4xx_HAL_Driver/Src/stm32f4xx_hal_dac_ex.c **** @endverbatim
  83:Drivers/STM32F4xx_HAL_Driver/Src/stm32f4xx_hal_dac_ex.c ****   * @{
  84:Drivers/STM32F4xx_HAL_Driver/Src/stm32f4xx_hal_dac_ex.c ****   */
  85:Drivers/STM32F4xx_HAL_Driver/Src/stm32f4xx_hal_dac_ex.c **** 
  86:Drivers/STM32F4xx_HAL_Driver/Src/stm32f4xx_hal_dac_ex.c **** /**
  87:Drivers/STM32F4xx_HAL_Driver/Src/stm32f4xx_hal_dac_ex.c ****   * @brief  Returns the last data output value of the selected DAC channel.
  88:Drivers/STM32F4xx_HAL_Driver/Src/stm32f4xx_hal_dac_ex.c ****   * @param  hdac pointer to a DAC_HandleTypeDef structure that contains
ARM GAS  /tmp/ccet6yAs.s 			page 3


  89:Drivers/STM32F4xx_HAL_Driver/Src/stm32f4xx_hal_dac_ex.c ****   *         the configuration information for the specified DAC.
  90:Drivers/STM32F4xx_HAL_Driver/Src/stm32f4xx_hal_dac_ex.c ****   * @retval The selected DAC channel data output value.
  91:Drivers/STM32F4xx_HAL_Driver/Src/stm32f4xx_hal_dac_ex.c ****   */
  92:Drivers/STM32F4xx_HAL_Driver/Src/stm32f4xx_hal_dac_ex.c **** uint32_t HAL_DACEx_DualGetValue(DAC_HandleTypeDef* hdac)
  93:Drivers/STM32F4xx_HAL_Driver/Src/stm32f4xx_hal_dac_ex.c **** {
  28              		.loc 1 93 0
  29              		.cfi_startproc
  30              		@ args = 0, pretend = 0, frame = 0
  31              		@ frame_needed = 0, uses_anonymous_args = 0
  32              		@ link register save eliminated.
  33              	.LVL0:
  94:Drivers/STM32F4xx_HAL_Driver/Src/stm32f4xx_hal_dac_ex.c ****   uint32_t tmp = 0U;
  95:Drivers/STM32F4xx_HAL_Driver/Src/stm32f4xx_hal_dac_ex.c ****   
  96:Drivers/STM32F4xx_HAL_Driver/Src/stm32f4xx_hal_dac_ex.c ****   tmp |= hdac->Instance->DOR1;
  34              		.loc 1 96 0
  35 0000 0368     		ldr	r3, [r0]
  36 0002 DA6A     		ldr	r2, [r3, #44]
  37              	.LVL1:
  97:Drivers/STM32F4xx_HAL_Driver/Src/stm32f4xx_hal_dac_ex.c ****   
  98:Drivers/STM32F4xx_HAL_Driver/Src/stm32f4xx_hal_dac_ex.c ****   tmp |= hdac->Instance->DOR2 << 16U;
  38              		.loc 1 98 0
  39 0004 186B     		ldr	r0, [r3, #48]
  40              	.LVL2:
  99:Drivers/STM32F4xx_HAL_Driver/Src/stm32f4xx_hal_dac_ex.c ****   
 100:Drivers/STM32F4xx_HAL_Driver/Src/stm32f4xx_hal_dac_ex.c ****   /* Returns the DAC channel data output register value */
 101:Drivers/STM32F4xx_HAL_Driver/Src/stm32f4xx_hal_dac_ex.c ****   return tmp;
 102:Drivers/STM32F4xx_HAL_Driver/Src/stm32f4xx_hal_dac_ex.c **** }
  41              		.loc 1 102 0
  42 0006 42EA0040 		orr	r0, r2, r0, lsl #16
  43              	.LVL3:
  44 000a 7047     		bx	lr
  45              		.cfi_endproc
  46              	.LFE130:
  48              		.section	.text.HAL_DACEx_TriangleWaveGenerate,"ax",%progbits
  49              		.align	1
  50              		.global	HAL_DACEx_TriangleWaveGenerate
  51              		.syntax unified
  52              		.thumb
  53              		.thumb_func
  54              		.fpu fpv4-sp-d16
  56              	HAL_DACEx_TriangleWaveGenerate:
  57              	.LFB131:
 103:Drivers/STM32F4xx_HAL_Driver/Src/stm32f4xx_hal_dac_ex.c **** 
 104:Drivers/STM32F4xx_HAL_Driver/Src/stm32f4xx_hal_dac_ex.c **** /**
 105:Drivers/STM32F4xx_HAL_Driver/Src/stm32f4xx_hal_dac_ex.c ****   * @brief  Enables or disables the selected DAC channel wave generation.
 106:Drivers/STM32F4xx_HAL_Driver/Src/stm32f4xx_hal_dac_ex.c ****   * @param  hdac pointer to a DAC_HandleTypeDef structure that contains
 107:Drivers/STM32F4xx_HAL_Driver/Src/stm32f4xx_hal_dac_ex.c ****   *         the configuration information for the specified DAC.
 108:Drivers/STM32F4xx_HAL_Driver/Src/stm32f4xx_hal_dac_ex.c ****   * @param  Channel The selected DAC channel. 
 109:Drivers/STM32F4xx_HAL_Driver/Src/stm32f4xx_hal_dac_ex.c ****   *          This parameter can be one of the following values:
 110:Drivers/STM32F4xx_HAL_Driver/Src/stm32f4xx_hal_dac_ex.c ****   *            DAC_CHANNEL_1 / DAC_CHANNEL_2
 111:Drivers/STM32F4xx_HAL_Driver/Src/stm32f4xx_hal_dac_ex.c ****   * @param  Amplitude Select max triangle amplitude. 
 112:Drivers/STM32F4xx_HAL_Driver/Src/stm32f4xx_hal_dac_ex.c ****   *          This parameter can be one of the following values:
 113:Drivers/STM32F4xx_HAL_Driver/Src/stm32f4xx_hal_dac_ex.c ****   *            @arg DAC_TRIANGLEAMPLITUDE_1: Select max triangle amplitude of 1
 114:Drivers/STM32F4xx_HAL_Driver/Src/stm32f4xx_hal_dac_ex.c ****   *            @arg DAC_TRIANGLEAMPLITUDE_3: Select max triangle amplitude of 3
 115:Drivers/STM32F4xx_HAL_Driver/Src/stm32f4xx_hal_dac_ex.c ****   *            @arg DAC_TRIANGLEAMPLITUDE_7: Select max triangle amplitude of 7
 116:Drivers/STM32F4xx_HAL_Driver/Src/stm32f4xx_hal_dac_ex.c ****   *            @arg DAC_TRIANGLEAMPLITUDE_15: Select max triangle amplitude of 15
 117:Drivers/STM32F4xx_HAL_Driver/Src/stm32f4xx_hal_dac_ex.c ****   *            @arg DAC_TRIANGLEAMPLITUDE_31: Select max triangle amplitude of 31
ARM GAS  /tmp/ccet6yAs.s 			page 4


 118:Drivers/STM32F4xx_HAL_Driver/Src/stm32f4xx_hal_dac_ex.c ****   *            @arg DAC_TRIANGLEAMPLITUDE_63: Select max triangle amplitude of 63
 119:Drivers/STM32F4xx_HAL_Driver/Src/stm32f4xx_hal_dac_ex.c ****   *            @arg DAC_TRIANGLEAMPLITUDE_127: Select max triangle amplitude of 127
 120:Drivers/STM32F4xx_HAL_Driver/Src/stm32f4xx_hal_dac_ex.c ****   *            @arg DAC_TRIANGLEAMPLITUDE_255: Select max triangle amplitude of 255
 121:Drivers/STM32F4xx_HAL_Driver/Src/stm32f4xx_hal_dac_ex.c ****   *            @arg DAC_TRIANGLEAMPLITUDE_511: Select max triangle amplitude of 511
 122:Drivers/STM32F4xx_HAL_Driver/Src/stm32f4xx_hal_dac_ex.c ****   *            @arg DAC_TRIANGLEAMPLITUDE_1023: Select max triangle amplitude of 1023
 123:Drivers/STM32F4xx_HAL_Driver/Src/stm32f4xx_hal_dac_ex.c ****   *            @arg DAC_TRIANGLEAMPLITUDE_2047: Select max triangle amplitude of 2047
 124:Drivers/STM32F4xx_HAL_Driver/Src/stm32f4xx_hal_dac_ex.c ****   *            @arg DAC_TRIANGLEAMPLITUDE_4095: Select max triangle amplitude of 4095              
 125:Drivers/STM32F4xx_HAL_Driver/Src/stm32f4xx_hal_dac_ex.c ****   * @retval HAL status
 126:Drivers/STM32F4xx_HAL_Driver/Src/stm32f4xx_hal_dac_ex.c ****   */
 127:Drivers/STM32F4xx_HAL_Driver/Src/stm32f4xx_hal_dac_ex.c **** HAL_StatusTypeDef HAL_DACEx_TriangleWaveGenerate(DAC_HandleTypeDef* hdac, uint32_t Channel, uint32_
 128:Drivers/STM32F4xx_HAL_Driver/Src/stm32f4xx_hal_dac_ex.c **** {  
  58              		.loc 1 128 0
  59              		.cfi_startproc
  60              		@ args = 0, pretend = 0, frame = 0
  61              		@ frame_needed = 0, uses_anonymous_args = 0
  62              		@ link register save eliminated.
  63              	.LVL4:
 129:Drivers/STM32F4xx_HAL_Driver/Src/stm32f4xx_hal_dac_ex.c ****   /* Check the parameters */
 130:Drivers/STM32F4xx_HAL_Driver/Src/stm32f4xx_hal_dac_ex.c ****   assert_param(IS_DAC_CHANNEL(Channel));
 131:Drivers/STM32F4xx_HAL_Driver/Src/stm32f4xx_hal_dac_ex.c ****   assert_param(IS_DAC_LFSR_UNMASK_TRIANGLE_AMPLITUDE(Amplitude));
 132:Drivers/STM32F4xx_HAL_Driver/Src/stm32f4xx_hal_dac_ex.c ****   
 133:Drivers/STM32F4xx_HAL_Driver/Src/stm32f4xx_hal_dac_ex.c ****   /* Process locked */
 134:Drivers/STM32F4xx_HAL_Driver/Src/stm32f4xx_hal_dac_ex.c ****   __HAL_LOCK(hdac);
  64              		.loc 1 134 0
  65 0000 4379     		ldrb	r3, [r0, #5]	@ zero_extendqisi2
  66 0002 012B     		cmp	r3, #1
  67 0004 17D0     		beq	.L4
 128:Drivers/STM32F4xx_HAL_Driver/Src/stm32f4xx_hal_dac_ex.c ****   /* Check the parameters */
  68              		.loc 1 128 0 discriminator 2
  69 0006 70B4     		push	{r4, r5, r6}
  70              	.LCFI0:
  71              		.cfi_def_cfa_offset 12
  72              		.cfi_offset 4, -12
  73              		.cfi_offset 5, -8
  74              		.cfi_offset 6, -4
  75              		.loc 1 134 0 discriminator 2
  76 0008 0125     		movs	r5, #1
  77 000a 4571     		strb	r5, [r0, #5]
 135:Drivers/STM32F4xx_HAL_Driver/Src/stm32f4xx_hal_dac_ex.c ****   
 136:Drivers/STM32F4xx_HAL_Driver/Src/stm32f4xx_hal_dac_ex.c ****   /* Change DAC state */
 137:Drivers/STM32F4xx_HAL_Driver/Src/stm32f4xx_hal_dac_ex.c ****   hdac->State = HAL_DAC_STATE_BUSY;
  78              		.loc 1 137 0 discriminator 2
  79 000c 0223     		movs	r3, #2
  80 000e 0371     		strb	r3, [r0, #4]
 138:Drivers/STM32F4xx_HAL_Driver/Src/stm32f4xx_hal_dac_ex.c ****   
 139:Drivers/STM32F4xx_HAL_Driver/Src/stm32f4xx_hal_dac_ex.c ****   /* Enable the selected wave generation for the selected DAC channel */
 140:Drivers/STM32F4xx_HAL_Driver/Src/stm32f4xx_hal_dac_ex.c ****   MODIFY_REG(hdac->Instance->CR, (DAC_CR_WAVE1 | DAC_CR_MAMP1) << Channel, (DAC_CR_WAVE1_1 | Amplit
  81              		.loc 1 140 0 discriminator 2
  82 0010 0668     		ldr	r6, [r0]
  83 0012 3368     		ldr	r3, [r6]
  84 0014 4FF47C64 		mov	r4, #4032
  85 0018 8C40     		lsls	r4, r4, r1
  86 001a 23EA0403 		bic	r3, r3, r4
  87 001e 42F08002 		orr	r2, r2, #128
  88              	.LVL5:
  89 0022 02FA01F1 		lsl	r1, r2, r1
  90              	.LVL6:
ARM GAS  /tmp/ccet6yAs.s 			page 5


  91 0026 1943     		orrs	r1, r1, r3
  92 0028 3160     		str	r1, [r6]
 141:Drivers/STM32F4xx_HAL_Driver/Src/stm32f4xx_hal_dac_ex.c ****   
 142:Drivers/STM32F4xx_HAL_Driver/Src/stm32f4xx_hal_dac_ex.c ****   /* Change DAC state */
 143:Drivers/STM32F4xx_HAL_Driver/Src/stm32f4xx_hal_dac_ex.c ****   hdac->State = HAL_DAC_STATE_READY;
  93              		.loc 1 143 0 discriminator 2
  94 002a 0571     		strb	r5, [r0, #4]
 144:Drivers/STM32F4xx_HAL_Driver/Src/stm32f4xx_hal_dac_ex.c ****   
 145:Drivers/STM32F4xx_HAL_Driver/Src/stm32f4xx_hal_dac_ex.c ****   /* Process unlocked */
 146:Drivers/STM32F4xx_HAL_Driver/Src/stm32f4xx_hal_dac_ex.c ****   __HAL_UNLOCK(hdac);
  95              		.loc 1 146 0 discriminator 2
  96 002c 0023     		movs	r3, #0
  97 002e 4371     		strb	r3, [r0, #5]
 147:Drivers/STM32F4xx_HAL_Driver/Src/stm32f4xx_hal_dac_ex.c ****   
 148:Drivers/STM32F4xx_HAL_Driver/Src/stm32f4xx_hal_dac_ex.c ****   /* Return function status */
 149:Drivers/STM32F4xx_HAL_Driver/Src/stm32f4xx_hal_dac_ex.c ****   return HAL_OK;
  98              		.loc 1 149 0 discriminator 2
  99 0030 1846     		mov	r0, r3
 100              	.LVL7:
 150:Drivers/STM32F4xx_HAL_Driver/Src/stm32f4xx_hal_dac_ex.c **** }
 101              		.loc 1 150 0 discriminator 2
 102 0032 70BC     		pop	{r4, r5, r6}
 103              	.LCFI1:
 104              		.cfi_restore 6
 105              		.cfi_restore 5
 106              		.cfi_restore 4
 107              		.cfi_def_cfa_offset 0
 108 0034 7047     		bx	lr
 109              	.LVL8:
 110              	.L4:
 134:Drivers/STM32F4xx_HAL_Driver/Src/stm32f4xx_hal_dac_ex.c ****   
 111              		.loc 1 134 0
 112 0036 0220     		movs	r0, #2
 113              	.LVL9:
 114 0038 7047     		bx	lr
 115              		.cfi_endproc
 116              	.LFE131:
 118              		.section	.text.HAL_DACEx_NoiseWaveGenerate,"ax",%progbits
 119              		.align	1
 120              		.global	HAL_DACEx_NoiseWaveGenerate
 121              		.syntax unified
 122              		.thumb
 123              		.thumb_func
 124              		.fpu fpv4-sp-d16
 126              	HAL_DACEx_NoiseWaveGenerate:
 127              	.LFB132:
 151:Drivers/STM32F4xx_HAL_Driver/Src/stm32f4xx_hal_dac_ex.c **** 
 152:Drivers/STM32F4xx_HAL_Driver/Src/stm32f4xx_hal_dac_ex.c **** /**
 153:Drivers/STM32F4xx_HAL_Driver/Src/stm32f4xx_hal_dac_ex.c ****   * @brief  Enables or disables the selected DAC channel wave generation.
 154:Drivers/STM32F4xx_HAL_Driver/Src/stm32f4xx_hal_dac_ex.c ****   * @param  hdac pointer to a DAC_HandleTypeDef structure that contains
 155:Drivers/STM32F4xx_HAL_Driver/Src/stm32f4xx_hal_dac_ex.c ****   *         the configuration information for the specified DAC. 
 156:Drivers/STM32F4xx_HAL_Driver/Src/stm32f4xx_hal_dac_ex.c ****   * @param  Channel The selected DAC channel. 
 157:Drivers/STM32F4xx_HAL_Driver/Src/stm32f4xx_hal_dac_ex.c ****   *          This parameter can be one of the following values:
 158:Drivers/STM32F4xx_HAL_Driver/Src/stm32f4xx_hal_dac_ex.c ****   *            DAC_CHANNEL_1 / DAC_CHANNEL_2
 159:Drivers/STM32F4xx_HAL_Driver/Src/stm32f4xx_hal_dac_ex.c ****   * @param  Amplitude Unmask DAC channel LFSR for noise wave generation. 
 160:Drivers/STM32F4xx_HAL_Driver/Src/stm32f4xx_hal_dac_ex.c ****   *          This parameter can be one of the following values: 
 161:Drivers/STM32F4xx_HAL_Driver/Src/stm32f4xx_hal_dac_ex.c ****   *            @arg DAC_LFSRUNMASK_BIT0: Unmask DAC channel LFSR bit0 for noise wave generation
ARM GAS  /tmp/ccet6yAs.s 			page 6


 162:Drivers/STM32F4xx_HAL_Driver/Src/stm32f4xx_hal_dac_ex.c ****   *            @arg DAC_LFSRUNMASK_BITS1_0: Unmask DAC channel LFSR bit[1:0] for noise wave generat
 163:Drivers/STM32F4xx_HAL_Driver/Src/stm32f4xx_hal_dac_ex.c ****   *            @arg DAC_LFSRUNMASK_BITS2_0: Unmask DAC channel LFSR bit[2:0] for noise wave generat
 164:Drivers/STM32F4xx_HAL_Driver/Src/stm32f4xx_hal_dac_ex.c ****   *            @arg DAC_LFSRUNMASK_BITS3_0: Unmask DAC channel LFSR bit[3:0] for noise wave generat
 165:Drivers/STM32F4xx_HAL_Driver/Src/stm32f4xx_hal_dac_ex.c ****   *            @arg DAC_LFSRUNMASK_BITS4_0: Unmask DAC channel LFSR bit[4:0] for noise wave generat
 166:Drivers/STM32F4xx_HAL_Driver/Src/stm32f4xx_hal_dac_ex.c ****   *            @arg DAC_LFSRUNMASK_BITS5_0: Unmask DAC channel LFSR bit[5:0] for noise wave generat
 167:Drivers/STM32F4xx_HAL_Driver/Src/stm32f4xx_hal_dac_ex.c ****   *            @arg DAC_LFSRUNMASK_BITS6_0: Unmask DAC channel LFSR bit[6:0] for noise wave generat
 168:Drivers/STM32F4xx_HAL_Driver/Src/stm32f4xx_hal_dac_ex.c ****   *            @arg DAC_LFSRUNMASK_BITS7_0: Unmask DAC channel LFSR bit[7:0] for noise wave generat
 169:Drivers/STM32F4xx_HAL_Driver/Src/stm32f4xx_hal_dac_ex.c ****   *            @arg DAC_LFSRUNMASK_BITS8_0: Unmask DAC channel LFSR bit[8:0] for noise wave generat
 170:Drivers/STM32F4xx_HAL_Driver/Src/stm32f4xx_hal_dac_ex.c ****   *            @arg DAC_LFSRUNMASK_BITS9_0: Unmask DAC channel LFSR bit[9:0] for noise wave generat
 171:Drivers/STM32F4xx_HAL_Driver/Src/stm32f4xx_hal_dac_ex.c ****   *            @arg DAC_LFSRUNMASK_BITS10_0: Unmask DAC channel LFSR bit[10:0] for noise wave gener
 172:Drivers/STM32F4xx_HAL_Driver/Src/stm32f4xx_hal_dac_ex.c ****   *            @arg DAC_LFSRUNMASK_BITS11_0: Unmask DAC channel LFSR bit[11:0] for noise wave gener
 173:Drivers/STM32F4xx_HAL_Driver/Src/stm32f4xx_hal_dac_ex.c ****   * @retval HAL status
 174:Drivers/STM32F4xx_HAL_Driver/Src/stm32f4xx_hal_dac_ex.c ****   */
 175:Drivers/STM32F4xx_HAL_Driver/Src/stm32f4xx_hal_dac_ex.c **** HAL_StatusTypeDef HAL_DACEx_NoiseWaveGenerate(DAC_HandleTypeDef* hdac, uint32_t Channel, uint32_t A
 176:Drivers/STM32F4xx_HAL_Driver/Src/stm32f4xx_hal_dac_ex.c **** {  
 128              		.loc 1 176 0
 129              		.cfi_startproc
 130              		@ args = 0, pretend = 0, frame = 0
 131              		@ frame_needed = 0, uses_anonymous_args = 0
 132              		@ link register save eliminated.
 133              	.LVL10:
 177:Drivers/STM32F4xx_HAL_Driver/Src/stm32f4xx_hal_dac_ex.c ****   /* Check the parameters */
 178:Drivers/STM32F4xx_HAL_Driver/Src/stm32f4xx_hal_dac_ex.c ****   assert_param(IS_DAC_CHANNEL(Channel));
 179:Drivers/STM32F4xx_HAL_Driver/Src/stm32f4xx_hal_dac_ex.c ****   assert_param(IS_DAC_LFSR_UNMASK_TRIANGLE_AMPLITUDE(Amplitude));
 180:Drivers/STM32F4xx_HAL_Driver/Src/stm32f4xx_hal_dac_ex.c ****   
 181:Drivers/STM32F4xx_HAL_Driver/Src/stm32f4xx_hal_dac_ex.c ****   /* Process locked */
 182:Drivers/STM32F4xx_HAL_Driver/Src/stm32f4xx_hal_dac_ex.c ****   __HAL_LOCK(hdac);
 134              		.loc 1 182 0
 135 0000 4379     		ldrb	r3, [r0, #5]	@ zero_extendqisi2
 136 0002 012B     		cmp	r3, #1
 137 0004 17D0     		beq	.L11
 176:Drivers/STM32F4xx_HAL_Driver/Src/stm32f4xx_hal_dac_ex.c ****   /* Check the parameters */
 138              		.loc 1 176 0 discriminator 2
 139 0006 70B4     		push	{r4, r5, r6}
 140              	.LCFI2:
 141              		.cfi_def_cfa_offset 12
 142              		.cfi_offset 4, -12
 143              		.cfi_offset 5, -8
 144              		.cfi_offset 6, -4
 145              		.loc 1 182 0 discriminator 2
 146 0008 0125     		movs	r5, #1
 147 000a 4571     		strb	r5, [r0, #5]
 183:Drivers/STM32F4xx_HAL_Driver/Src/stm32f4xx_hal_dac_ex.c ****   
 184:Drivers/STM32F4xx_HAL_Driver/Src/stm32f4xx_hal_dac_ex.c ****   /* Change DAC state */
 185:Drivers/STM32F4xx_HAL_Driver/Src/stm32f4xx_hal_dac_ex.c ****   hdac->State = HAL_DAC_STATE_BUSY;
 148              		.loc 1 185 0 discriminator 2
 149 000c 0223     		movs	r3, #2
 150 000e 0371     		strb	r3, [r0, #4]
 186:Drivers/STM32F4xx_HAL_Driver/Src/stm32f4xx_hal_dac_ex.c ****   
 187:Drivers/STM32F4xx_HAL_Driver/Src/stm32f4xx_hal_dac_ex.c ****   /* Enable the selected wave generation for the selected DAC channel */
 188:Drivers/STM32F4xx_HAL_Driver/Src/stm32f4xx_hal_dac_ex.c ****   MODIFY_REG(hdac->Instance->CR, (DAC_CR_WAVE1 | DAC_CR_MAMP1) << Channel, (DAC_CR_WAVE1_0 | Amplit
 151              		.loc 1 188 0 discriminator 2
 152 0010 0668     		ldr	r6, [r0]
 153 0012 3368     		ldr	r3, [r6]
 154 0014 4FF47C64 		mov	r4, #4032
 155 0018 8C40     		lsls	r4, r4, r1
 156 001a 23EA0403 		bic	r3, r3, r4
ARM GAS  /tmp/ccet6yAs.s 			page 7


 157 001e 42F04002 		orr	r2, r2, #64
 158              	.LVL11:
 159 0022 02FA01F1 		lsl	r1, r2, r1
 160              	.LVL12:
 161 0026 1943     		orrs	r1, r1, r3
 162 0028 3160     		str	r1, [r6]
 189:Drivers/STM32F4xx_HAL_Driver/Src/stm32f4xx_hal_dac_ex.c ****   
 190:Drivers/STM32F4xx_HAL_Driver/Src/stm32f4xx_hal_dac_ex.c ****   /* Change DAC state */
 191:Drivers/STM32F4xx_HAL_Driver/Src/stm32f4xx_hal_dac_ex.c ****   hdac->State = HAL_DAC_STATE_READY;
 163              		.loc 1 191 0 discriminator 2
 164 002a 0571     		strb	r5, [r0, #4]
 192:Drivers/STM32F4xx_HAL_Driver/Src/stm32f4xx_hal_dac_ex.c ****   
 193:Drivers/STM32F4xx_HAL_Driver/Src/stm32f4xx_hal_dac_ex.c ****   /* Process unlocked */
 194:Drivers/STM32F4xx_HAL_Driver/Src/stm32f4xx_hal_dac_ex.c ****   __HAL_UNLOCK(hdac);
 165              		.loc 1 194 0 discriminator 2
 166 002c 0023     		movs	r3, #0
 167 002e 4371     		strb	r3, [r0, #5]
 195:Drivers/STM32F4xx_HAL_Driver/Src/stm32f4xx_hal_dac_ex.c ****   
 196:Drivers/STM32F4xx_HAL_Driver/Src/stm32f4xx_hal_dac_ex.c ****   /* Return function status */
 197:Drivers/STM32F4xx_HAL_Driver/Src/stm32f4xx_hal_dac_ex.c ****   return HAL_OK;
 168              		.loc 1 197 0 discriminator 2
 169 0030 1846     		mov	r0, r3
 170              	.LVL13:
 198:Drivers/STM32F4xx_HAL_Driver/Src/stm32f4xx_hal_dac_ex.c **** }
 171              		.loc 1 198 0 discriminator 2
 172 0032 70BC     		pop	{r4, r5, r6}
 173              	.LCFI3:
 174              		.cfi_restore 6
 175              		.cfi_restore 5
 176              		.cfi_restore 4
 177              		.cfi_def_cfa_offset 0
 178 0034 7047     		bx	lr
 179              	.LVL14:
 180              	.L11:
 182:Drivers/STM32F4xx_HAL_Driver/Src/stm32f4xx_hal_dac_ex.c ****   
 181              		.loc 1 182 0
 182 0036 0220     		movs	r0, #2
 183              	.LVL15:
 184 0038 7047     		bx	lr
 185              		.cfi_endproc
 186              	.LFE132:
 188              		.section	.text.HAL_DACEx_DualSetValue,"ax",%progbits
 189              		.align	1
 190              		.global	HAL_DACEx_DualSetValue
 191              		.syntax unified
 192              		.thumb
 193              		.thumb_func
 194              		.fpu fpv4-sp-d16
 196              	HAL_DACEx_DualSetValue:
 197              	.LFB133:
 199:Drivers/STM32F4xx_HAL_Driver/Src/stm32f4xx_hal_dac_ex.c **** 
 200:Drivers/STM32F4xx_HAL_Driver/Src/stm32f4xx_hal_dac_ex.c **** /**
 201:Drivers/STM32F4xx_HAL_Driver/Src/stm32f4xx_hal_dac_ex.c ****   * @brief  Set the specified data holding register value for dual DAC channel.
 202:Drivers/STM32F4xx_HAL_Driver/Src/stm32f4xx_hal_dac_ex.c ****   * @param  hdac pointer to a DAC_HandleTypeDef structure that contains
 203:Drivers/STM32F4xx_HAL_Driver/Src/stm32f4xx_hal_dac_ex.c ****   *               the configuration information for the specified DAC.
 204:Drivers/STM32F4xx_HAL_Driver/Src/stm32f4xx_hal_dac_ex.c ****   * @param  Alignment Specifies the data alignment for dual channel DAC.
 205:Drivers/STM32F4xx_HAL_Driver/Src/stm32f4xx_hal_dac_ex.c ****   *          This parameter can be one of the following values:
ARM GAS  /tmp/ccet6yAs.s 			page 8


 206:Drivers/STM32F4xx_HAL_Driver/Src/stm32f4xx_hal_dac_ex.c ****   *            DAC_ALIGN_8B_R: 8bit right data alignment selected
 207:Drivers/STM32F4xx_HAL_Driver/Src/stm32f4xx_hal_dac_ex.c ****   *            DAC_ALIGN_12B_L: 12bit left data alignment selected
 208:Drivers/STM32F4xx_HAL_Driver/Src/stm32f4xx_hal_dac_ex.c ****   *            DAC_ALIGN_12B_R: 12bit right data alignment selected
 209:Drivers/STM32F4xx_HAL_Driver/Src/stm32f4xx_hal_dac_ex.c ****   * @param  Data1 Data for DAC Channel2 to be loaded in the selected data holding register.
 210:Drivers/STM32F4xx_HAL_Driver/Src/stm32f4xx_hal_dac_ex.c ****   * @param  Data2 Data for DAC Channel1 to be loaded in the selected data  holding register.
 211:Drivers/STM32F4xx_HAL_Driver/Src/stm32f4xx_hal_dac_ex.c ****   * @note   In dual mode, a unique register access is required to write in both
 212:Drivers/STM32F4xx_HAL_Driver/Src/stm32f4xx_hal_dac_ex.c ****   *          DAC channels at the same time.
 213:Drivers/STM32F4xx_HAL_Driver/Src/stm32f4xx_hal_dac_ex.c ****   * @retval HAL status
 214:Drivers/STM32F4xx_HAL_Driver/Src/stm32f4xx_hal_dac_ex.c ****   */
 215:Drivers/STM32F4xx_HAL_Driver/Src/stm32f4xx_hal_dac_ex.c **** HAL_StatusTypeDef HAL_DACEx_DualSetValue(DAC_HandleTypeDef* hdac, uint32_t Alignment, uint32_t Data
 216:Drivers/STM32F4xx_HAL_Driver/Src/stm32f4xx_hal_dac_ex.c **** {  
 198              		.loc 1 216 0
 199              		.cfi_startproc
 200              		@ args = 0, pretend = 0, frame = 0
 201              		@ frame_needed = 0, uses_anonymous_args = 0
 202              		@ link register save eliminated.
 203              	.LVL16:
 217:Drivers/STM32F4xx_HAL_Driver/Src/stm32f4xx_hal_dac_ex.c ****   uint32_t data = 0U, tmp = 0U;
 218:Drivers/STM32F4xx_HAL_Driver/Src/stm32f4xx_hal_dac_ex.c ****   
 219:Drivers/STM32F4xx_HAL_Driver/Src/stm32f4xx_hal_dac_ex.c ****   /* Check the parameters */
 220:Drivers/STM32F4xx_HAL_Driver/Src/stm32f4xx_hal_dac_ex.c ****   assert_param(IS_DAC_ALIGN(Alignment));
 221:Drivers/STM32F4xx_HAL_Driver/Src/stm32f4xx_hal_dac_ex.c ****   assert_param(IS_DAC_DATA(Data1));
 222:Drivers/STM32F4xx_HAL_Driver/Src/stm32f4xx_hal_dac_ex.c ****   assert_param(IS_DAC_DATA(Data2));
 223:Drivers/STM32F4xx_HAL_Driver/Src/stm32f4xx_hal_dac_ex.c ****   
 224:Drivers/STM32F4xx_HAL_Driver/Src/stm32f4xx_hal_dac_ex.c ****   /* Calculate and set dual DAC data holding register value */
 225:Drivers/STM32F4xx_HAL_Driver/Src/stm32f4xx_hal_dac_ex.c ****   if (Alignment == DAC_ALIGN_8B_R)
 204              		.loc 1 225 0
 205 0000 0829     		cmp	r1, #8
 206 0002 06D0     		beq	.L19
 226:Drivers/STM32F4xx_HAL_Driver/Src/stm32f4xx_hal_dac_ex.c ****   {
 227:Drivers/STM32F4xx_HAL_Driver/Src/stm32f4xx_hal_dac_ex.c ****     data = ((uint32_t)Data2 << 8U) | Data1; 
 228:Drivers/STM32F4xx_HAL_Driver/Src/stm32f4xx_hal_dac_ex.c ****   }
 229:Drivers/STM32F4xx_HAL_Driver/Src/stm32f4xx_hal_dac_ex.c ****   else
 230:Drivers/STM32F4xx_HAL_Driver/Src/stm32f4xx_hal_dac_ex.c ****   {
 231:Drivers/STM32F4xx_HAL_Driver/Src/stm32f4xx_hal_dac_ex.c ****     data = ((uint32_t)Data2 << 16U) | Data1;
 207              		.loc 1 231 0
 208 0004 42EA0342 		orr	r2, r2, r3, lsl #16
 209              	.LVL17:
 210              	.L18:
 232:Drivers/STM32F4xx_HAL_Driver/Src/stm32f4xx_hal_dac_ex.c ****   }
 233:Drivers/STM32F4xx_HAL_Driver/Src/stm32f4xx_hal_dac_ex.c ****   
 234:Drivers/STM32F4xx_HAL_Driver/Src/stm32f4xx_hal_dac_ex.c ****   tmp = (uint32_t)hdac->Instance;
 211              		.loc 1 234 0
 212 0008 0368     		ldr	r3, [r0]
 213              	.LVL18:
 235:Drivers/STM32F4xx_HAL_Driver/Src/stm32f4xx_hal_dac_ex.c ****   tmp += DAC_DHR12RD_ALIGNMENT(Alignment);
 214              		.loc 1 235 0
 215 000a 1944     		add	r1, r1, r3
 216              	.LVL19:
 236:Drivers/STM32F4xx_HAL_Driver/Src/stm32f4xx_hal_dac_ex.c **** 
 237:Drivers/STM32F4xx_HAL_Driver/Src/stm32f4xx_hal_dac_ex.c ****   /* Set the dual DAC selected data holding register */
 238:Drivers/STM32F4xx_HAL_Driver/Src/stm32f4xx_hal_dac_ex.c ****   *(__IO uint32_t *)tmp = data;
 217              		.loc 1 238 0
 218 000c 0A62     		str	r2, [r1, #32]
 239:Drivers/STM32F4xx_HAL_Driver/Src/stm32f4xx_hal_dac_ex.c ****   
 240:Drivers/STM32F4xx_HAL_Driver/Src/stm32f4xx_hal_dac_ex.c ****   /* Return function status */
 241:Drivers/STM32F4xx_HAL_Driver/Src/stm32f4xx_hal_dac_ex.c ****   return HAL_OK;
ARM GAS  /tmp/ccet6yAs.s 			page 9


 242:Drivers/STM32F4xx_HAL_Driver/Src/stm32f4xx_hal_dac_ex.c **** }
 219              		.loc 1 242 0
 220 000e 0020     		movs	r0, #0
 221              	.LVL20:
 222 0010 7047     		bx	lr
 223              	.LVL21:
 224              	.L19:
 227:Drivers/STM32F4xx_HAL_Driver/Src/stm32f4xx_hal_dac_ex.c ****   }
 225              		.loc 1 227 0
 226 0012 42EA0322 		orr	r2, r2, r3, lsl #8
 227              	.LVL22:
 228 0016 F7E7     		b	.L18
 229              		.cfi_endproc
 230              	.LFE133:
 232              		.section	.text.HAL_DACEx_ConvCpltCallbackCh2,"ax",%progbits
 233              		.align	1
 234              		.weak	HAL_DACEx_ConvCpltCallbackCh2
 235              		.syntax unified
 236              		.thumb
 237              		.thumb_func
 238              		.fpu fpv4-sp-d16
 240              	HAL_DACEx_ConvCpltCallbackCh2:
 241              	.LFB134:
 243:Drivers/STM32F4xx_HAL_Driver/Src/stm32f4xx_hal_dac_ex.c **** 
 244:Drivers/STM32F4xx_HAL_Driver/Src/stm32f4xx_hal_dac_ex.c **** /**
 245:Drivers/STM32F4xx_HAL_Driver/Src/stm32f4xx_hal_dac_ex.c ****   * @}
 246:Drivers/STM32F4xx_HAL_Driver/Src/stm32f4xx_hal_dac_ex.c ****   */
 247:Drivers/STM32F4xx_HAL_Driver/Src/stm32f4xx_hal_dac_ex.c **** 
 248:Drivers/STM32F4xx_HAL_Driver/Src/stm32f4xx_hal_dac_ex.c **** /**
 249:Drivers/STM32F4xx_HAL_Driver/Src/stm32f4xx_hal_dac_ex.c ****   * @brief  Conversion complete callback in non blocking mode for Channel2 
 250:Drivers/STM32F4xx_HAL_Driver/Src/stm32f4xx_hal_dac_ex.c ****   * @param  hdac pointer to a DAC_HandleTypeDef structure that contains
 251:Drivers/STM32F4xx_HAL_Driver/Src/stm32f4xx_hal_dac_ex.c ****   *         the configuration information for the specified DAC.
 252:Drivers/STM32F4xx_HAL_Driver/Src/stm32f4xx_hal_dac_ex.c ****   * @retval None
 253:Drivers/STM32F4xx_HAL_Driver/Src/stm32f4xx_hal_dac_ex.c ****   */
 254:Drivers/STM32F4xx_HAL_Driver/Src/stm32f4xx_hal_dac_ex.c **** __weak void HAL_DACEx_ConvCpltCallbackCh2(DAC_HandleTypeDef* hdac)
 255:Drivers/STM32F4xx_HAL_Driver/Src/stm32f4xx_hal_dac_ex.c **** {
 242              		.loc 1 255 0
 243              		.cfi_startproc
 244              		@ args = 0, pretend = 0, frame = 0
 245              		@ frame_needed = 0, uses_anonymous_args = 0
 246              		@ link register save eliminated.
 247              	.LVL23:
 248 0000 7047     		bx	lr
 249              		.cfi_endproc
 250              	.LFE134:
 252              		.section	.text.HAL_DACEx_ConvHalfCpltCallbackCh2,"ax",%progbits
 253              		.align	1
 254              		.weak	HAL_DACEx_ConvHalfCpltCallbackCh2
 255              		.syntax unified
 256              		.thumb
 257              		.thumb_func
 258              		.fpu fpv4-sp-d16
 260              	HAL_DACEx_ConvHalfCpltCallbackCh2:
 261              	.LFB135:
 256:Drivers/STM32F4xx_HAL_Driver/Src/stm32f4xx_hal_dac_ex.c ****   /* Prevent unused argument(s) compilation warning */
 257:Drivers/STM32F4xx_HAL_Driver/Src/stm32f4xx_hal_dac_ex.c ****   UNUSED(hdac);
 258:Drivers/STM32F4xx_HAL_Driver/Src/stm32f4xx_hal_dac_ex.c ****   /* NOTE : This function Should not be modified, when the callback is needed,
ARM GAS  /tmp/ccet6yAs.s 			page 10


 259:Drivers/STM32F4xx_HAL_Driver/Src/stm32f4xx_hal_dac_ex.c ****             the HAL_DAC_ConvCpltCallback could be implemented in the user file
 260:Drivers/STM32F4xx_HAL_Driver/Src/stm32f4xx_hal_dac_ex.c ****    */
 261:Drivers/STM32F4xx_HAL_Driver/Src/stm32f4xx_hal_dac_ex.c **** }
 262:Drivers/STM32F4xx_HAL_Driver/Src/stm32f4xx_hal_dac_ex.c **** 
 263:Drivers/STM32F4xx_HAL_Driver/Src/stm32f4xx_hal_dac_ex.c **** /**
 264:Drivers/STM32F4xx_HAL_Driver/Src/stm32f4xx_hal_dac_ex.c ****   * @brief  Conversion half DMA transfer callback in non blocking mode for Channel2 
 265:Drivers/STM32F4xx_HAL_Driver/Src/stm32f4xx_hal_dac_ex.c ****   * @param  hdac pointer to a DAC_HandleTypeDef structure that contains
 266:Drivers/STM32F4xx_HAL_Driver/Src/stm32f4xx_hal_dac_ex.c ****   *         the configuration information for the specified DAC.
 267:Drivers/STM32F4xx_HAL_Driver/Src/stm32f4xx_hal_dac_ex.c ****   * @retval None
 268:Drivers/STM32F4xx_HAL_Driver/Src/stm32f4xx_hal_dac_ex.c ****   */
 269:Drivers/STM32F4xx_HAL_Driver/Src/stm32f4xx_hal_dac_ex.c **** __weak void HAL_DACEx_ConvHalfCpltCallbackCh2(DAC_HandleTypeDef* hdac)
 270:Drivers/STM32F4xx_HAL_Driver/Src/stm32f4xx_hal_dac_ex.c **** {
 262              		.loc 1 270 0
 263              		.cfi_startproc
 264              		@ args = 0, pretend = 0, frame = 0
 265              		@ frame_needed = 0, uses_anonymous_args = 0
 266              		@ link register save eliminated.
 267              	.LVL24:
 268 0000 7047     		bx	lr
 269              		.cfi_endproc
 270              	.LFE135:
 272              		.section	.text.HAL_DACEx_ErrorCallbackCh2,"ax",%progbits
 273              		.align	1
 274              		.weak	HAL_DACEx_ErrorCallbackCh2
 275              		.syntax unified
 276              		.thumb
 277              		.thumb_func
 278              		.fpu fpv4-sp-d16
 280              	HAL_DACEx_ErrorCallbackCh2:
 281              	.LFB136:
 271:Drivers/STM32F4xx_HAL_Driver/Src/stm32f4xx_hal_dac_ex.c ****   /* Prevent unused argument(s) compilation warning */
 272:Drivers/STM32F4xx_HAL_Driver/Src/stm32f4xx_hal_dac_ex.c ****   UNUSED(hdac);
 273:Drivers/STM32F4xx_HAL_Driver/Src/stm32f4xx_hal_dac_ex.c ****   /* NOTE : This function Should not be modified, when the callback is needed,
 274:Drivers/STM32F4xx_HAL_Driver/Src/stm32f4xx_hal_dac_ex.c ****             the HAL_DAC_ConvHalfCpltCallbackCh2 could be implemented in the user file
 275:Drivers/STM32F4xx_HAL_Driver/Src/stm32f4xx_hal_dac_ex.c ****    */
 276:Drivers/STM32F4xx_HAL_Driver/Src/stm32f4xx_hal_dac_ex.c **** }
 277:Drivers/STM32F4xx_HAL_Driver/Src/stm32f4xx_hal_dac_ex.c **** 
 278:Drivers/STM32F4xx_HAL_Driver/Src/stm32f4xx_hal_dac_ex.c **** /**
 279:Drivers/STM32F4xx_HAL_Driver/Src/stm32f4xx_hal_dac_ex.c ****   * @brief  Error DAC callback for Channel2.
 280:Drivers/STM32F4xx_HAL_Driver/Src/stm32f4xx_hal_dac_ex.c ****   * @param  hdac pointer to a DAC_HandleTypeDef structure that contains
 281:Drivers/STM32F4xx_HAL_Driver/Src/stm32f4xx_hal_dac_ex.c ****   *         the configuration information for the specified DAC.
 282:Drivers/STM32F4xx_HAL_Driver/Src/stm32f4xx_hal_dac_ex.c ****   * @retval None
 283:Drivers/STM32F4xx_HAL_Driver/Src/stm32f4xx_hal_dac_ex.c ****   */
 284:Drivers/STM32F4xx_HAL_Driver/Src/stm32f4xx_hal_dac_ex.c **** __weak void HAL_DACEx_ErrorCallbackCh2(DAC_HandleTypeDef *hdac)
 285:Drivers/STM32F4xx_HAL_Driver/Src/stm32f4xx_hal_dac_ex.c **** {
 282              		.loc 1 285 0
 283              		.cfi_startproc
 284              		@ args = 0, pretend = 0, frame = 0
 285              		@ frame_needed = 0, uses_anonymous_args = 0
 286              		@ link register save eliminated.
 287              	.LVL25:
 288 0000 7047     		bx	lr
 289              		.cfi_endproc
 290              	.LFE136:
 292              		.section	.text.HAL_DACEx_DMAUnderrunCallbackCh2,"ax",%progbits
 293              		.align	1
 294              		.weak	HAL_DACEx_DMAUnderrunCallbackCh2
ARM GAS  /tmp/ccet6yAs.s 			page 11


 295              		.syntax unified
 296              		.thumb
 297              		.thumb_func
 298              		.fpu fpv4-sp-d16
 300              	HAL_DACEx_DMAUnderrunCallbackCh2:
 301              	.LFB137:
 286:Drivers/STM32F4xx_HAL_Driver/Src/stm32f4xx_hal_dac_ex.c ****   /* Prevent unused argument(s) compilation warning */
 287:Drivers/STM32F4xx_HAL_Driver/Src/stm32f4xx_hal_dac_ex.c ****   UNUSED(hdac);
 288:Drivers/STM32F4xx_HAL_Driver/Src/stm32f4xx_hal_dac_ex.c ****   /* NOTE : This function Should not be modified, when the callback is needed,
 289:Drivers/STM32F4xx_HAL_Driver/Src/stm32f4xx_hal_dac_ex.c ****             the HAL_DAC_ErrorCallback could be implemented in the user file
 290:Drivers/STM32F4xx_HAL_Driver/Src/stm32f4xx_hal_dac_ex.c ****    */
 291:Drivers/STM32F4xx_HAL_Driver/Src/stm32f4xx_hal_dac_ex.c **** }
 292:Drivers/STM32F4xx_HAL_Driver/Src/stm32f4xx_hal_dac_ex.c **** 
 293:Drivers/STM32F4xx_HAL_Driver/Src/stm32f4xx_hal_dac_ex.c **** /**
 294:Drivers/STM32F4xx_HAL_Driver/Src/stm32f4xx_hal_dac_ex.c ****   * @brief  DMA underrun DAC callback for channel2.
 295:Drivers/STM32F4xx_HAL_Driver/Src/stm32f4xx_hal_dac_ex.c ****   * @param  hdac pointer to a DAC_HandleTypeDef structure that contains
 296:Drivers/STM32F4xx_HAL_Driver/Src/stm32f4xx_hal_dac_ex.c ****   *         the configuration information for the specified DAC.
 297:Drivers/STM32F4xx_HAL_Driver/Src/stm32f4xx_hal_dac_ex.c ****   * @retval None
 298:Drivers/STM32F4xx_HAL_Driver/Src/stm32f4xx_hal_dac_ex.c ****   */
 299:Drivers/STM32F4xx_HAL_Driver/Src/stm32f4xx_hal_dac_ex.c **** __weak void HAL_DACEx_DMAUnderrunCallbackCh2(DAC_HandleTypeDef *hdac)
 300:Drivers/STM32F4xx_HAL_Driver/Src/stm32f4xx_hal_dac_ex.c **** {
 302              		.loc 1 300 0
 303              		.cfi_startproc
 304              		@ args = 0, pretend = 0, frame = 0
 305              		@ frame_needed = 0, uses_anonymous_args = 0
 306              		@ link register save eliminated.
 307              	.LVL26:
 308 0000 7047     		bx	lr
 309              		.cfi_endproc
 310              	.LFE137:
 312              		.section	.text.DAC_DMAConvCpltCh2,"ax",%progbits
 313              		.align	1
 314              		.global	DAC_DMAConvCpltCh2
 315              		.syntax unified
 316              		.thumb
 317              		.thumb_func
 318              		.fpu fpv4-sp-d16
 320              	DAC_DMAConvCpltCh2:
 321              	.LFB138:
 301:Drivers/STM32F4xx_HAL_Driver/Src/stm32f4xx_hal_dac_ex.c ****   /* Prevent unused argument(s) compilation warning */
 302:Drivers/STM32F4xx_HAL_Driver/Src/stm32f4xx_hal_dac_ex.c ****   UNUSED(hdac);
 303:Drivers/STM32F4xx_HAL_Driver/Src/stm32f4xx_hal_dac_ex.c ****   /* NOTE : This function Should not be modified, when the callback is needed,
 304:Drivers/STM32F4xx_HAL_Driver/Src/stm32f4xx_hal_dac_ex.c ****             the HAL_DAC_DMAUnderrunCallbackCh2 could be implemented in the user file
 305:Drivers/STM32F4xx_HAL_Driver/Src/stm32f4xx_hal_dac_ex.c ****    */
 306:Drivers/STM32F4xx_HAL_Driver/Src/stm32f4xx_hal_dac_ex.c **** }
 307:Drivers/STM32F4xx_HAL_Driver/Src/stm32f4xx_hal_dac_ex.c **** 
 308:Drivers/STM32F4xx_HAL_Driver/Src/stm32f4xx_hal_dac_ex.c **** /**
 309:Drivers/STM32F4xx_HAL_Driver/Src/stm32f4xx_hal_dac_ex.c ****   * @brief  DMA conversion complete callback. 
 310:Drivers/STM32F4xx_HAL_Driver/Src/stm32f4xx_hal_dac_ex.c ****   * @param  hdma pointer to a DMA_HandleTypeDef structure that contains
 311:Drivers/STM32F4xx_HAL_Driver/Src/stm32f4xx_hal_dac_ex.c ****   *                the configuration information for the specified DMA module.
 312:Drivers/STM32F4xx_HAL_Driver/Src/stm32f4xx_hal_dac_ex.c ****   * @retval None
 313:Drivers/STM32F4xx_HAL_Driver/Src/stm32f4xx_hal_dac_ex.c ****   */
 314:Drivers/STM32F4xx_HAL_Driver/Src/stm32f4xx_hal_dac_ex.c **** void DAC_DMAConvCpltCh2(DMA_HandleTypeDef *hdma)   
 315:Drivers/STM32F4xx_HAL_Driver/Src/stm32f4xx_hal_dac_ex.c **** {
 322              		.loc 1 315 0
 323              		.cfi_startproc
 324              		@ args = 0, pretend = 0, frame = 0
ARM GAS  /tmp/ccet6yAs.s 			page 12


 325              		@ frame_needed = 0, uses_anonymous_args = 0
 326              	.LVL27:
 327              		.loc 1 315 0
 328 0000 10B5     		push	{r4, lr}
 329              	.LCFI4:
 330              		.cfi_def_cfa_offset 8
 331              		.cfi_offset 4, -8
 332              		.cfi_offset 14, -4
 316:Drivers/STM32F4xx_HAL_Driver/Src/stm32f4xx_hal_dac_ex.c ****   DAC_HandleTypeDef* hdac = ( DAC_HandleTypeDef* )((DMA_HandleTypeDef* )hdma)->Parent;
 333              		.loc 1 316 0
 334 0002 846B     		ldr	r4, [r0, #56]
 335              	.LVL28:
 317:Drivers/STM32F4xx_HAL_Driver/Src/stm32f4xx_hal_dac_ex.c ****   
 318:Drivers/STM32F4xx_HAL_Driver/Src/stm32f4xx_hal_dac_ex.c **** #if (USE_HAL_DAC_REGISTER_CALLBACKS == 1)
 319:Drivers/STM32F4xx_HAL_Driver/Src/stm32f4xx_hal_dac_ex.c ****   hdac->ConvCpltCallbackCh2(hdac);
 320:Drivers/STM32F4xx_HAL_Driver/Src/stm32f4xx_hal_dac_ex.c **** #else
 321:Drivers/STM32F4xx_HAL_Driver/Src/stm32f4xx_hal_dac_ex.c ****   HAL_DACEx_ConvCpltCallbackCh2(hdac); 
 336              		.loc 1 321 0
 337 0004 2046     		mov	r0, r4
 338              	.LVL29:
 339 0006 FFF7FEFF 		bl	HAL_DACEx_ConvCpltCallbackCh2
 340              	.LVL30:
 322:Drivers/STM32F4xx_HAL_Driver/Src/stm32f4xx_hal_dac_ex.c **** #endif /* USE_HAL_DAC_REGISTER_CALLBACKS */
 323:Drivers/STM32F4xx_HAL_Driver/Src/stm32f4xx_hal_dac_ex.c ****   
 324:Drivers/STM32F4xx_HAL_Driver/Src/stm32f4xx_hal_dac_ex.c ****   hdac->State= HAL_DAC_STATE_READY;
 341              		.loc 1 324 0
 342 000a 0123     		movs	r3, #1
 343 000c 2371     		strb	r3, [r4, #4]
 344 000e 10BD     		pop	{r4, pc}
 345              		.cfi_endproc
 346              	.LFE138:
 348              		.section	.text.DAC_DMAHalfConvCpltCh2,"ax",%progbits
 349              		.align	1
 350              		.global	DAC_DMAHalfConvCpltCh2
 351              		.syntax unified
 352              		.thumb
 353              		.thumb_func
 354              		.fpu fpv4-sp-d16
 356              	DAC_DMAHalfConvCpltCh2:
 357              	.LFB139:
 325:Drivers/STM32F4xx_HAL_Driver/Src/stm32f4xx_hal_dac_ex.c **** }
 326:Drivers/STM32F4xx_HAL_Driver/Src/stm32f4xx_hal_dac_ex.c **** 
 327:Drivers/STM32F4xx_HAL_Driver/Src/stm32f4xx_hal_dac_ex.c **** /**
 328:Drivers/STM32F4xx_HAL_Driver/Src/stm32f4xx_hal_dac_ex.c ****   * @brief  DMA half transfer complete callback. 
 329:Drivers/STM32F4xx_HAL_Driver/Src/stm32f4xx_hal_dac_ex.c ****   * @param  hdma pointer to a DMA_HandleTypeDef structure that contains
 330:Drivers/STM32F4xx_HAL_Driver/Src/stm32f4xx_hal_dac_ex.c ****   *                the configuration information for the specified DMA module.
 331:Drivers/STM32F4xx_HAL_Driver/Src/stm32f4xx_hal_dac_ex.c ****   * @retval None
 332:Drivers/STM32F4xx_HAL_Driver/Src/stm32f4xx_hal_dac_ex.c ****   */
 333:Drivers/STM32F4xx_HAL_Driver/Src/stm32f4xx_hal_dac_ex.c **** void DAC_DMAHalfConvCpltCh2(DMA_HandleTypeDef *hdma)   
 334:Drivers/STM32F4xx_HAL_Driver/Src/stm32f4xx_hal_dac_ex.c **** {
 358              		.loc 1 334 0
 359              		.cfi_startproc
 360              		@ args = 0, pretend = 0, frame = 0
 361              		@ frame_needed = 0, uses_anonymous_args = 0
 362              	.LVL31:
 363 0000 08B5     		push	{r3, lr}
 364              	.LCFI5:
ARM GAS  /tmp/ccet6yAs.s 			page 13


 365              		.cfi_def_cfa_offset 8
 366              		.cfi_offset 3, -8
 367              		.cfi_offset 14, -4
 368              	.LVL32:
 335:Drivers/STM32F4xx_HAL_Driver/Src/stm32f4xx_hal_dac_ex.c ****     DAC_HandleTypeDef* hdac = ( DAC_HandleTypeDef* )((DMA_HandleTypeDef* )hdma)->Parent;
 336:Drivers/STM32F4xx_HAL_Driver/Src/stm32f4xx_hal_dac_ex.c ****     /* Conversion complete callback */
 337:Drivers/STM32F4xx_HAL_Driver/Src/stm32f4xx_hal_dac_ex.c **** #if (USE_HAL_DAC_REGISTER_CALLBACKS == 1)
 338:Drivers/STM32F4xx_HAL_Driver/Src/stm32f4xx_hal_dac_ex.c ****   hdac->ConvHalfCpltCallbackCh2(hdac);
 339:Drivers/STM32F4xx_HAL_Driver/Src/stm32f4xx_hal_dac_ex.c **** #else
 340:Drivers/STM32F4xx_HAL_Driver/Src/stm32f4xx_hal_dac_ex.c ****     HAL_DACEx_ConvHalfCpltCallbackCh2(hdac); 
 369              		.loc 1 340 0
 370 0002 806B     		ldr	r0, [r0, #56]
 371              	.LVL33:
 372 0004 FFF7FEFF 		bl	HAL_DACEx_ConvHalfCpltCallbackCh2
 373              	.LVL34:
 374 0008 08BD     		pop	{r3, pc}
 375              		.cfi_endproc
 376              	.LFE139:
 378              		.section	.text.DAC_DMAErrorCh2,"ax",%progbits
 379              		.align	1
 380              		.global	DAC_DMAErrorCh2
 381              		.syntax unified
 382              		.thumb
 383              		.thumb_func
 384              		.fpu fpv4-sp-d16
 386              	DAC_DMAErrorCh2:
 387              	.LFB140:
 341:Drivers/STM32F4xx_HAL_Driver/Src/stm32f4xx_hal_dac_ex.c **** #endif /* USE_HAL_DAC_REGISTER_CALLBACKS */
 342:Drivers/STM32F4xx_HAL_Driver/Src/stm32f4xx_hal_dac_ex.c **** }
 343:Drivers/STM32F4xx_HAL_Driver/Src/stm32f4xx_hal_dac_ex.c **** 
 344:Drivers/STM32F4xx_HAL_Driver/Src/stm32f4xx_hal_dac_ex.c **** /**
 345:Drivers/STM32F4xx_HAL_Driver/Src/stm32f4xx_hal_dac_ex.c ****   * @brief  DMA error callback 
 346:Drivers/STM32F4xx_HAL_Driver/Src/stm32f4xx_hal_dac_ex.c ****   * @param  hdma pointer to a DMA_HandleTypeDef structure that contains
 347:Drivers/STM32F4xx_HAL_Driver/Src/stm32f4xx_hal_dac_ex.c ****   *                the configuration information for the specified DMA module.
 348:Drivers/STM32F4xx_HAL_Driver/Src/stm32f4xx_hal_dac_ex.c ****   * @retval None
 349:Drivers/STM32F4xx_HAL_Driver/Src/stm32f4xx_hal_dac_ex.c ****   */
 350:Drivers/STM32F4xx_HAL_Driver/Src/stm32f4xx_hal_dac_ex.c **** void DAC_DMAErrorCh2(DMA_HandleTypeDef *hdma)   
 351:Drivers/STM32F4xx_HAL_Driver/Src/stm32f4xx_hal_dac_ex.c **** {
 388              		.loc 1 351 0
 389              		.cfi_startproc
 390              		@ args = 0, pretend = 0, frame = 0
 391              		@ frame_needed = 0, uses_anonymous_args = 0
 392              	.LVL35:
 393 0000 10B5     		push	{r4, lr}
 394              	.LCFI6:
 395              		.cfi_def_cfa_offset 8
 396              		.cfi_offset 4, -8
 397              		.cfi_offset 14, -4
 352:Drivers/STM32F4xx_HAL_Driver/Src/stm32f4xx_hal_dac_ex.c ****   DAC_HandleTypeDef* hdac = ( DAC_HandleTypeDef* )((DMA_HandleTypeDef* )hdma)->Parent;
 398              		.loc 1 352 0
 399 0002 846B     		ldr	r4, [r0, #56]
 400              	.LVL36:
 353:Drivers/STM32F4xx_HAL_Driver/Src/stm32f4xx_hal_dac_ex.c ****     
 354:Drivers/STM32F4xx_HAL_Driver/Src/stm32f4xx_hal_dac_ex.c ****   /* Set DAC error code to DMA error */
 355:Drivers/STM32F4xx_HAL_Driver/Src/stm32f4xx_hal_dac_ex.c ****   hdac->ErrorCode |= HAL_DAC_ERROR_DMA;
 401              		.loc 1 355 0
 402 0004 2369     		ldr	r3, [r4, #16]
ARM GAS  /tmp/ccet6yAs.s 			page 14


 403 0006 43F00403 		orr	r3, r3, #4
 404 000a 2361     		str	r3, [r4, #16]
 356:Drivers/STM32F4xx_HAL_Driver/Src/stm32f4xx_hal_dac_ex.c ****     
 357:Drivers/STM32F4xx_HAL_Driver/Src/stm32f4xx_hal_dac_ex.c **** #if (USE_HAL_DAC_REGISTER_CALLBACKS == 1)
 358:Drivers/STM32F4xx_HAL_Driver/Src/stm32f4xx_hal_dac_ex.c ****   hdac->ErrorCallbackCh2(hdac);
 359:Drivers/STM32F4xx_HAL_Driver/Src/stm32f4xx_hal_dac_ex.c **** #else
 360:Drivers/STM32F4xx_HAL_Driver/Src/stm32f4xx_hal_dac_ex.c ****   HAL_DACEx_ErrorCallbackCh2(hdac); 
 405              		.loc 1 360 0
 406 000c 2046     		mov	r0, r4
 407              	.LVL37:
 408 000e FFF7FEFF 		bl	HAL_DACEx_ErrorCallbackCh2
 409              	.LVL38:
 361:Drivers/STM32F4xx_HAL_Driver/Src/stm32f4xx_hal_dac_ex.c **** #endif /* USE_HAL_DAC_REGISTER_CALLBACKS */
 362:Drivers/STM32F4xx_HAL_Driver/Src/stm32f4xx_hal_dac_ex.c ****     
 363:Drivers/STM32F4xx_HAL_Driver/Src/stm32f4xx_hal_dac_ex.c ****   hdac->State= HAL_DAC_STATE_READY;
 410              		.loc 1 363 0
 411 0012 0123     		movs	r3, #1
 412 0014 2371     		strb	r3, [r4, #4]
 413 0016 10BD     		pop	{r4, pc}
 414              		.cfi_endproc
 415              	.LFE140:
 417              		.text
 418              	.Letext0:
 419              		.file 2 "/usr/include/newlib/machine/_default_types.h"
 420              		.file 3 "/usr/include/newlib/sys/_stdint.h"
 421              		.file 4 "Drivers/CMSIS/Include/core_cm4.h"
 422              		.file 5 "Drivers/CMSIS/Device/ST/STM32F4xx/Include/system_stm32f4xx.h"
 423              		.file 6 "Drivers/CMSIS/Device/ST/STM32F4xx/Include/stm32f429xx.h"
 424              		.file 7 "Drivers/STM32F4xx_HAL_Driver/Inc/stm32f4xx_hal_def.h"
 425              		.file 8 "Drivers/STM32F4xx_HAL_Driver/Inc/stm32f4xx_hal_dma.h"
 426              		.file 9 "Drivers/STM32F4xx_HAL_Driver/Inc/stm32f4xx_hal_dac.h"
ARM GAS  /tmp/ccet6yAs.s 			page 15


DEFINED SYMBOLS
                            *ABS*:0000000000000000 stm32f4xx_hal_dac_ex.c
     /tmp/ccet6yAs.s:18     .text.HAL_DACEx_DualGetValue:0000000000000000 $t
     /tmp/ccet6yAs.s:25     .text.HAL_DACEx_DualGetValue:0000000000000000 HAL_DACEx_DualGetValue
     /tmp/ccet6yAs.s:49     .text.HAL_DACEx_TriangleWaveGenerate:0000000000000000 $t
     /tmp/ccet6yAs.s:56     .text.HAL_DACEx_TriangleWaveGenerate:0000000000000000 HAL_DACEx_TriangleWaveGenerate
     /tmp/ccet6yAs.s:119    .text.HAL_DACEx_NoiseWaveGenerate:0000000000000000 $t
     /tmp/ccet6yAs.s:126    .text.HAL_DACEx_NoiseWaveGenerate:0000000000000000 HAL_DACEx_NoiseWaveGenerate
     /tmp/ccet6yAs.s:189    .text.HAL_DACEx_DualSetValue:0000000000000000 $t
     /tmp/ccet6yAs.s:196    .text.HAL_DACEx_DualSetValue:0000000000000000 HAL_DACEx_DualSetValue
     /tmp/ccet6yAs.s:233    .text.HAL_DACEx_ConvCpltCallbackCh2:0000000000000000 $t
     /tmp/ccet6yAs.s:240    .text.HAL_DACEx_ConvCpltCallbackCh2:0000000000000000 HAL_DACEx_ConvCpltCallbackCh2
     /tmp/ccet6yAs.s:253    .text.HAL_DACEx_ConvHalfCpltCallbackCh2:0000000000000000 $t
     /tmp/ccet6yAs.s:260    .text.HAL_DACEx_ConvHalfCpltCallbackCh2:0000000000000000 HAL_DACEx_ConvHalfCpltCallbackCh2
     /tmp/ccet6yAs.s:273    .text.HAL_DACEx_ErrorCallbackCh2:0000000000000000 $t
     /tmp/ccet6yAs.s:280    .text.HAL_DACEx_ErrorCallbackCh2:0000000000000000 HAL_DACEx_ErrorCallbackCh2
     /tmp/ccet6yAs.s:293    .text.HAL_DACEx_DMAUnderrunCallbackCh2:0000000000000000 $t
     /tmp/ccet6yAs.s:300    .text.HAL_DACEx_DMAUnderrunCallbackCh2:0000000000000000 HAL_DACEx_DMAUnderrunCallbackCh2
     /tmp/ccet6yAs.s:313    .text.DAC_DMAConvCpltCh2:0000000000000000 $t
     /tmp/ccet6yAs.s:320    .text.DAC_DMAConvCpltCh2:0000000000000000 DAC_DMAConvCpltCh2
     /tmp/ccet6yAs.s:349    .text.DAC_DMAHalfConvCpltCh2:0000000000000000 $t
     /tmp/ccet6yAs.s:356    .text.DAC_DMAHalfConvCpltCh2:0000000000000000 DAC_DMAHalfConvCpltCh2
     /tmp/ccet6yAs.s:379    .text.DAC_DMAErrorCh2:0000000000000000 $t
     /tmp/ccet6yAs.s:386    .text.DAC_DMAErrorCh2:0000000000000000 DAC_DMAErrorCh2
                     .debug_frame:0000000000000010 $d

NO UNDEFINED SYMBOLS
