ARM GAS  /tmp/ccu0KgvN.s 			page 1


   1              		.cpu cortex-m4
   2              		.eabi_attribute 27, 1
   3              		.eabi_attribute 28, 1
   4              		.eabi_attribute 20, 1
   5              		.eabi_attribute 21, 1
   6              		.eabi_attribute 23, 3
   7              		.eabi_attribute 24, 1
   8              		.eabi_attribute 25, 1
   9              		.eabi_attribute 26, 1
  10              		.eabi_attribute 30, 1
  11              		.eabi_attribute 34, 1
  12              		.eabi_attribute 18, 4
  13              		.file	"stm32f4xx_hal_msp.c"
  14              		.text
  15              	.Ltext0:
  16              		.cfi_sections	.debug_frame
  17              		.section	.text.HAL_MspInit,"ax",%progbits
  18              		.align	1
  19              		.global	HAL_MspInit
  20              		.syntax unified
  21              		.thumb
  22              		.thumb_func
  23              		.fpu fpv4-sp-d16
  25              	HAL_MspInit:
  26              	.LFB130:
  27              		.file 1 "Src/stm32f4xx_hal_msp.c"
   1:Src/stm32f4xx_hal_msp.c **** /* USER CODE BEGIN Header */
   2:Src/stm32f4xx_hal_msp.c **** /**
   3:Src/stm32f4xx_hal_msp.c ****   ******************************************************************************
   4:Src/stm32f4xx_hal_msp.c ****   * File Name          : stm32f4xx_hal_msp.c
   5:Src/stm32f4xx_hal_msp.c ****   * Description        : This file provides code for the MSP Initialization 
   6:Src/stm32f4xx_hal_msp.c ****   *                      and de-Initialization codes.
   7:Src/stm32f4xx_hal_msp.c ****   ******************************************************************************
   8:Src/stm32f4xx_hal_msp.c ****   * @attention
   9:Src/stm32f4xx_hal_msp.c ****   *
  10:Src/stm32f4xx_hal_msp.c ****   * <h2><center>&copy; Copyright (c) 2019 STMicroelectronics.
  11:Src/stm32f4xx_hal_msp.c ****   * All rights reserved.</center></h2>
  12:Src/stm32f4xx_hal_msp.c ****   *
  13:Src/stm32f4xx_hal_msp.c ****   * This software component is licensed by ST under BSD 3-Clause license,
  14:Src/stm32f4xx_hal_msp.c ****   * the "License"; You may not use this file except in compliance with the
  15:Src/stm32f4xx_hal_msp.c ****   * License. You may obtain a copy of the License at:
  16:Src/stm32f4xx_hal_msp.c ****   *                        opensource.org/licenses/BSD-3-Clause
  17:Src/stm32f4xx_hal_msp.c ****   *
  18:Src/stm32f4xx_hal_msp.c ****   ******************************************************************************
  19:Src/stm32f4xx_hal_msp.c ****   */
  20:Src/stm32f4xx_hal_msp.c **** /* USER CODE END Header */
  21:Src/stm32f4xx_hal_msp.c **** 
  22:Src/stm32f4xx_hal_msp.c **** /* Includes ------------------------------------------------------------------*/
  23:Src/stm32f4xx_hal_msp.c **** #include "main.h"
  24:Src/stm32f4xx_hal_msp.c **** /* USER CODE BEGIN Includes */
  25:Src/stm32f4xx_hal_msp.c **** 
  26:Src/stm32f4xx_hal_msp.c **** /* USER CODE END Includes */
  27:Src/stm32f4xx_hal_msp.c **** 
  28:Src/stm32f4xx_hal_msp.c **** /* Private typedef -----------------------------------------------------------*/
  29:Src/stm32f4xx_hal_msp.c **** /* USER CODE BEGIN TD */
  30:Src/stm32f4xx_hal_msp.c **** 
  31:Src/stm32f4xx_hal_msp.c **** /* USER CODE END TD */
ARM GAS  /tmp/ccu0KgvN.s 			page 2


  32:Src/stm32f4xx_hal_msp.c **** 
  33:Src/stm32f4xx_hal_msp.c **** /* Private define ------------------------------------------------------------*/
  34:Src/stm32f4xx_hal_msp.c **** /* USER CODE BEGIN Define */
  35:Src/stm32f4xx_hal_msp.c ****  
  36:Src/stm32f4xx_hal_msp.c **** /* USER CODE END Define */
  37:Src/stm32f4xx_hal_msp.c **** 
  38:Src/stm32f4xx_hal_msp.c **** /* Private macro -------------------------------------------------------------*/
  39:Src/stm32f4xx_hal_msp.c **** /* USER CODE BEGIN Macro */
  40:Src/stm32f4xx_hal_msp.c **** 
  41:Src/stm32f4xx_hal_msp.c **** /* USER CODE END Macro */
  42:Src/stm32f4xx_hal_msp.c **** 
  43:Src/stm32f4xx_hal_msp.c **** /* Private variables ---------------------------------------------------------*/
  44:Src/stm32f4xx_hal_msp.c **** /* USER CODE BEGIN PV */
  45:Src/stm32f4xx_hal_msp.c **** 
  46:Src/stm32f4xx_hal_msp.c **** /* USER CODE END PV */
  47:Src/stm32f4xx_hal_msp.c **** 
  48:Src/stm32f4xx_hal_msp.c **** /* Private function prototypes -----------------------------------------------*/
  49:Src/stm32f4xx_hal_msp.c **** /* USER CODE BEGIN PFP */
  50:Src/stm32f4xx_hal_msp.c **** 
  51:Src/stm32f4xx_hal_msp.c **** /* USER CODE END PFP */
  52:Src/stm32f4xx_hal_msp.c **** 
  53:Src/stm32f4xx_hal_msp.c **** /* External functions --------------------------------------------------------*/
  54:Src/stm32f4xx_hal_msp.c **** /* USER CODE BEGIN ExternalFunctions */
  55:Src/stm32f4xx_hal_msp.c **** 
  56:Src/stm32f4xx_hal_msp.c **** /* USER CODE END ExternalFunctions */
  57:Src/stm32f4xx_hal_msp.c **** 
  58:Src/stm32f4xx_hal_msp.c **** /* USER CODE BEGIN 0 */
  59:Src/stm32f4xx_hal_msp.c **** 
  60:Src/stm32f4xx_hal_msp.c **** /* USER CODE END 0 */
  61:Src/stm32f4xx_hal_msp.c **** /**
  62:Src/stm32f4xx_hal_msp.c ****   * Initializes the Global MSP.
  63:Src/stm32f4xx_hal_msp.c ****   */
  64:Src/stm32f4xx_hal_msp.c **** void HAL_MspInit(void)
  65:Src/stm32f4xx_hal_msp.c **** {
  28              		.loc 1 65 0
  29              		.cfi_startproc
  30              		@ args = 0, pretend = 0, frame = 8
  31              		@ frame_needed = 0, uses_anonymous_args = 0
  32 0000 00B5     		push	{lr}
  33              	.LCFI0:
  34              		.cfi_def_cfa_offset 4
  35              		.cfi_offset 14, -4
  36 0002 83B0     		sub	sp, sp, #12
  37              	.LCFI1:
  38              		.cfi_def_cfa_offset 16
  39              	.LBB2:
  66:Src/stm32f4xx_hal_msp.c ****   /* USER CODE BEGIN MspInit 0 */
  67:Src/stm32f4xx_hal_msp.c **** 
  68:Src/stm32f4xx_hal_msp.c ****   /* USER CODE END MspInit 0 */
  69:Src/stm32f4xx_hal_msp.c **** 
  70:Src/stm32f4xx_hal_msp.c ****   __HAL_RCC_SYSCFG_CLK_ENABLE();
  40              		.loc 1 70 0
  41 0004 0021     		movs	r1, #0
  42 0006 0091     		str	r1, [sp]
  43 0008 1E4B     		ldr	r3, .L3
  44 000a 5A6C     		ldr	r2, [r3, #68]
  45 000c 42F48042 		orr	r2, r2, #16384
ARM GAS  /tmp/ccu0KgvN.s 			page 3


  46 0010 5A64     		str	r2, [r3, #68]
  47 0012 5A6C     		ldr	r2, [r3, #68]
  48 0014 02F48042 		and	r2, r2, #16384
  49 0018 0092     		str	r2, [sp]
  50 001a 009A     		ldr	r2, [sp]
  51              	.LBE2:
  52              	.LBB3:
  71:Src/stm32f4xx_hal_msp.c ****   __HAL_RCC_PWR_CLK_ENABLE();
  53              		.loc 1 71 0
  54 001c 0191     		str	r1, [sp, #4]
  55 001e 1A6C     		ldr	r2, [r3, #64]
  56 0020 42F08052 		orr	r2, r2, #268435456
  57 0024 1A64     		str	r2, [r3, #64]
  58 0026 1B6C     		ldr	r3, [r3, #64]
  59 0028 03F08053 		and	r3, r3, #268435456
  60 002c 0193     		str	r3, [sp, #4]
  61 002e 019B     		ldr	r3, [sp, #4]
  62              	.LBE3:
  72:Src/stm32f4xx_hal_msp.c **** 
  73:Src/stm32f4xx_hal_msp.c ****   HAL_NVIC_SetPriorityGrouping(NVIC_PRIORITYGROUP_2);
  63              		.loc 1 73 0
  64 0030 0520     		movs	r0, #5
  65 0032 FFF7FEFF 		bl	HAL_NVIC_SetPriorityGrouping
  66              	.LVL0:
  74:Src/stm32f4xx_hal_msp.c **** 
  75:Src/stm32f4xx_hal_msp.c ****   /* System interrupt init*/
  76:Src/stm32f4xx_hal_msp.c ****   /* MemoryManagement_IRQn interrupt configuration */
  77:Src/stm32f4xx_hal_msp.c ****   HAL_NVIC_SetPriority(MemoryManagement_IRQn, 1, 1);
  67              		.loc 1 77 0
  68 0036 0122     		movs	r2, #1
  69 0038 1146     		mov	r1, r2
  70 003a 6FF00B00 		mvn	r0, #11
  71 003e FFF7FEFF 		bl	HAL_NVIC_SetPriority
  72              	.LVL1:
  78:Src/stm32f4xx_hal_msp.c ****   /* BusFault_IRQn interrupt configuration */
  79:Src/stm32f4xx_hal_msp.c ****   HAL_NVIC_SetPriority(BusFault_IRQn, 1, 1);
  73              		.loc 1 79 0
  74 0042 0122     		movs	r2, #1
  75 0044 1146     		mov	r1, r2
  76 0046 6FF00A00 		mvn	r0, #10
  77 004a FFF7FEFF 		bl	HAL_NVIC_SetPriority
  78              	.LVL2:
  80:Src/stm32f4xx_hal_msp.c ****   /* UsageFault_IRQn interrupt configuration */
  81:Src/stm32f4xx_hal_msp.c ****   HAL_NVIC_SetPriority(UsageFault_IRQn, 1, 1);
  79              		.loc 1 81 0
  80 004e 0122     		movs	r2, #1
  81 0050 1146     		mov	r1, r2
  82 0052 6FF00900 		mvn	r0, #9
  83 0056 FFF7FEFF 		bl	HAL_NVIC_SetPriority
  84              	.LVL3:
  82:Src/stm32f4xx_hal_msp.c ****   /* SVCall_IRQn interrupt configuration */
  83:Src/stm32f4xx_hal_msp.c ****   HAL_NVIC_SetPriority(SVCall_IRQn, 1, 1);
  85              		.loc 1 83 0
  86 005a 0122     		movs	r2, #1
  87 005c 1146     		mov	r1, r2
  88 005e 6FF00400 		mvn	r0, #4
  89 0062 FFF7FEFF 		bl	HAL_NVIC_SetPriority
ARM GAS  /tmp/ccu0KgvN.s 			page 4


  90              	.LVL4:
  84:Src/stm32f4xx_hal_msp.c ****   /* DebugMonitor_IRQn interrupt configuration */
  85:Src/stm32f4xx_hal_msp.c ****   HAL_NVIC_SetPriority(DebugMonitor_IRQn, 1, 1);
  91              		.loc 1 85 0
  92 0066 0122     		movs	r2, #1
  93 0068 1146     		mov	r1, r2
  94 006a 6FF00300 		mvn	r0, #3
  95 006e FFF7FEFF 		bl	HAL_NVIC_SetPriority
  96              	.LVL5:
  86:Src/stm32f4xx_hal_msp.c ****   /* PendSV_IRQn interrupt configuration */
  87:Src/stm32f4xx_hal_msp.c ****   HAL_NVIC_SetPriority(PendSV_IRQn, 1, 1);
  97              		.loc 1 87 0
  98 0072 0122     		movs	r2, #1
  99 0074 1146     		mov	r1, r2
 100 0076 6FF00100 		mvn	r0, #1
 101 007a FFF7FEFF 		bl	HAL_NVIC_SetPriority
 102              	.LVL6:
  88:Src/stm32f4xx_hal_msp.c **** 
  89:Src/stm32f4xx_hal_msp.c ****   /* USER CODE BEGIN MspInit 1 */
  90:Src/stm32f4xx_hal_msp.c **** 
  91:Src/stm32f4xx_hal_msp.c ****   /* USER CODE END MspInit 1 */
  92:Src/stm32f4xx_hal_msp.c **** }
 103              		.loc 1 92 0
 104 007e 03B0     		add	sp, sp, #12
 105              	.LCFI2:
 106              		.cfi_def_cfa_offset 4
 107              		@ sp needed
 108 0080 5DF804FB 		ldr	pc, [sp], #4
 109              	.L4:
 110              		.align	2
 111              	.L3:
 112 0084 00380240 		.word	1073887232
 113              		.cfi_endproc
 114              	.LFE130:
 116              		.section	.text.HAL_DAC_MspInit,"ax",%progbits
 117              		.align	1
 118              		.global	HAL_DAC_MspInit
 119              		.syntax unified
 120              		.thumb
 121              		.thumb_func
 122              		.fpu fpv4-sp-d16
 124              	HAL_DAC_MspInit:
 125              	.LFB131:
  93:Src/stm32f4xx_hal_msp.c **** 
  94:Src/stm32f4xx_hal_msp.c **** /**
  95:Src/stm32f4xx_hal_msp.c **** * @brief DAC MSP Initialization
  96:Src/stm32f4xx_hal_msp.c **** * This function configures the hardware resources used in this example
  97:Src/stm32f4xx_hal_msp.c **** * @param hdac: DAC handle pointer
  98:Src/stm32f4xx_hal_msp.c **** * @retval None
  99:Src/stm32f4xx_hal_msp.c **** */
 100:Src/stm32f4xx_hal_msp.c **** void HAL_DAC_MspInit(DAC_HandleTypeDef* hdac)
 101:Src/stm32f4xx_hal_msp.c **** {
 126              		.loc 1 101 0
 127              		.cfi_startproc
 128              		@ args = 0, pretend = 0, frame = 32
 129              		@ frame_needed = 0, uses_anonymous_args = 0
 130              	.LVL7:
ARM GAS  /tmp/ccu0KgvN.s 			page 5


 131 0000 00B5     		push	{lr}
 132              	.LCFI3:
 133              		.cfi_def_cfa_offset 4
 134              		.cfi_offset 14, -4
 135 0002 89B0     		sub	sp, sp, #36
 136              	.LCFI4:
 137              		.cfi_def_cfa_offset 40
 102:Src/stm32f4xx_hal_msp.c ****   GPIO_InitTypeDef GPIO_InitStruct = {0};
 138              		.loc 1 102 0
 139 0004 0023     		movs	r3, #0
 140 0006 0393     		str	r3, [sp, #12]
 141 0008 0493     		str	r3, [sp, #16]
 142 000a 0593     		str	r3, [sp, #20]
 143 000c 0693     		str	r3, [sp, #24]
 144 000e 0793     		str	r3, [sp, #28]
 103:Src/stm32f4xx_hal_msp.c ****   if(hdac->Instance==DAC)
 145              		.loc 1 103 0
 146 0010 0268     		ldr	r2, [r0]
 147 0012 134B     		ldr	r3, .L9
 148 0014 9A42     		cmp	r2, r3
 149 0016 02D0     		beq	.L8
 150              	.LVL8:
 151              	.L5:
 104:Src/stm32f4xx_hal_msp.c ****   {
 105:Src/stm32f4xx_hal_msp.c ****   /* USER CODE BEGIN DAC_MspInit 0 */
 106:Src/stm32f4xx_hal_msp.c **** 
 107:Src/stm32f4xx_hal_msp.c ****   /* USER CODE END DAC_MspInit 0 */
 108:Src/stm32f4xx_hal_msp.c ****     /* Peripheral clock enable */
 109:Src/stm32f4xx_hal_msp.c ****     __HAL_RCC_DAC_CLK_ENABLE();
 110:Src/stm32f4xx_hal_msp.c ****   
 111:Src/stm32f4xx_hal_msp.c ****     __HAL_RCC_GPIOA_CLK_ENABLE();
 112:Src/stm32f4xx_hal_msp.c ****     /**DAC GPIO Configuration    
 113:Src/stm32f4xx_hal_msp.c ****     PA5     ------> DAC_OUT2 
 114:Src/stm32f4xx_hal_msp.c ****     */
 115:Src/stm32f4xx_hal_msp.c ****     GPIO_InitStruct.Pin = GPIO_PIN_5;
 116:Src/stm32f4xx_hal_msp.c ****     GPIO_InitStruct.Mode = GPIO_MODE_ANALOG;
 117:Src/stm32f4xx_hal_msp.c ****     GPIO_InitStruct.Pull = GPIO_NOPULL;
 118:Src/stm32f4xx_hal_msp.c ****     HAL_GPIO_Init(GPIOA, &GPIO_InitStruct);
 119:Src/stm32f4xx_hal_msp.c **** 
 120:Src/stm32f4xx_hal_msp.c ****   /* USER CODE BEGIN DAC_MspInit 1 */
 121:Src/stm32f4xx_hal_msp.c **** 
 122:Src/stm32f4xx_hal_msp.c ****   /* USER CODE END DAC_MspInit 1 */
 123:Src/stm32f4xx_hal_msp.c ****   }
 124:Src/stm32f4xx_hal_msp.c **** 
 125:Src/stm32f4xx_hal_msp.c **** }
 152              		.loc 1 125 0
 153 0018 09B0     		add	sp, sp, #36
 154              	.LCFI5:
 155              		.cfi_remember_state
 156              		.cfi_def_cfa_offset 4
 157              		@ sp needed
 158 001a 5DF804FB 		ldr	pc, [sp], #4
 159              	.LVL9:
 160              	.L8:
 161              	.LCFI6:
 162              		.cfi_restore_state
 163              	.LBB4:
ARM GAS  /tmp/ccu0KgvN.s 			page 6


 109:Src/stm32f4xx_hal_msp.c ****   
 164              		.loc 1 109 0
 165 001e 0021     		movs	r1, #0
 166 0020 0191     		str	r1, [sp, #4]
 167 0022 03F5E233 		add	r3, r3, #115712
 168 0026 1A6C     		ldr	r2, [r3, #64]
 169 0028 42F00052 		orr	r2, r2, #536870912
 170 002c 1A64     		str	r2, [r3, #64]
 171 002e 1A6C     		ldr	r2, [r3, #64]
 172 0030 02F00052 		and	r2, r2, #536870912
 173 0034 0192     		str	r2, [sp, #4]
 174 0036 019A     		ldr	r2, [sp, #4]
 175              	.LBE4:
 176              	.LBB5:
 111:Src/stm32f4xx_hal_msp.c ****     /**DAC GPIO Configuration    
 177              		.loc 1 111 0
 178 0038 0291     		str	r1, [sp, #8]
 179 003a 1A6B     		ldr	r2, [r3, #48]
 180 003c 42F00102 		orr	r2, r2, #1
 181 0040 1A63     		str	r2, [r3, #48]
 182 0042 1B6B     		ldr	r3, [r3, #48]
 183 0044 03F00103 		and	r3, r3, #1
 184 0048 0293     		str	r3, [sp, #8]
 185 004a 029B     		ldr	r3, [sp, #8]
 186              	.LBE5:
 115:Src/stm32f4xx_hal_msp.c ****     GPIO_InitStruct.Mode = GPIO_MODE_ANALOG;
 187              		.loc 1 115 0
 188 004c 2023     		movs	r3, #32
 189 004e 0393     		str	r3, [sp, #12]
 116:Src/stm32f4xx_hal_msp.c ****     GPIO_InitStruct.Pull = GPIO_NOPULL;
 190              		.loc 1 116 0
 191 0050 0323     		movs	r3, #3
 192 0052 0493     		str	r3, [sp, #16]
 118:Src/stm32f4xx_hal_msp.c **** 
 193              		.loc 1 118 0
 194 0054 03A9     		add	r1, sp, #12
 195 0056 0348     		ldr	r0, .L9+4
 196              	.LVL10:
 197 0058 FFF7FEFF 		bl	HAL_GPIO_Init
 198              	.LVL11:
 199              		.loc 1 125 0
 200 005c DCE7     		b	.L5
 201              	.L10:
 202 005e 00BF     		.align	2
 203              	.L9:
 204 0060 00740040 		.word	1073771520
 205 0064 00000240 		.word	1073872896
 206              		.cfi_endproc
 207              	.LFE131:
 209              		.section	.text.HAL_DAC_MspDeInit,"ax",%progbits
 210              		.align	1
 211              		.global	HAL_DAC_MspDeInit
 212              		.syntax unified
 213              		.thumb
 214              		.thumb_func
 215              		.fpu fpv4-sp-d16
 217              	HAL_DAC_MspDeInit:
ARM GAS  /tmp/ccu0KgvN.s 			page 7


 218              	.LFB132:
 126:Src/stm32f4xx_hal_msp.c **** 
 127:Src/stm32f4xx_hal_msp.c **** /**
 128:Src/stm32f4xx_hal_msp.c **** * @brief DAC MSP De-Initialization
 129:Src/stm32f4xx_hal_msp.c **** * This function freeze the hardware resources used in this example
 130:Src/stm32f4xx_hal_msp.c **** * @param hdac: DAC handle pointer
 131:Src/stm32f4xx_hal_msp.c **** * @retval None
 132:Src/stm32f4xx_hal_msp.c **** */
 133:Src/stm32f4xx_hal_msp.c **** void HAL_DAC_MspDeInit(DAC_HandleTypeDef* hdac)
 134:Src/stm32f4xx_hal_msp.c **** {
 219              		.loc 1 134 0
 220              		.cfi_startproc
 221              		@ args = 0, pretend = 0, frame = 0
 222              		@ frame_needed = 0, uses_anonymous_args = 0
 223              	.LVL12:
 224 0000 08B5     		push	{r3, lr}
 225              	.LCFI7:
 226              		.cfi_def_cfa_offset 8
 227              		.cfi_offset 3, -8
 228              		.cfi_offset 14, -4
 135:Src/stm32f4xx_hal_msp.c ****   if(hdac->Instance==DAC)
 229              		.loc 1 135 0
 230 0002 0268     		ldr	r2, [r0]
 231 0004 064B     		ldr	r3, .L15
 232 0006 9A42     		cmp	r2, r3
 233 0008 00D0     		beq	.L14
 234              	.LVL13:
 235              	.L11:
 236 000a 08BD     		pop	{r3, pc}
 237              	.LVL14:
 238              	.L14:
 136:Src/stm32f4xx_hal_msp.c ****   {
 137:Src/stm32f4xx_hal_msp.c ****   /* USER CODE BEGIN DAC_MspDeInit 0 */
 138:Src/stm32f4xx_hal_msp.c **** 
 139:Src/stm32f4xx_hal_msp.c ****   /* USER CODE END DAC_MspDeInit 0 */
 140:Src/stm32f4xx_hal_msp.c ****     /* Peripheral clock disable */
 141:Src/stm32f4xx_hal_msp.c ****     __HAL_RCC_DAC_CLK_DISABLE();
 239              		.loc 1 141 0
 240 000c 054A     		ldr	r2, .L15+4
 241 000e 136C     		ldr	r3, [r2, #64]
 242 0010 23F00053 		bic	r3, r3, #536870912
 243 0014 1364     		str	r3, [r2, #64]
 142:Src/stm32f4xx_hal_msp.c ****   
 143:Src/stm32f4xx_hal_msp.c ****     /**DAC GPIO Configuration    
 144:Src/stm32f4xx_hal_msp.c ****     PA5     ------> DAC_OUT2 
 145:Src/stm32f4xx_hal_msp.c ****     */
 146:Src/stm32f4xx_hal_msp.c ****     HAL_GPIO_DeInit(GPIOA, GPIO_PIN_5);
 244              		.loc 1 146 0
 245 0016 2021     		movs	r1, #32
 246 0018 0348     		ldr	r0, .L15+8
 247              	.LVL15:
 248 001a FFF7FEFF 		bl	HAL_GPIO_DeInit
 249              	.LVL16:
 147:Src/stm32f4xx_hal_msp.c **** 
 148:Src/stm32f4xx_hal_msp.c ****   /* USER CODE BEGIN DAC_MspDeInit 1 */
 149:Src/stm32f4xx_hal_msp.c **** 
 150:Src/stm32f4xx_hal_msp.c ****   /* USER CODE END DAC_MspDeInit 1 */
ARM GAS  /tmp/ccu0KgvN.s 			page 8


 151:Src/stm32f4xx_hal_msp.c ****   }
 152:Src/stm32f4xx_hal_msp.c **** 
 153:Src/stm32f4xx_hal_msp.c **** }
 250              		.loc 1 153 0
 251 001e F4E7     		b	.L11
 252              	.L16:
 253              		.align	2
 254              	.L15:
 255 0020 00740040 		.word	1073771520
 256 0024 00380240 		.word	1073887232
 257 0028 00000240 		.word	1073872896
 258              		.cfi_endproc
 259              	.LFE132:
 261              		.section	.text.HAL_SPI_MspInit,"ax",%progbits
 262              		.align	1
 263              		.global	HAL_SPI_MspInit
 264              		.syntax unified
 265              		.thumb
 266              		.thumb_func
 267              		.fpu fpv4-sp-d16
 269              	HAL_SPI_MspInit:
 270              	.LFB133:
 154:Src/stm32f4xx_hal_msp.c **** 
 155:Src/stm32f4xx_hal_msp.c **** /**
 156:Src/stm32f4xx_hal_msp.c **** * @brief SPI MSP Initialization
 157:Src/stm32f4xx_hal_msp.c **** * This function configures the hardware resources used in this example
 158:Src/stm32f4xx_hal_msp.c **** * @param hspi: SPI handle pointer
 159:Src/stm32f4xx_hal_msp.c **** * @retval None
 160:Src/stm32f4xx_hal_msp.c **** */
 161:Src/stm32f4xx_hal_msp.c **** void HAL_SPI_MspInit(SPI_HandleTypeDef* hspi)
 162:Src/stm32f4xx_hal_msp.c **** {
 271              		.loc 1 162 0
 272              		.cfi_startproc
 273              		@ args = 0, pretend = 0, frame = 32
 274              		@ frame_needed = 0, uses_anonymous_args = 0
 275              	.LVL17:
 276 0000 00B5     		push	{lr}
 277              	.LCFI8:
 278              		.cfi_def_cfa_offset 4
 279              		.cfi_offset 14, -4
 280 0002 89B0     		sub	sp, sp, #36
 281              	.LCFI9:
 282              		.cfi_def_cfa_offset 40
 163:Src/stm32f4xx_hal_msp.c ****   GPIO_InitTypeDef GPIO_InitStruct = {0};
 283              		.loc 1 163 0
 284 0004 0023     		movs	r3, #0
 285 0006 0393     		str	r3, [sp, #12]
 286 0008 0493     		str	r3, [sp, #16]
 287 000a 0593     		str	r3, [sp, #20]
 288 000c 0693     		str	r3, [sp, #24]
 289 000e 0793     		str	r3, [sp, #28]
 164:Src/stm32f4xx_hal_msp.c ****   if(hspi->Instance==SPI5)
 290              		.loc 1 164 0
 291 0010 0268     		ldr	r2, [r0]
 292 0012 154B     		ldr	r3, .L21
 293 0014 9A42     		cmp	r2, r3
 294 0016 02D0     		beq	.L20
ARM GAS  /tmp/ccu0KgvN.s 			page 9


 295              	.LVL18:
 296              	.L17:
 165:Src/stm32f4xx_hal_msp.c ****   {
 166:Src/stm32f4xx_hal_msp.c ****   /* USER CODE BEGIN SPI5_MspInit 0 */
 167:Src/stm32f4xx_hal_msp.c **** 
 168:Src/stm32f4xx_hal_msp.c ****   /* USER CODE END SPI5_MspInit 0 */
 169:Src/stm32f4xx_hal_msp.c ****     /* Peripheral clock enable */
 170:Src/stm32f4xx_hal_msp.c ****     __HAL_RCC_SPI5_CLK_ENABLE();
 171:Src/stm32f4xx_hal_msp.c ****   
 172:Src/stm32f4xx_hal_msp.c ****     __HAL_RCC_GPIOF_CLK_ENABLE();
 173:Src/stm32f4xx_hal_msp.c ****     /**SPI5 GPIO Configuration    
 174:Src/stm32f4xx_hal_msp.c ****     PF6     ------> SPI5_NSS
 175:Src/stm32f4xx_hal_msp.c ****     PF7     ------> SPI5_SCK
 176:Src/stm32f4xx_hal_msp.c ****     PF8     ------> SPI5_MISO
 177:Src/stm32f4xx_hal_msp.c ****     PF9     ------> SPI5_MOSI 
 178:Src/stm32f4xx_hal_msp.c ****     */
 179:Src/stm32f4xx_hal_msp.c ****     GPIO_InitStruct.Pin = GPIO_PIN_6|SPI5_SCK_Pin|SPI5_MISO_Pin|SPI5_MOSI_Pin;
 180:Src/stm32f4xx_hal_msp.c ****     GPIO_InitStruct.Mode = GPIO_MODE_AF_PP;
 181:Src/stm32f4xx_hal_msp.c ****     GPIO_InitStruct.Pull = GPIO_NOPULL;
 182:Src/stm32f4xx_hal_msp.c ****     GPIO_InitStruct.Speed = GPIO_SPEED_FREQ_VERY_HIGH;
 183:Src/stm32f4xx_hal_msp.c ****     GPIO_InitStruct.Alternate = GPIO_AF5_SPI5;
 184:Src/stm32f4xx_hal_msp.c ****     HAL_GPIO_Init(GPIOF, &GPIO_InitStruct);
 185:Src/stm32f4xx_hal_msp.c **** 
 186:Src/stm32f4xx_hal_msp.c ****   /* USER CODE BEGIN SPI5_MspInit 1 */
 187:Src/stm32f4xx_hal_msp.c **** 
 188:Src/stm32f4xx_hal_msp.c ****   /* USER CODE END SPI5_MspInit 1 */
 189:Src/stm32f4xx_hal_msp.c ****   }
 190:Src/stm32f4xx_hal_msp.c **** 
 191:Src/stm32f4xx_hal_msp.c **** }
 297              		.loc 1 191 0
 298 0018 09B0     		add	sp, sp, #36
 299              	.LCFI10:
 300              		.cfi_remember_state
 301              		.cfi_def_cfa_offset 4
 302              		@ sp needed
 303 001a 5DF804FB 		ldr	pc, [sp], #4
 304              	.LVL19:
 305              	.L20:
 306              	.LCFI11:
 307              		.cfi_restore_state
 308              	.LBB6:
 170:Src/stm32f4xx_hal_msp.c ****   
 309              		.loc 1 170 0
 310 001e 0021     		movs	r1, #0
 311 0020 0191     		str	r1, [sp, #4]
 312 0022 03F56843 		add	r3, r3, #59392
 313 0026 5A6C     		ldr	r2, [r3, #68]
 314 0028 42F48012 		orr	r2, r2, #1048576
 315 002c 5A64     		str	r2, [r3, #68]
 316 002e 5A6C     		ldr	r2, [r3, #68]
 317 0030 02F48012 		and	r2, r2, #1048576
 318 0034 0192     		str	r2, [sp, #4]
 319 0036 019A     		ldr	r2, [sp, #4]
 320              	.LBE6:
 321              	.LBB7:
 172:Src/stm32f4xx_hal_msp.c ****     /**SPI5 GPIO Configuration    
 322              		.loc 1 172 0
ARM GAS  /tmp/ccu0KgvN.s 			page 10


 323 0038 0291     		str	r1, [sp, #8]
 324 003a 1A6B     		ldr	r2, [r3, #48]
 325 003c 42F02002 		orr	r2, r2, #32
 326 0040 1A63     		str	r2, [r3, #48]
 327 0042 1B6B     		ldr	r3, [r3, #48]
 328 0044 03F02003 		and	r3, r3, #32
 329 0048 0293     		str	r3, [sp, #8]
 330 004a 029B     		ldr	r3, [sp, #8]
 331              	.LBE7:
 179:Src/stm32f4xx_hal_msp.c ****     GPIO_InitStruct.Mode = GPIO_MODE_AF_PP;
 332              		.loc 1 179 0
 333 004c 4FF47073 		mov	r3, #960
 334 0050 0393     		str	r3, [sp, #12]
 180:Src/stm32f4xx_hal_msp.c ****     GPIO_InitStruct.Pull = GPIO_NOPULL;
 335              		.loc 1 180 0
 336 0052 0223     		movs	r3, #2
 337 0054 0493     		str	r3, [sp, #16]
 182:Src/stm32f4xx_hal_msp.c ****     GPIO_InitStruct.Alternate = GPIO_AF5_SPI5;
 338              		.loc 1 182 0
 339 0056 0323     		movs	r3, #3
 340 0058 0693     		str	r3, [sp, #24]
 183:Src/stm32f4xx_hal_msp.c ****     HAL_GPIO_Init(GPIOF, &GPIO_InitStruct);
 341              		.loc 1 183 0
 342 005a 0523     		movs	r3, #5
 343 005c 0793     		str	r3, [sp, #28]
 184:Src/stm32f4xx_hal_msp.c **** 
 344              		.loc 1 184 0
 345 005e 03A9     		add	r1, sp, #12
 346 0060 0248     		ldr	r0, .L21+4
 347              	.LVL20:
 348 0062 FFF7FEFF 		bl	HAL_GPIO_Init
 349              	.LVL21:
 350              		.loc 1 191 0
 351 0066 D7E7     		b	.L17
 352              	.L22:
 353              		.align	2
 354              	.L21:
 355 0068 00500140 		.word	1073827840
 356 006c 00140240 		.word	1073878016
 357              		.cfi_endproc
 358              	.LFE133:
 360              		.section	.text.HAL_SPI_MspDeInit,"ax",%progbits
 361              		.align	1
 362              		.global	HAL_SPI_MspDeInit
 363              		.syntax unified
 364              		.thumb
 365              		.thumb_func
 366              		.fpu fpv4-sp-d16
 368              	HAL_SPI_MspDeInit:
 369              	.LFB134:
 192:Src/stm32f4xx_hal_msp.c **** 
 193:Src/stm32f4xx_hal_msp.c **** /**
 194:Src/stm32f4xx_hal_msp.c **** * @brief SPI MSP De-Initialization
 195:Src/stm32f4xx_hal_msp.c **** * This function freeze the hardware resources used in this example
 196:Src/stm32f4xx_hal_msp.c **** * @param hspi: SPI handle pointer
 197:Src/stm32f4xx_hal_msp.c **** * @retval None
 198:Src/stm32f4xx_hal_msp.c **** */
ARM GAS  /tmp/ccu0KgvN.s 			page 11


 199:Src/stm32f4xx_hal_msp.c **** void HAL_SPI_MspDeInit(SPI_HandleTypeDef* hspi)
 200:Src/stm32f4xx_hal_msp.c **** {
 370              		.loc 1 200 0
 371              		.cfi_startproc
 372              		@ args = 0, pretend = 0, frame = 0
 373              		@ frame_needed = 0, uses_anonymous_args = 0
 374              	.LVL22:
 375 0000 08B5     		push	{r3, lr}
 376              	.LCFI12:
 377              		.cfi_def_cfa_offset 8
 378              		.cfi_offset 3, -8
 379              		.cfi_offset 14, -4
 201:Src/stm32f4xx_hal_msp.c ****   if(hspi->Instance==SPI5)
 380              		.loc 1 201 0
 381 0002 0268     		ldr	r2, [r0]
 382 0004 074B     		ldr	r3, .L27
 383 0006 9A42     		cmp	r2, r3
 384 0008 00D0     		beq	.L26
 385              	.LVL23:
 386              	.L23:
 387 000a 08BD     		pop	{r3, pc}
 388              	.LVL24:
 389              	.L26:
 202:Src/stm32f4xx_hal_msp.c ****   {
 203:Src/stm32f4xx_hal_msp.c ****   /* USER CODE BEGIN SPI5_MspDeInit 0 */
 204:Src/stm32f4xx_hal_msp.c **** 
 205:Src/stm32f4xx_hal_msp.c ****   /* USER CODE END SPI5_MspDeInit 0 */
 206:Src/stm32f4xx_hal_msp.c ****     /* Peripheral clock disable */
 207:Src/stm32f4xx_hal_msp.c ****     __HAL_RCC_SPI5_CLK_DISABLE();
 390              		.loc 1 207 0
 391 000c 064A     		ldr	r2, .L27+4
 392 000e 536C     		ldr	r3, [r2, #68]
 393 0010 23F48013 		bic	r3, r3, #1048576
 394 0014 5364     		str	r3, [r2, #68]
 208:Src/stm32f4xx_hal_msp.c ****   
 209:Src/stm32f4xx_hal_msp.c ****     /**SPI5 GPIO Configuration    
 210:Src/stm32f4xx_hal_msp.c ****     PF6     ------> SPI5_NSS
 211:Src/stm32f4xx_hal_msp.c ****     PF7     ------> SPI5_SCK
 212:Src/stm32f4xx_hal_msp.c ****     PF8     ------> SPI5_MISO
 213:Src/stm32f4xx_hal_msp.c ****     PF9     ------> SPI5_MOSI 
 214:Src/stm32f4xx_hal_msp.c ****     */
 215:Src/stm32f4xx_hal_msp.c ****     HAL_GPIO_DeInit(GPIOF, GPIO_PIN_6|SPI5_SCK_Pin|SPI5_MISO_Pin|SPI5_MOSI_Pin);
 395              		.loc 1 215 0
 396 0016 4FF47071 		mov	r1, #960
 397 001a 0448     		ldr	r0, .L27+8
 398              	.LVL25:
 399 001c FFF7FEFF 		bl	HAL_GPIO_DeInit
 400              	.LVL26:
 216:Src/stm32f4xx_hal_msp.c **** 
 217:Src/stm32f4xx_hal_msp.c ****   /* USER CODE BEGIN SPI5_MspDeInit 1 */
 218:Src/stm32f4xx_hal_msp.c **** 
 219:Src/stm32f4xx_hal_msp.c ****   /* USER CODE END SPI5_MspDeInit 1 */
 220:Src/stm32f4xx_hal_msp.c ****   }
 221:Src/stm32f4xx_hal_msp.c **** 
 222:Src/stm32f4xx_hal_msp.c **** }
 401              		.loc 1 222 0
 402 0020 F3E7     		b	.L23
ARM GAS  /tmp/ccu0KgvN.s 			page 12


 403              	.L28:
 404 0022 00BF     		.align	2
 405              	.L27:
 406 0024 00500140 		.word	1073827840
 407 0028 00380240 		.word	1073887232
 408 002c 00140240 		.word	1073878016
 409              		.cfi_endproc
 410              	.LFE134:
 412              		.section	.text.HAL_TIM_Base_MspInit,"ax",%progbits
 413              		.align	1
 414              		.global	HAL_TIM_Base_MspInit
 415              		.syntax unified
 416              		.thumb
 417              		.thumb_func
 418              		.fpu fpv4-sp-d16
 420              	HAL_TIM_Base_MspInit:
 421              	.LFB135:
 223:Src/stm32f4xx_hal_msp.c **** 
 224:Src/stm32f4xx_hal_msp.c **** /**
 225:Src/stm32f4xx_hal_msp.c **** * @brief TIM_Base MSP Initialization
 226:Src/stm32f4xx_hal_msp.c **** * This function configures the hardware resources used in this example
 227:Src/stm32f4xx_hal_msp.c **** * @param htim_base: TIM_Base handle pointer
 228:Src/stm32f4xx_hal_msp.c **** * @retval None
 229:Src/stm32f4xx_hal_msp.c **** */
 230:Src/stm32f4xx_hal_msp.c **** void HAL_TIM_Base_MspInit(TIM_HandleTypeDef* htim_base)
 231:Src/stm32f4xx_hal_msp.c **** {
 422              		.loc 1 231 0
 423              		.cfi_startproc
 424              		@ args = 0, pretend = 0, frame = 8
 425              		@ frame_needed = 0, uses_anonymous_args = 0
 426              		@ link register save eliminated.
 427              	.LVL27:
 428 0000 82B0     		sub	sp, sp, #8
 429              	.LCFI13:
 430              		.cfi_def_cfa_offset 8
 232:Src/stm32f4xx_hal_msp.c ****   if(htim_base->Instance==TIM6)
 431              		.loc 1 232 0
 432 0002 0368     		ldr	r3, [r0]
 433 0004 104A     		ldr	r2, .L35
 434 0006 9342     		cmp	r3, r2
 435 0008 04D0     		beq	.L33
 233:Src/stm32f4xx_hal_msp.c ****   {
 234:Src/stm32f4xx_hal_msp.c ****   /* USER CODE BEGIN TIM6_MspInit 0 */
 235:Src/stm32f4xx_hal_msp.c **** 
 236:Src/stm32f4xx_hal_msp.c ****   /* USER CODE END TIM6_MspInit 0 */
 237:Src/stm32f4xx_hal_msp.c ****     /* Peripheral clock enable */
 238:Src/stm32f4xx_hal_msp.c ****     __HAL_RCC_TIM6_CLK_ENABLE();
 239:Src/stm32f4xx_hal_msp.c ****   /* USER CODE BEGIN TIM6_MspInit 1 */
 240:Src/stm32f4xx_hal_msp.c **** 
 241:Src/stm32f4xx_hal_msp.c ****   /* USER CODE END TIM6_MspInit 1 */
 242:Src/stm32f4xx_hal_msp.c ****   }
 243:Src/stm32f4xx_hal_msp.c ****   else if(htim_base->Instance==TIM7)
 436              		.loc 1 243 0
 437 000a 104A     		ldr	r2, .L35+4
 438 000c 9342     		cmp	r3, r2
 439 000e 0ED0     		beq	.L34
 440              	.L29:
ARM GAS  /tmp/ccu0KgvN.s 			page 13


 244:Src/stm32f4xx_hal_msp.c ****   {
 245:Src/stm32f4xx_hal_msp.c ****   /* USER CODE BEGIN TIM7_MspInit 0 */
 246:Src/stm32f4xx_hal_msp.c **** 
 247:Src/stm32f4xx_hal_msp.c ****   /* USER CODE END TIM7_MspInit 0 */
 248:Src/stm32f4xx_hal_msp.c ****     /* Peripheral clock enable */
 249:Src/stm32f4xx_hal_msp.c ****     __HAL_RCC_TIM7_CLK_ENABLE();
 250:Src/stm32f4xx_hal_msp.c ****   /* USER CODE BEGIN TIM7_MspInit 1 */
 251:Src/stm32f4xx_hal_msp.c **** 
 252:Src/stm32f4xx_hal_msp.c ****   /* USER CODE END TIM7_MspInit 1 */
 253:Src/stm32f4xx_hal_msp.c ****   }
 254:Src/stm32f4xx_hal_msp.c **** 
 255:Src/stm32f4xx_hal_msp.c **** }
 441              		.loc 1 255 0
 442 0010 02B0     		add	sp, sp, #8
 443              	.LCFI14:
 444              		.cfi_remember_state
 445              		.cfi_def_cfa_offset 0
 446              		@ sp needed
 447 0012 7047     		bx	lr
 448              	.L33:
 449              	.LCFI15:
 450              		.cfi_restore_state
 451              	.LBB8:
 238:Src/stm32f4xx_hal_msp.c ****   /* USER CODE BEGIN TIM6_MspInit 1 */
 452              		.loc 1 238 0
 453 0014 0023     		movs	r3, #0
 454 0016 0093     		str	r3, [sp]
 455 0018 0D4B     		ldr	r3, .L35+8
 456 001a 1A6C     		ldr	r2, [r3, #64]
 457 001c 42F01002 		orr	r2, r2, #16
 458 0020 1A64     		str	r2, [r3, #64]
 459 0022 1B6C     		ldr	r3, [r3, #64]
 460 0024 03F01003 		and	r3, r3, #16
 461 0028 0093     		str	r3, [sp]
 462 002a 009B     		ldr	r3, [sp]
 463              	.LBE8:
 464 002c F0E7     		b	.L29
 465              	.L34:
 466              	.LBB9:
 249:Src/stm32f4xx_hal_msp.c ****   /* USER CODE BEGIN TIM7_MspInit 1 */
 467              		.loc 1 249 0
 468 002e 0023     		movs	r3, #0
 469 0030 0193     		str	r3, [sp, #4]
 470 0032 074B     		ldr	r3, .L35+8
 471 0034 1A6C     		ldr	r2, [r3, #64]
 472 0036 42F02002 		orr	r2, r2, #32
 473 003a 1A64     		str	r2, [r3, #64]
 474 003c 1B6C     		ldr	r3, [r3, #64]
 475 003e 03F02003 		and	r3, r3, #32
 476 0042 0193     		str	r3, [sp, #4]
 477 0044 019B     		ldr	r3, [sp, #4]
 478              	.LBE9:
 479              		.loc 1 255 0
 480 0046 E3E7     		b	.L29
 481              	.L36:
 482              		.align	2
 483              	.L35:
ARM GAS  /tmp/ccu0KgvN.s 			page 14


 484 0048 00100040 		.word	1073745920
 485 004c 00140040 		.word	1073746944
 486 0050 00380240 		.word	1073887232
 487              		.cfi_endproc
 488              	.LFE135:
 490              		.section	.text.HAL_TIM_Base_MspDeInit,"ax",%progbits
 491              		.align	1
 492              		.global	HAL_TIM_Base_MspDeInit
 493              		.syntax unified
 494              		.thumb
 495              		.thumb_func
 496              		.fpu fpv4-sp-d16
 498              	HAL_TIM_Base_MspDeInit:
 499              	.LFB136:
 256:Src/stm32f4xx_hal_msp.c **** 
 257:Src/stm32f4xx_hal_msp.c **** /**
 258:Src/stm32f4xx_hal_msp.c **** * @brief TIM_Base MSP De-Initialization
 259:Src/stm32f4xx_hal_msp.c **** * This function freeze the hardware resources used in this example
 260:Src/stm32f4xx_hal_msp.c **** * @param htim_base: TIM_Base handle pointer
 261:Src/stm32f4xx_hal_msp.c **** * @retval None
 262:Src/stm32f4xx_hal_msp.c **** */
 263:Src/stm32f4xx_hal_msp.c **** void HAL_TIM_Base_MspDeInit(TIM_HandleTypeDef* htim_base)
 264:Src/stm32f4xx_hal_msp.c **** {
 500              		.loc 1 264 0
 501              		.cfi_startproc
 502              		@ args = 0, pretend = 0, frame = 0
 503              		@ frame_needed = 0, uses_anonymous_args = 0
 504              		@ link register save eliminated.
 505              	.LVL28:
 265:Src/stm32f4xx_hal_msp.c ****   if(htim_base->Instance==TIM6)
 506              		.loc 1 265 0
 507 0000 0368     		ldr	r3, [r0]
 508 0002 0A4A     		ldr	r2, .L42
 509 0004 9342     		cmp	r3, r2
 510 0006 03D0     		beq	.L40
 266:Src/stm32f4xx_hal_msp.c ****   {
 267:Src/stm32f4xx_hal_msp.c ****   /* USER CODE BEGIN TIM6_MspDeInit 0 */
 268:Src/stm32f4xx_hal_msp.c **** 
 269:Src/stm32f4xx_hal_msp.c ****   /* USER CODE END TIM6_MspDeInit 0 */
 270:Src/stm32f4xx_hal_msp.c ****     /* Peripheral clock disable */
 271:Src/stm32f4xx_hal_msp.c ****     __HAL_RCC_TIM6_CLK_DISABLE();
 272:Src/stm32f4xx_hal_msp.c ****   /* USER CODE BEGIN TIM6_MspDeInit 1 */
 273:Src/stm32f4xx_hal_msp.c **** 
 274:Src/stm32f4xx_hal_msp.c ****   /* USER CODE END TIM6_MspDeInit 1 */
 275:Src/stm32f4xx_hal_msp.c ****   }
 276:Src/stm32f4xx_hal_msp.c ****   else if(htim_base->Instance==TIM7)
 511              		.loc 1 276 0
 512 0008 094A     		ldr	r2, .L42+4
 513 000a 9342     		cmp	r3, r2
 514 000c 07D0     		beq	.L41
 515              	.L37:
 516 000e 7047     		bx	lr
 517              	.L40:
 271:Src/stm32f4xx_hal_msp.c ****   /* USER CODE BEGIN TIM6_MspDeInit 1 */
 518              		.loc 1 271 0
 519 0010 02F50A32 		add	r2, r2, #141312
 520 0014 136C     		ldr	r3, [r2, #64]
ARM GAS  /tmp/ccu0KgvN.s 			page 15


 521 0016 23F01003 		bic	r3, r3, #16
 522 001a 1364     		str	r3, [r2, #64]
 523 001c 7047     		bx	lr
 524              	.L41:
 277:Src/stm32f4xx_hal_msp.c ****   {
 278:Src/stm32f4xx_hal_msp.c ****   /* USER CODE BEGIN TIM7_MspDeInit 0 */
 279:Src/stm32f4xx_hal_msp.c **** 
 280:Src/stm32f4xx_hal_msp.c ****   /* USER CODE END TIM7_MspDeInit 0 */
 281:Src/stm32f4xx_hal_msp.c ****     /* Peripheral clock disable */
 282:Src/stm32f4xx_hal_msp.c ****     __HAL_RCC_TIM7_CLK_DISABLE();
 525              		.loc 1 282 0
 526 001e 02F50932 		add	r2, r2, #140288
 527 0022 136C     		ldr	r3, [r2, #64]
 528 0024 23F02003 		bic	r3, r3, #32
 529 0028 1364     		str	r3, [r2, #64]
 283:Src/stm32f4xx_hal_msp.c ****   /* USER CODE BEGIN TIM7_MspDeInit 1 */
 284:Src/stm32f4xx_hal_msp.c **** 
 285:Src/stm32f4xx_hal_msp.c ****   /* USER CODE END TIM7_MspDeInit 1 */
 286:Src/stm32f4xx_hal_msp.c ****   }
 287:Src/stm32f4xx_hal_msp.c **** 
 288:Src/stm32f4xx_hal_msp.c **** }
 530              		.loc 1 288 0
 531 002a F0E7     		b	.L37
 532              	.L43:
 533              		.align	2
 534              	.L42:
 535 002c 00100040 		.word	1073745920
 536 0030 00140040 		.word	1073746944
 537              		.cfi_endproc
 538              	.LFE136:
 540              		.section	.text.HAL_UART_MspInit,"ax",%progbits
 541              		.align	1
 542              		.global	HAL_UART_MspInit
 543              		.syntax unified
 544              		.thumb
 545              		.thumb_func
 546              		.fpu fpv4-sp-d16
 548              	HAL_UART_MspInit:
 549              	.LFB137:
 289:Src/stm32f4xx_hal_msp.c **** 
 290:Src/stm32f4xx_hal_msp.c **** /**
 291:Src/stm32f4xx_hal_msp.c **** * @brief UART MSP Initialization
 292:Src/stm32f4xx_hal_msp.c **** * This function configures the hardware resources used in this example
 293:Src/stm32f4xx_hal_msp.c **** * @param huart: UART handle pointer
 294:Src/stm32f4xx_hal_msp.c **** * @retval None
 295:Src/stm32f4xx_hal_msp.c **** */
 296:Src/stm32f4xx_hal_msp.c **** void HAL_UART_MspInit(UART_HandleTypeDef* huart)
 297:Src/stm32f4xx_hal_msp.c **** {
 550              		.loc 1 297 0
 551              		.cfi_startproc
 552              		@ args = 0, pretend = 0, frame = 32
 553              		@ frame_needed = 0, uses_anonymous_args = 0
 554              	.LVL29:
 555 0000 00B5     		push	{lr}
 556              	.LCFI16:
 557              		.cfi_def_cfa_offset 4
 558              		.cfi_offset 14, -4
ARM GAS  /tmp/ccu0KgvN.s 			page 16


 559 0002 89B0     		sub	sp, sp, #36
 560              	.LCFI17:
 561              		.cfi_def_cfa_offset 40
 298:Src/stm32f4xx_hal_msp.c ****   GPIO_InitTypeDef GPIO_InitStruct = {0};
 562              		.loc 1 298 0
 563 0004 0023     		movs	r3, #0
 564 0006 0393     		str	r3, [sp, #12]
 565 0008 0493     		str	r3, [sp, #16]
 566 000a 0593     		str	r3, [sp, #20]
 567 000c 0693     		str	r3, [sp, #24]
 568 000e 0793     		str	r3, [sp, #28]
 299:Src/stm32f4xx_hal_msp.c ****   if(huart->Instance==USART1)
 569              		.loc 1 299 0
 570 0010 0268     		ldr	r2, [r0]
 571 0012 03F18043 		add	r3, r3, #1073741824
 572 0016 03F58833 		add	r3, r3, #69632
 573 001a 9A42     		cmp	r2, r3
 574 001c 02D0     		beq	.L47
 575              	.LVL30:
 576              	.L44:
 300:Src/stm32f4xx_hal_msp.c ****   {
 301:Src/stm32f4xx_hal_msp.c ****   /* USER CODE BEGIN USART1_MspInit 0 */
 302:Src/stm32f4xx_hal_msp.c **** 
 303:Src/stm32f4xx_hal_msp.c ****   /* USER CODE END USART1_MspInit 0 */
 304:Src/stm32f4xx_hal_msp.c ****     /* Peripheral clock enable */
 305:Src/stm32f4xx_hal_msp.c ****     __HAL_RCC_USART1_CLK_ENABLE();
 306:Src/stm32f4xx_hal_msp.c ****   
 307:Src/stm32f4xx_hal_msp.c ****     __HAL_RCC_GPIOA_CLK_ENABLE();
 308:Src/stm32f4xx_hal_msp.c ****     /**USART1 GPIO Configuration    
 309:Src/stm32f4xx_hal_msp.c ****     PA9     ------> USART1_TX
 310:Src/stm32f4xx_hal_msp.c ****     PA10     ------> USART1_RX 
 311:Src/stm32f4xx_hal_msp.c ****     */
 312:Src/stm32f4xx_hal_msp.c ****     GPIO_InitStruct.Pin = STLINK_RX_Pin|STLINK_TX_Pin;
 313:Src/stm32f4xx_hal_msp.c ****     GPIO_InitStruct.Mode = GPIO_MODE_AF_PP;
 314:Src/stm32f4xx_hal_msp.c ****     GPIO_InitStruct.Pull = GPIO_PULLUP;
 315:Src/stm32f4xx_hal_msp.c ****     GPIO_InitStruct.Speed = GPIO_SPEED_FREQ_VERY_HIGH;
 316:Src/stm32f4xx_hal_msp.c ****     GPIO_InitStruct.Alternate = GPIO_AF7_USART1;
 317:Src/stm32f4xx_hal_msp.c ****     HAL_GPIO_Init(GPIOA, &GPIO_InitStruct);
 318:Src/stm32f4xx_hal_msp.c **** 
 319:Src/stm32f4xx_hal_msp.c ****   /* USER CODE BEGIN USART1_MspInit 1 */
 320:Src/stm32f4xx_hal_msp.c **** 
 321:Src/stm32f4xx_hal_msp.c ****   /* USER CODE END USART1_MspInit 1 */
 322:Src/stm32f4xx_hal_msp.c ****   }
 323:Src/stm32f4xx_hal_msp.c **** 
 324:Src/stm32f4xx_hal_msp.c **** }
 577              		.loc 1 324 0
 578 001e 09B0     		add	sp, sp, #36
 579              	.LCFI18:
 580              		.cfi_remember_state
 581              		.cfi_def_cfa_offset 4
 582              		@ sp needed
 583 0020 5DF804FB 		ldr	pc, [sp], #4
 584              	.LVL31:
 585              	.L47:
 586              	.LCFI19:
 587              		.cfi_restore_state
 588              	.LBB10:
ARM GAS  /tmp/ccu0KgvN.s 			page 17


 305:Src/stm32f4xx_hal_msp.c ****   
 589              		.loc 1 305 0
 590 0024 0021     		movs	r1, #0
 591 0026 0191     		str	r1, [sp, #4]
 592 0028 03F59433 		add	r3, r3, #75776
 593 002c 5A6C     		ldr	r2, [r3, #68]
 594 002e 42F01002 		orr	r2, r2, #16
 595 0032 5A64     		str	r2, [r3, #68]
 596 0034 5A6C     		ldr	r2, [r3, #68]
 597 0036 02F01002 		and	r2, r2, #16
 598 003a 0192     		str	r2, [sp, #4]
 599 003c 019A     		ldr	r2, [sp, #4]
 600              	.LBE10:
 601              	.LBB11:
 307:Src/stm32f4xx_hal_msp.c ****     /**USART1 GPIO Configuration    
 602              		.loc 1 307 0
 603 003e 0291     		str	r1, [sp, #8]
 604 0040 1A6B     		ldr	r2, [r3, #48]
 605 0042 42F00102 		orr	r2, r2, #1
 606 0046 1A63     		str	r2, [r3, #48]
 607 0048 1B6B     		ldr	r3, [r3, #48]
 608 004a 03F00103 		and	r3, r3, #1
 609 004e 0293     		str	r3, [sp, #8]
 610 0050 029B     		ldr	r3, [sp, #8]
 611              	.LBE11:
 312:Src/stm32f4xx_hal_msp.c ****     GPIO_InitStruct.Mode = GPIO_MODE_AF_PP;
 612              		.loc 1 312 0
 613 0052 4FF4C063 		mov	r3, #1536
 614 0056 0393     		str	r3, [sp, #12]
 313:Src/stm32f4xx_hal_msp.c ****     GPIO_InitStruct.Pull = GPIO_PULLUP;
 615              		.loc 1 313 0
 616 0058 0223     		movs	r3, #2
 617 005a 0493     		str	r3, [sp, #16]
 314:Src/stm32f4xx_hal_msp.c ****     GPIO_InitStruct.Speed = GPIO_SPEED_FREQ_VERY_HIGH;
 618              		.loc 1 314 0
 619 005c 0123     		movs	r3, #1
 620 005e 0593     		str	r3, [sp, #20]
 315:Src/stm32f4xx_hal_msp.c ****     GPIO_InitStruct.Alternate = GPIO_AF7_USART1;
 621              		.loc 1 315 0
 622 0060 0323     		movs	r3, #3
 623 0062 0693     		str	r3, [sp, #24]
 316:Src/stm32f4xx_hal_msp.c ****     HAL_GPIO_Init(GPIOA, &GPIO_InitStruct);
 624              		.loc 1 316 0
 625 0064 0723     		movs	r3, #7
 626 0066 0793     		str	r3, [sp, #28]
 317:Src/stm32f4xx_hal_msp.c **** 
 627              		.loc 1 317 0
 628 0068 03A9     		add	r1, sp, #12
 629 006a 0248     		ldr	r0, .L48
 630              	.LVL32:
 631 006c FFF7FEFF 		bl	HAL_GPIO_Init
 632              	.LVL33:
 633              		.loc 1 324 0
 634 0070 D5E7     		b	.L44
 635              	.L49:
 636 0072 00BF     		.align	2
 637              	.L48:
ARM GAS  /tmp/ccu0KgvN.s 			page 18


 638 0074 00000240 		.word	1073872896
 639              		.cfi_endproc
 640              	.LFE137:
 642              		.section	.text.HAL_UART_MspDeInit,"ax",%progbits
 643              		.align	1
 644              		.global	HAL_UART_MspDeInit
 645              		.syntax unified
 646              		.thumb
 647              		.thumb_func
 648              		.fpu fpv4-sp-d16
 650              	HAL_UART_MspDeInit:
 651              	.LFB138:
 325:Src/stm32f4xx_hal_msp.c **** 
 326:Src/stm32f4xx_hal_msp.c **** /**
 327:Src/stm32f4xx_hal_msp.c **** * @brief UART MSP De-Initialization
 328:Src/stm32f4xx_hal_msp.c **** * This function freeze the hardware resources used in this example
 329:Src/stm32f4xx_hal_msp.c **** * @param huart: UART handle pointer
 330:Src/stm32f4xx_hal_msp.c **** * @retval None
 331:Src/stm32f4xx_hal_msp.c **** */
 332:Src/stm32f4xx_hal_msp.c **** void HAL_UART_MspDeInit(UART_HandleTypeDef* huart)
 333:Src/stm32f4xx_hal_msp.c **** {
 652              		.loc 1 333 0
 653              		.cfi_startproc
 654              		@ args = 0, pretend = 0, frame = 0
 655              		@ frame_needed = 0, uses_anonymous_args = 0
 656              	.LVL34:
 657 0000 08B5     		push	{r3, lr}
 658              	.LCFI20:
 659              		.cfi_def_cfa_offset 8
 660              		.cfi_offset 3, -8
 661              		.cfi_offset 14, -4
 334:Src/stm32f4xx_hal_msp.c ****   if(huart->Instance==USART1)
 662              		.loc 1 334 0
 663 0002 0268     		ldr	r2, [r0]
 664 0004 074B     		ldr	r3, .L54
 665 0006 9A42     		cmp	r2, r3
 666 0008 00D0     		beq	.L53
 667              	.LVL35:
 668              	.L50:
 669 000a 08BD     		pop	{r3, pc}
 670              	.LVL36:
 671              	.L53:
 335:Src/stm32f4xx_hal_msp.c ****   {
 336:Src/stm32f4xx_hal_msp.c ****   /* USER CODE BEGIN USART1_MspDeInit 0 */
 337:Src/stm32f4xx_hal_msp.c **** 
 338:Src/stm32f4xx_hal_msp.c ****   /* USER CODE END USART1_MspDeInit 0 */
 339:Src/stm32f4xx_hal_msp.c ****     /* Peripheral clock disable */
 340:Src/stm32f4xx_hal_msp.c ****     __HAL_RCC_USART1_CLK_DISABLE();
 672              		.loc 1 340 0
 673 000c 064A     		ldr	r2, .L54+4
 674 000e 536C     		ldr	r3, [r2, #68]
 675 0010 23F01003 		bic	r3, r3, #16
 676 0014 5364     		str	r3, [r2, #68]
 341:Src/stm32f4xx_hal_msp.c ****   
 342:Src/stm32f4xx_hal_msp.c ****     /**USART1 GPIO Configuration    
 343:Src/stm32f4xx_hal_msp.c ****     PA9     ------> USART1_TX
 344:Src/stm32f4xx_hal_msp.c ****     PA10     ------> USART1_RX 
ARM GAS  /tmp/ccu0KgvN.s 			page 19


 345:Src/stm32f4xx_hal_msp.c ****     */
 346:Src/stm32f4xx_hal_msp.c ****     HAL_GPIO_DeInit(GPIOA, STLINK_RX_Pin|STLINK_TX_Pin);
 677              		.loc 1 346 0
 678 0016 4FF4C061 		mov	r1, #1536
 679 001a 0448     		ldr	r0, .L54+8
 680              	.LVL37:
 681 001c FFF7FEFF 		bl	HAL_GPIO_DeInit
 682              	.LVL38:
 347:Src/stm32f4xx_hal_msp.c **** 
 348:Src/stm32f4xx_hal_msp.c ****   /* USER CODE BEGIN USART1_MspDeInit 1 */
 349:Src/stm32f4xx_hal_msp.c **** 
 350:Src/stm32f4xx_hal_msp.c ****   /* USER CODE END USART1_MspDeInit 1 */
 351:Src/stm32f4xx_hal_msp.c ****   }
 352:Src/stm32f4xx_hal_msp.c **** 
 353:Src/stm32f4xx_hal_msp.c **** }
 683              		.loc 1 353 0
 684 0020 F3E7     		b	.L50
 685              	.L55:
 686 0022 00BF     		.align	2
 687              	.L54:
 688 0024 00100140 		.word	1073811456
 689 0028 00380240 		.word	1073887232
 690 002c 00000240 		.word	1073872896
 691              		.cfi_endproc
 692              	.LFE138:
 694              		.text
 695              	.Letext0:
 696              		.file 2 "/usr/include/newlib/machine/_default_types.h"
 697              		.file 3 "/usr/include/newlib/sys/_stdint.h"
 698              		.file 4 "Drivers/CMSIS/Include/core_cm4.h"
 699              		.file 5 "Drivers/CMSIS/Device/ST/STM32F4xx/Include/system_stm32f4xx.h"
 700              		.file 6 "Drivers/CMSIS/Device/ST/STM32F4xx/Include/stm32f429xx.h"
 701              		.file 7 "Drivers/STM32F4xx_HAL_Driver/Inc/stm32f4xx_hal_def.h"
 702              		.file 8 "Drivers/STM32F4xx_HAL_Driver/Inc/stm32f4xx_hal_gpio.h"
 703              		.file 9 "Drivers/STM32F4xx_HAL_Driver/Inc/stm32f4xx_hal_dma.h"
 704              		.file 10 "Drivers/STM32F4xx_HAL_Driver/Inc/stm32f4xx_hal_dac.h"
 705              		.file 11 "Drivers/STM32F4xx_HAL_Driver/Inc/stm32f4xx_hal_spi.h"
 706              		.file 12 "Drivers/STM32F4xx_HAL_Driver/Inc/stm32f4xx_hal_tim.h"
 707              		.file 13 "Drivers/STM32F4xx_HAL_Driver/Inc/stm32f4xx_hal_uart.h"
 708              		.file 14 "Drivers/STM32F4xx_HAL_Driver/Inc/stm32f4xx_hal_cortex.h"
ARM GAS  /tmp/ccu0KgvN.s 			page 20


DEFINED SYMBOLS
                            *ABS*:0000000000000000 stm32f4xx_hal_msp.c
     /tmp/ccu0KgvN.s:18     .text.HAL_MspInit:0000000000000000 $t
     /tmp/ccu0KgvN.s:25     .text.HAL_MspInit:0000000000000000 HAL_MspInit
     /tmp/ccu0KgvN.s:112    .text.HAL_MspInit:0000000000000084 $d
     /tmp/ccu0KgvN.s:117    .text.HAL_DAC_MspInit:0000000000000000 $t
     /tmp/ccu0KgvN.s:124    .text.HAL_DAC_MspInit:0000000000000000 HAL_DAC_MspInit
     /tmp/ccu0KgvN.s:204    .text.HAL_DAC_MspInit:0000000000000060 $d
     /tmp/ccu0KgvN.s:210    .text.HAL_DAC_MspDeInit:0000000000000000 $t
     /tmp/ccu0KgvN.s:217    .text.HAL_DAC_MspDeInit:0000000000000000 HAL_DAC_MspDeInit
     /tmp/ccu0KgvN.s:255    .text.HAL_DAC_MspDeInit:0000000000000020 $d
     /tmp/ccu0KgvN.s:262    .text.HAL_SPI_MspInit:0000000000000000 $t
     /tmp/ccu0KgvN.s:269    .text.HAL_SPI_MspInit:0000000000000000 HAL_SPI_MspInit
     /tmp/ccu0KgvN.s:355    .text.HAL_SPI_MspInit:0000000000000068 $d
     /tmp/ccu0KgvN.s:361    .text.HAL_SPI_MspDeInit:0000000000000000 $t
     /tmp/ccu0KgvN.s:368    .text.HAL_SPI_MspDeInit:0000000000000000 HAL_SPI_MspDeInit
     /tmp/ccu0KgvN.s:406    .text.HAL_SPI_MspDeInit:0000000000000024 $d
     /tmp/ccu0KgvN.s:413    .text.HAL_TIM_Base_MspInit:0000000000000000 $t
     /tmp/ccu0KgvN.s:420    .text.HAL_TIM_Base_MspInit:0000000000000000 HAL_TIM_Base_MspInit
     /tmp/ccu0KgvN.s:484    .text.HAL_TIM_Base_MspInit:0000000000000048 $d
     /tmp/ccu0KgvN.s:491    .text.HAL_TIM_Base_MspDeInit:0000000000000000 $t
     /tmp/ccu0KgvN.s:498    .text.HAL_TIM_Base_MspDeInit:0000000000000000 HAL_TIM_Base_MspDeInit
     /tmp/ccu0KgvN.s:535    .text.HAL_TIM_Base_MspDeInit:000000000000002c $d
     /tmp/ccu0KgvN.s:541    .text.HAL_UART_MspInit:0000000000000000 $t
     /tmp/ccu0KgvN.s:548    .text.HAL_UART_MspInit:0000000000000000 HAL_UART_MspInit
     /tmp/ccu0KgvN.s:638    .text.HAL_UART_MspInit:0000000000000074 $d
     /tmp/ccu0KgvN.s:643    .text.HAL_UART_MspDeInit:0000000000000000 $t
     /tmp/ccu0KgvN.s:650    .text.HAL_UART_MspDeInit:0000000000000000 HAL_UART_MspDeInit
     /tmp/ccu0KgvN.s:688    .text.HAL_UART_MspDeInit:0000000000000024 $d
                     .debug_frame:0000000000000010 $d

UNDEFINED SYMBOLS
HAL_NVIC_SetPriorityGrouping
HAL_NVIC_SetPriority
HAL_GPIO_Init
HAL_GPIO_DeInit
