--------------- Rebuild Started: 10/08/2019 14:25:10 Project: synth-wavetable, Configuration: ARM GCC 5.4-2016-q2-update Debug ---------------
Deleting file ".\CortexM0\ARM_GCC_541\Debug\main.o"
Deleting file ".\CortexM0\ARM_GCC_541\Debug\Codec.o"
Deleting file ".\CortexM0\ARM_GCC_541\Debug\Interrupts.o"
Deleting file ".\CortexM0\ARM_GCC_541\Debug\waves.o"
Deleting file ".\CortexM0\ARM_GCC_541\Debug\AudioControl.o"
Deleting file ".\CortexM0\ARM_GCC_541\Debug\AudioOut.o"
Deleting file ".\CortexM0\ARM_GCC_541\Debug\oscillator.o"
Deleting file ".\CortexM0\ARM_GCC_541\Debug\cyfitter_cfg.o"
Deleting file ".\CortexM0\ARM_GCC_541\Debug\cymetadata.o"
Deleting file ".\CortexM0\ARM_GCC_541\Debug\CodecI2CM.o"
Deleting file ".\CortexM0\ARM_GCC_541\Debug\CodecI2CM_I2C_INT.o"
Deleting file ".\CortexM0\ARM_GCC_541\Debug\CodecI2CM_I2C.o"
Deleting file ".\CortexM0\ARM_GCC_541\Debug\CodecI2CM_I2C_BOOT.o"
Deleting file ".\CortexM0\ARM_GCC_541\Debug\CodecI2CM_I2C_MASTER.o"
Deleting file ".\CortexM0\ARM_GCC_541\Debug\CodecI2CM_PM.o"
Deleting file ".\CortexM0\ARM_GCC_541\Debug\CodecI2CM_BOOT.o"
Deleting file ".\CortexM0\ARM_GCC_541\Debug\Codec_BCLK.o"
Deleting file ".\CortexM0\ARM_GCC_541\Debug\Codec_BCLK_PM.o"
Deleting file ".\CortexM0\ARM_GCC_541\Debug\TxDMA.o"
Deleting file ".\CortexM0\ARM_GCC_541\Debug\Codec_LRC.o"
Deleting file ".\CortexM0\ARM_GCC_541\Debug\Codec_LRC_PM.o"
Deleting file ".\CortexM0\ARM_GCC_541\Debug\I2S.o"
Deleting file ".\CortexM0\ARM_GCC_541\Debug\I2S_PM.o"
Deleting file ".\CortexM0\ARM_GCC_541\Debug\Codec_DACDAT.o"
Deleting file ".\CortexM0\ARM_GCC_541\Debug\Codec_DACDAT_PM.o"
Deleting file ".\CortexM0\ARM_GCC_541\Debug\Codec_MCLK.o"
Deleting file ".\CortexM0\ARM_GCC_541\Debug\Codec_MCLK_PM.o"
Deleting file ".\CortexM0\ARM_GCC_541\Debug\AudioClkSel.o"
Deleting file ".\CortexM0\ARM_GCC_541\Debug\AudioClkSel_PM.o"
Deleting file ".\CortexM0\ARM_GCC_541\Debug\CodecI2CM_SCBCLK.o"
Deleting file ".\CortexM0\ARM_GCC_541\Debug\CodecI2CM_sda.o"
Deleting file ".\CortexM0\ARM_GCC_541\Debug\CodecI2CM_sda_PM.o"
Deleting file ".\CortexM0\ARM_GCC_541\Debug\CodecI2CM_scl.o"
Deleting file ".\CortexM0\ARM_GCC_541\Debug\CodecI2CM_scl_PM.o"
Deleting file ".\CortexM0\ARM_GCC_541\Debug\CodecI2CM_SCB_IRQ.o"
Deleting file ".\CortexM0\ARM_GCC_541\Debug\Cm0Start.o"
Deleting file ".\CortexM0\ARM_GCC_541\Debug\CyFlash.o"
Deleting file ".\CortexM0\ARM_GCC_541\Debug\CyLib.o"
Deleting file ".\CortexM0\ARM_GCC_541\Debug\cyPm.o"
Deleting file ".\CortexM0\ARM_GCC_541\Debug\cyutils.o"
Deleting file ".\CortexM0\ARM_GCC_541\Debug\CyBootAsmGnu.o"
Deleting file ".\CortexM0\ARM_GCC_541\Debug\cy_em_eeprom.o"
Deleting file ".\CortexM0\ARM_GCC_541\Debug\CyDMA.o"
Deleting file ".\CortexM0\ARM_GCC_541\Debug\CyLFClk.o"
Deleting file ".\CortexM0\ARM_GCC_541\Debug\Clock_1.o"
Deleting file ".\CortexM0\ARM_GCC_541\Debug\LED.o"
Deleting file ".\CortexM0\ARM_GCC_541\Debug\LED_PM.o"
Deleting file ".\CortexM0\ARM_GCC_541\Debug\UART.o"
Deleting file ".\CortexM0\ARM_GCC_541\Debug\UART_SPI_UART.o"
Deleting file ".\CortexM0\ARM_GCC_541\Debug\UART_SPI_UART_INT.o"
Deleting file ".\CortexM0\ARM_GCC_541\Debug\UART_PM.o"
Deleting file ".\CortexM0\ARM_GCC_541\Debug\UART_UART.o"
Deleting file ".\CortexM0\ARM_GCC_541\Debug\UART_BOOT.o"
Deleting file ".\CortexM0\ARM_GCC_541\Debug\UART_UART_BOOT.o"
Deleting file ".\CortexM0\ARM_GCC_541\Debug\UART_SCBCLK.o"
Deleting file ".\CortexM0\ARM_GCC_541\Debug\UART_tx.o"
Deleting file ".\CortexM0\ARM_GCC_541\Debug\UART_tx_PM.o"
Deleting file ".\CortexM0\ARM_GCC_541\Debug\isr_TxDMADone.o"
Deleting file ".\CortexM0\ARM_GCC_541\Debug\isr_I2S_underflow.o"
Deleting file ".\CortexM0\ARM_GCC_541\Debug\ADC.o"
Deleting file ".\CortexM0\ARM_GCC_541\Debug\ADC_PM.o"
Deleting file ".\CortexM0\ARM_GCC_541\Debug\ADC_INT.o"
Deleting file ".\CortexM0\ARM_GCC_541\Debug\pot1.o"
Deleting file ".\CortexM0\ARM_GCC_541\Debug\pot1_PM.o"
Deleting file ".\CortexM0\ARM_GCC_541\Debug\pot2.o"
Deleting file ".\CortexM0\ARM_GCC_541\Debug\pot2_PM.o"
Deleting file ".\CortexM0\ARM_GCC_541\Debug\pot3.o"
Deleting file ".\CortexM0\ARM_GCC_541\Debug\pot3_PM.o"
Deleting file ".\CortexM0\ARM_GCC_541\Debug\pot4.o"
Deleting file ".\CortexM0\ARM_GCC_541\Debug\pot4_PM.o"
Deleting file ".\CortexM0\ARM_GCC_541\Debug\ADC_IRQ.o"
Deleting file ".\CortexM0\ARM_GCC_541\Debug\ADC_intClock.o"
Deleting file ".\CortexM0\ARM_GCC_541\Debug\isr_ADC_EOC.o"
Deleting file ".\CortexM0\ARM_GCC_541\Debug\TxByteCounter.o"
Deleting file ".\CortexM0\ARM_GCC_541\Debug\TxByteCounter_PM.o"
Deleting file ".\CortexM0\ARM_GCC_541\Debug\trigger.o"
Deleting file ".\CortexM0\ARM_GCC_541\Debug\trigger_PM.o"
Deleting file ".\CortexM0\ARM_GCC_541\Debug\isr_trigger.o"
Deleting file ".\CortexM0\ARM_GCC_541\Debug\Clock_2.o"
Deleting file ".\CortexM0\ARM_GCC_541\Debug\Clock_3.o"
Deleting file ".\CortexM0\ARM_GCC_541\Debug\spi_mosi.o"
Deleting file ".\CortexM0\ARM_GCC_541\Debug\spi_mosi_PM.o"
Deleting file ".\CortexM0\ARM_GCC_541\Debug\spi_sclk.o"
Deleting file ".\CortexM0\ARM_GCC_541\Debug\spi_sclk_PM.o"
Deleting file ".\CortexM0\ARM_GCC_541\Debug\spi_ss.o"
Deleting file ".\CortexM0\ARM_GCC_541\Debug\spi_ss_PM.o"
Deleting file ".\CortexM0\ARM_GCC_541\Debug\spi_miso.o"
Deleting file ".\CortexM0\ARM_GCC_541\Debug\spi_miso_PM.o"
Deleting file ".\CortexM0\ARM_GCC_541\Debug\SPI.o"
Deleting file ".\CortexM0\ARM_GCC_541\Debug\SPI_SPI_UART.o"
Deleting file ".\CortexM0\ARM_GCC_541\Debug\SPI_PM.o"
Deleting file ".\CortexM0\ARM_GCC_541\Debug\SPI_SPI.o"
Deleting file ".\CortexM0\ARM_GCC_541\Debug\SPI_BOOT.o"
Deleting file ".\CortexM0\ARM_GCC_541\Debug\SPI_SPI_BOOT.o"
Deleting file ".\CortexM0\ARM_GCC_541\Debug\SPI_SPI_UART_INT.o"
Deleting file ".\CortexM0\ARM_GCC_541\Debug\SPI_SCB_IRQ.o"
Deleting file ".\CortexM0\ARM_GCC_541\Debug\wr_en.o"
Deleting file ".\CortexM0\ARM_GCC_541\Debug\wr_en_PM.o"
Deleting file ".\CortexM0\ARM_GCC_541\Debug\spi_miso_testing.o"
Deleting file ".\CortexM0\ARM_GCC_541\Debug\spi_miso_testing_PM.o"
Deleting file ".\CortexM0\ARM_GCC_541\Debug\cts.o"
Deleting file ".\CortexM0\ARM_GCC_541\Debug\cts_PM.o"
Deleting file ".\CortexM0\ARM_GCC_541\Debug\new_sample.o"
Deleting file ".\CortexM0\ARM_GCC_541\Debug\new_sample_PM.o"
Deleting file ".\CortexM0\ARM_GCC_541\Debug\SPI_DMA.o"
Deleting file ".\CortexM0\ARM_GCC_541\Debug\synth-wavetable.hex"
Deleting file ".\CortexM0\ARM_GCC_541\Debug\synth-wavetable.elf"
Deleting file ".\CortexM0\ARM_GCC_541\Debug\synth-wavetable.map"
Deleting file ".\synth-wavetable.rpt"
Deleting file ".\synth-wavetable_timing.html"
Deleting file ".\CortexM0\ARM_GCC_541\Debug\.deps\SOURCE_C__ARM_GCC_GENERIC.P"
Deleting file ".\CortexM0\ARM_GCC_541\Debug\.deps\SOURCE_ASM__ARM_GCC_GENERIC.P"
cydsfit.exe -.appdatapath "C:\Users\psmus\AppData\Local\Cypress Semiconductor\PSoC Creator\4.2" -.fdsnotice -.fdswarpdepfile=warp_dependencies.txt -.fdselabdepfile=elab_dependencies.txt -.fdsbldfile=generated_files.txt -.fdsreffile=referenced_files.txt -p E:\Documents\Engineering\Code\synth-wavetable\synth-wavetable.cydsn\synth-wavetable.cyprj -d CY8C4248BZI-L489 -s E:\Documents\Engineering\Code\synth-wavetable\synth-wavetable.cydsn\Generated_Source\PSoC4 -- -yv2 -q10 -ygs -o2 -v3 -.fftcfgtype=LE
Elaborating Design...
ADD: fit.M0032: warning: Clock Warning: (Clock_3's accuracy range '24 MHz +/- 0.2%, (23.952 MHz - 24.048 MHz)' is not within the specified tolerance range '20 MHz +/- 5%, (19 MHz - 21 MHz)'.).
 * E:\Documents\Engineering\Code\synth-wavetable\synth-wavetable.cydsn\synth-wavetable.cydwr (Clock_3)
 * E:\Documents\Engineering\Code\synth-wavetable\synth-wavetable.cydsn\TopDesign\TopDesign.cysch (Instance:Clock_3)
HDL Generation...
Synthesis...
ADD: fit.M0002: error: Missing/open field 'int_signal' in 'cy_isr_v1_0' port list
 * E:\Documents\Engineering\Code\synth-wavetable\synth-wavetable.cydsn\codegentemp\synth-wavetable.v (line 1998)
ADD: fit.M0002: error: Missing/open field 'int_signal' in 'cy_isr_v1_0_generic70' port list
 * E:\Documents\Engineering\Code\synth-wavetable\synth-wavetable.cydsn\codegentemp\synth-wavetable.v (line 1998)
Dependency Generation...
Cleanup...
Error: fit.M0050: The fitter aborted due to errors, please address all errors and rebuild. (App=cydsfit)
--------------- Rebuild Failed: 10/08/2019 14:25:13 ---------------
