--------------- Build Started: 10/24/2019 16:51:32 Project: synth-wavetable, Configuration: ARM GCC 5.4-2016-q2-update Debug ---------------
cydsfit.exe -.appdatapath "C:\Users\psmus\AppData\Local\Cypress Semiconductor\PSoC Creator\4.2" -.fdsnotice -.fdswarpdepfile=warp_dependencies.txt -.fdselabdepfile=elab_dependencies.txt -.fdsbldfile=generated_files.txt -.fdsreffile=referenced_files.txt -p E:\Documents\Engineering\Code\synth-wavetable\synth-wavetable.cydsn\synth-wavetable.cyprj -d CY8C4248BZI-L489 -s E:\Documents\Engineering\Code\synth-wavetable\synth-wavetable.cydsn\Generated_Source\PSoC4 -- -yv2 -q10 -ygs -o2 -v3 -.fftcfgtype=LE
Elaborating Design...
HDL Generation...
Synthesis...
Tech Mapping...
ADD: pft.M0040: information: The following 3 pin(s) will be assigned a location by the fitter: MIDI_IN1(0), MIDI_OUT1(0), trigger(0)
Analog Placement...
Analog Routing...
Analog Code Generation...
Digital Placement...
Digital Routing...
Bitstream Generation...
Bitstream Verification...
Static timing analysis...
API Generation...
Dependency Generation...
Cleanup...
arm-none-eabi-gcc.exe -mcpu=cortex-m0 -mthumb -I. -IGenerated_Source\PSoC4 -Wa,-alh=.\CortexM0\ARM_GCC_541\Debug/main.lst -g -D DEBUG -D CY_CORE_ID=0 -Wall -ffunction-sections -ffat-lto-objects -Og -c main.c -o .\CortexM0\ARM_GCC_541\Debug\main.o
arm-none-eabi-gcc.exe -mcpu=cortex-m0 -mthumb -I. -IGenerated_Source\PSoC4 -Wa,-alh=.\CortexM0\ARM_GCC_541\Debug/Interrupts.lst -g -D DEBUG -D CY_CORE_ID=0 -Wall -ffunction-sections -ffat-lto-objects -Og -c Interrupts.c -o .\CortexM0\ARM_GCC_541\Debug\Interrupts.o
arm-none-eabi-gcc.exe -mcpu=cortex-m0 -mthumb -I. -IGenerated_Source\PSoC4 -Wa,-alh=.\CortexM0\ARM_GCC_541\Debug/AudioOut.lst -g -D DEBUG -D CY_CORE_ID=0 -Wall -ffunction-sections -ffat-lto-objects -Og -c AudioOut.c -o .\CortexM0\ARM_GCC_541\Debug\AudioOut.o
arm-none-eabi-gcc.exe -mcpu=cortex-m0 -mthumb -I. -IGenerated_Source\PSoC4 -Wa,-alh=.\CortexM0\ARM_GCC_541\Debug/oscillator.lst -g -D DEBUG -D CY_CORE_ID=0 -Wall -ffunction-sections -ffat-lto-objects -Og -c oscillator.c -o .\CortexM0\ARM_GCC_541\Debug\oscillator.o
arm-none-eabi-ar.exe -rs .\CortexM0\ARM_GCC_541\Debug\synth-wavetable.a .\CortexM0\ARM_GCC_541\Debug\CodecI2CM.o .\CortexM0\ARM_GCC_541\Debug\CodecI2CM_I2C_INT.o .\CortexM0\ARM_GCC_541\Debug\CodecI2CM_I2C.o .\CortexM0\ARM_GCC_541\Debug\CodecI2CM_I2C_BOOT.o .\CortexM0\ARM_GCC_541\Debug\CodecI2CM_I2C_MASTER.o .\CortexM0\ARM_GCC_541\Debug\CodecI2CM_PM.o .\CortexM0\ARM_GCC_541\Debug\CodecI2CM_BOOT.o .\CortexM0\ARM_GCC_541\Debug\Codec_MCLK.o .\CortexM0\ARM_GCC_541\Debug\Codec_MCLK_PM.o .\CortexM0\ARM_GCC_541\Debug\AudioClkSel.o .\CortexM0\ARM_GCC_541\Debug\AudioClkSel_PM.o .\CortexM0\ARM_GCC_541\Debug\CodecI2CM_SCBCLK.o .\CortexM0\ARM_GCC_541\Debug\CodecI2CM_sda.o .\CortexM0\ARM_GCC_541\Debug\CodecI2CM_sda_PM.o .\CortexM0\ARM_GCC_541\Debug\CodecI2CM_scl.o .\CortexM0\ARM_GCC_541\Debug\CodecI2CM_scl_PM.o .\CortexM0\ARM_GCC_541\Debug\CodecI2CM_SCB_IRQ.o .\CortexM0\ARM_GCC_541\Debug\CyFlash.o .\CortexM0\ARM_GCC_541\Debug\CyLib.o .\CortexM0\ARM_GCC_541\Debug\cyPm.o .\CortexM0\ARM_GCC_541\Debug\cyutils.o .\CortexM0\ARM_GCC_541\Debug\cy_em_eeprom.o .\CortexM0\ARM_GCC_541\Debug\CyDMA.o .\CortexM0\ARM_GCC_541\Debug\CyLFClk.o .\CortexM0\ARM_GCC_541\Debug\LED.o .\CortexM0\ARM_GCC_541\Debug\LED_PM.o .\CortexM0\ARM_GCC_541\Debug\ADC.o .\CortexM0\ARM_GCC_541\Debug\ADC_PM.o .\CortexM0\ARM_GCC_541\Debug\ADC_INT.o .\CortexM0\ARM_GCC_541\Debug\pot1.o .\CortexM0\ARM_GCC_541\Debug\pot1_PM.o .\CortexM0\ARM_GCC_541\Debug\pot2.o .\CortexM0\ARM_GCC_541\Debug\pot2_PM.o .\CortexM0\ARM_GCC_541\Debug\pot3.o .\CortexM0\ARM_GCC_541\Debug\pot3_PM.o .\CortexM0\ARM_GCC_541\Debug\pot4.o .\CortexM0\ARM_GCC_541\Debug\pot4_PM.o .\CortexM0\ARM_GCC_541\Debug\ADC_IRQ.o .\CortexM0\ARM_GCC_541\Debug\ADC_intClock.o .\CortexM0\ARM_GCC_541\Debug\isr_ADC_EOC.o .\CortexM0\ARM_GCC_541\Debug\trigger.o .\CortexM0\ARM_GCC_541\Debug\trigger_PM.o .\CortexM0\ARM_GCC_541\Debug\isr_trigger.o .\CortexM0\ARM_GCC_541\Debug\Clock_2.o .\CortexM0\ARM_GCC_541\Debug\MIDI1_UART.o .\CortexM0\ARM_GCC_541\Debug\MIDI1_UART_PM.o .\CortexM0\ARM_GCC_541\Debug\MIDI1_UART_INT.o .\CortexM0\ARM_GCC_541\Debug\MIDI1_UART_BOOT.o .\CortexM0\ARM_GCC_541\Debug\USB.o .\CortexM0\ARM_GCC_541\Debug\USB_audio.o .\CortexM0\ARM_GCC_541\Debug\USB_boot.o .\CortexM0\ARM_GCC_541\Debug\USB_cdc.o .\CortexM0\ARM_GCC_541\Debug\USB_cls.o .\CortexM0\ARM_GCC_541\Debug\USB_descr.o .\CortexM0\ARM_GCC_541\Debug\USB_drv.o .\CortexM0\ARM_GCC_541\Debug\USB_episr.o .\CortexM0\ARM_GCC_541\Debug\USB_hid.o .\CortexM0\ARM_GCC_541\Debug\USB_pm.o .\CortexM0\ARM_GCC_541\Debug\USB_std.o .\CortexM0\ARM_GCC_541\Debug\USB_vnd.o .\CortexM0\ARM_GCC_541\Debug\USB_midi.o .\CortexM0\ARM_GCC_541\Debug\USB_msc.o .\CortexM0\ARM_GCC_541\Debug\MIDI1_UART_IntClock.o .\CortexM0\ARM_GCC_541\Debug\USB_Dp.o .\CortexM0\ARM_GCC_541\Debug\USB_Dp_PM.o .\CortexM0\ARM_GCC_541\Debug\USB_Dm.o .\CortexM0\ARM_GCC_541\Debug\USB_Dm_PM.o .\CortexM0\ARM_GCC_541\Debug\SPI.o .\CortexM0\ARM_GCC_541\Debug\SPI_SPI_UART.o .\CortexM0\ARM_GCC_541\Debug\SPI_PM.o .\CortexM0\ARM_GCC_541\Debug\SPI_SPI.o .\CortexM0\ARM_GCC_541\Debug\SPI_BOOT.o .\CortexM0\ARM_GCC_541\Debug\SPI_SPI_BOOT.o .\CortexM0\ARM_GCC_541\Debug\SPI_SPI_UART_INT.o .\CortexM0\ARM_GCC_541\Debug\SPI_SCB_IRQ.o .\CortexM0\ARM_GCC_541\Debug\SPI_sclk_m.o .\CortexM0\ARM_GCC_541\Debug\SPI_sclk_m_PM.o .\CortexM0\ARM_GCC_541\Debug\SPI_miso_m.o .\CortexM0\ARM_GCC_541\Debug\SPI_miso_m_PM.o .\CortexM0\ARM_GCC_541\Debug\SPI_mosi_m.o .\CortexM0\ARM_GCC_541\Debug\SPI_mosi_m_PM.o .\CortexM0\ARM_GCC_541\Debug\SPI_ss0_m.o .\CortexM0\ARM_GCC_541\Debug\SPI_ss0_m_PM.o .\CortexM0\ARM_GCC_541\Debug\SPI_TxDMA.o .\CortexM0\ARM_GCC_541\Debug\SPI_RxDMA.o .\CortexM0\ARM_GCC_541\Debug\SPI_SCBCLK.o .\CortexM0\ARM_GCC_541\Debug\CyBootAsmGnu.o
arm-none-eabi-ar.exe: creating .\CortexM0\ARM_GCC_541\Debug\synth-wavetable.a
arm-none-eabi-gcc.exe -Wl,--start-group -o E:\Documents\Engineering\Code\synth-wavetable\synth-wavetable.cydsn\CortexM0\ARM_GCC_541\Debug\synth-wavetable.elf .\CortexM0\ARM_GCC_541\Debug\main.o .\CortexM0\ARM_GCC_541\Debug\Codec.o .\CortexM0\ARM_GCC_541\Debug\Interrupts.o .\CortexM0\ARM_GCC_541\Debug\waves.o .\CortexM0\ARM_GCC_541\Debug\AudioControl.o .\CortexM0\ARM_GCC_541\Debug\AudioOut.o .\CortexM0\ARM_GCC_541\Debug\oscillator.o .\CortexM0\ARM_GCC_541\Debug\cyfitter_cfg.o .\CortexM0\ARM_GCC_541\Debug\cymetadata.o .\CortexM0\ARM_GCC_541\Debug\Cm0Start.o .\CortexM0\ARM_GCC_541\Debug\synth-wavetable.a -mcpu=cortex-m0 -mthumb -l m -L Generated_Source\PSoC4 -Wl,-Map,.\CortexM0\ARM_GCC_541\Debug/synth-wavetable.map -T Generated_Source\PSoC4\cm0gcc.ld -specs=nano.specs -Wl,--gc-sections -g -ffunction-sections -Og -ffat-lto-objects -Wl,--end-group
cyelftool.exe -C E:\Documents\Engineering\Code\synth-wavetable\synth-wavetable.cydsn\CortexM0\ARM_GCC_541\Debug\synth-wavetable.elf --flash_row_size 256 --flash_size 262144 --flash_offset 0x00000000
No ELF section .cychecksum found, creating one
Application checksum calculated and stored in ELF section .cychecksum
Checksum calculated and stored in ELF section .cymeta
cyelftool.exe -S E:\Documents\Engineering\Code\synth-wavetable\synth-wavetable.cydsn\CortexM0\ARM_GCC_541\Debug\synth-wavetable.elf
Flash used: 17512 of 262144 bytes (6.7%).
SRAM used: 17792 of 32768 bytes (54.3%). Stack: 2048 bytes. Heap: 2048 bytes.
--------------- Build Succeeded: 10/24/2019 16:51:44 ---------------
